2025-11-13 15:44:40,495 [INFO] Activator:176 - 


2025-11-13 15:44:40,497 [INFO] Activator:177 - !SESSION log4j initialized
2025-11-13 15:44:41,652 [INFO] ApplicationProperties:184 - Using Application install path: /opt/st/stm32cubeide_1.19.0/plugins/com.st.stm32cube.common.mx_6.15.0.202507011659
2025-11-13 15:44:41,662 [INFO] DbMcusXml:78 - Set database path to: /opt/st/stm32cubeide_1.19.0/plugins/com.st.stm32cube.common.mx_6.15.0.202507011659//db//mcu/
2025-11-13 15:44:41,662 [INFO] ApiDb:274 - Set plugin database path to: /opt/st/stm32cubeide_1.19.0/plugins/com.st.stm32cube.common.mx_6.15.0.202507011659//db//plugins/boardmanager/
2025-11-13 15:44:41,662 [WARN] ApiDb:259 - Overriding images path with different value:  => /opt/st/stm32cubeide_1.19.0/plugins/com.st.stm32cube.common.mx_6.15.0.202507011659//db//plugins/mcufinder/images/
2025-11-13 15:44:41,667 [INFO] ApiDb:250 - Set database path to: /home/danielgrioja/.stmcufinder/plugins/mcufinder//mcu/
2025-11-13 15:44:41,667 [INFO] DbMcusAds:125 - Set database path to: /home/danielgrioja/.stmcufinder/plugins/mcufinder//mcu/
2025-11-13 15:44:41,743 [INFO] CrossReferenceDbSqlite:203 - Set database path to: /home/danielgrioja/.stmcufinder/plugins/mcufinder//mcu/cs/
2025-11-13 15:44:41,812 [INFO] RulesReader:64 - Compatibility file has been processed (317 Rules)
2025-11-13 15:44:41,849 [INFO] DbMcusXml:78 - Set database path to: /opt/st/stm32cubeide_1.19.0/plugins/com.st.stm32cube.common.mx_6.15.0.202507011659//db//mcu/
2025-11-13 15:44:41,849 [INFO] ApiDb:274 - Set plugin database path to: /opt/st/stm32cubeide_1.19.0/plugins/com.st.stm32cube.common.mx_6.15.0.202507011659//db//plugins/boardmanager/
2025-11-13 15:44:41,849 [INFO] ApiDb:261 - Set plugin images path to: /opt/st/stm32cubeide_1.19.0/plugins/com.st.stm32cube.common.mx_6.15.0.202507011659//db//plugins/mcufinder/images/
2025-11-13 15:44:41,849 [WARN] DbFile:41 - Overriding database path with different value: /home/danielgrioja/.stmcufinder/plugins/mcufinder/ => /home/danielgrioja/.stmcufinder/plugins/mcufinder
2025-11-13 15:44:41,849 [INFO] ApiDb:250 - Set database path to: /home/danielgrioja/.stmcufinder/plugins/mcufinder//mcu/
2025-11-13 15:44:41,849 [WARN] DbFile:41 - Overriding database path with different value: /home/danielgrioja/.stmcufinder/plugins/mcufinder/ => /home/danielgrioja/.stmcufinder/plugins/mcufinder
2025-11-13 15:44:41,849 [INFO] DbMcusAds:125 - Set database path to: /home/danielgrioja/.stmcufinder/plugins/mcufinder//mcu/
2025-11-13 15:44:41,849 [WARN] DbFile:41 - Overriding database path with different value: /home/danielgrioja/.stmcufinder/plugins/mcufinder/ => /home/danielgrioja/.stmcufinder/plugins/mcufinder
2025-11-13 15:44:41,849 [WARN] DbFile:41 - Overriding database path with different value: /home/danielgrioja/.stmcufinder/plugins/mcufinder/ => /home/danielgrioja/.stmcufinder/plugins/mcufinder
2025-11-13 15:44:41,849 [INFO] CrossReferenceDbSqlite:203 - Set database path to: /home/danielgrioja/.stmcufinder/plugins/mcufinder//mcu/cs/
2025-11-13 15:44:41,887 [INFO] MainPanel:274 - HeapMemory: 268435456
2025-11-13 15:44:41,966 [INFO] DbMcusXml:78 - Set database path to: /opt/st/stm32cubeide_1.19.0/plugins/com.st.stm32cube.common.mx_6.15.0.202507011659//db//mcu/
2025-11-13 15:44:41,966 [INFO] ApiDb:274 - Set plugin database path to: /opt/st/stm32cubeide_1.19.0/plugins/com.st.stm32cube.common.mx_6.15.0.202507011659//db//plugins/boardmanager/
2025-11-13 15:44:41,966 [INFO] ApiDb:261 - Set plugin images path to: /opt/st/stm32cubeide_1.19.0/plugins/com.st.stm32cube.common.mx_6.15.0.202507011659//db//plugins/mcufinder/images/
2025-11-13 15:44:41,966 [WARN] DbFile:41 - Overriding database path with different value: /home/danielgrioja/.stmcufinder/plugins/mcufinder/ => /home/danielgrioja/.stmcufinder/plugins/mcufinder
2025-11-13 15:44:41,966 [INFO] ApiDb:250 - Set database path to: /home/danielgrioja/.stmcufinder/plugins/mcufinder//mcu/
2025-11-13 15:44:41,966 [WARN] DbFile:41 - Overriding database path with different value: /home/danielgrioja/.stmcufinder/plugins/mcufinder/ => /home/danielgrioja/.stmcufinder/plugins/mcufinder
2025-11-13 15:44:41,966 [INFO] DbMcusAds:125 - Set database path to: /home/danielgrioja/.stmcufinder/plugins/mcufinder//mcu/
2025-11-13 15:44:41,966 [WARN] DbFile:41 - Overriding database path with different value: /home/danielgrioja/.stmcufinder/plugins/mcufinder/ => /home/danielgrioja/.stmcufinder/plugins/mcufinder
2025-11-13 15:44:41,966 [WARN] DbFile:41 - Overriding database path with different value: /home/danielgrioja/.stmcufinder/plugins/mcufinder/ => /home/danielgrioja/.stmcufinder/plugins/mcufinder
2025-11-13 15:44:41,966 [INFO] CrossReferenceDbSqlite:203 - Set database path to: /home/danielgrioja/.stmcufinder/plugins/mcufinder//mcu/cs/
2025-11-13 15:44:41,975 [INFO] ApplicationProperties:184 - Using Application install path: /opt/st/stm32cubeide_1.19.0/plugins/com.st.stm32cube.common.mx_6.15.0.202507011659
2025-11-13 15:44:41,975 [INFO] PluginManage:196 - Search for loadable plugins [exclusion list=, ]
2025-11-13 15:44:41,976 [INFO] PluginManage:310 - Check plugin analytics
2025-11-13 15:44:42,122 [INFO] AnalyticsPlugin:253 - Accepted Software Licenses: 
2025-11-13 15:44:42,122 [INFO] AnalyticsPlugin:255 - Accepted CMSIS Pack Licenses: 
2025-11-13 15:44:42,122 [INFO] AnalyticsPlugin:257 - Accepted Firmware Licenses: 
2025-11-13 15:44:42,123 [INFO] PluginManage:359 - Loaded plugin analytics (category:tool,tabindex:-1)
2025-11-13 15:44:42,123 [INFO] PluginManage:310 - Check plugin cadmodel
2025-11-13 15:44:42,127 [INFO] CADModel:105 - Init CAD model plugin
2025-11-13 15:44:42,127 [INFO] PluginManage:359 - Loaded plugin cadmodel (category:power,tabindex:5)
2025-11-13 15:44:42,127 [INFO] PluginManage:310 - Check plugin clock
2025-11-13 15:44:42,133 [INFO] PluginManage:359 - Loaded plugin clock (category:base,tabindex:2)
2025-11-13 15:44:42,134 [INFO] PluginManage:310 - Check plugin ddr
2025-11-13 15:44:42,135 [INFO] PluginManage:359 - Loaded plugin ddr (category:tool,tabindex:6)
2025-11-13 15:44:42,135 [INFO] PluginManage:310 - Check plugin filemanager
2025-11-13 15:44:42,245 [INFO] PluginManage:359 - Loaded plugin filemanager (category:base,tabindex:10)
2025-11-13 15:44:42,246 [INFO] PluginManage:310 - Check plugin ipmanager
2025-11-13 15:44:42,249 [INFO] PluginManage:359 - Loaded plugin ipmanager (category:base,tabindex:5)
2025-11-13 15:44:42,250 [INFO] PluginManage:310 - Check plugin lpbam
2025-11-13 15:44:42,256 [INFO] PluginManage:359 - Loaded plugin lpbam (category:base,tabindex:0)
2025-11-13 15:44:42,256 [INFO] PluginManage:310 - Check plugin memorymap
2025-11-13 15:44:42,263 [INFO] PluginManage:359 - Loaded plugin memorymap (category:base,tabindex:4)
2025-11-13 15:44:42,264 [INFO] PluginManage:310 - Check plugin pinoutandconfiguration
2025-11-13 15:44:42,271 [INFO] PluginManage:359 - Loaded plugin pinoutandconfiguration (category:base,tabindex:1)
2025-11-13 15:44:42,271 [INFO] PluginManage:310 - Check plugin pinoutconfig
2025-11-13 15:44:42,327 [WARN] SupportedApi:132 - Cannot load RTOS API schema: s4s-elt-must-match.1: The content of 'definitions' must match (annotation?, (simpleType | complexType)?, (unique | key | keyref)*)). A problem was found starting at: attribute.
2025-11-13 15:44:42,406 [INFO] PluginManage:359 - Loaded plugin pinoutconfig (category:base,tabindex:0)
2025-11-13 15:44:42,406 [INFO] PluginManage:310 - Check plugin power
2025-11-13 15:44:42,412 [INFO] PluginManage:359 - Loaded plugin power (category:power,tabindex:4)
2025-11-13 15:44:42,412 [INFO] PluginManage:310 - Check plugin projectmanager
2025-11-13 15:44:42,420 [INFO] PluginManage:359 - Loaded plugin projectmanager (category:projectmanager,tabindex:4)
2025-11-13 15:44:42,420 [INFO] PluginManage:310 - Check plugin rif
2025-11-13 15:44:42,426 [INFO] PluginManage:359 - Loaded plugin rif (category:base,tabindex:3)
2025-11-13 15:44:42,426 [INFO] PluginManage:310 - Check plugin thirdparty
2025-11-13 15:44:42,497 [INFO] PluginManage:359 - Loaded plugin thirdparty (category:base,tabindex:-1)
2025-11-13 15:44:42,497 [WARN] IntegrityCheckThread:84 - waiting for thirdparty lock release [integrity check]
2025-11-13 15:44:42,497 [INFO] PluginManage:310 - Check plugin tools
2025-11-13 15:44:42,497 [INFO] IntegrityCheckThread:86 - entering critical section [integrity check]
2025-11-13 15:44:42,498 [INFO] ThirdPartyUpdaterWithRetryManager:70 - Updater plugin not ready yet. [1/15]
2025-11-13 15:44:42,499 [INFO] PluginManage:359 - Loaded plugin tools (category:base,tabindex:7)
2025-11-13 15:44:42,499 [INFO] PluginManage:310 - Check plugin tutovideos
2025-11-13 15:44:42,638 [INFO] PluginManage:359 - Loaded plugin tutovideos (category:base,tabindex:-1)
2025-11-13 15:44:42,638 [INFO] PluginManage:310 - Check plugin updater
2025-11-13 15:44:42,652 [INFO] PluginManage:359 - Loaded plugin updater (category:base,tabindex:12)
2025-11-13 15:44:42,652 [INFO] PluginManage:310 - Check plugin userauth
2025-11-13 15:44:42,654 [INFO] UserAuth:118 - Init User Auth plugin
2025-11-13 15:44:42,654 [INFO] PluginManage:359 - Loaded plugin userauth (category:base,tabindex:14)
2025-11-13 15:44:42,655 [INFO] PluginManage:283 - PluginManage : Loaded plugins [18]
2025-11-13 15:44:42,752 [INFO] PinOutPanel:1589 - setPackage(No Configuration,No Configuration)
2025-11-13 15:44:42,790 [INFO] CADModel:165 - CPN selected for project level
2025-11-13 15:44:42,790 [INFO] CADModel:114 - Register for checkConnection events
2025-11-13 15:44:42,798 [INFO] IPUIPlugin:80 - create IPUIPlugin
2025-11-13 15:44:42,798 [INFO] PluginManager:220 - loadIPPluginJar : add resmgrutility
2025-11-13 15:44:42,801 [INFO] IPUIPlugin:80 - create IPUIPlugin
2025-11-13 15:44:42,801 [INFO] PluginManager:220 - loadIPPluginJar : add freertos
2025-11-13 15:44:42,804 [INFO] IPUIPlugin:80 - create IPUIPlugin
2025-11-13 15:44:42,804 [INFO] PluginManager:220 - loadIPPluginJar : add can
2025-11-13 15:44:42,805 [INFO] IPUIPlugin:80 - create IPUIPlugin
2025-11-13 15:44:42,805 [INFO] PluginManager:220 - loadIPPluginJar : add tracer_emb
2025-11-13 15:44:42,806 [INFO] IPUIPlugin:80 - create IPUIPlugin
2025-11-13 15:44:42,807 [INFO] PluginManager:220 - loadIPPluginJar : add radio
2025-11-13 15:44:42,809 [INFO] IPUIPlugin:80 - create IPUIPlugin
2025-11-13 15:44:42,809 [INFO] PluginManager:220 - loadIPPluginJar : add nvic
2025-11-13 15:44:42,810 [INFO] IPUIPlugin:80 - create IPUIPlugin
2025-11-13 15:44:42,810 [INFO] PluginManager:220 - loadIPPluginJar : add sai
2025-11-13 15:44:42,811 [INFO] IPUIPlugin:80 - create IPUIPlugin
2025-11-13 15:44:42,811 [INFO] PluginManager:220 - loadIPPluginJar : add fatfs
2025-11-13 15:44:42,812 [INFO] IPUIPlugin:80 - create IPUIPlugin
2025-11-13 15:44:42,812 [INFO] PluginManager:220 - loadIPPluginJar : add openamp
2025-11-13 15:44:42,814 [INFO] IPUIPlugin:80 - create IPUIPlugin
2025-11-13 15:44:42,814 [INFO] PluginManager:220 - loadIPPluginJar : add touchsensing
2025-11-13 15:44:42,815 [INFO] IPUIPlugin:80 - create IPUIPlugin
2025-11-13 15:44:42,815 [INFO] PluginManager:220 - loadIPPluginJar : add i2c
2025-11-13 15:44:42,816 [INFO] IPUIPlugin:80 - create IPUIPlugin
2025-11-13 15:44:42,816 [INFO] PluginManager:220 - loadIPPluginJar : add i2s
2025-11-13 15:44:42,819 [INFO] IPUIPlugin:80 - create IPUIPlugin
2025-11-13 15:44:42,819 [INFO] PluginManager:220 - loadIPPluginJar : add stm32_wpan
2025-11-13 15:44:42,820 [INFO] IPUIPlugin:80 - create IPUIPlugin
2025-11-13 15:44:42,820 [INFO] PluginManager:220 - loadIPPluginJar : add lorawan
2025-11-13 15:44:42,823 [INFO] IPUIPlugin:80 - create IPUIPlugin
2025-11-13 15:44:42,823 [INFO] PluginManager:220 - loadIPPluginJar : add mdma
2025-11-13 15:44:42,826 [INFO] IPUIPlugin:80 - create IPUIPlugin
2025-11-13 15:44:42,826 [INFO] PluginManager:220 - loadIPPluginJar : add adc
2025-11-13 15:44:42,828 [INFO] IPUIPlugin:80 - create IPUIPlugin
2025-11-13 15:44:42,828 [INFO] PluginManager:220 - loadIPPluginJar : add ddr_ctrl_phy
2025-11-13 15:44:42,829 [INFO] IPUIPlugin:80 - create IPUIPlugin
2025-11-13 15:44:42,829 [INFO] PluginManager:220 - loadIPPluginJar : add gtzc
2025-11-13 15:44:42,831 [INFO] IPUIPlugin:80 - create IPUIPlugin
2025-11-13 15:44:42,831 [INFO] PluginManager:220 - loadIPPluginJar : add ipddr
2025-11-13 15:44:42,832 [INFO] IPUIPlugin:80 - create IPUIPlugin
2025-11-13 15:44:42,832 [INFO] PluginManager:220 - loadIPPluginJar : add gfxmmu
2025-11-13 15:44:42,833 [INFO] IPUIPlugin:80 - create IPUIPlugin
2025-11-13 15:44:42,833 [INFO] PluginManager:220 - loadIPPluginJar : add usart
2025-11-13 15:44:42,834 [INFO] IPUIPlugin:80 - create IPUIPlugin
2025-11-13 15:44:42,834 [INFO] PluginManager:220 - loadIPPluginJar : add dfsdm
2025-11-13 15:44:42,835 [INFO] IPUIPlugin:80 - create IPUIPlugin
2025-11-13 15:44:42,835 [INFO] PluginManager:220 - loadIPPluginJar : add dma3
2025-11-13 15:44:42,836 [INFO] IPUIPlugin:80 - create IPUIPlugin
2025-11-13 15:44:42,836 [INFO] PluginManager:220 - loadIPPluginJar : add comp
2025-11-13 15:44:42,840 [INFO] IPUIPlugin:80 - create IPUIPlugin
2025-11-13 15:44:42,841 [INFO] PluginManager:220 - loadIPPluginJar : add plateformsettings
2025-11-13 15:44:42,842 [INFO] IPUIPlugin:80 - create IPUIPlugin
2025-11-13 15:44:42,842 [INFO] PluginManager:220 - loadIPPluginJar : add quadspi
2025-11-13 15:44:42,843 [INFO] IPUIPlugin:80 - create IPUIPlugin
2025-11-13 15:44:42,843 [INFO] PluginManager:220 - loadIPPluginJar : add hash
2025-11-13 15:44:42,843 [INFO] IPUIPlugin:80 - create IPUIPlugin
2025-11-13 15:44:42,843 [INFO] PluginManager:220 - loadIPPluginJar : add tsc
2025-11-13 15:44:42,844 [INFO] IPUIPlugin:80 - create IPUIPlugin
2025-11-13 15:44:42,844 [INFO] PluginManager:220 - loadIPPluginJar : add cryp
2025-11-13 15:44:42,845 [INFO] IPUIPlugin:80 - create IPUIPlugin
2025-11-13 15:44:42,845 [INFO] PluginManager:220 - loadIPPluginJar : add aes
2025-11-13 15:44:42,847 [INFO] IPUIPlugin:80 - create IPUIPlugin
2025-11-13 15:44:42,847 [INFO] PluginManager:220 - loadIPPluginJar : add usbx
2025-11-13 15:44:42,847 [INFO] IPUIPlugin:80 - create IPUIPlugin
2025-11-13 15:44:42,848 [INFO] PluginManager:220 - loadIPPluginJar : add ucpd
2025-11-13 15:44:42,848 [INFO] IPUIPlugin:80 - create IPUIPlugin
2025-11-13 15:44:42,848 [INFO] PluginManager:220 - loadIPPluginJar : add ltdc
2025-11-13 15:44:42,849 [INFO] IPUIPlugin:80 - create IPUIPlugin
2025-11-13 15:44:42,849 [INFO] PluginManager:220 - loadIPPluginJar : add pdm2pcm
2025-11-13 15:44:42,850 [INFO] IPUIPlugin:80 - create IPUIPlugin
2025-11-13 15:44:42,850 [INFO] PluginManager:220 - loadIPPluginJar : add spi
2025-11-13 15:44:42,854 [INFO] IPUIPlugin:80 - create IPUIPlugin
2025-11-13 15:44:42,854 [INFO] PluginManager:220 - loadIPPluginJar : add linkedlist
2025-11-13 15:44:42,855 [INFO] IPUIPlugin:80 - create IPUIPlugin
2025-11-13 15:44:42,855 [INFO] PluginManager:220 - loadIPPluginJar : add opamp
2025-11-13 15:44:42,857 [INFO] IPUIPlugin:80 - create IPUIPlugin
2025-11-13 15:44:42,857 [INFO] PluginManager:220 - loadIPPluginJar : add fmc
2025-11-13 15:44:42,858 [INFO] IPUIPlugin:80 - create IPUIPlugin
2025-11-13 15:44:42,858 [INFO] PluginManager:220 - loadIPPluginJar : add extmemmanager
2025-11-13 15:44:42,859 [INFO] IPUIPlugin:80 - create IPUIPlugin
2025-11-13 15:44:42,859 [INFO] PluginManager:220 - loadIPPluginJar : add ts
2025-11-13 15:44:42,861 [INFO] IPUIPlugin:80 - create IPUIPlugin
2025-11-13 15:44:42,861 [INFO] PluginManager:220 - loadIPPluginJar : add gpio
2025-11-13 15:44:42,864 [INFO] IPUIPlugin:80 - create IPUIPlugin
2025-11-13 15:44:42,864 [INFO] PluginManager:220 - loadIPPluginJar : add dma
2025-11-13 15:44:42,866 [INFO] IPUIPlugin:80 - create IPUIPlugin
2025-11-13 15:44:42,866 [INFO] PluginManager:220 - loadIPPluginJar : add gic
2025-11-13 15:44:42,867 [INFO] IPUIPlugin:80 - create IPUIPlugin
2025-11-13 15:44:42,867 [INFO] PluginManager:220 - loadIPPluginJar : add i3c
2025-11-13 15:44:42,868 [INFO] IPUIPlugin:80 - create IPUIPlugin
2025-11-13 15:44:42,868 [INFO] PluginManager:220 - loadIPPluginJar : add tim
2025-11-13 15:44:42,869 [INFO] IPUIPlugin:80 - create IPUIPlugin
2025-11-13 15:44:42,869 [INFO] PluginManager:220 - loadIPPluginJar : add genericplugin
2025-11-13 15:44:42,957 [FATAL] Updater:351 - Updater called before beeing initialized
2025-11-13 15:44:42,983 [INFO] RulesReader:64 - Compatibility file has been processed (317 Rules)
2025-11-13 15:44:42,989 [INFO] RulesReader:64 - Compatibility file has been processed (317 Rules)
2025-11-13 15:44:42,993 [INFO] CADModel:165 - CPN selected for project level
2025-11-13 15:44:42,993 [INFO] CADModel:114 - Register for checkConnection events
2025-11-13 15:44:42,993 [FATAL] Updater:351 - Updater called before beeing initialized
2025-11-13 15:44:42,993 [ERROR] CADModel:125 - Updater not yet initialized, retry later 
2025-11-13 15:44:43,064 [FATAL] Updater:351 - Updater called before beeing initialized
2025-11-13 15:44:43,065 [INFO] CADModel:165 - CPN selected for project level
2025-11-13 15:44:43,065 [INFO] CADModel:114 - Register for checkConnection events
2025-11-13 15:44:43,065 [FATAL] Updater:351 - Updater called before beeing initialized
2025-11-13 15:44:43,065 [ERROR] CADModel:125 - Updater not yet initialized, retry later 
2025-11-13 15:44:43,067 [FATAL] Updater:351 - Updater called before beeing initialized
2025-11-13 15:44:43,112 [FATAL] Updater:351 - Updater called before beeing initialized
2025-11-13 15:44:43,114 [INFO] DbMcusAds:53 - JSON generation date=Mon Nov 10 04:43:01 CST 2025 (1762771381223)
2025-11-13 15:44:43,114 [FATAL] Updater:351 - Updater called before beeing initialized
2025-11-13 15:44:43,135 [WARN] DetailPanel:346 - Failed to get advertising image, set to default
2025-11-13 15:44:43,179 [FATAL] Updater:351 - Updater called before beeing initialized
2025-11-13 15:44:43,181 [FATAL] Updater:351 - Updater called before beeing initialized
2025-11-13 15:44:43,181 [FATAL] Updater:351 - Updater called before beeing initialized
2025-11-13 15:44:43,181 [WARN] DetailPanel:346 - Failed to get advertising image, set to default
2025-11-13 15:44:43,181 [FATAL] Updater:351 - Updater called before beeing initialized
2025-11-13 15:44:43,201 [ERROR] Updater:1198 - MainUpdater not yet initialized. External WinMGr cannot be set.
2025-11-13 15:44:43,203 [INFO] Updater:1134 - Updater Version found : 6.15.0
2025-11-13 15:44:43,214 [INFO] ApplicationProperties:184 - Using Application install path: /opt/st/stm32cubeide_1.19.0/plugins/com.st.stm32cube.common.mx_6.15.0.202507011659
2025-11-13 15:44:43,435 [INFO] MainUpdater:2872 - connection check result : 10
2025-11-13 15:44:43,435 [INFO] MainUpdater:289 - Updater Check For Update Now.
2025-11-13 15:44:43,435 [INFO] MicroXplorer:498 - Change Database Version : DB.6.0.150
2025-11-13 15:44:43,583 [INFO] CheckServerUpdateThread:120 - End of CheckServer Thread
2025-11-13 15:44:43,646 [INFO] MainUpdater:2872 - connection check result : 10
2025-11-13 15:44:43,647 [INFO] MainUpdater:2872 - connection check result : 10
2025-11-13 15:44:45,582 [WARN] PackLoader:240 - Cannot read IP mode file for STMicroelectronics.FP-SNS-MOTENVWB1.1.4.0
2025-11-13 15:44:45,585 [WARN] PackLoader:240 - Cannot read IP mode file for STMicroelectronics.FP-ATR-ASTRA1.2.0.2
2025-11-13 15:44:45,588 [WARN] PackLoader:240 - Cannot read IP mode file for STMicroelectronics.X-CUBE-SMBUS.2.1.0
2025-11-13 15:44:45,603 [WARN] PackLoader:240 - Cannot read IP mode file for STMicroelectronics.X-CUBE-AZRTOS-F7.1.1.0
2025-11-13 15:44:45,607 [WARN] PackLoader:240 - Cannot read IP mode file for Cesanta.I-CUBE-Mongoose.7.19.0
2025-11-13 15:44:45,609 [WARN] PackLoader:240 - Cannot read IP mode file for STMicroelectronics.FP-SNS-MOTENV1.5.1.0
2025-11-13 15:44:45,615 [WARN] PackLoader:240 - Cannot read IP mode file for WES.I-CUBE-Cesium.1.4.0
2025-11-13 15:44:45,628 [WARN] PackLoader:240 - Cannot read IP mode file for Infineon.AIROC-Wi-Fi-Bluetooth-STM32.1.7.1
2025-11-13 15:44:45,644 [WARN] PackLoader:240 - Cannot read IP mode file for STMicroelectronics.X-CUBE-AZRTOS-H7.3.4.0
2025-11-13 15:44:45,652 [WARN] PackLoader:240 - Cannot read IP mode file for STMicroelectronics.X-CUBE-DISPLAY.3.0.0
2025-11-13 15:44:45,660 [WARN] PackLoader:240 - Cannot read IP mode file for STMicroelectronics.X-CUBE-NFC10.1.0.0
2025-11-13 15:44:45,663 [WARN] PackLoader:240 - Cannot read IP mode file for STMicroelectronics.X-CUBE-ST60.1.1.0
2025-11-13 15:44:45,666 [WARN] PackLoader:240 - Cannot read IP mode file for emotas.I-CUBE-CANOPEN.1.3.0
2025-11-13 15:44:45,668 [WARN] PackLoader:240 - Cannot read IP mode file for STMicroelectronics.X-CUBE-GNSS1.7.1.0
2025-11-13 15:44:45,673 [WARN] PackLoader:240 - Cannot read IP mode file for STMicroelectronics.FP-SNS-STBOX1.2.1.0
2025-11-13 15:44:45,682 [WARN] PackLoader:240 - Cannot read IP mode file for STMicroelectronics.FP-SNS-SMARTAG2.1.2.0
2025-11-13 15:44:45,684 [WARN] PackLoader:240 - Cannot read IP mode file for STMicroelectronics.FP-SNS-FLIGHT1.5.1.0
2025-11-13 15:44:45,691 [INFO] LogOutputStream:77 - [STDOUT_REDIRECT] 1 : Invalid condition id : UX_CORESTACK_Condition cause : null
2025-11-13 15:44:45,691 [INFO] LogOutputStream:77 - [STDOUT_REDIRECT] 1 : Invalid condition id : UX_CORESTACK_Condition cause : null
2025-11-13 15:44:45,691 [INFO] LogOutputStream:77 - [STDOUT_REDIRECT] 1 : Invalid condition id : UX_CORESTACK_Condition cause : null
2025-11-13 15:44:45,692 [INFO] LogOutputStream:77 - [STDOUT_REDIRECT] 1 : Invalid condition id : UX_CORESTACK_Condition cause : null
2025-11-13 15:44:45,692 [INFO] LogOutputStream:77 - [STDOUT_REDIRECT] 1 : Invalid condition id : UX_CORESTACK_Condition cause : null
2025-11-13 15:44:45,694 [WARN] PackLoader:240 - Cannot read IP mode file for STMicroelectronics.X-CUBE-AZRTOS-WL.2.0.0
2025-11-13 15:44:45,698 [WARN] PackLoader:240 - Cannot read IP mode file for STMicroelectronics.X-CUBE-BLE2.3.3.0
2025-11-13 15:44:45,709 [WARN] PackLoader:240 - Cannot read IP mode file for STMicroelectronics.X-CUBE-NFC9.1.0.0
2025-11-13 15:44:45,712 [WARN] PackLoader:240 - Cannot read IP mode file for wolfSSL.I-CUBE-wolfSSL.5.8.2
2025-11-13 15:44:45,714 [WARN] PackLoader:240 - Cannot read IP mode file for STMicroelectronics.X-CUBE-BLE1.7.1.0
2025-11-13 15:44:45,715 [WARN] PackLoader:240 - Cannot read IP mode file for wolfSSL.I-CUBE-wolfMQTT.1.19.2
2025-11-13 15:44:45,718 [WARN] PackLoader:240 - Cannot read IP mode file for STMicroelectronics.X-CUBE-EEPRMA1.5.2.0
2025-11-13 15:44:45,721 [WARN] PackLoader:240 - Cannot read IP mode file for STMicroelectronics.X-CUBE-ST67W61.1.1.0
2025-11-13 15:44:45,728 [WARN] PackLoader:240 - Cannot read IP mode file for STMicroelectronics.X-CUBE-AZRTOS-G0.1.1.0
2025-11-13 15:44:45,732 [WARN] PackLoader:240 - Cannot read IP mode file for STMicroelectronics.X-CUBE-NFC4.3.0.0
2025-11-13 15:44:45,737 [WARN] PackLoader:240 - Cannot read IP mode file for EmbeddedOffice.I-CUBE-FS-RTOS.1.0.1
2025-11-13 15:44:45,740 [WARN] PackLoader:240 - Cannot read IP mode file for STMicroelectronics.X-CUBE-WB05N.2.0.0
2025-11-13 15:44:45,742 [WARN] PackLoader:240 - Cannot read IP mode file for wolfSSL.I-CUBE-wolfTPM.3.8.0
2025-11-13 15:44:45,745 [WARN] PackLoader:240 - Cannot read IP mode file for STMicroelectronics.X-CUBE-TCPP.4.2.0
2025-11-13 15:44:45,747 [WARN] PackLoader:240 - Cannot read IP mode file for RealThread.X-CUBE-RT-Thread_Nano.4.1.1
2025-11-13 15:44:45,749 [WARN] PackLoader:240 - Cannot read IP mode file for STMicroelectronics.FP-ATR-SIGFOX1.3.2.0
2025-11-13 15:44:45,752 [WARN] PackLoader:240 - Cannot read IP mode file for ITTIA_DB.I-CUBE-ITTIADB.8.9.0
2025-11-13 15:44:45,754 [WARN] PackLoader:240 - Cannot read IP mode file for STMicroelectronics.X-CUBE-AI.10.2.0
2025-11-13 15:44:45,766 [WARN] PackLoader:240 - Cannot read IP mode file for SEGGER.I-CUBE-embOS.1.3.1
2025-11-13 15:44:45,785 [WARN] PackLoader:240 - Cannot read IP mode file for STMicroelectronics.X-CUBE-ALGOBUILD.1.4.0
2025-11-13 15:44:45,806 [WARN] PackLoader:240 - Cannot read IP mode file for STMicroelectronics.X-CUBE-MEMS1.11.3.0
2025-11-13 15:44:45,879 [WARN] PackLoader:240 - Cannot read IP mode file for STMicroelectronics.X-CUBE-PM33A1.1.0.0
2025-11-13 15:44:45,886 [WARN] PackLoader:240 - Cannot read IP mode file for STMicroelectronics.X-CUBE-AZRTOS-F4.1.1.0
2025-11-13 15:44:45,890 [WARN] PackLoader:240 - Cannot read IP mode file for STMicroelectronics.X-CUBE-ISPU.2.1.0
2025-11-13 15:44:45,896 [WARN] PackLoader:240 - Cannot read IP mode file for STMicroelectronics.X-CUBE-IPS.3.2.0
2025-11-13 15:44:45,902 [WARN] PackLoader:240 - Cannot read IP mode file for STMicroelectronics.X-CUBE-NFC12.1.0.0
2025-11-13 15:44:45,910 [WARN] PackLoader:240 - Cannot read IP mode file for STMicroelectronics.X-CUBE-AZRTOS-L5.2.0.0
2025-11-13 15:44:45,914 [WARN] PackLoader:240 - Cannot read IP mode file for STMicroelectronics.X-CUBE-NFC6.3.1.0
2025-11-13 15:44:45,918 [WARN] PackLoader:240 - Cannot read IP mode file for STMicroelectronics.X-CUBE-FREERTOS.1.3.1
2025-11-13 15:44:45,920 [WARN] PackLoader:240 - Cannot read IP mode file for STMicroelectronics.X-CUBE-TOUCHGFX.4.26.0
2025-11-13 15:44:45,922 [WARN] PackLoader:240 - Cannot read IP mode file for STMicroelectronics.FP-SNS-STAIOTCFT.1.0.0
2025-11-13 15:44:45,924 [WARN] PackLoader:240 - Cannot read IP mode file for STMicroelectronics.X-CUBE-DPower.1.3.0
2025-11-13 15:44:45,932 [WARN] ConditionMgr:438 - getConditionDescription Invalid condition id : LAN8742 Phy interface Condition cause : null
2025-11-13 15:44:45,932 [WARN] PackLoader:240 - Cannot read IP mode file for STMicroelectronics.X-CUBE-AZRTOS-L4.2.0.0
2025-11-13 15:44:45,933 [WARN] ConditionMgr:1044 - genDependencies : Invalid condition id : LAN8742 Phy interface Condition cause : null
2025-11-13 15:44:45,933 [WARN] ConditionMgr:1044 - genDependencies : Invalid condition id : LAN8742 Phy interface Condition cause : null
2025-11-13 15:44:45,934 [WARN] ConditionMgr:1044 - genDependencies : Invalid condition id : LAN8742 Phy interface Condition cause : null
2025-11-13 15:44:45,937 [WARN] PackLoader:240 - Cannot read IP mode file for STMicroelectronics.X-CUBE-SFXS2LP1.4.0.0
2025-11-13 15:44:45,942 [WARN] PackLoader:240 - Cannot read IP mode file for STMicroelectronics.X-CUBE-BLEMGR.4.1.0
2025-11-13 15:44:45,955 [WARN] ConditionMgr:438 - getConditionDescription Invalid condition id : UX DEVICE CLASS RTOS Condition cause : null
2025-11-13 15:44:45,956 [WARN] ConditionMgr:438 - getConditionDescription Invalid condition id : UX DEVICE CLASS RTOS Condition cause : null
2025-11-13 15:44:45,958 [WARN] PackLoader:240 - Cannot read IP mode file for STMicroelectronics.X-CUBE-AZRTOS-WB.2.0.0
2025-11-13 15:44:45,958 [WARN] ConditionMgr:1044 - genDependencies : Invalid condition id : UX DEVICE CLASS RTOS Condition cause : null
2025-11-13 15:44:45,959 [WARN] ConditionMgr:1044 - genDependencies : Invalid condition id : UX DEVICE CLASS RTOS Condition cause : null
2025-11-13 15:44:45,959 [WARN] ConditionMgr:1044 - genDependencies : Invalid condition id : UX DEVICE CLASS RTOS Condition cause : null
2025-11-13 15:44:45,959 [WARN] ConditionMgr:1044 - genDependencies : Invalid condition id : UX DEVICE CLASS RTOS Condition cause : null
2025-11-13 15:44:45,959 [WARN] ConditionMgr:1044 - genDependencies : Invalid condition id : UX DEVICE CLASS RTOS Condition cause : null
2025-11-13 15:44:45,963 [WARN] ConditionMgr:438 - getConditionDescription Invalid condition id : Cortex-A Device cause : null
2025-11-13 15:44:45,970 [WARN] ConditionMgr:1044 - genDependencies : Invalid condition id : Cortex-A Device cause : null
2025-11-13 15:44:45,970 [WARN] ConditionMgr:1044 - genDependencies : Invalid condition id : Cortex-A Device cause : null
2025-11-13 15:44:45,970 [WARN] ConditionMgr:1044 - genDependencies : Invalid condition id : Cortex-A Device cause : null
2025-11-13 15:44:45,978 [WARN] PackLoader:240 - Cannot read IP mode file for STMicroelectronics.X-CUBE-SUBG2.5.0.0
2025-11-13 15:44:46,003 [WARN] PackLoader:240 - Cannot read IP mode file for STMicroelectronics.X-CUBE-AZRTOS-H7RS.1.1.0
2025-11-13 15:44:46,012 [WARN] PackLoader:240 - Cannot read IP mode file for STMicroelectronics.X-CUBE-AZRTOS-G4.2.0.0
2025-11-13 15:44:46,016 [WARN] PackLoader:240 - Cannot read IP mode file for wolfSSL.I-CUBE-wolfSSH.1.4.20
2025-11-13 15:44:46,018 [WARN] PackLoader:240 - Cannot read IP mode file for STMicroelectronics.X-CUBE-NFC7.2.0.0
2025-11-13 15:44:46,021 [WARN] PackLoader:240 - Cannot read IP mode file for STMicroelectronics.X-CUBE-ALS.1.0.2
2025-11-13 15:44:46,023 [WARN] PackLoader:240 - Cannot read IP mode file for STMicroelectronics.X-CUBE-STSE01.1.0.0
2025-11-13 15:44:46,029 [WARN] PackLoader:240 - Cannot read IP mode file for STMicroelectronics.X-CUBE-TOF1.3.4.3
2025-11-13 15:44:46,037 [INFO] ThirdParty:978 - Integrity check success = true
2025-11-13 15:44:46,037 [INFO] IntegrityCheckThread:100 - exiting critical section [integrity check]
2025-11-13 15:44:46,037 [INFO] IntegrityCheckThread:103 - End integrity checks thread
2025-11-13 15:51:37,608 [INFO] Activator:176 - 


2025-11-13 15:51:37,609 [INFO] Activator:177 - !SESSION log4j initialized
2025-11-13 15:51:38,694 [INFO] ApplicationProperties:184 - Using Application install path: /opt/st/stm32cubeide_1.19.0/plugins/com.st.stm32cube.common.mx_6.15.0.202507011659
2025-11-13 15:51:38,702 [INFO] DbMcusXml:78 - Set database path to: /opt/st/stm32cubeide_1.19.0/plugins/com.st.stm32cube.common.mx_6.15.0.202507011659//db//mcu/
2025-11-13 15:51:38,702 [INFO] ApiDb:274 - Set plugin database path to: /opt/st/stm32cubeide_1.19.0/plugins/com.st.stm32cube.common.mx_6.15.0.202507011659//db//plugins/boardmanager/
2025-11-13 15:51:38,702 [WARN] ApiDb:259 - Overriding images path with different value:  => /opt/st/stm32cubeide_1.19.0/plugins/com.st.stm32cube.common.mx_6.15.0.202507011659//db//plugins/mcufinder/images/
2025-11-13 15:51:38,704 [INFO] ApiDb:250 - Set database path to: /home/danielgrioja/.stmcufinder/plugins/mcufinder//mcu/
2025-11-13 15:51:38,704 [INFO] DbMcusAds:125 - Set database path to: /home/danielgrioja/.stmcufinder/plugins/mcufinder//mcu/
2025-11-13 15:51:38,920 [INFO] CrossReferenceDbSqlite:203 - Set database path to: /home/danielgrioja/.stmcufinder/plugins/mcufinder//mcu/cs/
2025-11-13 15:51:38,987 [INFO] RulesReader:64 - Compatibility file has been processed (317 Rules)
2025-11-13 15:51:39,016 [INFO] DbMcusXml:78 - Set database path to: /opt/st/stm32cubeide_1.19.0/plugins/com.st.stm32cube.common.mx_6.15.0.202507011659//db//mcu/
2025-11-13 15:51:39,017 [INFO] ApiDb:274 - Set plugin database path to: /opt/st/stm32cubeide_1.19.0/plugins/com.st.stm32cube.common.mx_6.15.0.202507011659//db//plugins/boardmanager/
2025-11-13 15:51:39,017 [INFO] ApiDb:261 - Set plugin images path to: /opt/st/stm32cubeide_1.19.0/plugins/com.st.stm32cube.common.mx_6.15.0.202507011659//db//plugins/mcufinder/images/
2025-11-13 15:51:39,017 [WARN] DbFile:41 - Overriding database path with different value: /home/danielgrioja/.stmcufinder/plugins/mcufinder/ => /home/danielgrioja/.stmcufinder/plugins/mcufinder
2025-11-13 15:51:39,017 [INFO] ApiDb:250 - Set database path to: /home/danielgrioja/.stmcufinder/plugins/mcufinder//mcu/
2025-11-13 15:51:39,017 [WARN] DbFile:41 - Overriding database path with different value: /home/danielgrioja/.stmcufinder/plugins/mcufinder/ => /home/danielgrioja/.stmcufinder/plugins/mcufinder
2025-11-13 15:51:39,017 [INFO] DbMcusAds:125 - Set database path to: /home/danielgrioja/.stmcufinder/plugins/mcufinder//mcu/
2025-11-13 15:51:39,017 [WARN] DbFile:41 - Overriding database path with different value: /home/danielgrioja/.stmcufinder/plugins/mcufinder/ => /home/danielgrioja/.stmcufinder/plugins/mcufinder
2025-11-13 15:51:39,017 [WARN] DbFile:41 - Overriding database path with different value: /home/danielgrioja/.stmcufinder/plugins/mcufinder/ => /home/danielgrioja/.stmcufinder/plugins/mcufinder
2025-11-13 15:51:39,017 [INFO] CrossReferenceDbSqlite:203 - Set database path to: /home/danielgrioja/.stmcufinder/plugins/mcufinder//mcu/cs/
2025-11-13 15:51:39,045 [INFO] MainPanel:274 - HeapMemory: 184549376
2025-11-13 15:51:39,094 [INFO] DbMcusXml:78 - Set database path to: /opt/st/stm32cubeide_1.19.0/plugins/com.st.stm32cube.common.mx_6.15.0.202507011659//db//mcu/
2025-11-13 15:51:39,095 [INFO] ApiDb:274 - Set plugin database path to: /opt/st/stm32cubeide_1.19.0/plugins/com.st.stm32cube.common.mx_6.15.0.202507011659//db//plugins/boardmanager/
2025-11-13 15:51:39,095 [INFO] ApiDb:261 - Set plugin images path to: /opt/st/stm32cubeide_1.19.0/plugins/com.st.stm32cube.common.mx_6.15.0.202507011659//db//plugins/mcufinder/images/
2025-11-13 15:51:39,095 [WARN] DbFile:41 - Overriding database path with different value: /home/danielgrioja/.stmcufinder/plugins/mcufinder/ => /home/danielgrioja/.stmcufinder/plugins/mcufinder
2025-11-13 15:51:39,095 [INFO] ApiDb:250 - Set database path to: /home/danielgrioja/.stmcufinder/plugins/mcufinder//mcu/
2025-11-13 15:51:39,095 [WARN] DbFile:41 - Overriding database path with different value: /home/danielgrioja/.stmcufinder/plugins/mcufinder/ => /home/danielgrioja/.stmcufinder/plugins/mcufinder
2025-11-13 15:51:39,095 [INFO] DbMcusAds:125 - Set database path to: /home/danielgrioja/.stmcufinder/plugins/mcufinder//mcu/
2025-11-13 15:51:39,095 [WARN] DbFile:41 - Overriding database path with different value: /home/danielgrioja/.stmcufinder/plugins/mcufinder/ => /home/danielgrioja/.stmcufinder/plugins/mcufinder
2025-11-13 15:51:39,095 [WARN] DbFile:41 - Overriding database path with different value: /home/danielgrioja/.stmcufinder/plugins/mcufinder/ => /home/danielgrioja/.stmcufinder/plugins/mcufinder
2025-11-13 15:51:39,095 [INFO] CrossReferenceDbSqlite:203 - Set database path to: /home/danielgrioja/.stmcufinder/plugins/mcufinder//mcu/cs/
2025-11-13 15:51:39,102 [INFO] ApplicationProperties:184 - Using Application install path: /opt/st/stm32cubeide_1.19.0/plugins/com.st.stm32cube.common.mx_6.15.0.202507011659
2025-11-13 15:51:39,102 [INFO] PluginManage:196 - Search for loadable plugins [exclusion list=, ]
2025-11-13 15:51:39,103 [INFO] PluginManage:310 - Check plugin analytics
2025-11-13 15:51:39,230 [INFO] AnalyticsPlugin:253 - Accepted Software Licenses: 
2025-11-13 15:51:39,230 [INFO] AnalyticsPlugin:255 - Accepted CMSIS Pack Licenses: 
2025-11-13 15:51:39,230 [INFO] AnalyticsPlugin:257 - Accepted Firmware Licenses: 
2025-11-13 15:51:39,231 [INFO] PluginManage:359 - Loaded plugin analytics (category:tool,tabindex:-1)
2025-11-13 15:51:39,232 [INFO] PluginManage:310 - Check plugin cadmodel
2025-11-13 15:51:39,234 [INFO] CADModel:105 - Init CAD model plugin
2025-11-13 15:51:39,234 [INFO] PluginManage:359 - Loaded plugin cadmodel (category:power,tabindex:5)
2025-11-13 15:51:39,234 [INFO] PluginManage:310 - Check plugin clock
2025-11-13 15:51:39,238 [INFO] PluginManage:359 - Loaded plugin clock (category:base,tabindex:2)
2025-11-13 15:51:39,239 [INFO] PluginManage:310 - Check plugin ddr
2025-11-13 15:51:39,240 [INFO] PluginManage:359 - Loaded plugin ddr (category:tool,tabindex:6)
2025-11-13 15:51:39,240 [INFO] PluginManage:310 - Check plugin filemanager
2025-11-13 15:51:39,316 [INFO] PluginManage:359 - Loaded plugin filemanager (category:base,tabindex:10)
2025-11-13 15:51:39,316 [INFO] PluginManage:310 - Check plugin ipmanager
2025-11-13 15:51:39,319 [INFO] PluginManage:359 - Loaded plugin ipmanager (category:base,tabindex:5)
2025-11-13 15:51:39,319 [INFO] PluginManage:310 - Check plugin lpbam
2025-11-13 15:51:39,324 [INFO] PluginManage:359 - Loaded plugin lpbam (category:base,tabindex:0)
2025-11-13 15:51:39,324 [INFO] PluginManage:310 - Check plugin memorymap
2025-11-13 15:51:39,330 [INFO] PluginManage:359 - Loaded plugin memorymap (category:base,tabindex:4)
2025-11-13 15:51:39,330 [INFO] PluginManage:310 - Check plugin pinoutandconfiguration
2025-11-13 15:51:39,334 [INFO] PluginManage:359 - Loaded plugin pinoutandconfiguration (category:base,tabindex:1)
2025-11-13 15:51:39,334 [INFO] PluginManage:310 - Check plugin pinoutconfig
2025-11-13 15:51:39,376 [WARN] SupportedApi:132 - Cannot load RTOS API schema: s4s-elt-must-match.1: The content of 'definitions' must match (annotation?, (simpleType | complexType)?, (unique | key | keyref)*)). A problem was found starting at: attribute.
2025-11-13 15:51:39,431 [INFO] PluginManage:359 - Loaded plugin pinoutconfig (category:base,tabindex:0)
2025-11-13 15:51:39,431 [INFO] PluginManage:310 - Check plugin power
2025-11-13 15:51:39,434 [INFO] PluginManage:359 - Loaded plugin power (category:power,tabindex:4)
2025-11-13 15:51:39,434 [INFO] PluginManage:310 - Check plugin projectmanager
2025-11-13 15:51:39,442 [INFO] PluginManage:359 - Loaded plugin projectmanager (category:projectmanager,tabindex:4)
2025-11-13 15:51:39,442 [INFO] PluginManage:310 - Check plugin rif
2025-11-13 15:51:39,447 [INFO] PluginManage:359 - Loaded plugin rif (category:base,tabindex:3)
2025-11-13 15:51:39,447 [INFO] PluginManage:310 - Check plugin thirdparty
2025-11-13 15:51:39,512 [INFO] PluginManage:359 - Loaded plugin thirdparty (category:base,tabindex:-1)
2025-11-13 15:51:39,511 [WARN] IntegrityCheckThread:84 - waiting for thirdparty lock release [integrity check]
2025-11-13 15:51:39,512 [INFO] IntegrityCheckThread:86 - entering critical section [integrity check]
2025-11-13 15:51:39,512 [INFO] PluginManage:310 - Check plugin tools
2025-11-13 15:51:39,512 [INFO] ThirdPartyUpdaterWithRetryManager:70 - Updater plugin not ready yet. [1/15]
2025-11-13 15:51:39,513 [INFO] PluginManage:359 - Loaded plugin tools (category:base,tabindex:7)
2025-11-13 15:51:39,513 [INFO] PluginManage:310 - Check plugin tutovideos
2025-11-13 15:51:39,605 [INFO] PluginManage:359 - Loaded plugin tutovideos (category:base,tabindex:-1)
2025-11-13 15:51:39,605 [INFO] PluginManage:310 - Check plugin updater
2025-11-13 15:51:39,616 [INFO] PluginManage:359 - Loaded plugin updater (category:base,tabindex:12)
2025-11-13 15:51:39,617 [INFO] PluginManage:310 - Check plugin userauth
2025-11-13 15:51:39,618 [INFO] UserAuth:118 - Init User Auth plugin
2025-11-13 15:51:39,619 [INFO] PluginManage:359 - Loaded plugin userauth (category:base,tabindex:14)
2025-11-13 15:51:39,619 [INFO] PluginManage:283 - PluginManage : Loaded plugins [18]
2025-11-13 15:51:39,706 [INFO] PinOutPanel:1589 - setPackage(No Configuration,No Configuration)
2025-11-13 15:51:39,740 [INFO] CADModel:165 - CPN selected for project level
2025-11-13 15:51:39,740 [INFO] CADModel:114 - Register for checkConnection events
2025-11-13 15:51:39,746 [INFO] IPUIPlugin:80 - create IPUIPlugin
2025-11-13 15:51:39,746 [INFO] PluginManager:220 - loadIPPluginJar : add resmgrutility
2025-11-13 15:51:39,748 [INFO] IPUIPlugin:80 - create IPUIPlugin
2025-11-13 15:51:39,748 [INFO] PluginManager:220 - loadIPPluginJar : add freertos
2025-11-13 15:51:39,750 [INFO] IPUIPlugin:80 - create IPUIPlugin
2025-11-13 15:51:39,751 [INFO] PluginManager:220 - loadIPPluginJar : add can
2025-11-13 15:51:39,751 [INFO] IPUIPlugin:80 - create IPUIPlugin
2025-11-13 15:51:39,751 [INFO] PluginManager:220 - loadIPPluginJar : add tracer_emb
2025-11-13 15:51:39,752 [INFO] IPUIPlugin:80 - create IPUIPlugin
2025-11-13 15:51:39,753 [INFO] PluginManager:220 - loadIPPluginJar : add radio
2025-11-13 15:51:39,754 [INFO] IPUIPlugin:80 - create IPUIPlugin
2025-11-13 15:51:39,754 [INFO] PluginManager:220 - loadIPPluginJar : add nvic
2025-11-13 15:51:39,755 [INFO] IPUIPlugin:80 - create IPUIPlugin
2025-11-13 15:51:39,755 [INFO] PluginManager:220 - loadIPPluginJar : add sai
2025-11-13 15:51:39,756 [INFO] IPUIPlugin:80 - create IPUIPlugin
2025-11-13 15:51:39,756 [INFO] PluginManager:220 - loadIPPluginJar : add fatfs
2025-11-13 15:51:39,757 [INFO] IPUIPlugin:80 - create IPUIPlugin
2025-11-13 15:51:39,757 [INFO] PluginManager:220 - loadIPPluginJar : add openamp
2025-11-13 15:51:39,758 [INFO] IPUIPlugin:80 - create IPUIPlugin
2025-11-13 15:51:39,758 [INFO] PluginManager:220 - loadIPPluginJar : add touchsensing
2025-11-13 15:51:39,759 [INFO] IPUIPlugin:80 - create IPUIPlugin
2025-11-13 15:51:39,759 [INFO] PluginManager:220 - loadIPPluginJar : add i2c
2025-11-13 15:51:39,760 [INFO] IPUIPlugin:80 - create IPUIPlugin
2025-11-13 15:51:39,760 [INFO] PluginManager:220 - loadIPPluginJar : add i2s
2025-11-13 15:51:39,763 [INFO] IPUIPlugin:80 - create IPUIPlugin
2025-11-13 15:51:39,763 [INFO] PluginManager:220 - loadIPPluginJar : add stm32_wpan
2025-11-13 15:51:39,764 [INFO] IPUIPlugin:80 - create IPUIPlugin
2025-11-13 15:51:39,764 [INFO] PluginManager:220 - loadIPPluginJar : add lorawan
2025-11-13 15:51:39,766 [INFO] IPUIPlugin:80 - create IPUIPlugin
2025-11-13 15:51:39,767 [INFO] PluginManager:220 - loadIPPluginJar : add mdma
2025-11-13 15:51:39,769 [INFO] IPUIPlugin:80 - create IPUIPlugin
2025-11-13 15:51:39,769 [INFO] PluginManager:220 - loadIPPluginJar : add adc
2025-11-13 15:51:39,770 [INFO] IPUIPlugin:80 - create IPUIPlugin
2025-11-13 15:51:39,770 [INFO] PluginManager:220 - loadIPPluginJar : add ddr_ctrl_phy
2025-11-13 15:51:39,771 [INFO] IPUIPlugin:80 - create IPUIPlugin
2025-11-13 15:51:39,771 [INFO] PluginManager:220 - loadIPPluginJar : add gtzc
2025-11-13 15:51:39,773 [INFO] IPUIPlugin:80 - create IPUIPlugin
2025-11-13 15:51:39,773 [INFO] PluginManager:220 - loadIPPluginJar : add ipddr
2025-11-13 15:51:39,773 [INFO] IPUIPlugin:80 - create IPUIPlugin
2025-11-13 15:51:39,773 [INFO] PluginManager:220 - loadIPPluginJar : add gfxmmu
2025-11-13 15:51:39,774 [INFO] IPUIPlugin:80 - create IPUIPlugin
2025-11-13 15:51:39,774 [INFO] PluginManager:220 - loadIPPluginJar : add usart
2025-11-13 15:51:39,775 [INFO] IPUIPlugin:80 - create IPUIPlugin
2025-11-13 15:51:39,775 [INFO] PluginManager:220 - loadIPPluginJar : add dfsdm
2025-11-13 15:51:39,776 [INFO] IPUIPlugin:80 - create IPUIPlugin
2025-11-13 15:51:39,776 [INFO] PluginManager:220 - loadIPPluginJar : add dma3
2025-11-13 15:51:39,777 [INFO] IPUIPlugin:80 - create IPUIPlugin
2025-11-13 15:51:39,777 [INFO] PluginManager:220 - loadIPPluginJar : add comp
2025-11-13 15:51:39,780 [INFO] IPUIPlugin:80 - create IPUIPlugin
2025-11-13 15:51:39,781 [INFO] PluginManager:220 - loadIPPluginJar : add plateformsettings
2025-11-13 15:51:39,782 [INFO] IPUIPlugin:80 - create IPUIPlugin
2025-11-13 15:51:39,782 [INFO] PluginManager:220 - loadIPPluginJar : add quadspi
2025-11-13 15:51:39,783 [INFO] IPUIPlugin:80 - create IPUIPlugin
2025-11-13 15:51:39,783 [INFO] PluginManager:220 - loadIPPluginJar : add hash
2025-11-13 15:51:39,783 [INFO] IPUIPlugin:80 - create IPUIPlugin
2025-11-13 15:51:39,783 [INFO] PluginManager:220 - loadIPPluginJar : add tsc
2025-11-13 15:51:39,784 [INFO] IPUIPlugin:80 - create IPUIPlugin
2025-11-13 15:51:39,784 [INFO] PluginManager:220 - loadIPPluginJar : add cryp
2025-11-13 15:51:39,785 [INFO] IPUIPlugin:80 - create IPUIPlugin
2025-11-13 15:51:39,785 [INFO] PluginManager:220 - loadIPPluginJar : add aes
2025-11-13 15:51:39,786 [INFO] IPUIPlugin:80 - create IPUIPlugin
2025-11-13 15:51:39,786 [INFO] PluginManager:220 - loadIPPluginJar : add usbx
2025-11-13 15:51:39,786 [INFO] IPUIPlugin:80 - create IPUIPlugin
2025-11-13 15:51:39,787 [INFO] PluginManager:220 - loadIPPluginJar : add ucpd
2025-11-13 15:51:39,787 [INFO] IPUIPlugin:80 - create IPUIPlugin
2025-11-13 15:51:39,787 [INFO] PluginManager:220 - loadIPPluginJar : add ltdc
2025-11-13 15:51:39,788 [INFO] IPUIPlugin:80 - create IPUIPlugin
2025-11-13 15:51:39,788 [INFO] PluginManager:220 - loadIPPluginJar : add pdm2pcm
2025-11-13 15:51:39,789 [INFO] IPUIPlugin:80 - create IPUIPlugin
2025-11-13 15:51:39,789 [INFO] PluginManager:220 - loadIPPluginJar : add spi
2025-11-13 15:51:39,792 [INFO] IPUIPlugin:80 - create IPUIPlugin
2025-11-13 15:51:39,792 [INFO] PluginManager:220 - loadIPPluginJar : add linkedlist
2025-11-13 15:51:39,793 [INFO] IPUIPlugin:80 - create IPUIPlugin
2025-11-13 15:51:39,793 [INFO] PluginManager:220 - loadIPPluginJar : add opamp
2025-11-13 15:51:39,795 [INFO] IPUIPlugin:80 - create IPUIPlugin
2025-11-13 15:51:39,795 [INFO] PluginManager:220 - loadIPPluginJar : add fmc
2025-11-13 15:51:39,796 [INFO] IPUIPlugin:80 - create IPUIPlugin
2025-11-13 15:51:39,796 [INFO] PluginManager:220 - loadIPPluginJar : add extmemmanager
2025-11-13 15:51:39,797 [INFO] IPUIPlugin:80 - create IPUIPlugin
2025-11-13 15:51:39,797 [INFO] PluginManager:220 - loadIPPluginJar : add ts
2025-11-13 15:51:39,799 [INFO] IPUIPlugin:80 - create IPUIPlugin
2025-11-13 15:51:39,799 [INFO] PluginManager:220 - loadIPPluginJar : add gpio
2025-11-13 15:51:39,802 [INFO] IPUIPlugin:80 - create IPUIPlugin
2025-11-13 15:51:39,802 [INFO] PluginManager:220 - loadIPPluginJar : add dma
2025-11-13 15:51:39,804 [INFO] IPUIPlugin:80 - create IPUIPlugin
2025-11-13 15:51:39,804 [INFO] PluginManager:220 - loadIPPluginJar : add gic
2025-11-13 15:51:39,805 [INFO] IPUIPlugin:80 - create IPUIPlugin
2025-11-13 15:51:39,805 [INFO] PluginManager:220 - loadIPPluginJar : add i3c
2025-11-13 15:51:39,805 [INFO] IPUIPlugin:80 - create IPUIPlugin
2025-11-13 15:51:39,806 [INFO] PluginManager:220 - loadIPPluginJar : add tim
2025-11-13 15:51:39,806 [INFO] IPUIPlugin:80 - create IPUIPlugin
2025-11-13 15:51:39,806 [INFO] PluginManager:220 - loadIPPluginJar : add genericplugin
2025-11-13 15:51:39,898 [FATAL] Updater:351 - Updater called before beeing initialized
2025-11-13 15:51:39,921 [INFO] RulesReader:64 - Compatibility file has been processed (317 Rules)
2025-11-13 15:51:39,928 [INFO] RulesReader:64 - Compatibility file has been processed (317 Rules)
2025-11-13 15:51:39,932 [INFO] CADModel:165 - CPN selected for project level
2025-11-13 15:51:39,932 [INFO] CADModel:114 - Register for checkConnection events
2025-11-13 15:51:39,932 [FATAL] Updater:351 - Updater called before beeing initialized
2025-11-13 15:51:39,933 [ERROR] CADModel:125 - Updater not yet initialized, retry later 
2025-11-13 15:51:39,995 [FATAL] Updater:351 - Updater called before beeing initialized
2025-11-13 15:51:39,996 [INFO] CADModel:165 - CPN selected for project level
2025-11-13 15:51:39,997 [INFO] CADModel:114 - Register for checkConnection events
2025-11-13 15:51:39,997 [FATAL] Updater:351 - Updater called before beeing initialized
2025-11-13 15:51:39,997 [ERROR] CADModel:125 - Updater not yet initialized, retry later 
2025-11-13 15:51:39,998 [FATAL] Updater:351 - Updater called before beeing initialized
2025-11-13 15:51:40,044 [FATAL] Updater:351 - Updater called before beeing initialized
2025-11-13 15:51:40,046 [INFO] DbMcusAds:53 - JSON generation date=Mon Nov 10 04:43:01 CST 2025 (1762771381223)
2025-11-13 15:51:40,046 [FATAL] Updater:351 - Updater called before beeing initialized
2025-11-13 15:51:40,090 [WARN] DetailPanel:346 - Failed to get advertising image, set to default
2025-11-13 15:51:40,142 [FATAL] Updater:351 - Updater called before beeing initialized
2025-11-13 15:51:40,144 [FATAL] Updater:351 - Updater called before beeing initialized
2025-11-13 15:51:40,144 [FATAL] Updater:351 - Updater called before beeing initialized
2025-11-13 15:51:40,144 [WARN] DetailPanel:346 - Failed to get advertising image, set to default
2025-11-13 15:51:40,145 [FATAL] Updater:351 - Updater called before beeing initialized
2025-11-13 15:51:40,166 [ERROR] Updater:1198 - MainUpdater not yet initialized. External WinMGr cannot be set.
2025-11-13 15:51:40,168 [INFO] Updater:1134 - Updater Version found : 6.15.0
2025-11-13 15:51:40,178 [INFO] ApplicationProperties:184 - Using Application install path: /opt/st/stm32cubeide_1.19.0/plugins/com.st.stm32cube.common.mx_6.15.0.202507011659
2025-11-13 15:51:40,979 [INFO] MainUpdater:2872 - connection check result : 10
2025-11-13 15:51:41,008 [INFO] MainUpdater:289 - Updater Check For Update Now.
2025-11-13 15:51:41,008 [INFO] MicroXplorer:498 - Change Database Version : DB.6.0.150
2025-11-13 15:51:41,156 [INFO] CheckServerUpdateThread:120 - End of CheckServer Thread
2025-11-13 15:51:41,223 [INFO] MainUpdater:2872 - connection check result : 10
2025-11-13 15:51:41,224 [INFO] MainUpdater:2872 - connection check result : 10
2025-11-13 15:51:42,575 [WARN] PackLoader:240 - Cannot read IP mode file for STMicroelectronics.FP-SNS-MOTENVWB1.1.4.0
2025-11-13 15:51:42,580 [WARN] PackLoader:240 - Cannot read IP mode file for STMicroelectronics.FP-ATR-ASTRA1.2.0.2
2025-11-13 15:51:42,584 [WARN] PackLoader:240 - Cannot read IP mode file for STMicroelectronics.X-CUBE-SMBUS.2.1.0
2025-11-13 15:51:42,611 [WARN] PackLoader:240 - Cannot read IP mode file for STMicroelectronics.X-CUBE-AZRTOS-F7.1.1.0
2025-11-13 15:51:42,617 [WARN] PackLoader:240 - Cannot read IP mode file for Cesanta.I-CUBE-Mongoose.7.19.0
2025-11-13 15:51:42,620 [WARN] PackLoader:240 - Cannot read IP mode file for STMicroelectronics.FP-SNS-MOTENV1.5.1.0
2025-11-13 15:51:42,625 [WARN] PackLoader:240 - Cannot read IP mode file for WES.I-CUBE-Cesium.1.4.0
2025-11-13 15:51:42,636 [WARN] PackLoader:240 - Cannot read IP mode file for Infineon.AIROC-Wi-Fi-Bluetooth-STM32.1.7.1
2025-11-13 15:51:42,650 [WARN] PackLoader:240 - Cannot read IP mode file for STMicroelectronics.X-CUBE-AZRTOS-H7.3.4.0
2025-11-13 15:51:42,656 [WARN] PackLoader:240 - Cannot read IP mode file for STMicroelectronics.X-CUBE-DISPLAY.3.0.0
2025-11-13 15:51:42,662 [WARN] PackLoader:240 - Cannot read IP mode file for STMicroelectronics.X-CUBE-NFC10.1.0.0
2025-11-13 15:51:42,665 [WARN] PackLoader:240 - Cannot read IP mode file for STMicroelectronics.X-CUBE-ST60.1.1.0
2025-11-13 15:51:42,667 [WARN] PackLoader:240 - Cannot read IP mode file for emotas.I-CUBE-CANOPEN.1.3.0
2025-11-13 15:51:42,670 [WARN] PackLoader:240 - Cannot read IP mode file for STMicroelectronics.X-CUBE-GNSS1.7.1.0
2025-11-13 15:51:42,674 [WARN] PackLoader:240 - Cannot read IP mode file for STMicroelectronics.FP-SNS-STBOX1.2.1.0
2025-11-13 15:51:42,676 [WARN] PackLoader:240 - Cannot read IP mode file for STMicroelectronics.FP-SNS-SMARTAG2.1.2.0
2025-11-13 15:51:42,678 [WARN] PackLoader:240 - Cannot read IP mode file for STMicroelectronics.FP-SNS-FLIGHT1.5.1.0
2025-11-13 15:51:42,682 [INFO] LogOutputStream:77 - [STDOUT_REDIRECT] 1 : Invalid condition id : UX_CORESTACK_Condition cause : null
2025-11-13 15:51:42,682 [INFO] LogOutputStream:77 - [STDOUT_REDIRECT] 1 : Invalid condition id : UX_CORESTACK_Condition cause : null
2025-11-13 15:51:42,682 [INFO] LogOutputStream:77 - [STDOUT_REDIRECT] 1 : Invalid condition id : UX_CORESTACK_Condition cause : null
2025-11-13 15:51:42,683 [INFO] LogOutputStream:77 - [STDOUT_REDIRECT] 1 : Invalid condition id : UX_CORESTACK_Condition cause : null
2025-11-13 15:51:42,683 [INFO] LogOutputStream:77 - [STDOUT_REDIRECT] 1 : Invalid condition id : UX_CORESTACK_Condition cause : null
2025-11-13 15:51:42,684 [WARN] PackLoader:240 - Cannot read IP mode file for STMicroelectronics.X-CUBE-AZRTOS-WL.2.0.0
2025-11-13 15:51:42,687 [WARN] PackLoader:240 - Cannot read IP mode file for STMicroelectronics.X-CUBE-BLE2.3.3.0
2025-11-13 15:51:42,696 [WARN] PackLoader:240 - Cannot read IP mode file for STMicroelectronics.X-CUBE-NFC9.1.0.0
2025-11-13 15:51:42,698 [WARN] PackLoader:240 - Cannot read IP mode file for wolfSSL.I-CUBE-wolfSSL.5.8.2
2025-11-13 15:51:42,700 [WARN] PackLoader:240 - Cannot read IP mode file for STMicroelectronics.X-CUBE-BLE1.7.1.0
2025-11-13 15:51:42,702 [WARN] PackLoader:240 - Cannot read IP mode file for wolfSSL.I-CUBE-wolfMQTT.1.19.2
2025-11-13 15:51:42,709 [WARN] PackLoader:240 - Cannot read IP mode file for STMicroelectronics.X-CUBE-EEPRMA1.5.2.0
2025-11-13 15:51:42,713 [WARN] PackLoader:240 - Cannot read IP mode file for STMicroelectronics.X-CUBE-ST67W61.1.1.0
2025-11-13 15:51:42,720 [WARN] PackLoader:240 - Cannot read IP mode file for STMicroelectronics.X-CUBE-AZRTOS-G0.1.1.0
2025-11-13 15:51:42,723 [WARN] PackLoader:240 - Cannot read IP mode file for STMicroelectronics.X-CUBE-NFC4.3.0.0
2025-11-13 15:51:42,728 [WARN] PackLoader:240 - Cannot read IP mode file for EmbeddedOffice.I-CUBE-FS-RTOS.1.0.1
2025-11-13 15:51:42,730 [WARN] PackLoader:240 - Cannot read IP mode file for STMicroelectronics.X-CUBE-WB05N.2.0.0
2025-11-13 15:51:42,732 [WARN] PackLoader:240 - Cannot read IP mode file for wolfSSL.I-CUBE-wolfTPM.3.8.0
2025-11-13 15:51:42,734 [WARN] PackLoader:240 - Cannot read IP mode file for STMicroelectronics.X-CUBE-TCPP.4.2.0
2025-11-13 15:51:42,737 [WARN] PackLoader:240 - Cannot read IP mode file for RealThread.X-CUBE-RT-Thread_Nano.4.1.1
2025-11-13 15:51:42,739 [WARN] PackLoader:240 - Cannot read IP mode file for STMicroelectronics.FP-ATR-SIGFOX1.3.2.0
2025-11-13 15:51:42,742 [WARN] PackLoader:240 - Cannot read IP mode file for ITTIA_DB.I-CUBE-ITTIADB.8.9.0
2025-11-13 15:51:42,744 [WARN] PackLoader:240 - Cannot read IP mode file for STMicroelectronics.X-CUBE-AI.10.2.0
2025-11-13 15:51:42,757 [WARN] PackLoader:240 - Cannot read IP mode file for SEGGER.I-CUBE-embOS.1.3.1
2025-11-13 15:51:42,784 [WARN] PackLoader:240 - Cannot read IP mode file for STMicroelectronics.X-CUBE-ALGOBUILD.1.4.0
2025-11-13 15:51:42,839 [WARN] PackLoader:240 - Cannot read IP mode file for STMicroelectronics.X-CUBE-MEMS1.11.3.0
2025-11-13 15:51:42,915 [WARN] PackLoader:240 - Cannot read IP mode file for STMicroelectronics.X-CUBE-PM33A1.1.0.0
2025-11-13 15:51:42,922 [WARN] PackLoader:240 - Cannot read IP mode file for STMicroelectronics.X-CUBE-AZRTOS-F4.1.1.0
2025-11-13 15:51:42,924 [WARN] PackLoader:240 - Cannot read IP mode file for STMicroelectronics.X-CUBE-ISPU.2.1.0
2025-11-13 15:51:42,929 [WARN] PackLoader:240 - Cannot read IP mode file for STMicroelectronics.X-CUBE-IPS.3.2.0
2025-11-13 15:51:42,935 [WARN] PackLoader:240 - Cannot read IP mode file for STMicroelectronics.X-CUBE-NFC12.1.0.0
2025-11-13 15:51:42,942 [WARN] PackLoader:240 - Cannot read IP mode file for STMicroelectronics.X-CUBE-AZRTOS-L5.2.0.0
2025-11-13 15:51:42,946 [WARN] PackLoader:240 - Cannot read IP mode file for STMicroelectronics.X-CUBE-NFC6.3.1.0
2025-11-13 15:51:42,949 [WARN] PackLoader:240 - Cannot read IP mode file for STMicroelectronics.X-CUBE-FREERTOS.1.3.1
2025-11-13 15:51:42,954 [WARN] PackLoader:240 - Cannot read IP mode file for STMicroelectronics.X-CUBE-TOUCHGFX.4.26.0
2025-11-13 15:51:42,955 [WARN] PackLoader:240 - Cannot read IP mode file for STMicroelectronics.FP-SNS-STAIOTCFT.1.0.0
2025-11-13 15:51:42,957 [WARN] PackLoader:240 - Cannot read IP mode file for STMicroelectronics.X-CUBE-DPower.1.3.0
2025-11-13 15:51:42,964 [WARN] ConditionMgr:438 - getConditionDescription Invalid condition id : LAN8742 Phy interface Condition cause : null
2025-11-13 15:51:42,965 [WARN] PackLoader:240 - Cannot read IP mode file for STMicroelectronics.X-CUBE-AZRTOS-L4.2.0.0
2025-11-13 15:51:42,965 [WARN] ConditionMgr:1044 - genDependencies : Invalid condition id : LAN8742 Phy interface Condition cause : null
2025-11-13 15:51:42,966 [WARN] ConditionMgr:1044 - genDependencies : Invalid condition id : LAN8742 Phy interface Condition cause : null
2025-11-13 15:51:42,966 [WARN] ConditionMgr:1044 - genDependencies : Invalid condition id : LAN8742 Phy interface Condition cause : null
2025-11-13 15:51:42,969 [WARN] PackLoader:240 - Cannot read IP mode file for STMicroelectronics.X-CUBE-SFXS2LP1.4.0.0
2025-11-13 15:51:42,974 [WARN] PackLoader:240 - Cannot read IP mode file for STMicroelectronics.X-CUBE-BLEMGR.4.1.0
2025-11-13 15:51:42,980 [WARN] ConditionMgr:438 - getConditionDescription Invalid condition id : UX DEVICE CLASS RTOS Condition cause : null
2025-11-13 15:51:42,980 [WARN] ConditionMgr:438 - getConditionDescription Invalid condition id : UX DEVICE CLASS RTOS Condition cause : null
2025-11-13 15:51:42,981 [WARN] PackLoader:240 - Cannot read IP mode file for STMicroelectronics.X-CUBE-AZRTOS-WB.2.0.0
2025-11-13 15:51:42,981 [WARN] ConditionMgr:1044 - genDependencies : Invalid condition id : UX DEVICE CLASS RTOS Condition cause : null
2025-11-13 15:51:42,981 [WARN] ConditionMgr:1044 - genDependencies : Invalid condition id : UX DEVICE CLASS RTOS Condition cause : null
2025-11-13 15:51:42,981 [WARN] ConditionMgr:1044 - genDependencies : Invalid condition id : UX DEVICE CLASS RTOS Condition cause : null
2025-11-13 15:51:42,981 [WARN] ConditionMgr:1044 - genDependencies : Invalid condition id : UX DEVICE CLASS RTOS Condition cause : null
2025-11-13 15:51:42,981 [WARN] ConditionMgr:1044 - genDependencies : Invalid condition id : UX DEVICE CLASS RTOS Condition cause : null
2025-11-13 15:51:42,983 [WARN] ConditionMgr:438 - getConditionDescription Invalid condition id : Cortex-A Device cause : null
2025-11-13 15:51:42,986 [WARN] ConditionMgr:1044 - genDependencies : Invalid condition id : Cortex-A Device cause : null
2025-11-13 15:51:42,986 [WARN] ConditionMgr:1044 - genDependencies : Invalid condition id : Cortex-A Device cause : null
2025-11-13 15:51:42,986 [WARN] ConditionMgr:1044 - genDependencies : Invalid condition id : Cortex-A Device cause : null
2025-11-13 15:51:42,990 [WARN] PackLoader:240 - Cannot read IP mode file for STMicroelectronics.X-CUBE-SUBG2.5.0.0
2025-11-13 15:51:42,999 [WARN] PackLoader:240 - Cannot read IP mode file for STMicroelectronics.X-CUBE-AZRTOS-H7RS.1.1.0
2025-11-13 15:51:43,005 [WARN] PackLoader:240 - Cannot read IP mode file for STMicroelectronics.X-CUBE-AZRTOS-G4.2.0.0
2025-11-13 15:51:43,008 [WARN] PackLoader:240 - Cannot read IP mode file for wolfSSL.I-CUBE-wolfSSH.1.4.20
2025-11-13 15:51:43,009 [WARN] PackLoader:240 - Cannot read IP mode file for STMicroelectronics.X-CUBE-NFC7.2.0.0
2025-11-13 15:51:43,011 [WARN] PackLoader:240 - Cannot read IP mode file for STMicroelectronics.X-CUBE-ALS.1.0.2
2025-11-13 15:51:43,013 [WARN] PackLoader:240 - Cannot read IP mode file for STMicroelectronics.X-CUBE-STSE01.1.0.0
2025-11-13 15:51:43,017 [WARN] PackLoader:240 - Cannot read IP mode file for STMicroelectronics.X-CUBE-TOF1.3.4.3
2025-11-13 15:51:43,022 [INFO] ThirdParty:978 - Integrity check success = true
2025-11-13 15:51:43,023 [INFO] IntegrityCheckThread:100 - exiting critical section [integrity check]
2025-11-13 15:51:43,023 [INFO] IntegrityCheckThread:103 - End integrity checks thread
