[0.806s] Invoking command in '/home/javier/Rover_Lab/rover_fisico/ROS2_ROVER/src/ctrl_vel_motores': DEBUGINFOD_URLS=https://debuginfod.ubuntu.com PYTHONPATH=/home/javier/Rover_Lab/rover_fisico/ROS2_ROVER/build/ctrl_vel_motores/prefix_override:/usr/lib/python3/dist-packages/colcon_core/task/python/colcon_distutils_commands:/home/javier/Rover_Lab/rover_fisico/ROS2_ROVER/install/ctrl_vel_motores/lib/python3.12/site-packages:${PYTHONPATH} /usr/bin/python3 -W ignore:setup.py install is deprecated -W ignore:easy_install command is deprecated setup.py egg_info --egg-base ../../build/ctrl_vel_motores build --build-base /home/javier/Rover_Lab/rover_fisico/ROS2_ROVER/build/ctrl_vel_motores/build install --record /home/javier/Rover_Lab/rover_fisico/ROS2_ROVER/build/ctrl_vel_motores/install.log --single-version-externally-managed install_data
[1.070s] running egg_info
[1.086s] writing ../../build/ctrl_vel_motores/ctrl_vel_motores.egg-info/PKG-INFO
[1.086s] writing dependency_links to ../../build/ctrl_vel_motores/ctrl_vel_motores.egg-info/dependency_links.txt
[1.087s] writing entry points to ../../build/ctrl_vel_motores/ctrl_vel_motores.egg-info/entry_points.txt
[1.087s] writing requirements to ../../build/ctrl_vel_motores/ctrl_vel_motores.egg-info/requires.txt
[1.087s] writing top-level names to ../../build/ctrl_vel_motores/ctrl_vel_motores.egg-info/top_level.txt
[1.122s] reading manifest file '../../build/ctrl_vel_motores/ctrl_vel_motores.egg-info/SOURCES.txt'
[1.122s] adding license file 'LICENSE'
[1.123s] writing manifest file '../../build/ctrl_vel_motores/ctrl_vel_motores.egg-info/SOURCES.txt'
[1.123s] running build
[1.123s] running build_py
[1.123s] copying ctrl_vel_motores/comando_teclado.py -> /home/javier/Rover_Lab/rover_fisico/ROS2_ROVER/build/ctrl_vel_motores/build/lib/ctrl_vel_motores
[1.123s] running install
[1.131s] running install_lib
[1.149s] copying /home/javier/Rover_Lab/rover_fisico/ROS2_ROVER/build/ctrl_vel_motores/build/lib/ctrl_vel_motores/comando_teclado.py -> /home/javier/Rover_Lab/rover_fisico/ROS2_ROVER/install/ctrl_vel_motores/lib/python3.12/site-packages/ctrl_vel_motores
[1.150s] byte-compiling /home/javier/Rover_Lab/rover_fisico/ROS2_ROVER/install/ctrl_vel_motores/lib/python3.12/site-packages/ctrl_vel_motores/comando_teclado.py to comando_teclado.cpython-312.pyc
[1.150s] running install_data
[1.151s] running install_egg_info
[1.169s] removing '/home/javier/Rover_Lab/rover_fisico/ROS2_ROVER/install/ctrl_vel_motores/lib/python3.12/site-packages/ctrl_vel_motores-0.0.0-py3.12.egg-info' (and everything under it)
[1.169s] Copying ../../build/ctrl_vel_motores/ctrl_vel_motores.egg-info to /home/javier/Rover_Lab/rover_fisico/ROS2_ROVER/install/ctrl_vel_motores/lib/python3.12/site-packages/ctrl_vel_motores-0.0.0-py3.12.egg-info
[1.170s] running install_scripts
[1.288s] Installing comando_teclado script to /home/javier/Rover_Lab/rover_fisico/ROS2_ROVER/install/ctrl_vel_motores/lib/ctrl_vel_motores
[1.288s] Installing velocidad_direccion script to /home/javier/Rover_Lab/rover_fisico/ROS2_ROVER/install/ctrl_vel_motores/lib/ctrl_vel_motores
[1.288s] Installing velocidad_motores script to /home/javier/Rover_Lab/rover_fisico/ROS2_ROVER/install/ctrl_vel_motores/lib/ctrl_vel_motores
[1.288s] Installing velocidad_teclado script to /home/javier/Rover_Lab/rover_fisico/ROS2_ROVER/install/ctrl_vel_motores/lib/ctrl_vel_motores
[1.288s] writing list of installed files to '/home/javier/Rover_Lab/rover_fisico/ROS2_ROVER/build/ctrl_vel_motores/install.log'
[1.318s] Invoked command in '/home/javier/Rover_Lab/rover_fisico/ROS2_ROVER/src/ctrl_vel_motores' returned '0': DEBUGINFOD_URLS=https://debuginfod.ubuntu.com PYTHONPATH=/home/javier/Rover_Lab/rover_fisico/ROS2_ROVER/build/ctrl_vel_motores/prefix_override:/usr/lib/python3/dist-packages/colcon_core/task/python/colcon_distutils_commands:/home/javier/Rover_Lab/rover_fisico/ROS2_ROVER/install/ctrl_vel_motores/lib/python3.12/site-packages:${PYTHONPATH} /usr/bin/python3 -W ignore:setup.py install is deprecated -W ignore:easy_install command is deprecated setup.py egg_info --egg-base ../../build/ctrl_vel_motores build --build-base /home/javier/Rover_Lab/rover_fisico/ROS2_ROVER/build/ctrl_vel_motores/build install --record /home/javier/Rover_Lab/rover_fisico/ROS2_ROVER/build/ctrl_vel_motores/install.log --single-version-externally-managed install_data
