[0.593s] Invoking command in '/home/danielgrioja/Proyectos/Rover_Lab/build/rover': CONDA_PROMPT_MODIFIER=(base) PYTHONPATH=/home/danielgrioja/Proyectos/Rover_Lab/build/rover/prefix_override:/usr/lib/python3/dist-packages/colcon_core/task/python/colcon_distutils_commands:/home/danielgrioja/Proyectos/Rover_Lab/install/rover/lib/python3.10/site-packages:${PYTHONPATH} /usr/bin/python3 -W ignore:setup.py install is deprecated -W ignore:easy_install command is deprecated setup.py develop --editable --build-directory /home/danielgrioja/Proyectos/Rover_Lab/build/rover/build --no-deps symlink_data
[0.754s] running develop
[0.847s] running egg_info
[0.848s] creating rover.egg-info
[0.848s] writing rover.egg-info/PKG-INFO
[0.848s] writing dependency_links to rover.egg-info/dependency_links.txt
[0.848s] writing entry points to rover.egg-info/entry_points.txt
[0.849s] writing requirements to rover.egg-info/requires.txt
[0.849s] writing top-level names to rover.egg-info/top_level.txt
[0.849s] writing manifest file 'rover.egg-info/SOURCES.txt'
[0.849s] reading manifest file 'rover.egg-info/SOURCES.txt'
[0.849s] writing manifest file 'rover.egg-info/SOURCES.txt'
[0.850s] running build_ext
[0.851s] Creating /home/danielgrioja/Proyectos/Rover_Lab/install/rover/lib/python3.10/site-packages/rover.egg-link (link to .)
[0.851s] Installing my_rover_driver script to /home/danielgrioja/Proyectos/Rover_Lab/install/rover/lib/rover
[0.851s] 
[0.851s] Installed /home/danielgrioja/Proyectos/Rover_Lab/build/rover
[0.851s] running symlink_data
[0.851s] creating /home/danielgrioja/Proyectos/Rover_Lab/install/rover/share/ament_index
[0.851s] creating /home/danielgrioja/Proyectos/Rover_Lab/install/rover/share/ament_index/resource_index
[0.851s] creating /home/danielgrioja/Proyectos/Rover_Lab/install/rover/share/ament_index/resource_index/packages
[0.851s] symbolically linking /home/danielgrioja/Proyectos/Rover_Lab/build/rover/resource/rover -> /home/danielgrioja/Proyectos/Rover_Lab/install/rover/share/ament_index/resource_index/packages
[0.852s] creating /home/danielgrioja/Proyectos/Rover_Lab/install/rover/share/rover/launch
[0.852s] symbolically linking /home/danielgrioja/Proyectos/Rover_Lab/build/rover/launch/rover_launch.py -> /home/danielgrioja/Proyectos/Rover_Lab/install/rover/share/rover/launch
[0.852s] creating /home/danielgrioja/Proyectos/Rover_Lab/install/rover/share/rover/worlds
[0.852s] symbolically linking /home/danielgrioja/Proyectos/Rover_Lab/build/rover/worlds/4_wheeled_robot.wbt -> /home/danielgrioja/Proyectos/Rover_Lab/install/rover/share/rover/worlds
[0.852s] creating /home/danielgrioja/Proyectos/Rover_Lab/install/rover/share/rover/resource
[0.852s] symbolically linking /home/danielgrioja/Proyectos/Rover_Lab/build/rover/resource/my_rover.urdf -> /home/danielgrioja/Proyectos/Rover_Lab/install/rover/share/rover/resource
[0.852s] symbolically linking /home/danielgrioja/Proyectos/Rover_Lab/build/rover/package.xml -> /home/danielgrioja/Proyectos/Rover_Lab/install/rover/share/rover
[0.871s] Invoked command in '/home/danielgrioja/Proyectos/Rover_Lab/build/rover' returned '0': CONDA_PROMPT_MODIFIER=(base) PYTHONPATH=/home/danielgrioja/Proyectos/Rover_Lab/build/rover/prefix_override:/usr/lib/python3/dist-packages/colcon_core/task/python/colcon_distutils_commands:/home/danielgrioja/Proyectos/Rover_Lab/install/rover/lib/python3.10/site-packages:${PYTHONPATH} /usr/bin/python3 -W ignore:setup.py install is deprecated -W ignore:easy_install command is deprecated setup.py develop --editable --build-directory /home/danielgrioja/Proyectos/Rover_Lab/build/rover/build --no-deps symlink_data
