[0.786s] Invoking command in '/home/danielgrioja/LAB/Rover_Lab/build/rover': PYTHONPATH=/home/danielgrioja/LAB/Rover_Lab/build/rover/prefix_override:/usr/lib/python3/dist-packages/colcon_core/task/python/colcon_distutils_commands:/home/danielgrioja/LAB/Rover_Lab/install/rover/lib/python3.10/site-packages:${PYTHONPATH} /usr/bin/python3 -W ignore:setup.py install is deprecated -W ignore:easy_install command is deprecated setup.py develop --editable --build-directory /home/danielgrioja/LAB/Rover_Lab/build/rover/build --no-deps symlink_data
[1.062s] running develop
[1.253s] running egg_info
[1.254s] creating rover.egg-info
[1.254s] writing rover.egg-info/PKG-INFO
[1.254s] writing dependency_links to rover.egg-info/dependency_links.txt
[1.254s] writing entry points to rover.egg-info/entry_points.txt
[1.254s] writing requirements to rover.egg-info/requires.txt
[1.254s] writing top-level names to rover.egg-info/top_level.txt
[1.254s] writing manifest file 'rover.egg-info/SOURCES.txt'
[1.256s] reading manifest file 'rover.egg-info/SOURCES.txt'
[1.257s] writing manifest file 'rover.egg-info/SOURCES.txt'
[1.259s] running build_ext
[1.260s] Creating /home/danielgrioja/LAB/Rover_Lab/install/rover/lib/python3.10/site-packages/rover.egg-link (link to .)
[1.261s] Installing my_rover_driver script to /home/danielgrioja/LAB/Rover_Lab/install/rover/lib/rover
[1.262s] 
[1.263s] Installed /home/danielgrioja/LAB/Rover_Lab/build/rover
[1.263s] running symlink_data
[1.263s] creating /home/danielgrioja/LAB/Rover_Lab/install/rover/share/ament_index
[1.267s] creating /home/danielgrioja/LAB/Rover_Lab/install/rover/share/ament_index/resource_index
[1.267s] creating /home/danielgrioja/LAB/Rover_Lab/install/rover/share/ament_index/resource_index/packages
[1.267s] symbolically linking /home/danielgrioja/LAB/Rover_Lab/build/rover/resource/rover -> /home/danielgrioja/LAB/Rover_Lab/install/rover/share/ament_index/resource_index/packages
[1.267s] creating /home/danielgrioja/LAB/Rover_Lab/install/rover/share/rover/launch
[1.267s] symbolically linking /home/danielgrioja/LAB/Rover_Lab/build/rover/launch/rover_launch.py -> /home/danielgrioja/LAB/Rover_Lab/install/rover/share/rover/launch
[1.268s] creating /home/danielgrioja/LAB/Rover_Lab/install/rover/share/rover/worlds
[1.268s] symbolically linking /home/danielgrioja/LAB/Rover_Lab/build/rover/worlds/4_wheeled_robot.wbt -> /home/danielgrioja/LAB/Rover_Lab/install/rover/share/rover/worlds
[1.268s] creating /home/danielgrioja/LAB/Rover_Lab/install/rover/share/rover/resource
[1.268s] symbolically linking /home/danielgrioja/LAB/Rover_Lab/build/rover/resource/my_rover.urdf -> /home/danielgrioja/LAB/Rover_Lab/install/rover/share/rover/resource
[1.268s] symbolically linking /home/danielgrioja/LAB/Rover_Lab/build/rover/package.xml -> /home/danielgrioja/LAB/Rover_Lab/install/rover/share/rover
[1.301s] Invoked command in '/home/danielgrioja/LAB/Rover_Lab/build/rover' returned '0': PYTHONPATH=/home/danielgrioja/LAB/Rover_Lab/build/rover/prefix_override:/usr/lib/python3/dist-packages/colcon_core/task/python/colcon_distutils_commands:/home/danielgrioja/LAB/Rover_Lab/install/rover/lib/python3.10/site-packages:${PYTHONPATH} /usr/bin/python3 -W ignore:setup.py install is deprecated -W ignore:easy_install command is deprecated setup.py develop --editable --build-directory /home/danielgrioja/LAB/Rover_Lab/build/rover/build --no-deps symlink_data
