[0.497s] Invoking command in '/home/danielgrioja/Proyectos/Rover_Lab/build/rover_ros2': CONDA_PROMPT_MODIFIER=(base) PYTHONPATH=/home/danielgrioja/Proyectos/Rover_Lab/build/rover_ros2/prefix_override:/usr/lib/python3/dist-packages/colcon_core/task/python/colcon_distutils_commands:/home/danielgrioja/Proyectos/Rover_Lab/install/rover_ros2/lib/python3.10/site-packages:${PYTHONPATH} /usr/bin/python3 -W ignore:setup.py install is deprecated -W ignore:easy_install command is deprecated setup.py develop --editable --build-directory /home/danielgrioja/Proyectos/Rover_Lab/build/rover_ros2/build --no-deps symlink_data
[0.644s] running develop
[0.735s] running egg_info
[0.735s] creating rover_ros2.egg-info
[0.735s] writing rover_ros2.egg-info/PKG-INFO
[0.735s] writing dependency_links to rover_ros2.egg-info/dependency_links.txt
[0.736s] writing entry points to rover_ros2.egg-info/entry_points.txt
[0.736s] writing requirements to rover_ros2.egg-info/requires.txt
[0.736s] writing top-level names to rover_ros2.egg-info/top_level.txt
[0.736s] writing manifest file 'rover_ros2.egg-info/SOURCES.txt'
[0.736s] reading manifest file 'rover_ros2.egg-info/SOURCES.txt'
[0.737s] writing manifest file 'rover_ros2.egg-info/SOURCES.txt'
[0.738s] running build_ext
[0.738s] Creating /home/danielgrioja/Proyectos/Rover_Lab/install/rover_ros2/lib/python3.10/site-packages/rover-ros2.egg-link (link to .)
[0.738s] Installing arm_controller script to /home/danielgrioja/Proyectos/Rover_Lab/install/rover_ros2/lib/Rover_Ros
[0.738s] Installing rover_controller script to /home/danielgrioja/Proyectos/Rover_Lab/install/rover_ros2/lib/Rover_Ros
[0.738s] 
[0.739s] Installed /home/danielgrioja/Proyectos/Rover_Lab/build/rover_ros2
[0.739s] running symlink_data
[0.739s] creating /home/danielgrioja/Proyectos/Rover_Lab/install/rover_ros2/share/rover_ros2/launch
[0.739s] symbolically linking /home/danielgrioja/Proyectos/Rover_Lab/build/rover_ros2/launch/rover_launch.py -> /home/danielgrioja/Proyectos/Rover_Lab/install/rover_ros2/share/rover_ros2/launch
[0.739s] creating /home/danielgrioja/Proyectos/Rover_Lab/install/rover_ros2/share/rover_ros2/worlds
[0.739s] symbolically linking /home/danielgrioja/Proyectos/Rover_Lab/build/rover_ros2/worlds/Rover_Ros.wbt -> /home/danielgrioja/Proyectos/Rover_Lab/install/rover_ros2/share/rover_ros2/worlds
[0.739s] creating /home/danielgrioja/Proyectos/Rover_Lab/install/rover_ros2/share/rover_ros2/resource
[0.739s] symbolically linking /home/danielgrioja/Proyectos/Rover_Lab/build/rover_ros2/resource/rover_ros2 -> /home/danielgrioja/Proyectos/Rover_Lab/install/rover_ros2/share/rover_ros2/resource
[0.739s] symbolically linking /home/danielgrioja/Proyectos/Rover_Lab/build/rover_ros2/package.xml -> /home/danielgrioja/Proyectos/Rover_Lab/install/rover_ros2/share/rover_ros2
[0.755s] Invoked command in '/home/danielgrioja/Proyectos/Rover_Lab/build/rover_ros2' returned '0': CONDA_PROMPT_MODIFIER=(base) PYTHONPATH=/home/danielgrioja/Proyectos/Rover_Lab/build/rover_ros2/prefix_override:/usr/lib/python3/dist-packages/colcon_core/task/python/colcon_distutils_commands:/home/danielgrioja/Proyectos/Rover_Lab/install/rover_ros2/lib/python3.10/site-packages:${PYTHONPATH} /usr/bin/python3 -W ignore:setup.py install is deprecated -W ignore:easy_install command is deprecated setup.py develop --editable --build-directory /home/danielgrioja/Proyectos/Rover_Lab/build/rover_ros2/build --no-deps symlink_data
