[0.902s] Invoking command in '/home/javier/Rover_Lab/rover_fisico/ROS2_ROVER/src/ctrl_vel_motores': DEBUGINFOD_URLS=https://debuginfod.ubuntu.com PYTHONPATH=/home/javier/Rover_Lab/rover_fisico/ROS2_ROVER/build/ctrl_vel_motores/prefix_override:/usr/lib/python3/dist-packages/colcon_core/task/python/colcon_distutils_commands:/home/javier/Rover_Lab/rover_fisico/ROS2_ROVER/install/ctrl_vel_motores/lib/python3.12/site-packages:${PYTHONPATH} /usr/bin/python3 -W ignore:setup.py install is deprecated -W ignore:easy_install command is deprecated setup.py egg_info --egg-base ../../build/ctrl_vel_motores build --build-base /home/javier/Rover_Lab/rover_fisico/ROS2_ROVER/build/ctrl_vel_motores/build install --record /home/javier/Rover_Lab/rover_fisico/ROS2_ROVER/build/ctrl_vel_motores/install.log --single-version-externally-managed install_data
[1.167s] running egg_info
[1.183s] writing ../../build/ctrl_vel_motores/ctrl_vel_motores.egg-info/PKG-INFO
[1.192s] writing dependency_links to ../../build/ctrl_vel_motores/ctrl_vel_motores.egg-info/dependency_links.txt
[1.192s] writing entry points to ../../build/ctrl_vel_motores/ctrl_vel_motores.egg-info/entry_points.txt
[1.192s] writing requirements to ../../build/ctrl_vel_motores/ctrl_vel_motores.egg-info/requires.txt
[1.192s] writing top-level names to ../../build/ctrl_vel_motores/ctrl_vel_motores.egg-info/top_level.txt
[1.229s] reading manifest file '../../build/ctrl_vel_motores/ctrl_vel_motores.egg-info/SOURCES.txt'
[1.229s] adding license file 'LICENSE'
[1.230s] writing manifest file '../../build/ctrl_vel_motores/ctrl_vel_motores.egg-info/SOURCES.txt'
[1.230s] running build
[1.230s] running build_py
[1.231s] copying ctrl_vel_motores/velocidad_direccion.py -> /home/javier/Rover_Lab/rover_fisico/ROS2_ROVER/build/ctrl_vel_motores/build/lib/ctrl_vel_motores
[1.231s] copying ctrl_vel_motores/comando_teclado.py -> /home/javier/Rover_Lab/rover_fisico/ROS2_ROVER/build/ctrl_vel_motores/build/lib/ctrl_vel_motores
[1.231s] running install
[1.238s] running install_lib
[1.256s] copying /home/javier/Rover_Lab/rover_fisico/ROS2_ROVER/build/ctrl_vel_motores/build/lib/ctrl_vel_motores/velocidad_direccion.py -> /home/javier/Rover_Lab/rover_fisico/ROS2_ROVER/install/ctrl_vel_motores/lib/python3.12/site-packages/ctrl_vel_motores
[1.256s] copying /home/javier/Rover_Lab/rover_fisico/ROS2_ROVER/build/ctrl_vel_motores/build/lib/ctrl_vel_motores/comando_teclado.py -> /home/javier/Rover_Lab/rover_fisico/ROS2_ROVER/install/ctrl_vel_motores/lib/python3.12/site-packages/ctrl_vel_motores
[1.257s] byte-compiling /home/javier/Rover_Lab/rover_fisico/ROS2_ROVER/install/ctrl_vel_motores/lib/python3.12/site-packages/ctrl_vel_motores/velocidad_direccion.py to velocidad_direccion.cpython-312.pyc
[1.258s] byte-compiling /home/javier/Rover_Lab/rover_fisico/ROS2_ROVER/install/ctrl_vel_motores/lib/python3.12/site-packages/ctrl_vel_motores/comando_teclado.py to comando_teclado.cpython-312.pyc
[1.259s] running install_data
[1.259s] copying package.xml -> /home/javier/Rover_Lab/rover_fisico/ROS2_ROVER/install/ctrl_vel_motores/share/ctrl_vel_motores
[1.259s] running install_egg_info
[1.278s] removing '/home/javier/Rover_Lab/rover_fisico/ROS2_ROVER/install/ctrl_vel_motores/lib/python3.12/site-packages/ctrl_vel_motores-0.0.0-py3.12.egg-info' (and everything under it)
[1.278s] Copying ../../build/ctrl_vel_motores/ctrl_vel_motores.egg-info to /home/javier/Rover_Lab/rover_fisico/ROS2_ROVER/install/ctrl_vel_motores/lib/python3.12/site-packages/ctrl_vel_motores-0.0.0-py3.12.egg-info
[1.279s] running install_scripts
[1.401s] Installing comando_teclado script to /home/javier/Rover_Lab/rover_fisico/ROS2_ROVER/install/ctrl_vel_motores/lib/ctrl_vel_motores
[1.408s] Installing velocidad_direccion script to /home/javier/Rover_Lab/rover_fisico/ROS2_ROVER/install/ctrl_vel_motores/lib/ctrl_vel_motores
[1.408s] Installing velocidad_motores script to /home/javier/Rover_Lab/rover_fisico/ROS2_ROVER/install/ctrl_vel_motores/lib/ctrl_vel_motores
[1.408s] Installing velocidad_teclado script to /home/javier/Rover_Lab/rover_fisico/ROS2_ROVER/install/ctrl_vel_motores/lib/ctrl_vel_motores
[1.409s] writing list of installed files to '/home/javier/Rover_Lab/rover_fisico/ROS2_ROVER/build/ctrl_vel_motores/install.log'
[1.439s] Invoked command in '/home/javier/Rover_Lab/rover_fisico/ROS2_ROVER/src/ctrl_vel_motores' returned '0': DEBUGINFOD_URLS=https://debuginfod.ubuntu.com PYTHONPATH=/home/javier/Rover_Lab/rover_fisico/ROS2_ROVER/build/ctrl_vel_motores/prefix_override:/usr/lib/python3/dist-packages/colcon_core/task/python/colcon_distutils_commands:/home/javier/Rover_Lab/rover_fisico/ROS2_ROVER/install/ctrl_vel_motores/lib/python3.12/site-packages:${PYTHONPATH} /usr/bin/python3 -W ignore:setup.py install is deprecated -W ignore:easy_install command is deprecated setup.py egg_info --egg-base ../../build/ctrl_vel_motores build --build-base /home/javier/Rover_Lab/rover_fisico/ROS2_ROVER/build/ctrl_vel_motores/build install --record /home/javier/Rover_Lab/rover_fisico/ROS2_ROVER/build/ctrl_vel_motores/install.log --single-version-externally-managed install_data
