[0.847s] Invoking command in '/home/danielgrioja/LAB/Rover_Lab/build/rover_ros2': PYTHONPATH=/home/danielgrioja/LAB/Rover_Lab/build/rover_ros2/prefix_override:/usr/lib/python3/dist-packages/colcon_core/task/python/colcon_distutils_commands:/home/danielgrioja/LAB/Rover_Lab/install/rover_ros2/lib/python3.10/site-packages:${PYTHONPATH} /usr/bin/python3 -W ignore:setup.py install is deprecated -W ignore:easy_install command is deprecated setup.py develop --editable --build-directory /home/danielgrioja/LAB/Rover_Lab/build/rover_ros2/build --no-deps symlink_data
[1.117s] running develop
[1.264s] running egg_info
[1.264s] creating rover_ros2.egg-info
[1.264s] writing rover_ros2.egg-info/PKG-INFO
[1.265s] writing dependency_links to rover_ros2.egg-info/dependency_links.txt
[1.265s] writing entry points to rover_ros2.egg-info/entry_points.txt
[1.265s] writing requirements to rover_ros2.egg-info/requires.txt
[1.265s] writing top-level names to rover_ros2.egg-info/top_level.txt
[1.266s] writing manifest file 'rover_ros2.egg-info/SOURCES.txt'
[1.268s] reading manifest file 'rover_ros2.egg-info/SOURCES.txt'
[1.269s] writing manifest file 'rover_ros2.egg-info/SOURCES.txt'
[1.271s] running build_ext
[1.272s] Creating /home/danielgrioja/LAB/Rover_Lab/install/rover_ros2/lib/python3.10/site-packages/rover-ros2.egg-link (link to .)
[1.276s] Installing arm_controller script to /home/danielgrioja/LAB/Rover_Lab/install/rover_ros2/lib/Rover_Ros
[1.276s] Installing rover_controller script to /home/danielgrioja/LAB/Rover_Lab/install/rover_ros2/lib/Rover_Ros
[1.276s] 
[1.276s] Installed /home/danielgrioja/LAB/Rover_Lab/build/rover_ros2
[1.276s] running symlink_data
[1.276s] creating /home/danielgrioja/LAB/Rover_Lab/install/rover_ros2/share/rover_ros2/launch
[1.276s] symbolically linking /home/danielgrioja/LAB/Rover_Lab/build/rover_ros2/launch/rover_launch.py -> /home/danielgrioja/LAB/Rover_Lab/install/rover_ros2/share/rover_ros2/launch
[1.276s] creating /home/danielgrioja/LAB/Rover_Lab/install/rover_ros2/share/rover_ros2/worlds
[1.276s] symbolically linking /home/danielgrioja/LAB/Rover_Lab/build/rover_ros2/worlds/Rover_Ros.wbt -> /home/danielgrioja/LAB/Rover_Lab/install/rover_ros2/share/rover_ros2/worlds
[1.277s] creating /home/danielgrioja/LAB/Rover_Lab/install/rover_ros2/share/rover_ros2/resource
[1.277s] symbolically linking /home/danielgrioja/LAB/Rover_Lab/build/rover_ros2/resource/rover_ros2 -> /home/danielgrioja/LAB/Rover_Lab/install/rover_ros2/share/rover_ros2/resource
[1.277s] symbolically linking /home/danielgrioja/LAB/Rover_Lab/build/rover_ros2/package.xml -> /home/danielgrioja/LAB/Rover_Lab/install/rover_ros2/share/rover_ros2
