/home/danielgrioja/Proyectos/Rover_Lab/ros2_ws/install/ctrl_vel_motores/lib/python3.12/site-packages/ctrl_vel_motores/__init__.py
/home/danielgrioja/Proyectos/Rover_Lab/ros2_ws/install/ctrl_vel_motores/lib/python3.12/site-packages/ctrl_vel_motores/velocidad_teclado.py
/home/danielgrioja/Proyectos/Rover_Lab/ros2_ws/install/ctrl_vel_motores/lib/python3.12/site-packages/ctrl_vel_motores/velocidad_motores.py
/home/danielgrioja/Proyectos/Rover_Lab/ros2_ws/install/ctrl_vel_motores/lib/python3.12/site-packages/ctrl_vel_motores/velocidad_direccion.py
/home/danielgrioja/Proyectos/Rover_Lab/ros2_ws/install/ctrl_vel_motores/lib/python3.12/site-packages/ctrl_vel_motores/comando_teclado.py
/home/danielgrioja/Proyectos/Rover_Lab/ros2_ws/install/ctrl_vel_motores/lib/python3.12/site-packages/ctrl_vel_motores/__pycache__/__init__.cpython-312.pyc
/home/danielgrioja/Proyectos/Rover_Lab/ros2_ws/install/ctrl_vel_motores/lib/python3.12/site-packages/ctrl_vel_motores/__pycache__/velocidad_teclado.cpython-312.pyc
/home/danielgrioja/Proyectos/Rover_Lab/ros2_ws/install/ctrl_vel_motores/lib/python3.12/site-packages/ctrl_vel_motores/__pycache__/velocidad_motores.cpython-312.pyc
/home/danielgrioja/Proyectos/Rover_Lab/ros2_ws/install/ctrl_vel_motores/lib/python3.12/site-packages/ctrl_vel_motores/__pycache__/velocidad_direccion.cpython-312.pyc
/home/danielgrioja/Proyectos/Rover_Lab/ros2_ws/install/ctrl_vel_motores/lib/python3.12/site-packages/ctrl_vel_motores/__pycache__/comando_teclado.cpython-312.pyc
/home/danielgrioja/Proyectos/Rover_Lab/ros2_ws/install/ctrl_vel_motores/share/ament_index/resource_index/packages/ctrl_vel_motores
/home/danielgrioja/Proyectos/Rover_Lab/ros2_ws/install/ctrl_vel_motores/share/ctrl_vel_motores/package.xml
/home/danielgrioja/Proyectos/Rover_Lab/ros2_ws/install/ctrl_vel_motores/lib/python3.12/site-packages/ctrl_vel_motores-0.0.0-py3.12.egg-info/entry_points.txt
/home/danielgrioja/Proyectos/Rover_Lab/ros2_ws/install/ctrl_vel_motores/lib/python3.12/site-packages/ctrl_vel_motores-0.0.0-py3.12.egg-info/dependency_links.txt
/home/danielgrioja/Proyectos/Rover_Lab/ros2_ws/install/ctrl_vel_motores/lib/python3.12/site-packages/ctrl_vel_motores-0.0.0-py3.12.egg-info/top_level.txt
/home/danielgrioja/Proyectos/Rover_Lab/ros2_ws/install/ctrl_vel_motores/lib/python3.12/site-packages/ctrl_vel_motores-0.0.0-py3.12.egg-info/PKG-INFO
/home/danielgrioja/Proyectos/Rover_Lab/ros2_ws/install/ctrl_vel_motores/lib/python3.12/site-packages/ctrl_vel_motores-0.0.0-py3.12.egg-info/requires.txt
/home/danielgrioja/Proyectos/Rover_Lab/ros2_ws/install/ctrl_vel_motores/lib/python3.12/site-packages/ctrl_vel_motores-0.0.0-py3.12.egg-info/SOURCES.txt
/home/danielgrioja/Proyectos/Rover_Lab/ros2_ws/install/ctrl_vel_motores/lib/python3.12/site-packages/ctrl_vel_motores-0.0.0-py3.12.egg-info/zip-safe
/home/danielgrioja/Proyectos/Rover_Lab/ros2_ws/install/ctrl_vel_motores/lib/ctrl_vel_motores/comando_teclado
/home/danielgrioja/Proyectos/Rover_Lab/ros2_ws/install/ctrl_vel_motores/lib/ctrl_vel_motores/velocidad_direccion
/home/danielgrioja/Proyectos/Rover_Lab/ros2_ws/install/ctrl_vel_motores/lib/ctrl_vel_motores/velocidad_motores
/home/danielgrioja/Proyectos/Rover_Lab/ros2_ws/install/ctrl_vel_motores/lib/ctrl_vel_motores/velocidad_teclado
