/home/danielgrioja/Proyectos/Rover_Lab/ros2_ws/install/rover/lib/python3.12/site-packages/rover/__init__.py
/home/danielgrioja/Proyectos/Rover_Lab/ros2_ws/install/rover/lib/python3.12/site-packages/rover/my_rover_driver.py
/home/danielgrioja/Proyectos/Rover_Lab/ros2_ws/install/rover/lib/python3.12/site-packages/rover/camera.py
/home/danielgrioja/Proyectos/Rover_Lab/ros2_ws/install/rover/lib/python3.12/site-packages/rover/rover_ros2.py
/home/danielgrioja/Proyectos/Rover_Lab/ros2_ws/install/rover/lib/python3.12/site-packages/rover/__pycache__/__init__.cpython-312.pyc
/home/danielgrioja/Proyectos/Rover_Lab/ros2_ws/install/rover/lib/python3.12/site-packages/rover/__pycache__/my_rover_driver.cpython-312.pyc
/home/danielgrioja/Proyectos/Rover_Lab/ros2_ws/install/rover/lib/python3.12/site-packages/rover/__pycache__/camera.cpython-312.pyc
/home/danielgrioja/Proyectos/Rover_Lab/ros2_ws/install/rover/lib/python3.12/site-packages/rover/__pycache__/rover_ros2.cpython-312.pyc
/home/danielgrioja/Proyectos/Rover_Lab/ros2_ws/install/rover/share/ament_index/resource_index/packages/rover
/home/danielgrioja/Proyectos/Rover_Lab/ros2_ws/install/rover/share/rover/launch/rover_launch.py
/home/danielgrioja/Proyectos/Rover_Lab/ros2_ws/install/rover/share/rover/launch/rover_launch2.py
/home/danielgrioja/Proyectos/Rover_Lab/ros2_ws/install/rover/share/rover/worlds/4_wheeled_robot.wbt
/home/danielgrioja/Proyectos/Rover_Lab/ros2_ws/install/rover/share/rover/resource/my_rover.urdf
/home/danielgrioja/Proyectos/Rover_Lab/ros2_ws/install/rover/share/rover/package.xml
/home/danielgrioja/Proyectos/Rover_Lab/ros2_ws/install/rover/lib/python3.12/site-packages/rover-0.0.0-py3.12.egg-info/entry_points.txt
/home/danielgrioja/Proyectos/Rover_Lab/ros2_ws/install/rover/lib/python3.12/site-packages/rover-0.0.0-py3.12.egg-info/dependency_links.txt
/home/danielgrioja/Proyectos/Rover_Lab/ros2_ws/install/rover/lib/python3.12/site-packages/rover-0.0.0-py3.12.egg-info/top_level.txt
/home/danielgrioja/Proyectos/Rover_Lab/ros2_ws/install/rover/lib/python3.12/site-packages/rover-0.0.0-py3.12.egg-info/PKG-INFO
/home/danielgrioja/Proyectos/Rover_Lab/ros2_ws/install/rover/lib/python3.12/site-packages/rover-0.0.0-py3.12.egg-info/requires.txt
/home/danielgrioja/Proyectos/Rover_Lab/ros2_ws/install/rover/lib/python3.12/site-packages/rover-0.0.0-py3.12.egg-info/SOURCES.txt
/home/danielgrioja/Proyectos/Rover_Lab/ros2_ws/install/rover/lib/python3.12/site-packages/rover-0.0.0-py3.12.egg-info/zip-safe
/home/danielgrioja/Proyectos/Rover_Lab/ros2_ws/install/rover/lib/rover/camera_publisher
/home/danielgrioja/Proyectos/Rover_Lab/ros2_ws/install/rover/lib/rover/my_rover_driver
/home/danielgrioja/Proyectos/Rover_Lab/ros2_ws/install/rover/lib/rover/rover_ros2
