[0.888s] Invoking command in '/home/danielgrioja/Proyectos/Rover_Lab/ros2_ws/src/simulador/my_package': DEBUGINFOD_URLS=https://debuginfod.ubuntu.com PYTHONPATH=/home/danielgrioja/Proyectos/Rover_Lab/ros2_ws/build/my_package/prefix_override:/usr/lib/python3/dist-packages/colcon_core/task/python/colcon_distutils_commands:/home/danielgrioja/Proyectos/Rover_Lab/ros2_ws/install/my_package/lib/python3.12/site-packages:${PYTHONPATH} /usr/bin/python3 -W ignore:setup.py install is deprecated -W ignore:easy_install command is deprecated setup.py egg_info --egg-base ../../../build/my_package build --build-base /home/danielgrioja/Proyectos/Rover_Lab/ros2_ws/build/my_package/build install --record /home/danielgrioja/Proyectos/Rover_Lab/ros2_ws/build/my_package/install.log --single-version-externally-managed install_data
[1.089s] running egg_info
[1.089s] creating ../../../build/my_package/my_package.egg-info
[1.105s] writing ../../../build/my_package/my_package.egg-info/PKG-INFO
[1.105s] writing dependency_links to ../../../build/my_package/my_package.egg-info/dependency_links.txt
[1.106s] writing entry points to ../../../build/my_package/my_package.egg-info/entry_points.txt
[1.106s] writing requirements to ../../../build/my_package/my_package.egg-info/requires.txt
[1.106s] writing top-level names to ../../../build/my_package/my_package.egg-info/top_level.txt
[1.106s] writing manifest file '../../../build/my_package/my_package.egg-info/SOURCES.txt'
[1.138s] reading manifest file '../../../build/my_package/my_package.egg-info/SOURCES.txt'
[1.138s] adding license file 'LICENSE'
[1.138s] writing manifest file '../../../build/my_package/my_package.egg-info/SOURCES.txt'
[1.138s] running build
[1.138s] running build_py
[1.138s] creating /home/danielgrioja/Proyectos/Rover_Lab/ros2_ws/build/my_package/build
[1.138s] creating /home/danielgrioja/Proyectos/Rover_Lab/ros2_ws/build/my_package/build/lib
[1.138s] creating /home/danielgrioja/Proyectos/Rover_Lab/ros2_ws/build/my_package/build/lib/my_package
[1.138s] copying my_package/__init__.py -> /home/danielgrioja/Proyectos/Rover_Lab/ros2_ws/build/my_package/build/lib/my_package
[1.138s] copying my_package/my_robot_driver.py -> /home/danielgrioja/Proyectos/Rover_Lab/ros2_ws/build/my_package/build/lib/my_package
[1.139s] copying my_package/obstacle_avoider.py -> /home/danielgrioja/Proyectos/Rover_Lab/ros2_ws/build/my_package/build/lib/my_package
[1.139s] running install
[1.144s] running install_lib
[1.160s] creating /home/danielgrioja/Proyectos/Rover_Lab/ros2_ws/install/my_package/lib/python3.12/site-packages/my_package
[1.160s] copying /home/danielgrioja/Proyectos/Rover_Lab/ros2_ws/build/my_package/build/lib/my_package/__init__.py -> /home/danielgrioja/Proyectos/Rover_Lab/ros2_ws/install/my_package/lib/python3.12/site-packages/my_package
[1.160s] copying /home/danielgrioja/Proyectos/Rover_Lab/ros2_ws/build/my_package/build/lib/my_package/my_robot_driver.py -> /home/danielgrioja/Proyectos/Rover_Lab/ros2_ws/install/my_package/lib/python3.12/site-packages/my_package
[1.160s] copying /home/danielgrioja/Proyectos/Rover_Lab/ros2_ws/build/my_package/build/lib/my_package/obstacle_avoider.py -> /home/danielgrioja/Proyectos/Rover_Lab/ros2_ws/install/my_package/lib/python3.12/site-packages/my_package
[1.160s] byte-compiling /home/danielgrioja/Proyectos/Rover_Lab/ros2_ws/install/my_package/lib/python3.12/site-packages/my_package/__init__.py to __init__.cpython-312.pyc
[1.160s] byte-compiling /home/danielgrioja/Proyectos/Rover_Lab/ros2_ws/install/my_package/lib/python3.12/site-packages/my_package/my_robot_driver.py to my_robot_driver.cpython-312.pyc
[1.161s] byte-compiling /home/danielgrioja/Proyectos/Rover_Lab/ros2_ws/install/my_package/lib/python3.12/site-packages/my_package/obstacle_avoider.py to obstacle_avoider.cpython-312.pyc
[1.161s] running install_data
[1.161s] creating /home/danielgrioja/Proyectos/Rover_Lab/ros2_ws/install/my_package/share/ament_index
[1.161s] creating /home/danielgrioja/Proyectos/Rover_Lab/ros2_ws/install/my_package/share/ament_index/resource_index
[1.161s] creating /home/danielgrioja/Proyectos/Rover_Lab/ros2_ws/install/my_package/share/ament_index/resource_index/packages
[1.161s] copying resource/my_package -> /home/danielgrioja/Proyectos/Rover_Lab/ros2_ws/install/my_package/share/ament_index/resource_index/packages
[1.161s] creating /home/danielgrioja/Proyectos/Rover_Lab/ros2_ws/install/my_package/share/my_package/launch
[1.161s] copying launch/robot_launch.py -> /home/danielgrioja/Proyectos/Rover_Lab/ros2_ws/install/my_package/share/my_package/launch
[1.161s] creating /home/danielgrioja/Proyectos/Rover_Lab/ros2_ws/install/my_package/share/my_package/worlds
[1.161s] copying worlds/my_world.wbt -> /home/danielgrioja/Proyectos/Rover_Lab/ros2_ws/install/my_package/share/my_package/worlds
[1.162s] creating /home/danielgrioja/Proyectos/Rover_Lab/ros2_ws/install/my_package/share/my_package/resource
[1.162s] copying resource/my_robot.urdf -> /home/danielgrioja/Proyectos/Rover_Lab/ros2_ws/install/my_package/share/my_package/resource
[1.162s] copying package.xml -> /home/danielgrioja/Proyectos/Rover_Lab/ros2_ws/install/my_package/share/my_package
[1.162s] running install_egg_info
[1.178s] Copying ../../../build/my_package/my_package.egg-info to /home/danielgrioja/Proyectos/Rover_Lab/ros2_ws/install/my_package/lib/python3.12/site-packages/my_package-0.0.0-py3.12.egg-info
[1.179s] running install_scripts
[1.281s] Installing my_robot_driver script to /home/danielgrioja/Proyectos/Rover_Lab/ros2_ws/install/my_package/lib/my_package
[1.281s] Installing obstacle_avoider script to /home/danielgrioja/Proyectos/Rover_Lab/ros2_ws/install/my_package/lib/my_package
[1.282s] writing list of installed files to '/home/danielgrioja/Proyectos/Rover_Lab/ros2_ws/build/my_package/install.log'
[1.305s] Invoked command in '/home/danielgrioja/Proyectos/Rover_Lab/ros2_ws/src/simulador/my_package' returned '0': DEBUGINFOD_URLS=https://debuginfod.ubuntu.com PYTHONPATH=/home/danielgrioja/Proyectos/Rover_Lab/ros2_ws/build/my_package/prefix_override:/usr/lib/python3/dist-packages/colcon_core/task/python/colcon_distutils_commands:/home/danielgrioja/Proyectos/Rover_Lab/ros2_ws/install/my_package/lib/python3.12/site-packages:${PYTHONPATH} /usr/bin/python3 -W ignore:setup.py install is deprecated -W ignore:easy_install command is deprecated setup.py egg_info --egg-base ../../../build/my_package build --build-base /home/danielgrioja/Proyectos/Rover_Lab/ros2_ws/build/my_package/build install --record /home/danielgrioja/Proyectos/Rover_Lab/ros2_ws/build/my_package/install.log --single-version-externally-managed install_data
