[0.792s] Invoking command in '/home/danielgrioja/LAB/Rover_Lab/build/rover_ros2': PYTHONPATH=/home/danielgrioja/LAB/Rover_Lab/build/rover_ros2/prefix_override:/usr/lib/python3/dist-packages/colcon_core/task/python/colcon_distutils_commands:/home/danielgrioja/LAB/Rover_Lab/install/rover_ros2/lib/python3.10/site-packages:${PYTHONPATH} /usr/bin/python3 -W ignore:setup.py install is deprecated -W ignore:easy_install command is deprecated setup.py develop --editable --build-directory /home/danielgrioja/LAB/Rover_Lab/build/rover_ros2/build --no-deps symlink_data
[1.052s] running develop
[1.191s] running egg_info
[1.191s] creating rover_ros2.egg-info
[1.191s] writing rover_ros2.egg-info/PKG-INFO
[1.192s] writing dependency_links to rover_ros2.egg-info/dependency_links.txt
[1.192s] writing entry points to rover_ros2.egg-info/entry_points.txt
[1.192s] writing requirements to rover_ros2.egg-info/requires.txt
[1.193s] writing top-level names to rover_ros2.egg-info/top_level.txt
[1.193s] writing manifest file 'rover_ros2.egg-info/SOURCES.txt'
[1.194s] reading manifest file 'rover_ros2.egg-info/SOURCES.txt'
[1.196s] writing manifest file 'rover_ros2.egg-info/SOURCES.txt'
[1.196s] running build_ext
[1.197s] Creating /home/danielgrioja/LAB/Rover_Lab/install/rover_ros2/lib/python3.10/site-packages/rover-ros2.egg-link (link to .)
[1.198s] Installing arm_controller script to /home/danielgrioja/LAB/Rover_Lab/install/rover_ros2/lib/Rover_Ros
[1.198s] Installing rover_controller script to /home/danielgrioja/LAB/Rover_Lab/install/rover_ros2/lib/Rover_Ros
[1.199s] 
[1.199s] Installed /home/danielgrioja/LAB/Rover_Lab/build/rover_ros2
[1.199s] running symlink_data
[1.199s] creating /home/danielgrioja/LAB/Rover_Lab/install/rover_ros2/share/rover_ros2/launch
[1.199s] symbolically linking /home/danielgrioja/LAB/Rover_Lab/build/rover_ros2/launch/rover_launch.py -> /home/danielgrioja/LAB/Rover_Lab/install/rover_ros2/share/rover_ros2/launch
[1.200s] creating /home/danielgrioja/LAB/Rover_Lab/install/rover_ros2/share/rover_ros2/worlds
[1.200s] symbolically linking /home/danielgrioja/LAB/Rover_Lab/build/rover_ros2/worlds/Rover_Ros.wbt -> /home/danielgrioja/LAB/Rover_Lab/install/rover_ros2/share/rover_ros2/worlds
[1.200s] creating /home/danielgrioja/LAB/Rover_Lab/install/rover_ros2/share/rover_ros2/resource
[1.202s] symbolically linking /home/danielgrioja/LAB/Rover_Lab/build/rover_ros2/resource/rover_ros2 -> /home/danielgrioja/LAB/Rover_Lab/install/rover_ros2/share/rover_ros2/resource
[1.202s] symbolically linking /home/danielgrioja/LAB/Rover_Lab/build/rover_ros2/package.xml -> /home/danielgrioja/LAB/Rover_Lab/install/rover_ros2/share/rover_ros2
[1.228s] Invoked command in '/home/danielgrioja/LAB/Rover_Lab/build/rover_ros2' returned '0': PYTHONPATH=/home/danielgrioja/LAB/Rover_Lab/build/rover_ros2/prefix_override:/usr/lib/python3/dist-packages/colcon_core/task/python/colcon_distutils_commands:/home/danielgrioja/LAB/Rover_Lab/install/rover_ros2/lib/python3.10/site-packages:${PYTHONPATH} /usr/bin/python3 -W ignore:setup.py install is deprecated -W ignore:easy_install command is deprecated setup.py develop --editable --build-directory /home/danielgrioja/LAB/Rover_Lab/build/rover_ros2/build --no-deps symlink_data
