[0.177s] DEBUG:colcon:Command line arguments: ['/usr/bin/colcon', 'build', '--symlink-install']
[0.177s] DEBUG:colcon:Parsed command line arguments: Namespace(log_base=None, log_level=None, verb_name='build', build_base='build', install_base='install', merge_install=False, symlink_install=True, test_result_base=None, continue_on_error=False, executor='parallel', parallel_workers=2, event_handlers=None, ignore_user_meta=False, metas=['./colcon.meta'], base_paths=['.'], packages_ignore=None, packages_ignore_regex=None, paths=None, packages_up_to=None, packages_up_to_regex=None, packages_above=None, packages_above_and_dependencies=None, packages_above_depth=None, packages_select_by_dep=None, packages_skip_by_dep=None, packages_skip_up_to=None, packages_select_build_failed=False, packages_skip_build_finished=False, packages_select_test_failures=False, packages_skip_test_passed=False, packages_select=None, packages_skip=None, packages_select_regex=None, packages_skip_regex=None, packages_start=None, packages_end=None, allow_overriding=[], cmake_args=None, cmake_target=None, cmake_target_skip_unavailable=False, cmake_clean_cache=False, cmake_clean_first=False, cmake_force_configure=False, ament_cmake_args=None, catkin_cmake_args=None, catkin_skip_building_tests=False, verb_parser=<colcon_defaults.argument_parser.defaults.DefaultArgumentsDecorator object at 0x752bc82a35e0>, verb_extension=<colcon_core.verb.build.BuildVerb object at 0x752bc83e8ac0>, main=<bound method BuildVerb.main of <colcon_core.verb.build.BuildVerb object at 0x752bc83e8ac0>>)
[0.541s] Level 1:colcon.colcon_core.package_discovery:discover_packages(colcon_meta) check parameters
[0.541s] Level 1:colcon.colcon_core.package_discovery:discover_packages(recursive) check parameters
[0.541s] Level 1:colcon.colcon_core.package_discovery:discover_packages(ignore) check parameters
[0.541s] Level 1:colcon.colcon_core.package_discovery:discover_packages(path) check parameters
[0.541s] Level 1:colcon.colcon_core.package_discovery:discover_packages(colcon_meta) discover
[0.541s] Level 1:colcon.colcon_core.package_discovery:discover_packages(recursive) discover
[0.541s] INFO:colcon.colcon_core.package_discovery:Crawling recursively for packages in '/home/danielgrioja/LAB/Rover_Lab'
[0.541s] Level 1:colcon.colcon_core.package_identification:_identify(.) by extensions ['ignore', 'ignore_ament_install']
[0.542s] Level 1:colcon.colcon_core.package_identification:_identify(.) by extension 'ignore'
[0.542s] Level 1:colcon.colcon_core.package_identification:_identify(.) by extension 'ignore_ament_install'
[0.542s] Level 1:colcon.colcon_core.package_identification:_identify(.) by extensions ['colcon_pkg']
[0.542s] Level 1:colcon.colcon_core.package_identification:_identify(.) by extension 'colcon_pkg'
[0.542s] Level 1:colcon.colcon_core.package_identification:_identify(.) by extensions ['colcon_meta']
[0.542s] Level 1:colcon.colcon_core.package_identification:_identify(.) by extension 'colcon_meta'
[0.542s] Level 1:colcon.colcon_core.package_identification:_identify(.) by extensions ['ros']
[0.542s] Level 1:colcon.colcon_core.package_identification:_identify(.) by extension 'ros'
[0.554s] Level 1:colcon.colcon_core.package_identification:_identify(.) by extensions ['cmake', 'python']
[0.554s] Level 1:colcon.colcon_core.package_identification:_identify(.) by extension 'cmake'
[0.554s] Level 1:colcon.colcon_core.package_identification:_identify(.) by extension 'python'
[0.554s] Level 1:colcon.colcon_core.package_identification:_identify(.) by extensions ['python_setup_py']
[0.554s] Level 1:colcon.colcon_core.package_identification:_identify(.) by extension 'python_setup_py'
[0.554s] Level 1:colcon.colcon_core.package_identification:_identify(build) by extensions ['ignore', 'ignore_ament_install']
[0.554s] Level 1:colcon.colcon_core.package_identification:_identify(build) by extension 'ignore'
[0.554s] Level 1:colcon.colcon_core.package_identification:_identify(build) ignored
[0.554s] Level 1:colcon.colcon_core.package_identification:_identify(install) by extensions ['ignore', 'ignore_ament_install']
[0.555s] Level 1:colcon.colcon_core.package_identification:_identify(install) by extension 'ignore'
[0.555s] Level 1:colcon.colcon_core.package_identification:_identify(install) ignored
[0.555s] Level 1:colcon.colcon_core.package_identification:_identify(log) by extensions ['ignore', 'ignore_ament_install']
[0.555s] Level 1:colcon.colcon_core.package_identification:_identify(log) by extension 'ignore'
[0.555s] Level 1:colcon.colcon_core.package_identification:_identify(log) ignored
[0.555s] Level 1:colcon.colcon_core.package_identification:_identify(my_first_simulation) by extensions ['ignore', 'ignore_ament_install']
[0.555s] Level 1:colcon.colcon_core.package_identification:_identify(my_first_simulation) by extension 'ignore'
[0.555s] Level 1:colcon.colcon_core.package_identification:_identify(my_first_simulation) by extension 'ignore_ament_install'
[0.555s] Level 1:colcon.colcon_core.package_identification:_identify(my_first_simulation) by extensions ['colcon_pkg']
[0.555s] Level 1:colcon.colcon_core.package_identification:_identify(my_first_simulation) by extension 'colcon_pkg'
[0.555s] Level 1:colcon.colcon_core.package_identification:_identify(my_first_simulation) by extensions ['colcon_meta']
[0.555s] Level 1:colcon.colcon_core.package_identification:_identify(my_first_simulation) by extension 'colcon_meta'
[0.555s] Level 1:colcon.colcon_core.package_identification:_identify(my_first_simulation) by extensions ['ros']
[0.555s] Level 1:colcon.colcon_core.package_identification:_identify(my_first_simulation) by extension 'ros'
[0.555s] Level 1:colcon.colcon_core.package_identification:_identify(my_first_simulation) by extensions ['cmake', 'python']
[0.556s] Level 1:colcon.colcon_core.package_identification:_identify(my_first_simulation) by extension 'cmake'
[0.556s] Level 1:colcon.colcon_core.package_identification:_identify(my_first_simulation) by extension 'python'
[0.556s] Level 1:colcon.colcon_core.package_identification:_identify(my_first_simulation) by extensions ['python_setup_py']
[0.556s] Level 1:colcon.colcon_core.package_identification:_identify(my_first_simulation) by extension 'python_setup_py'
[0.556s] Level 1:colcon.colcon_core.package_identification:_identify(my_first_simulation/controllers) by extensions ['ignore', 'ignore_ament_install']
[0.556s] Level 1:colcon.colcon_core.package_identification:_identify(my_first_simulation/controllers) by extension 'ignore'
[0.556s] Level 1:colcon.colcon_core.package_identification:_identify(my_first_simulation/controllers) by extension 'ignore_ament_install'
[0.556s] Level 1:colcon.colcon_core.package_identification:_identify(my_first_simulation/controllers) by extensions ['colcon_pkg']
[0.556s] Level 1:colcon.colcon_core.package_identification:_identify(my_first_simulation/controllers) by extension 'colcon_pkg'
[0.556s] Level 1:colcon.colcon_core.package_identification:_identify(my_first_simulation/controllers) by extensions ['colcon_meta']
[0.556s] Level 1:colcon.colcon_core.package_identification:_identify(my_first_simulation/controllers) by extension 'colcon_meta'
[0.556s] Level 1:colcon.colcon_core.package_identification:_identify(my_first_simulation/controllers) by extensions ['ros']
[0.556s] Level 1:colcon.colcon_core.package_identification:_identify(my_first_simulation/controllers) by extension 'ros'
[0.556s] Level 1:colcon.colcon_core.package_identification:_identify(my_first_simulation/controllers) by extensions ['cmake', 'python']
[0.556s] Level 1:colcon.colcon_core.package_identification:_identify(my_first_simulation/controllers) by extension 'cmake'
[0.556s] Level 1:colcon.colcon_core.package_identification:_identify(my_first_simulation/controllers) by extension 'python'
[0.556s] Level 1:colcon.colcon_core.package_identification:_identify(my_first_simulation/controllers) by extensions ['python_setup_py']
[0.556s] Level 1:colcon.colcon_core.package_identification:_identify(my_first_simulation/controllers) by extension 'python_setup_py'
[0.556s] Level 1:colcon.colcon_core.package_identification:_identify(my_first_simulation/controllers/EPuckAvoidController) by extensions ['ignore', 'ignore_ament_install']
[0.557s] Level 1:colcon.colcon_core.package_identification:_identify(my_first_simulation/controllers/EPuckAvoidController) by extension 'ignore'
[0.557s] Level 1:colcon.colcon_core.package_identification:_identify(my_first_simulation/controllers/EPuckAvoidController) by extension 'ignore_ament_install'
[0.557s] Level 1:colcon.colcon_core.package_identification:_identify(my_first_simulation/controllers/EPuckAvoidController) by extensions ['colcon_pkg']
[0.557s] Level 1:colcon.colcon_core.package_identification:_identify(my_first_simulation/controllers/EPuckAvoidController) by extension 'colcon_pkg'
[0.557s] Level 1:colcon.colcon_core.package_identification:_identify(my_first_simulation/controllers/EPuckAvoidController) by extensions ['colcon_meta']
[0.557s] Level 1:colcon.colcon_core.package_identification:_identify(my_first_simulation/controllers/EPuckAvoidController) by extension 'colcon_meta'
[0.557s] Level 1:colcon.colcon_core.package_identification:_identify(my_first_simulation/controllers/EPuckAvoidController) by extensions ['ros']
[0.557s] Level 1:colcon.colcon_core.package_identification:_identify(my_first_simulation/controllers/EPuckAvoidController) by extension 'ros'
[0.557s] Level 1:colcon.colcon_core.package_identification:_identify(my_first_simulation/controllers/EPuckAvoidController) by extensions ['cmake', 'python']
[0.557s] Level 1:colcon.colcon_core.package_identification:_identify(my_first_simulation/controllers/EPuckAvoidController) by extension 'cmake'
[0.557s] Level 1:colcon.colcon_core.package_identification:_identify(my_first_simulation/controllers/EPuckAvoidController) by extension 'python'
[0.557s] Level 1:colcon.colcon_core.package_identification:_identify(my_first_simulation/controllers/EPuckAvoidController) by extensions ['python_setup_py']
[0.557s] Level 1:colcon.colcon_core.package_identification:_identify(my_first_simulation/controllers/EPuckAvoidController) by extension 'python_setup_py'
[0.557s] Level 1:colcon.colcon_core.package_identification:_identify(my_first_simulation/controllers/EPuckAvoidController/build) by extensions ['ignore', 'ignore_ament_install']
[0.558s] Level 1:colcon.colcon_core.package_identification:_identify(my_first_simulation/controllers/EPuckAvoidController/build) by extension 'ignore'
[0.558s] Level 1:colcon.colcon_core.package_identification:_identify(my_first_simulation/controllers/EPuckAvoidController/build) by extension 'ignore_ament_install'
[0.558s] Level 1:colcon.colcon_core.package_identification:_identify(my_first_simulation/controllers/EPuckAvoidController/build) by extensions ['colcon_pkg']
[0.558s] Level 1:colcon.colcon_core.package_identification:_identify(my_first_simulation/controllers/EPuckAvoidController/build) by extension 'colcon_pkg'
[0.558s] Level 1:colcon.colcon_core.package_identification:_identify(my_first_simulation/controllers/EPuckAvoidController/build) by extensions ['colcon_meta']
[0.558s] Level 1:colcon.colcon_core.package_identification:_identify(my_first_simulation/controllers/EPuckAvoidController/build) by extension 'colcon_meta'
[0.558s] Level 1:colcon.colcon_core.package_identification:_identify(my_first_simulation/controllers/EPuckAvoidController/build) by extensions ['ros']
[0.558s] Level 1:colcon.colcon_core.package_identification:_identify(my_first_simulation/controllers/EPuckAvoidController/build) by extension 'ros'
[0.558s] Level 1:colcon.colcon_core.package_identification:_identify(my_first_simulation/controllers/EPuckAvoidController/build) by extensions ['cmake', 'python']
[0.558s] Level 1:colcon.colcon_core.package_identification:_identify(my_first_simulation/controllers/EPuckAvoidController/build) by extension 'cmake'
[0.558s] Level 1:colcon.colcon_core.package_identification:_identify(my_first_simulation/controllers/EPuckAvoidController/build) by extension 'python'
[0.558s] Level 1:colcon.colcon_core.package_identification:_identify(my_first_simulation/controllers/EPuckAvoidController/build) by extensions ['python_setup_py']
[0.558s] Level 1:colcon.colcon_core.package_identification:_identify(my_first_simulation/controllers/EPuckAvoidController/build) by extension 'python_setup_py'
[0.558s] Level 1:colcon.colcon_core.package_identification:_identify(my_first_simulation/controllers/EPuckAvoidController/build/release) by extensions ['ignore', 'ignore_ament_install']
[0.558s] Level 1:colcon.colcon_core.package_identification:_identify(my_first_simulation/controllers/EPuckAvoidController/build/release) by extension 'ignore'
[0.559s] Level 1:colcon.colcon_core.package_identification:_identify(my_first_simulation/controllers/EPuckAvoidController/build/release) by extension 'ignore_ament_install'
[0.559s] Level 1:colcon.colcon_core.package_identification:_identify(my_first_simulation/controllers/EPuckAvoidController/build/release) by extensions ['colcon_pkg']
[0.559s] Level 1:colcon.colcon_core.package_identification:_identify(my_first_simulation/controllers/EPuckAvoidController/build/release) by extension 'colcon_pkg'
[0.559s] Level 1:colcon.colcon_core.package_identification:_identify(my_first_simulation/controllers/EPuckAvoidController/build/release) by extensions ['colcon_meta']
[0.559s] Level 1:colcon.colcon_core.package_identification:_identify(my_first_simulation/controllers/EPuckAvoidController/build/release) by extension 'colcon_meta'
[0.559s] Level 1:colcon.colcon_core.package_identification:_identify(my_first_simulation/controllers/EPuckAvoidController/build/release) by extensions ['ros']
[0.559s] Level 1:colcon.colcon_core.package_identification:_identify(my_first_simulation/controllers/EPuckAvoidController/build/release) by extension 'ros'
[0.559s] Level 1:colcon.colcon_core.package_identification:_identify(my_first_simulation/controllers/EPuckAvoidController/build/release) by extensions ['cmake', 'python']
[0.559s] Level 1:colcon.colcon_core.package_identification:_identify(my_first_simulation/controllers/EPuckAvoidController/build/release) by extension 'cmake'
[0.559s] Level 1:colcon.colcon_core.package_identification:_identify(my_first_simulation/controllers/EPuckAvoidController/build/release) by extension 'python'
[0.559s] Level 1:colcon.colcon_core.package_identification:_identify(my_first_simulation/controllers/EPuckAvoidController/build/release) by extensions ['python_setup_py']
[0.559s] Level 1:colcon.colcon_core.package_identification:_identify(my_first_simulation/controllers/EPuckAvoidController/build/release) by extension 'python_setup_py'
[0.559s] Level 1:colcon.colcon_core.package_identification:_identify(my_first_simulation/controllers/Rover_Controller) by extensions ['ignore', 'ignore_ament_install']
[0.559s] Level 1:colcon.colcon_core.package_identification:_identify(my_first_simulation/controllers/Rover_Controller) by extension 'ignore'
[0.559s] Level 1:colcon.colcon_core.package_identification:_identify(my_first_simulation/controllers/Rover_Controller) by extension 'ignore_ament_install'
[0.559s] Level 1:colcon.colcon_core.package_identification:_identify(my_first_simulation/controllers/Rover_Controller) by extensions ['colcon_pkg']
[0.559s] Level 1:colcon.colcon_core.package_identification:_identify(my_first_simulation/controllers/Rover_Controller) by extension 'colcon_pkg'
[0.559s] Level 1:colcon.colcon_core.package_identification:_identify(my_first_simulation/controllers/Rover_Controller) by extensions ['colcon_meta']
[0.559s] Level 1:colcon.colcon_core.package_identification:_identify(my_first_simulation/controllers/Rover_Controller) by extension 'colcon_meta'
[0.559s] Level 1:colcon.colcon_core.package_identification:_identify(my_first_simulation/controllers/Rover_Controller) by extensions ['ros']
[0.560s] Level 1:colcon.colcon_core.package_identification:_identify(my_first_simulation/controllers/Rover_Controller) by extension 'ros'
[0.560s] Level 1:colcon.colcon_core.package_identification:_identify(my_first_simulation/controllers/Rover_Controller) by extensions ['cmake', 'python']
[0.560s] Level 1:colcon.colcon_core.package_identification:_identify(my_first_simulation/controllers/Rover_Controller) by extension 'cmake'
[0.560s] Level 1:colcon.colcon_core.package_identification:_identify(my_first_simulation/controllers/Rover_Controller) by extension 'python'
[0.560s] Level 1:colcon.colcon_core.package_identification:_identify(my_first_simulation/controllers/Rover_Controller) by extensions ['python_setup_py']
[0.560s] Level 1:colcon.colcon_core.package_identification:_identify(my_first_simulation/controllers/Rover_Controller) by extension 'python_setup_py'
[0.560s] Level 1:colcon.colcon_core.package_identification:_identify(my_first_simulation/controllers/arm_controller) by extensions ['ignore', 'ignore_ament_install']
[0.560s] Level 1:colcon.colcon_core.package_identification:_identify(my_first_simulation/controllers/arm_controller) by extension 'ignore'
[0.560s] Level 1:colcon.colcon_core.package_identification:_identify(my_first_simulation/controllers/arm_controller) by extension 'ignore_ament_install'
[0.560s] Level 1:colcon.colcon_core.package_identification:_identify(my_first_simulation/controllers/arm_controller) by extensions ['colcon_pkg']
[0.560s] Level 1:colcon.colcon_core.package_identification:_identify(my_first_simulation/controllers/arm_controller) by extension 'colcon_pkg'
[0.560s] Level 1:colcon.colcon_core.package_identification:_identify(my_first_simulation/controllers/arm_controller) by extensions ['colcon_meta']
[0.560s] Level 1:colcon.colcon_core.package_identification:_identify(my_first_simulation/controllers/arm_controller) by extension 'colcon_meta'
[0.560s] Level 1:colcon.colcon_core.package_identification:_identify(my_first_simulation/controllers/arm_controller) by extensions ['ros']
[0.560s] Level 1:colcon.colcon_core.package_identification:_identify(my_first_simulation/controllers/arm_controller) by extension 'ros'
[0.560s] Level 1:colcon.colcon_core.package_identification:_identify(my_first_simulation/controllers/arm_controller) by extensions ['cmake', 'python']
[0.560s] Level 1:colcon.colcon_core.package_identification:_identify(my_first_simulation/controllers/arm_controller) by extension 'cmake'
[0.560s] Level 1:colcon.colcon_core.package_identification:_identify(my_first_simulation/controllers/arm_controller) by extension 'python'
[0.560s] Level 1:colcon.colcon_core.package_identification:_identify(my_first_simulation/controllers/arm_controller) by extensions ['python_setup_py']
[0.560s] Level 1:colcon.colcon_core.package_identification:_identify(my_first_simulation/controllers/arm_controller) by extension 'python_setup_py'
[0.561s] Level 1:colcon.colcon_core.package_identification:_identify(my_first_simulation/controllers/epuck_go_forward) by extensions ['ignore', 'ignore_ament_install']
[0.561s] Level 1:colcon.colcon_core.package_identification:_identify(my_first_simulation/controllers/epuck_go_forward) by extension 'ignore'
[0.561s] Level 1:colcon.colcon_core.package_identification:_identify(my_first_simulation/controllers/epuck_go_forward) by extension 'ignore_ament_install'
[0.561s] Level 1:colcon.colcon_core.package_identification:_identify(my_first_simulation/controllers/epuck_go_forward) by extensions ['colcon_pkg']
[0.561s] Level 1:colcon.colcon_core.package_identification:_identify(my_first_simulation/controllers/epuck_go_forward) by extension 'colcon_pkg'
[0.561s] Level 1:colcon.colcon_core.package_identification:_identify(my_first_simulation/controllers/epuck_go_forward) by extensions ['colcon_meta']
[0.561s] Level 1:colcon.colcon_core.package_identification:_identify(my_first_simulation/controllers/epuck_go_forward) by extension 'colcon_meta'
[0.561s] Level 1:colcon.colcon_core.package_identification:_identify(my_first_simulation/controllers/epuck_go_forward) by extensions ['ros']
[0.561s] Level 1:colcon.colcon_core.package_identification:_identify(my_first_simulation/controllers/epuck_go_forward) by extension 'ros'
[0.561s] Level 1:colcon.colcon_core.package_identification:_identify(my_first_simulation/controllers/epuck_go_forward) by extensions ['cmake', 'python']
[0.561s] Level 1:colcon.colcon_core.package_identification:_identify(my_first_simulation/controllers/epuck_go_forward) by extension 'cmake'
[0.561s] Level 1:colcon.colcon_core.package_identification:_identify(my_first_simulation/controllers/epuck_go_forward) by extension 'python'
[0.561s] Level 1:colcon.colcon_core.package_identification:_identify(my_first_simulation/controllers/epuck_go_forward) by extensions ['python_setup_py']
[0.561s] Level 1:colcon.colcon_core.package_identification:_identify(my_first_simulation/controllers/epuck_go_forward) by extension 'python_setup_py'
[0.561s] Level 1:colcon.colcon_core.package_identification:_identify(my_first_simulation/controllers/four_wheeled_collision_avoidance) by extensions ['ignore', 'ignore_ament_install']
[0.562s] Level 1:colcon.colcon_core.package_identification:_identify(my_first_simulation/controllers/four_wheeled_collision_avoidance) by extension 'ignore'
[0.562s] Level 1:colcon.colcon_core.package_identification:_identify(my_first_simulation/controllers/four_wheeled_collision_avoidance) by extension 'ignore_ament_install'
[0.562s] Level 1:colcon.colcon_core.package_identification:_identify(my_first_simulation/controllers/four_wheeled_collision_avoidance) by extensions ['colcon_pkg']
[0.562s] Level 1:colcon.colcon_core.package_identification:_identify(my_first_simulation/controllers/four_wheeled_collision_avoidance) by extension 'colcon_pkg'
[0.562s] Level 1:colcon.colcon_core.package_identification:_identify(my_first_simulation/controllers/four_wheeled_collision_avoidance) by extensions ['colcon_meta']
[0.562s] Level 1:colcon.colcon_core.package_identification:_identify(my_first_simulation/controllers/four_wheeled_collision_avoidance) by extension 'colcon_meta'
[0.562s] Level 1:colcon.colcon_core.package_identification:_identify(my_first_simulation/controllers/four_wheeled_collision_avoidance) by extensions ['ros']
[0.562s] Level 1:colcon.colcon_core.package_identification:_identify(my_first_simulation/controllers/four_wheeled_collision_avoidance) by extension 'ros'
[0.562s] Level 1:colcon.colcon_core.package_identification:_identify(my_first_simulation/controllers/four_wheeled_collision_avoidance) by extensions ['cmake', 'python']
[0.562s] Level 1:colcon.colcon_core.package_identification:_identify(my_first_simulation/controllers/four_wheeled_collision_avoidance) by extension 'cmake'
[0.562s] Level 1:colcon.colcon_core.package_identification:_identify(my_first_simulation/controllers/four_wheeled_collision_avoidance) by extension 'python'
[0.562s] Level 1:colcon.colcon_core.package_identification:_identify(my_first_simulation/controllers/four_wheeled_collision_avoidance) by extensions ['python_setup_py']
[0.562s] Level 1:colcon.colcon_core.package_identification:_identify(my_first_simulation/controllers/four_wheeled_collision_avoidance) by extension 'python_setup_py'
[0.562s] Level 1:colcon.colcon_core.package_identification:_identify(my_first_simulation/controllers/four_wheeled_collision_avoidance/build) by extensions ['ignore', 'ignore_ament_install']
[0.562s] Level 1:colcon.colcon_core.package_identification:_identify(my_first_simulation/controllers/four_wheeled_collision_avoidance/build) by extension 'ignore'
[0.562s] Level 1:colcon.colcon_core.package_identification:_identify(my_first_simulation/controllers/four_wheeled_collision_avoidance/build) by extension 'ignore_ament_install'
[0.562s] Level 1:colcon.colcon_core.package_identification:_identify(my_first_simulation/controllers/four_wheeled_collision_avoidance/build) by extensions ['colcon_pkg']
[0.562s] Level 1:colcon.colcon_core.package_identification:_identify(my_first_simulation/controllers/four_wheeled_collision_avoidance/build) by extension 'colcon_pkg'
[0.563s] Level 1:colcon.colcon_core.package_identification:_identify(my_first_simulation/controllers/four_wheeled_collision_avoidance/build) by extensions ['colcon_meta']
[0.563s] Level 1:colcon.colcon_core.package_identification:_identify(my_first_simulation/controllers/four_wheeled_collision_avoidance/build) by extension 'colcon_meta'
[0.563s] Level 1:colcon.colcon_core.package_identification:_identify(my_first_simulation/controllers/four_wheeled_collision_avoidance/build) by extensions ['ros']
[0.563s] Level 1:colcon.colcon_core.package_identification:_identify(my_first_simulation/controllers/four_wheeled_collision_avoidance/build) by extension 'ros'
[0.563s] Level 1:colcon.colcon_core.package_identification:_identify(my_first_simulation/controllers/four_wheeled_collision_avoidance/build) by extensions ['cmake', 'python']
[0.563s] Level 1:colcon.colcon_core.package_identification:_identify(my_first_simulation/controllers/four_wheeled_collision_avoidance/build) by extension 'cmake'
[0.563s] Level 1:colcon.colcon_core.package_identification:_identify(my_first_simulation/controllers/four_wheeled_collision_avoidance/build) by extension 'python'
[0.563s] Level 1:colcon.colcon_core.package_identification:_identify(my_first_simulation/controllers/four_wheeled_collision_avoidance/build) by extensions ['python_setup_py']
[0.563s] Level 1:colcon.colcon_core.package_identification:_identify(my_first_simulation/controllers/four_wheeled_collision_avoidance/build) by extension 'python_setup_py'
[0.563s] Level 1:colcon.colcon_core.package_identification:_identify(my_first_simulation/controllers/four_wheeled_collision_avoidance/build/release) by extensions ['ignore', 'ignore_ament_install']
[0.563s] Level 1:colcon.colcon_core.package_identification:_identify(my_first_simulation/controllers/four_wheeled_collision_avoidance/build/release) by extension 'ignore'
[0.563s] Level 1:colcon.colcon_core.package_identification:_identify(my_first_simulation/controllers/four_wheeled_collision_avoidance/build/release) by extension 'ignore_ament_install'
[0.563s] Level 1:colcon.colcon_core.package_identification:_identify(my_first_simulation/controllers/four_wheeled_collision_avoidance/build/release) by extensions ['colcon_pkg']
[0.563s] Level 1:colcon.colcon_core.package_identification:_identify(my_first_simulation/controllers/four_wheeled_collision_avoidance/build/release) by extension 'colcon_pkg'
[0.563s] Level 1:colcon.colcon_core.package_identification:_identify(my_first_simulation/controllers/four_wheeled_collision_avoidance/build/release) by extensions ['colcon_meta']
[0.563s] Level 1:colcon.colcon_core.package_identification:_identify(my_first_simulation/controllers/four_wheeled_collision_avoidance/build/release) by extension 'colcon_meta'
[0.563s] Level 1:colcon.colcon_core.package_identification:_identify(my_first_simulation/controllers/four_wheeled_collision_avoidance/build/release) by extensions ['ros']
[0.563s] Level 1:colcon.colcon_core.package_identification:_identify(my_first_simulation/controllers/four_wheeled_collision_avoidance/build/release) by extension 'ros'
[0.564s] Level 1:colcon.colcon_core.package_identification:_identify(my_first_simulation/controllers/four_wheeled_collision_avoidance/build/release) by extensions ['cmake', 'python']
[0.564s] Level 1:colcon.colcon_core.package_identification:_identify(my_first_simulation/controllers/four_wheeled_collision_avoidance/build/release) by extension 'cmake'
[0.564s] Level 1:colcon.colcon_core.package_identification:_identify(my_first_simulation/controllers/four_wheeled_collision_avoidance/build/release) by extension 'python'
[0.564s] Level 1:colcon.colcon_core.package_identification:_identify(my_first_simulation/controllers/four_wheeled_collision_avoidance/build/release) by extensions ['python_setup_py']
[0.564s] Level 1:colcon.colcon_core.package_identification:_identify(my_first_simulation/controllers/four_wheeled_collision_avoidance/build/release) by extension 'python_setup_py'
[0.564s] Level 1:colcon.colcon_core.package_identification:_identify(my_first_simulation/controllers/robot_evasor) by extensions ['ignore', 'ignore_ament_install']
[0.564s] Level 1:colcon.colcon_core.package_identification:_identify(my_first_simulation/controllers/robot_evasor) by extension 'ignore'
[0.564s] Level 1:colcon.colcon_core.package_identification:_identify(my_first_simulation/controllers/robot_evasor) by extension 'ignore_ament_install'
[0.564s] Level 1:colcon.colcon_core.package_identification:_identify(my_first_simulation/controllers/robot_evasor) by extensions ['colcon_pkg']
[0.564s] Level 1:colcon.colcon_core.package_identification:_identify(my_first_simulation/controllers/robot_evasor) by extension 'colcon_pkg'
[0.564s] Level 1:colcon.colcon_core.package_identification:_identify(my_first_simulation/controllers/robot_evasor) by extensions ['colcon_meta']
[0.564s] Level 1:colcon.colcon_core.package_identification:_identify(my_first_simulation/controllers/robot_evasor) by extension 'colcon_meta'
[0.564s] Level 1:colcon.colcon_core.package_identification:_identify(my_first_simulation/controllers/robot_evasor) by extensions ['ros']
[0.564s] Level 1:colcon.colcon_core.package_identification:_identify(my_first_simulation/controllers/robot_evasor) by extension 'ros'
[0.564s] Level 1:colcon.colcon_core.package_identification:_identify(my_first_simulation/controllers/robot_evasor) by extensions ['cmake', 'python']
[0.564s] Level 1:colcon.colcon_core.package_identification:_identify(my_first_simulation/controllers/robot_evasor) by extension 'cmake'
[0.564s] Level 1:colcon.colcon_core.package_identification:_identify(my_first_simulation/controllers/robot_evasor) by extension 'python'
[0.564s] Level 1:colcon.colcon_core.package_identification:_identify(my_first_simulation/controllers/robot_evasor) by extensions ['python_setup_py']
[0.564s] Level 1:colcon.colcon_core.package_identification:_identify(my_first_simulation/controllers/robot_evasor) by extension 'python_setup_py'
[0.565s] Level 1:colcon.colcon_core.package_identification:_identify(my_first_simulation/protos) by extensions ['ignore', 'ignore_ament_install']
[0.565s] Level 1:colcon.colcon_core.package_identification:_identify(my_first_simulation/protos) by extension 'ignore'
[0.565s] Level 1:colcon.colcon_core.package_identification:_identify(my_first_simulation/protos) by extension 'ignore_ament_install'
[0.565s] Level 1:colcon.colcon_core.package_identification:_identify(my_first_simulation/protos) by extensions ['colcon_pkg']
[0.565s] Level 1:colcon.colcon_core.package_identification:_identify(my_first_simulation/protos) by extension 'colcon_pkg'
[0.565s] Level 1:colcon.colcon_core.package_identification:_identify(my_first_simulation/protos) by extensions ['colcon_meta']
[0.565s] Level 1:colcon.colcon_core.package_identification:_identify(my_first_simulation/protos) by extension 'colcon_meta'
[0.565s] Level 1:colcon.colcon_core.package_identification:_identify(my_first_simulation/protos) by extensions ['ros']
[0.565s] Level 1:colcon.colcon_core.package_identification:_identify(my_first_simulation/protos) by extension 'ros'
[0.565s] Level 1:colcon.colcon_core.package_identification:_identify(my_first_simulation/protos) by extensions ['cmake', 'python']
[0.565s] Level 1:colcon.colcon_core.package_identification:_identify(my_first_simulation/protos) by extension 'cmake'
[0.565s] Level 1:colcon.colcon_core.package_identification:_identify(my_first_simulation/protos) by extension 'python'
[0.565s] Level 1:colcon.colcon_core.package_identification:_identify(my_first_simulation/protos) by extensions ['python_setup_py']
[0.565s] Level 1:colcon.colcon_core.package_identification:_identify(my_first_simulation/protos) by extension 'python_setup_py'
[0.565s] Level 1:colcon.colcon_core.package_identification:_identify(my_first_simulation/worlds) by extensions ['ignore', 'ignore_ament_install']
[0.565s] Level 1:colcon.colcon_core.package_identification:_identify(my_first_simulation/worlds) by extension 'ignore'
[0.565s] Level 1:colcon.colcon_core.package_identification:_identify(my_first_simulation/worlds) by extension 'ignore_ament_install'
[0.566s] Level 1:colcon.colcon_core.package_identification:_identify(my_first_simulation/worlds) by extensions ['colcon_pkg']
[0.566s] Level 1:colcon.colcon_core.package_identification:_identify(my_first_simulation/worlds) by extension 'colcon_pkg'
[0.566s] Level 1:colcon.colcon_core.package_identification:_identify(my_first_simulation/worlds) by extensions ['colcon_meta']
[0.566s] Level 1:colcon.colcon_core.package_identification:_identify(my_first_simulation/worlds) by extension 'colcon_meta'
[0.566s] Level 1:colcon.colcon_core.package_identification:_identify(my_first_simulation/worlds) by extensions ['ros']
[0.566s] Level 1:colcon.colcon_core.package_identification:_identify(my_first_simulation/worlds) by extension 'ros'
[0.566s] Level 1:colcon.colcon_core.package_identification:_identify(my_first_simulation/worlds) by extensions ['cmake', 'python']
[0.566s] Level 1:colcon.colcon_core.package_identification:_identify(my_first_simulation/worlds) by extension 'cmake'
[0.566s] Level 1:colcon.colcon_core.package_identification:_identify(my_first_simulation/worlds) by extension 'python'
[0.566s] Level 1:colcon.colcon_core.package_identification:_identify(my_first_simulation/worlds) by extensions ['python_setup_py']
[0.566s] Level 1:colcon.colcon_core.package_identification:_identify(my_first_simulation/worlds) by extension 'python_setup_py'
[0.566s] Level 1:colcon.colcon_core.package_identification:_identify(my_package) by extensions ['ignore', 'ignore_ament_install']
[0.566s] Level 1:colcon.colcon_core.package_identification:_identify(my_package) by extension 'ignore'
[0.566s] Level 1:colcon.colcon_core.package_identification:_identify(my_package) by extension 'ignore_ament_install'
[0.566s] Level 1:colcon.colcon_core.package_identification:_identify(my_package) by extensions ['colcon_pkg']
[0.566s] Level 1:colcon.colcon_core.package_identification:_identify(my_package) by extension 'colcon_pkg'
[0.566s] Level 1:colcon.colcon_core.package_identification:_identify(my_package) by extensions ['colcon_meta']
[0.566s] Level 1:colcon.colcon_core.package_identification:_identify(my_package) by extension 'colcon_meta'
[0.567s] Level 1:colcon.colcon_core.package_identification:_identify(my_package) by extensions ['ros']
[0.567s] Level 1:colcon.colcon_core.package_identification:_identify(my_package) by extension 'ros'
[0.570s] DEBUG:colcon.colcon_core.package_identification:Package 'my_package' with type 'ros.ament_python' and name 'my_package'
[0.571s] Level 1:colcon.colcon_core.package_identification:_identify(rover) by extensions ['ignore', 'ignore_ament_install']
[0.571s] Level 1:colcon.colcon_core.package_identification:_identify(rover) by extension 'ignore'
[0.571s] Level 1:colcon.colcon_core.package_identification:_identify(rover) by extension 'ignore_ament_install'
[0.571s] Level 1:colcon.colcon_core.package_identification:_identify(rover) by extensions ['colcon_pkg']
[0.571s] Level 1:colcon.colcon_core.package_identification:_identify(rover) by extension 'colcon_pkg'
[0.571s] Level 1:colcon.colcon_core.package_identification:_identify(rover) by extensions ['colcon_meta']
[0.571s] Level 1:colcon.colcon_core.package_identification:_identify(rover) by extension 'colcon_meta'
[0.571s] Level 1:colcon.colcon_core.package_identification:_identify(rover) by extensions ['ros']
[0.571s] Level 1:colcon.colcon_core.package_identification:_identify(rover) by extension 'ros'
[0.573s] DEBUG:colcon.colcon_core.package_identification:Package 'rover' with type 'ros.ament_python' and name 'rover'
[0.573s] Level 1:colcon.colcon_core.package_discovery:discover_packages(recursive) using defaults
[0.573s] Level 1:colcon.colcon_core.package_discovery:discover_packages(ignore) discover
[0.573s] Level 1:colcon.colcon_core.package_discovery:discover_packages(ignore) using defaults
[0.573s] Level 1:colcon.colcon_core.package_discovery:discover_packages(path) discover
[0.573s] Level 1:colcon.colcon_core.package_discovery:discover_packages(path) using defaults
[0.611s] Level 1:colcon.colcon_core.package_discovery:discover_packages(prefix_path) check parameters
[0.611s] Level 1:colcon.colcon_core.package_discovery:discover_packages(prefix_path) discover
[0.619s] DEBUG:colcon.colcon_installed_package_information.package_discovery:Found 276 installed packages in /opt/ros/humble
[0.630s] Level 1:colcon.colcon_core.package_discovery:discover_packages(prefix_path) using defaults
[0.672s] Level 5:colcon.colcon_core.verb:set package 'my_package' build argument 'cmake_args' from command line to 'None'
[0.672s] Level 5:colcon.colcon_core.verb:set package 'my_package' build argument 'cmake_target' from command line to 'None'
[0.672s] Level 5:colcon.colcon_core.verb:set package 'my_package' build argument 'cmake_target_skip_unavailable' from command line to 'False'
[0.672s] Level 5:colcon.colcon_core.verb:set package 'my_package' build argument 'cmake_clean_cache' from command line to 'False'
[0.672s] Level 5:colcon.colcon_core.verb:set package 'my_package' build argument 'cmake_clean_first' from command line to 'False'
[0.672s] Level 5:colcon.colcon_core.verb:set package 'my_package' build argument 'cmake_force_configure' from command line to 'False'
[0.672s] Level 5:colcon.colcon_core.verb:set package 'my_package' build argument 'ament_cmake_args' from command line to 'None'
[0.672s] Level 5:colcon.colcon_core.verb:set package 'my_package' build argument 'catkin_cmake_args' from command line to 'None'
[0.672s] Level 5:colcon.colcon_core.verb:set package 'my_package' build argument 'catkin_skip_building_tests' from command line to 'False'
[0.672s] DEBUG:colcon.colcon_core.verb:Building package 'my_package' with the following arguments: {'ament_cmake_args': None, 'build_base': '/home/danielgrioja/LAB/Rover_Lab/build/my_package', 'catkin_cmake_args': None, 'catkin_skip_building_tests': False, 'cmake_args': None, 'cmake_clean_cache': False, 'cmake_clean_first': False, 'cmake_force_configure': False, 'cmake_target': None, 'cmake_target_skip_unavailable': False, 'install_base': '/home/danielgrioja/LAB/Rover_Lab/install/my_package', 'merge_install': False, 'path': '/home/danielgrioja/LAB/Rover_Lab/my_package', 'symlink_install': True, 'test_result_base': None}
[0.673s] Level 5:colcon.colcon_core.verb:set package 'rover' build argument 'cmake_args' from command line to 'None'
[0.673s] Level 5:colcon.colcon_core.verb:set package 'rover' build argument 'cmake_target' from command line to 'None'
[0.673s] Level 5:colcon.colcon_core.verb:set package 'rover' build argument 'cmake_target_skip_unavailable' from command line to 'False'
[0.673s] Level 5:colcon.colcon_core.verb:set package 'rover' build argument 'cmake_clean_cache' from command line to 'False'
[0.673s] Level 5:colcon.colcon_core.verb:set package 'rover' build argument 'cmake_clean_first' from command line to 'False'
[0.673s] Level 5:colcon.colcon_core.verb:set package 'rover' build argument 'cmake_force_configure' from command line to 'False'
[0.673s] Level 5:colcon.colcon_core.verb:set package 'rover' build argument 'ament_cmake_args' from command line to 'None'
[0.673s] Level 5:colcon.colcon_core.verb:set package 'rover' build argument 'catkin_cmake_args' from command line to 'None'
[0.673s] Level 5:colcon.colcon_core.verb:set package 'rover' build argument 'catkin_skip_building_tests' from command line to 'False'
[0.673s] DEBUG:colcon.colcon_core.verb:Building package 'rover' with the following arguments: {'ament_cmake_args': None, 'build_base': '/home/danielgrioja/LAB/Rover_Lab/build/rover', 'catkin_cmake_args': None, 'catkin_skip_building_tests': False, 'cmake_args': None, 'cmake_clean_cache': False, 'cmake_clean_first': False, 'cmake_force_configure': False, 'cmake_target': None, 'cmake_target_skip_unavailable': False, 'install_base': '/home/danielgrioja/LAB/Rover_Lab/install/rover', 'merge_install': False, 'path': '/home/danielgrioja/LAB/Rover_Lab/rover', 'symlink_install': True, 'test_result_base': None}
[0.673s] INFO:colcon.colcon_core.executor:Executing jobs using 'parallel' executor
[0.674s] DEBUG:colcon.colcon_parallel_executor.executor.parallel:run_until_complete
[0.674s] INFO:colcon.colcon_ros.task.ament_python.build:Building ROS package in '/home/danielgrioja/LAB/Rover_Lab/my_package' with build type 'ament_python'
[0.674s] Level 1:colcon.colcon_core.shell:create_environment_hook('my_package', 'ament_prefix_path')
[0.682s] INFO:colcon.colcon_core.plugin_system:Skipping extension 'colcon_core.shell.bat': Not used on non-Windows systems
[0.682s] INFO:colcon.colcon_core.shell:Creating environment hook '/home/danielgrioja/LAB/Rover_Lab/install/my_package/share/my_package/hook/ament_prefix_path.ps1'
[0.683s] INFO:colcon.colcon_core.shell:Creating environment descriptor '/home/danielgrioja/LAB/Rover_Lab/install/my_package/share/my_package/hook/ament_prefix_path.dsv'
[0.684s] INFO:colcon.colcon_core.shell:Creating environment hook '/home/danielgrioja/LAB/Rover_Lab/install/my_package/share/my_package/hook/ament_prefix_path.sh'
[0.686s] INFO:colcon.colcon_core.shell:Skip shell extension 'powershell' for command environment: Not usable outside of PowerShell
[0.686s] DEBUG:colcon.colcon_core.shell:Skip shell extension 'dsv' for command environment
[0.691s] INFO:colcon.colcon_ros.task.ament_python.build:Building ROS package in '/home/danielgrioja/LAB/Rover_Lab/rover' with build type 'ament_python'
[0.691s] Level 1:colcon.colcon_core.shell:create_environment_hook('rover', 'ament_prefix_path')
[0.691s] INFO:colcon.colcon_core.shell:Creating environment hook '/home/danielgrioja/LAB/Rover_Lab/install/rover/share/rover/hook/ament_prefix_path.ps1'
[0.692s] INFO:colcon.colcon_core.shell:Creating environment descriptor '/home/danielgrioja/LAB/Rover_Lab/install/rover/share/rover/hook/ament_prefix_path.dsv'
[0.693s] INFO:colcon.colcon_core.shell:Creating environment hook '/home/danielgrioja/LAB/Rover_Lab/install/rover/share/rover/hook/ament_prefix_path.sh'
[0.694s] INFO:colcon.colcon_core.shell:Skip shell extension 'powershell' for command environment: Not usable outside of PowerShell
[0.694s] DEBUG:colcon.colcon_core.shell:Skip shell extension 'dsv' for command environment
[0.937s] INFO:colcon.colcon_core.task.python.build:Building Python package in '/home/danielgrioja/LAB/Rover_Lab/my_package'
[0.937s] INFO:colcon.colcon_core.shell:Skip shell extension 'powershell' for command environment: Not usable outside of PowerShell
[0.937s] DEBUG:colcon.colcon_core.shell:Skip shell extension 'dsv' for command environment
[1.169s] INFO:colcon.colcon_core.task.python.build:Building Python package in '/home/danielgrioja/LAB/Rover_Lab/rover'
[1.169s] INFO:colcon.colcon_core.shell:Skip shell extension 'powershell' for command environment: Not usable outside of PowerShell
[1.169s] DEBUG:colcon.colcon_core.shell:Skip shell extension 'dsv' for command environment
[1.585s] DEBUG:colcon.colcon_core.event_handler.log_command:Invoking command in '/home/danielgrioja/LAB/Rover_Lab/build/my_package': PYTHONPATH=/home/danielgrioja/LAB/Rover_Lab/build/my_package/prefix_override:/usr/lib/python3/dist-packages/colcon_core/task/python/colcon_distutils_commands:/home/danielgrioja/LAB/Rover_Lab/install/my_package/lib/python3.10/site-packages:${PYTHONPATH} /usr/bin/python3 -W ignore:setup.py install is deprecated -W ignore:easy_install command is deprecated setup.py develop --editable --build-directory /home/danielgrioja/LAB/Rover_Lab/build/my_package/build --no-deps symlink_data
[1.590s] DEBUG:colcon.colcon_core.event_handler.log_command:Invoking command in '/home/danielgrioja/LAB/Rover_Lab/build/rover': PYTHONPATH=/home/danielgrioja/LAB/Rover_Lab/build/rover/prefix_override:/usr/lib/python3/dist-packages/colcon_core/task/python/colcon_distutils_commands:/home/danielgrioja/LAB/Rover_Lab/install/rover/lib/python3.10/site-packages:${PYTHONPATH} /usr/bin/python3 -W ignore:setup.py install is deprecated -W ignore:easy_install command is deprecated setup.py develop --editable --build-directory /home/danielgrioja/LAB/Rover_Lab/build/rover/build --no-deps symlink_data
[2.038s] Level 1:colcon.colcon_core.shell:create_environment_hook('rover', 'pythonpath_develop')
[2.039s] INFO:colcon.colcon_core.shell:Creating environment hook '/home/danielgrioja/LAB/Rover_Lab/build/rover/share/rover/hook/pythonpath_develop.ps1'
[2.040s] INFO:colcon.colcon_core.shell:Creating environment descriptor '/home/danielgrioja/LAB/Rover_Lab/build/rover/share/rover/hook/pythonpath_develop.dsv'
[2.040s] DEBUG:colcon.colcon_core.event_handler.log_command:Invoked command in '/home/danielgrioja/LAB/Rover_Lab/build/rover' returned '0': PYTHONPATH=/home/danielgrioja/LAB/Rover_Lab/build/rover/prefix_override:/usr/lib/python3/dist-packages/colcon_core/task/python/colcon_distutils_commands:/home/danielgrioja/LAB/Rover_Lab/install/rover/lib/python3.10/site-packages:${PYTHONPATH} /usr/bin/python3 -W ignore:setup.py install is deprecated -W ignore:easy_install command is deprecated setup.py develop --editable --build-directory /home/danielgrioja/LAB/Rover_Lab/build/rover/build --no-deps symlink_data
[2.041s] INFO:colcon.colcon_core.shell:Creating environment hook '/home/danielgrioja/LAB/Rover_Lab/build/rover/share/rover/hook/pythonpath_develop.sh'
[2.049s] Level 1:colcon.colcon_core.environment:checking '/home/danielgrioja/LAB/Rover_Lab/install/rover' for CMake module files
[2.050s] Level 1:colcon.colcon_core.environment:checking '/home/danielgrioja/LAB/Rover_Lab/install/rover' for CMake config files
[2.051s] Level 1:colcon.colcon_core.environment:checking '/home/danielgrioja/LAB/Rover_Lab/install/rover/lib'
[2.051s] Level 1:colcon.colcon_core.environment:checking '/home/danielgrioja/LAB/Rover_Lab/install/rover/bin'
[2.051s] Level 1:colcon.colcon_core.environment:checking '/home/danielgrioja/LAB/Rover_Lab/install/rover/lib/pkgconfig/rover.pc'
[2.051s] Level 1:colcon.colcon_core.environment:checking '/home/danielgrioja/LAB/Rover_Lab/install/rover/lib/python3.10/site-packages'
[2.052s] Level 1:colcon.colcon_core.shell:create_environment_hook('rover', 'pythonpath')
[2.052s] INFO:colcon.colcon_core.shell:Creating environment hook '/home/danielgrioja/LAB/Rover_Lab/install/rover/share/rover/hook/pythonpath.ps1'
[2.053s] INFO:colcon.colcon_core.shell:Creating environment descriptor '/home/danielgrioja/LAB/Rover_Lab/install/rover/share/rover/hook/pythonpath.dsv'
[2.053s] INFO:colcon.colcon_core.shell:Creating environment hook '/home/danielgrioja/LAB/Rover_Lab/install/rover/share/rover/hook/pythonpath.sh'
[2.054s] Level 1:colcon.colcon_core.environment:checking '/home/danielgrioja/LAB/Rover_Lab/install/rover/bin'
[2.054s] Level 1:colcon.colcon_core.environment:create_environment_scripts_only(rover)
[2.055s] INFO:colcon.colcon_core.shell:Creating package script '/home/danielgrioja/LAB/Rover_Lab/install/rover/share/rover/package.ps1'
[2.057s] INFO:colcon.colcon_core.shell:Creating package descriptor '/home/danielgrioja/LAB/Rover_Lab/install/rover/share/rover/package.dsv'
[2.059s] INFO:colcon.colcon_core.shell:Creating package script '/home/danielgrioja/LAB/Rover_Lab/install/rover/share/rover/package.sh'
[2.060s] INFO:colcon.colcon_core.shell:Creating package script '/home/danielgrioja/LAB/Rover_Lab/install/rover/share/rover/package.bash'
[2.062s] INFO:colcon.colcon_core.shell:Creating package script '/home/danielgrioja/LAB/Rover_Lab/install/rover/share/rover/package.zsh'
[2.064s] Level 1:colcon.colcon_core.environment:create_file_with_runtime_dependencies(/home/danielgrioja/LAB/Rover_Lab/install/rover/share/colcon-core/packages/rover)
[2.066s] Level 1:colcon.colcon_core.shell:create_environment_hook('my_package', 'pythonpath_develop')
[2.066s] INFO:colcon.colcon_core.shell:Creating environment hook '/home/danielgrioja/LAB/Rover_Lab/build/my_package/share/my_package/hook/pythonpath_develop.ps1'
[2.067s] DEBUG:colcon.colcon_core.event_handler.log_command:Invoked command in '/home/danielgrioja/LAB/Rover_Lab/build/my_package' returned '0': PYTHONPATH=/home/danielgrioja/LAB/Rover_Lab/build/my_package/prefix_override:/usr/lib/python3/dist-packages/colcon_core/task/python/colcon_distutils_commands:/home/danielgrioja/LAB/Rover_Lab/install/my_package/lib/python3.10/site-packages:${PYTHONPATH} /usr/bin/python3 -W ignore:setup.py install is deprecated -W ignore:easy_install command is deprecated setup.py develop --editable --build-directory /home/danielgrioja/LAB/Rover_Lab/build/my_package/build --no-deps symlink_data
[2.068s] INFO:colcon.colcon_core.shell:Creating environment descriptor '/home/danielgrioja/LAB/Rover_Lab/build/my_package/share/my_package/hook/pythonpath_develop.dsv'
[2.069s] INFO:colcon.colcon_core.shell:Creating environment hook '/home/danielgrioja/LAB/Rover_Lab/build/my_package/share/my_package/hook/pythonpath_develop.sh'
[2.070s] Level 1:colcon.colcon_core.environment:checking '/home/danielgrioja/LAB/Rover_Lab/install/my_package' for CMake module files
[2.071s] Level 1:colcon.colcon_core.environment:checking '/home/danielgrioja/LAB/Rover_Lab/install/my_package' for CMake config files
[2.071s] Level 1:colcon.colcon_core.environment:checking '/home/danielgrioja/LAB/Rover_Lab/install/my_package/lib'
[2.072s] Level 1:colcon.colcon_core.environment:checking '/home/danielgrioja/LAB/Rover_Lab/install/my_package/bin'
[2.072s] Level 1:colcon.colcon_core.environment:checking '/home/danielgrioja/LAB/Rover_Lab/install/my_package/lib/pkgconfig/my_package.pc'
[2.072s] Level 1:colcon.colcon_core.environment:checking '/home/danielgrioja/LAB/Rover_Lab/install/my_package/lib/python3.10/site-packages'
[2.072s] Level 1:colcon.colcon_core.shell:create_environment_hook('my_package', 'pythonpath')
[2.073s] INFO:colcon.colcon_core.shell:Creating environment hook '/home/danielgrioja/LAB/Rover_Lab/install/my_package/share/my_package/hook/pythonpath.ps1'
[2.073s] INFO:colcon.colcon_core.shell:Creating environment descriptor '/home/danielgrioja/LAB/Rover_Lab/install/my_package/share/my_package/hook/pythonpath.dsv'
[2.074s] INFO:colcon.colcon_core.shell:Creating environment hook '/home/danielgrioja/LAB/Rover_Lab/install/my_package/share/my_package/hook/pythonpath.sh'
[2.075s] Level 1:colcon.colcon_core.environment:checking '/home/danielgrioja/LAB/Rover_Lab/install/my_package/bin'
[2.075s] Level 1:colcon.colcon_core.environment:create_environment_scripts_only(my_package)
[2.075s] INFO:colcon.colcon_core.shell:Creating package script '/home/danielgrioja/LAB/Rover_Lab/install/my_package/share/my_package/package.ps1'
[2.077s] INFO:colcon.colcon_core.shell:Creating package descriptor '/home/danielgrioja/LAB/Rover_Lab/install/my_package/share/my_package/package.dsv'
[2.077s] INFO:colcon.colcon_core.shell:Creating package script '/home/danielgrioja/LAB/Rover_Lab/install/my_package/share/my_package/package.sh'
[2.078s] INFO:colcon.colcon_core.shell:Creating package script '/home/danielgrioja/LAB/Rover_Lab/install/my_package/share/my_package/package.bash'
[2.078s] INFO:colcon.colcon_core.shell:Creating package script '/home/danielgrioja/LAB/Rover_Lab/install/my_package/share/my_package/package.zsh'
[2.079s] Level 1:colcon.colcon_core.environment:create_file_with_runtime_dependencies(/home/danielgrioja/LAB/Rover_Lab/install/my_package/share/colcon-core/packages/my_package)
[2.079s] DEBUG:colcon.colcon_parallel_executor.executor.parallel:closing loop
[2.079s] DEBUG:colcon.colcon_parallel_executor.executor.parallel:loop closed
[2.079s] DEBUG:colcon.colcon_parallel_executor.executor.parallel:run_until_complete finished with '0'
[2.079s] DEBUG:colcon.colcon_core.event_reactor:joining thread
[2.089s] INFO:colcon.colcon_core.plugin_system:Skipping extension 'colcon_notification.desktop_notification.terminal_notifier': Not used on non-Darwin systems
[2.089s] INFO:colcon.colcon_core.plugin_system:Skipping extension 'colcon_notification.desktop_notification.win32': Not used on non-Windows systems
[2.089s] INFO:colcon.colcon_notification.desktop_notification:Sending desktop notification using 'notify2'
[2.109s] DEBUG:colcon.colcon_core.event_reactor:joined thread
[2.111s] INFO:colcon.colcon_core.shell:Creating prefix script '/home/danielgrioja/LAB/Rover_Lab/install/local_setup.ps1'
[2.112s] INFO:colcon.colcon_core.shell:Creating prefix util module '/home/danielgrioja/LAB/Rover_Lab/install/_local_setup_util_ps1.py'
[2.115s] INFO:colcon.colcon_core.shell:Creating prefix chain script '/home/danielgrioja/LAB/Rover_Lab/install/setup.ps1'
[2.117s] INFO:colcon.colcon_core.shell:Creating prefix script '/home/danielgrioja/LAB/Rover_Lab/install/local_setup.sh'
[2.119s] INFO:colcon.colcon_core.shell:Creating prefix util module '/home/danielgrioja/LAB/Rover_Lab/install/_local_setup_util_sh.py'
[2.120s] INFO:colcon.colcon_core.shell:Creating prefix chain script '/home/danielgrioja/LAB/Rover_Lab/install/setup.sh'
[2.122s] INFO:colcon.colcon_core.shell:Creating prefix script '/home/danielgrioja/LAB/Rover_Lab/install/local_setup.bash'
[2.123s] INFO:colcon.colcon_core.shell:Creating prefix chain script '/home/danielgrioja/LAB/Rover_Lab/install/setup.bash'
[2.125s] INFO:colcon.colcon_core.shell:Creating prefix script '/home/danielgrioja/LAB/Rover_Lab/install/local_setup.zsh'
[2.126s] INFO:colcon.colcon_core.shell:Creating prefix chain script '/home/danielgrioja/LAB/Rover_Lab/install/setup.zsh'
