[0.848s] Invoking command in '/home/danielgrioja/LAB/Rover_Lab/build/my_package': PYTHONPATH=/home/danielgrioja/LAB/Rover_Lab/build/my_package/prefix_override:/usr/lib/python3/dist-packages/colcon_core/task/python/colcon_distutils_commands:/home/danielgrioja/LAB/Rover_Lab/install/my_package/lib/python3.10/site-packages:${PYTHONPATH} /usr/bin/python3 -W ignore:setup.py install is deprecated -W ignore:easy_install command is deprecated setup.py develop --editable --build-directory /home/danielgrioja/LAB/Rover_Lab/build/my_package/build --no-deps symlink_data
[1.111s] running develop
[1.271s] running egg_info
[1.272s] creating my_package.egg-info
[1.272s] writing my_package.egg-info/PKG-INFO
[1.272s] writing dependency_links to my_package.egg-info/dependency_links.txt
[1.272s] writing entry points to my_package.egg-info/entry_points.txt
[1.274s] writing requirements to my_package.egg-info/requires.txt
[1.274s] writing top-level names to my_package.egg-info/top_level.txt
[1.275s] writing manifest file 'my_package.egg-info/SOURCES.txt'
[1.275s] reading manifest file 'my_package.egg-info/SOURCES.txt'
[1.275s] writing manifest file 'my_package.egg-info/SOURCES.txt'
[1.275s] running build_ext
[1.275s] Creating /home/danielgrioja/LAB/Rover_Lab/install/my_package/lib/python3.10/site-packages/my-package.egg-link (link to .)
[1.278s] Installing my_robot_driver script to /home/danielgrioja/LAB/Rover_Lab/install/my_package/lib/my_package
[1.278s] 
[1.278s] Installed /home/danielgrioja/LAB/Rover_Lab/build/my_package
[1.278s] running symlink_data
[1.278s] creating /home/danielgrioja/LAB/Rover_Lab/install/my_package/share/ament_index
[1.278s] creating /home/danielgrioja/LAB/Rover_Lab/install/my_package/share/ament_index/resource_index
[1.278s] creating /home/danielgrioja/LAB/Rover_Lab/install/my_package/share/ament_index/resource_index/packages
[1.278s] symbolically linking /home/danielgrioja/LAB/Rover_Lab/build/my_package/resource/my_package -> /home/danielgrioja/LAB/Rover_Lab/install/my_package/share/ament_index/resource_index/packages
[1.278s] creating /home/danielgrioja/LAB/Rover_Lab/install/my_package/share/my_package/launch
[1.278s] symbolically linking /home/danielgrioja/LAB/Rover_Lab/build/my_package/launch/robot_launch.py -> /home/danielgrioja/LAB/Rover_Lab/install/my_package/share/my_package/launch
[1.278s] creating /home/danielgrioja/LAB/Rover_Lab/install/my_package/share/my_package/worlds
[1.278s] symbolically linking /home/danielgrioja/LAB/Rover_Lab/build/my_package/worlds/my_world.wbt -> /home/danielgrioja/LAB/Rover_Lab/install/my_package/share/my_package/worlds
[1.278s] creating /home/danielgrioja/LAB/Rover_Lab/install/my_package/share/my_package/resource
[1.278s] symbolically linking /home/danielgrioja/LAB/Rover_Lab/build/my_package/resource/my_robot.urdf -> /home/danielgrioja/LAB/Rover_Lab/install/my_package/share/my_package/resource
[1.279s] symbolically linking /home/danielgrioja/LAB/Rover_Lab/build/my_package/package.xml -> /home/danielgrioja/LAB/Rover_Lab/install/my_package/share/my_package
[1.307s] Invoked command in '/home/danielgrioja/LAB/Rover_Lab/build/my_package' returned '0': PYTHONPATH=/home/danielgrioja/LAB/Rover_Lab/build/my_package/prefix_override:/usr/lib/python3/dist-packages/colcon_core/task/python/colcon_distutils_commands:/home/danielgrioja/LAB/Rover_Lab/install/my_package/lib/python3.10/site-packages:${PYTHONPATH} /usr/bin/python3 -W ignore:setup.py install is deprecated -W ignore:easy_install command is deprecated setup.py develop --editable --build-directory /home/danielgrioja/LAB/Rover_Lab/build/my_package/build --no-deps symlink_data
