[0.539s] Invoking command in '/home/javier/ROVER_V1/src/ctrl_vel_motores': DEBUGINFOD_URLS=https://debuginfod.ubuntu.com PYTHONPATH=/home/javier/ROVER_V1/build/ctrl_vel_motores/prefix_override:/usr/lib/python3/dist-packages/colcon_core/task/python/colcon_distutils_commands:/home/javier/ROVER_V1/install/ctrl_vel_motores/lib/python3.12/site-packages:${PYTHONPATH} /usr/bin/python3 -W ignore:setup.py install is deprecated -W ignore:easy_install command is deprecated setup.py egg_info --egg-base ../../build/ctrl_vel_motores build --build-base /home/javier/ROVER_V1/build/ctrl_vel_motores/build install --record /home/javier/ROVER_V1/build/ctrl_vel_motores/install.log --single-version-externally-managed install_data
[0.706s] running egg_info
[0.706s] creating ../../build/ctrl_vel_motores/ctrl_vel_motores.egg-info
[0.717s] writing ../../build/ctrl_vel_motores/ctrl_vel_motores.egg-info/PKG-INFO
[0.717s] writing dependency_links to ../../build/ctrl_vel_motores/ctrl_vel_motores.egg-info/dependency_links.txt
[0.717s] writing entry points to ../../build/ctrl_vel_motores/ctrl_vel_motores.egg-info/entry_points.txt
[0.717s] writing requirements to ../../build/ctrl_vel_motores/ctrl_vel_motores.egg-info/requires.txt
[0.717s] writing top-level names to ../../build/ctrl_vel_motores/ctrl_vel_motores.egg-info/top_level.txt
[0.717s] writing manifest file '../../build/ctrl_vel_motores/ctrl_vel_motores.egg-info/SOURCES.txt'
[0.738s] reading manifest file '../../build/ctrl_vel_motores/ctrl_vel_motores.egg-info/SOURCES.txt'
[0.739s] adding license file 'LICENSE'
[0.739s] writing manifest file '../../build/ctrl_vel_motores/ctrl_vel_motores.egg-info/SOURCES.txt'
[0.739s] running build
[0.739s] running build_py
[0.739s] creating /home/javier/ROVER_V1/build/ctrl_vel_motores/build
[0.739s] creating /home/javier/ROVER_V1/build/ctrl_vel_motores/build/lib
[0.739s] creating /home/javier/ROVER_V1/build/ctrl_vel_motores/build/lib/ctrl_vel_motores
[0.739s] copying ctrl_vel_motores/velocidad_teclado.py -> /home/javier/ROVER_V1/build/ctrl_vel_motores/build/lib/ctrl_vel_motores
[0.739s] copying ctrl_vel_motores/__init__.py -> /home/javier/ROVER_V1/build/ctrl_vel_motores/build/lib/ctrl_vel_motores
[0.739s] running install
[0.743s] running install_lib
[0.754s] creating /home/javier/ROVER_V1/install/ctrl_vel_motores/lib/python3.12/site-packages/ctrl_vel_motores
[0.754s] copying /home/javier/ROVER_V1/build/ctrl_vel_motores/build/lib/ctrl_vel_motores/velocidad_teclado.py -> /home/javier/ROVER_V1/install/ctrl_vel_motores/lib/python3.12/site-packages/ctrl_vel_motores
[0.754s] copying /home/javier/ROVER_V1/build/ctrl_vel_motores/build/lib/ctrl_vel_motores/__init__.py -> /home/javier/ROVER_V1/install/ctrl_vel_motores/lib/python3.12/site-packages/ctrl_vel_motores
[0.755s] byte-compiling /home/javier/ROVER_V1/install/ctrl_vel_motores/lib/python3.12/site-packages/ctrl_vel_motores/velocidad_teclado.py to velocidad_teclado.cpython-312.pyc
[0.755s]   File "/home/javier/ROVER_V1/install/ctrl_vel_motores/lib/python3.12/site-packages/ctrl_vel_motores/velocidad_teclado.py", line 24
[0.755s]     self.get_logger().info(f'Velocidad: ' {vel})
[0.755s]                            ^^^^^^^^^^^^^^^^^^^^
[0.755s] SyntaxError: invalid syntax. Perhaps you forgot a comma?
[0.755s] 
[0.755s] byte-compiling /home/javier/ROVER_V1/install/ctrl_vel_motores/lib/python3.12/site-packages/ctrl_vel_motores/__init__.py to __init__.cpython-312.pyc
[0.755s] running install_data
[0.755s] creating /home/javier/ROVER_V1/install/ctrl_vel_motores/share/ament_index
[0.755s] creating /home/javier/ROVER_V1/install/ctrl_vel_motores/share/ament_index/resource_index
[0.755s] creating /home/javier/ROVER_V1/install/ctrl_vel_motores/share/ament_index/resource_index/packages
[0.755s] copying resource/ctrl_vel_motores -> /home/javier/ROVER_V1/install/ctrl_vel_motores/share/ament_index/resource_index/packages
[0.755s] copying package.xml -> /home/javier/ROVER_V1/install/ctrl_vel_motores/share/ctrl_vel_motores
[0.755s] running install_egg_info
[0.767s] Copying ../../build/ctrl_vel_motores/ctrl_vel_motores.egg-info to /home/javier/ROVER_V1/install/ctrl_vel_motores/lib/python3.12/site-packages/ctrl_vel_motores-0.0.0-py3.12.egg-info
[0.767s] running install_scripts
[0.841s] Installing talker script to /home/javier/ROVER_V1/install/ctrl_vel_motores/lib/ctrl_vel_motores
[0.842s] writing list of installed files to '/home/javier/ROVER_V1/build/ctrl_vel_motores/install.log'
[0.857s] Invoked command in '/home/javier/ROVER_V1/src/ctrl_vel_motores' returned '0': DEBUGINFOD_URLS=https://debuginfod.ubuntu.com PYTHONPATH=/home/javier/ROVER_V1/build/ctrl_vel_motores/prefix_override:/usr/lib/python3/dist-packages/colcon_core/task/python/colcon_distutils_commands:/home/javier/ROVER_V1/install/ctrl_vel_motores/lib/python3.12/site-packages:${PYTHONPATH} /usr/bin/python3 -W ignore:setup.py install is deprecated -W ignore:easy_install command is deprecated setup.py egg_info --egg-base ../../build/ctrl_vel_motores build --build-base /home/javier/ROVER_V1/build/ctrl_vel_motores/build install --record /home/javier/ROVER_V1/build/ctrl_vel_motores/install.log --single-version-externally-managed install_data
