running egg_info
creating ../../../build/ctrl_vel_motores/ctrl_vel_motores.egg-info
writing ../../../build/ctrl_vel_motores/ctrl_vel_motores.egg-info/PKG-INFO
writing dependency_links to ../../../build/ctrl_vel_motores/ctrl_vel_motores.egg-info/dependency_links.txt
writing entry points to ../../../build/ctrl_vel_motores/ctrl_vel_motores.egg-info/entry_points.txt
writing requirements to ../../../build/ctrl_vel_motores/ctrl_vel_motores.egg-info/requires.txt
writing top-level names to ../../../build/ctrl_vel_motores/ctrl_vel_motores.egg-info/top_level.txt
writing manifest file '../../../build/ctrl_vel_motores/ctrl_vel_motores.egg-info/SOURCES.txt'
reading manifest file '../../../build/ctrl_vel_motores/ctrl_vel_motores.egg-info/SOURCES.txt'
adding license file 'LICENSE'
writing manifest file '../../../build/ctrl_vel_motores/ctrl_vel_motores.egg-info/SOURCES.txt'
running build
running build_py
creating /home/danielgrioja/Proyectos/Rover_Lab/ros2_ws/build/ctrl_vel_motores/build
creating /home/danielgrioja/Proyectos/Rover_Lab/ros2_ws/build/ctrl_vel_motores/build/lib
creating /home/danielgrioja/Proyectos/Rover_Lab/ros2_ws/build/ctrl_vel_motores/build/lib/ctrl_vel_motores
copying ctrl_vel_motores/__init__.py -> /home/danielgrioja/Proyectos/Rover_Lab/ros2_ws/build/ctrl_vel_motores/build/lib/ctrl_vel_motores
copying ctrl_vel_motores/velocidad_teclado.py -> /home/danielgrioja/Proyectos/Rover_Lab/ros2_ws/build/ctrl_vel_motores/build/lib/ctrl_vel_motores
copying ctrl_vel_motores/velocidad_motores.py -> /home/danielgrioja/Proyectos/Rover_Lab/ros2_ws/build/ctrl_vel_motores/build/lib/ctrl_vel_motores
copying ctrl_vel_motores/velocidad_direccion.py -> /home/danielgrioja/Proyectos/Rover_Lab/ros2_ws/build/ctrl_vel_motores/build/lib/ctrl_vel_motores
copying ctrl_vel_motores/comando_teclado.py -> /home/danielgrioja/Proyectos/Rover_Lab/ros2_ws/build/ctrl_vel_motores/build/lib/ctrl_vel_motores
running install
running install_lib
creating /home/danielgrioja/Proyectos/Rover_Lab/ros2_ws/install/ctrl_vel_motores/lib/python3.12/site-packages/ctrl_vel_motores
copying /home/danielgrioja/Proyectos/Rover_Lab/ros2_ws/build/ctrl_vel_motores/build/lib/ctrl_vel_motores/__init__.py -> /home/danielgrioja/Proyectos/Rover_Lab/ros2_ws/install/ctrl_vel_motores/lib/python3.12/site-packages/ctrl_vel_motores
copying /home/danielgrioja/Proyectos/Rover_Lab/ros2_ws/build/ctrl_vel_motores/build/lib/ctrl_vel_motores/velocidad_teclado.py -> /home/danielgrioja/Proyectos/Rover_Lab/ros2_ws/install/ctrl_vel_motores/lib/python3.12/site-packages/ctrl_vel_motores
copying /home/danielgrioja/Proyectos/Rover_Lab/ros2_ws/build/ctrl_vel_motores/build/lib/ctrl_vel_motores/velocidad_motores.py -> /home/danielgrioja/Proyectos/Rover_Lab/ros2_ws/install/ctrl_vel_motores/lib/python3.12/site-packages/ctrl_vel_motores
copying /home/danielgrioja/Proyectos/Rover_Lab/ros2_ws/build/ctrl_vel_motores/build/lib/ctrl_vel_motores/velocidad_direccion.py -> /home/danielgrioja/Proyectos/Rover_Lab/ros2_ws/install/ctrl_vel_motores/lib/python3.12/site-packages/ctrl_vel_motores
copying /home/danielgrioja/Proyectos/Rover_Lab/ros2_ws/build/ctrl_vel_motores/build/lib/ctrl_vel_motores/comando_teclado.py -> /home/danielgrioja/Proyectos/Rover_Lab/ros2_ws/install/ctrl_vel_motores/lib/python3.12/site-packages/ctrl_vel_motores
byte-compiling /home/danielgrioja/Proyectos/Rover_Lab/ros2_ws/install/ctrl_vel_motores/lib/python3.12/site-packages/ctrl_vel_motores/__init__.py to __init__.cpython-312.pyc
byte-compiling /home/danielgrioja/Proyectos/Rover_Lab/ros2_ws/install/ctrl_vel_motores/lib/python3.12/site-packages/ctrl_vel_motores/velocidad_teclado.py to velocidad_teclado.cpython-312.pyc
byte-compiling /home/danielgrioja/Proyectos/Rover_Lab/ros2_ws/install/ctrl_vel_motores/lib/python3.12/site-packages/ctrl_vel_motores/velocidad_motores.py to velocidad_motores.cpython-312.pyc
byte-compiling /home/danielgrioja/Proyectos/Rover_Lab/ros2_ws/install/ctrl_vel_motores/lib/python3.12/site-packages/ctrl_vel_motores/velocidad_direccion.py to velocidad_direccion.cpython-312.pyc
byte-compiling /home/danielgrioja/Proyectos/Rover_Lab/ros2_ws/install/ctrl_vel_motores/lib/python3.12/site-packages/ctrl_vel_motores/comando_teclado.py to comando_teclado.cpython-312.pyc
running install_data
creating /home/danielgrioja/Proyectos/Rover_Lab/ros2_ws/install/ctrl_vel_motores/share/ament_index
creating /home/danielgrioja/Proyectos/Rover_Lab/ros2_ws/install/ctrl_vel_motores/share/ament_index/resource_index
creating /home/danielgrioja/Proyectos/Rover_Lab/ros2_ws/install/ctrl_vel_motores/share/ament_index/resource_index/packages
copying resource/ctrl_vel_motores -> /home/danielgrioja/Proyectos/Rover_Lab/ros2_ws/install/ctrl_vel_motores/share/ament_index/resource_index/packages
copying package.xml -> /home/danielgrioja/Proyectos/Rover_Lab/ros2_ws/install/ctrl_vel_motores/share/ctrl_vel_motores
running install_egg_info
Copying ../../../build/ctrl_vel_motores/ctrl_vel_motores.egg-info to /home/danielgrioja/Proyectos/Rover_Lab/ros2_ws/install/ctrl_vel_motores/lib/python3.12/site-packages/ctrl_vel_motores-0.0.0-py3.12.egg-info
running install_scripts
Installing comando_teclado script to /home/danielgrioja/Proyectos/Rover_Lab/ros2_ws/install/ctrl_vel_motores/lib/ctrl_vel_motores
Installing velocidad_direccion script to /home/danielgrioja/Proyectos/Rover_Lab/ros2_ws/install/ctrl_vel_motores/lib/ctrl_vel_motores
Installing velocidad_motores script to /home/danielgrioja/Proyectos/Rover_Lab/ros2_ws/install/ctrl_vel_motores/lib/ctrl_vel_motores
Installing velocidad_teclado script to /home/danielgrioja/Proyectos/Rover_Lab/ros2_ws/install/ctrl_vel_motores/lib/ctrl_vel_motores
writing list of installed files to '/home/danielgrioja/Proyectos/Rover_Lab/ros2_ws/build/ctrl_vel_motores/install.log'
