[0.893s] Invoking command in '/home/danielgrioja/Proyectos/Rover_Lab/ros2_ws/src/hardware/ctrl_vel_motores': DEBUGINFOD_URLS=https://debuginfod.ubuntu.com PYTHONPATH=/home/danielgrioja/Proyectos/Rover_Lab/ros2_ws/build/ctrl_vel_motores/prefix_override:/usr/lib/python3/dist-packages/colcon_core/task/python/colcon_distutils_commands:/home/danielgrioja/Proyectos/Rover_Lab/ros2_ws/install/ctrl_vel_motores/lib/python3.12/site-packages:${PYTHONPATH} /usr/bin/python3 -W ignore:setup.py install is deprecated -W ignore:easy_install command is deprecated setup.py egg_info --egg-base ../../../build/ctrl_vel_motores build --build-base /home/danielgrioja/Proyectos/Rover_Lab/ros2_ws/build/ctrl_vel_motores/build install --record /home/danielgrioja/Proyectos/Rover_Lab/ros2_ws/build/ctrl_vel_motores/install.log --single-version-externally-managed install_data
[1.098s] running egg_info
[1.098s] creating ../../../build/ctrl_vel_motores/ctrl_vel_motores.egg-info
[1.114s] writing ../../../build/ctrl_vel_motores/ctrl_vel_motores.egg-info/PKG-INFO
[1.114s] writing dependency_links to ../../../build/ctrl_vel_motores/ctrl_vel_motores.egg-info/dependency_links.txt
[1.114s] writing entry points to ../../../build/ctrl_vel_motores/ctrl_vel_motores.egg-info/entry_points.txt
[1.114s] writing requirements to ../../../build/ctrl_vel_motores/ctrl_vel_motores.egg-info/requires.txt
[1.114s] writing top-level names to ../../../build/ctrl_vel_motores/ctrl_vel_motores.egg-info/top_level.txt
[1.114s] writing manifest file '../../../build/ctrl_vel_motores/ctrl_vel_motores.egg-info/SOURCES.txt'
[1.146s] reading manifest file '../../../build/ctrl_vel_motores/ctrl_vel_motores.egg-info/SOURCES.txt'
[1.146s] adding license file 'LICENSE'
[1.147s] writing manifest file '../../../build/ctrl_vel_motores/ctrl_vel_motores.egg-info/SOURCES.txt'
[1.147s] running build
[1.147s] running build_py
[1.147s] creating /home/danielgrioja/Proyectos/Rover_Lab/ros2_ws/build/ctrl_vel_motores/build
[1.147s] creating /home/danielgrioja/Proyectos/Rover_Lab/ros2_ws/build/ctrl_vel_motores/build/lib
[1.147s] creating /home/danielgrioja/Proyectos/Rover_Lab/ros2_ws/build/ctrl_vel_motores/build/lib/ctrl_vel_motores
[1.147s] copying ctrl_vel_motores/__init__.py -> /home/danielgrioja/Proyectos/Rover_Lab/ros2_ws/build/ctrl_vel_motores/build/lib/ctrl_vel_motores
[1.147s] copying ctrl_vel_motores/velocidad_teclado.py -> /home/danielgrioja/Proyectos/Rover_Lab/ros2_ws/build/ctrl_vel_motores/build/lib/ctrl_vel_motores
[1.147s] copying ctrl_vel_motores/velocidad_motores.py -> /home/danielgrioja/Proyectos/Rover_Lab/ros2_ws/build/ctrl_vel_motores/build/lib/ctrl_vel_motores
[1.147s] copying ctrl_vel_motores/velocidad_direccion.py -> /home/danielgrioja/Proyectos/Rover_Lab/ros2_ws/build/ctrl_vel_motores/build/lib/ctrl_vel_motores
[1.147s] copying ctrl_vel_motores/comando_teclado.py -> /home/danielgrioja/Proyectos/Rover_Lab/ros2_ws/build/ctrl_vel_motores/build/lib/ctrl_vel_motores
[1.148s] running install
[1.152s] running install_lib
[1.169s] creating /home/danielgrioja/Proyectos/Rover_Lab/ros2_ws/install/ctrl_vel_motores/lib/python3.12/site-packages/ctrl_vel_motores
[1.169s] copying /home/danielgrioja/Proyectos/Rover_Lab/ros2_ws/build/ctrl_vel_motores/build/lib/ctrl_vel_motores/__init__.py -> /home/danielgrioja/Proyectos/Rover_Lab/ros2_ws/install/ctrl_vel_motores/lib/python3.12/site-packages/ctrl_vel_motores
[1.169s] copying /home/danielgrioja/Proyectos/Rover_Lab/ros2_ws/build/ctrl_vel_motores/build/lib/ctrl_vel_motores/velocidad_teclado.py -> /home/danielgrioja/Proyectos/Rover_Lab/ros2_ws/install/ctrl_vel_motores/lib/python3.12/site-packages/ctrl_vel_motores
[1.169s] copying /home/danielgrioja/Proyectos/Rover_Lab/ros2_ws/build/ctrl_vel_motores/build/lib/ctrl_vel_motores/velocidad_motores.py -> /home/danielgrioja/Proyectos/Rover_Lab/ros2_ws/install/ctrl_vel_motores/lib/python3.12/site-packages/ctrl_vel_motores
[1.169s] copying /home/danielgrioja/Proyectos/Rover_Lab/ros2_ws/build/ctrl_vel_motores/build/lib/ctrl_vel_motores/velocidad_direccion.py -> /home/danielgrioja/Proyectos/Rover_Lab/ros2_ws/install/ctrl_vel_motores/lib/python3.12/site-packages/ctrl_vel_motores
[1.169s] copying /home/danielgrioja/Proyectos/Rover_Lab/ros2_ws/build/ctrl_vel_motores/build/lib/ctrl_vel_motores/comando_teclado.py -> /home/danielgrioja/Proyectos/Rover_Lab/ros2_ws/install/ctrl_vel_motores/lib/python3.12/site-packages/ctrl_vel_motores
[1.169s] byte-compiling /home/danielgrioja/Proyectos/Rover_Lab/ros2_ws/install/ctrl_vel_motores/lib/python3.12/site-packages/ctrl_vel_motores/__init__.py to __init__.cpython-312.pyc
[1.169s] byte-compiling /home/danielgrioja/Proyectos/Rover_Lab/ros2_ws/install/ctrl_vel_motores/lib/python3.12/site-packages/ctrl_vel_motores/velocidad_teclado.py to velocidad_teclado.cpython-312.pyc
[1.170s] byte-compiling /home/danielgrioja/Proyectos/Rover_Lab/ros2_ws/install/ctrl_vel_motores/lib/python3.12/site-packages/ctrl_vel_motores/velocidad_motores.py to velocidad_motores.cpython-312.pyc
[1.170s] byte-compiling /home/danielgrioja/Proyectos/Rover_Lab/ros2_ws/install/ctrl_vel_motores/lib/python3.12/site-packages/ctrl_vel_motores/velocidad_direccion.py to velocidad_direccion.cpython-312.pyc
[1.171s] byte-compiling /home/danielgrioja/Proyectos/Rover_Lab/ros2_ws/install/ctrl_vel_motores/lib/python3.12/site-packages/ctrl_vel_motores/comando_teclado.py to comando_teclado.cpython-312.pyc
[1.171s] running install_data
[1.171s] creating /home/danielgrioja/Proyectos/Rover_Lab/ros2_ws/install/ctrl_vel_motores/share/ament_index
[1.171s] creating /home/danielgrioja/Proyectos/Rover_Lab/ros2_ws/install/ctrl_vel_motores/share/ament_index/resource_index
[1.172s] creating /home/danielgrioja/Proyectos/Rover_Lab/ros2_ws/install/ctrl_vel_motores/share/ament_index/resource_index/packages
[1.172s] copying resource/ctrl_vel_motores -> /home/danielgrioja/Proyectos/Rover_Lab/ros2_ws/install/ctrl_vel_motores/share/ament_index/resource_index/packages
[1.172s] copying package.xml -> /home/danielgrioja/Proyectos/Rover_Lab/ros2_ws/install/ctrl_vel_motores/share/ctrl_vel_motores
[1.172s] running install_egg_info
[1.188s] Copying ../../../build/ctrl_vel_motores/ctrl_vel_motores.egg-info to /home/danielgrioja/Proyectos/Rover_Lab/ros2_ws/install/ctrl_vel_motores/lib/python3.12/site-packages/ctrl_vel_motores-0.0.0-py3.12.egg-info
[1.189s] running install_scripts
[1.289s] Installing comando_teclado script to /home/danielgrioja/Proyectos/Rover_Lab/ros2_ws/install/ctrl_vel_motores/lib/ctrl_vel_motores
[1.289s] Installing velocidad_direccion script to /home/danielgrioja/Proyectos/Rover_Lab/ros2_ws/install/ctrl_vel_motores/lib/ctrl_vel_motores
[1.289s] Installing velocidad_motores script to /home/danielgrioja/Proyectos/Rover_Lab/ros2_ws/install/ctrl_vel_motores/lib/ctrl_vel_motores
[1.289s] Installing velocidad_teclado script to /home/danielgrioja/Proyectos/Rover_Lab/ros2_ws/install/ctrl_vel_motores/lib/ctrl_vel_motores
[1.289s] writing list of installed files to '/home/danielgrioja/Proyectos/Rover_Lab/ros2_ws/build/ctrl_vel_motores/install.log'
[1.314s] Invoked command in '/home/danielgrioja/Proyectos/Rover_Lab/ros2_ws/src/hardware/ctrl_vel_motores' returned '0': DEBUGINFOD_URLS=https://debuginfod.ubuntu.com PYTHONPATH=/home/danielgrioja/Proyectos/Rover_Lab/ros2_ws/build/ctrl_vel_motores/prefix_override:/usr/lib/python3/dist-packages/colcon_core/task/python/colcon_distutils_commands:/home/danielgrioja/Proyectos/Rover_Lab/ros2_ws/install/ctrl_vel_motores/lib/python3.12/site-packages:${PYTHONPATH} /usr/bin/python3 -W ignore:setup.py install is deprecated -W ignore:easy_install command is deprecated setup.py egg_info --egg-base ../../../build/ctrl_vel_motores build --build-base /home/danielgrioja/Proyectos/Rover_Lab/ros2_ws/build/ctrl_vel_motores/build install --record /home/danielgrioja/Proyectos/Rover_Lab/ros2_ws/build/ctrl_vel_motores/install.log --single-version-externally-managed install_data
