[0.491s] Invoking command in '/home/javier/Rover_Lab/rover_fisico/ROS2_ROVER/src/ctrl_vel_motores': DEBUGINFOD_URLS=https://debuginfod.ubuntu.com PYTHONPATH=/home/javier/Rover_Lab/rover_fisico/ROS2_ROVER/build/ctrl_vel_motores/prefix_override:/usr/lib/python3/dist-packages/colcon_core/task/python/colcon_distutils_commands:/home/javier/Rover_Lab/rover_fisico/ROS2_ROVER/install/ctrl_vel_motores/lib/python3.12/site-packages:${PYTHONPATH} /usr/bin/python3 -W ignore:setup.py install is deprecated -W ignore:easy_install command is deprecated setup.py egg_info --egg-base ../../build/ctrl_vel_motores build --build-base /home/javier/Rover_Lab/rover_fisico/ROS2_ROVER/build/ctrl_vel_motores/build install --record /home/javier/Rover_Lab/rover_fisico/ROS2_ROVER/build/ctrl_vel_motores/install.log --single-version-externally-managed install_data
[0.653s] running egg_info
[0.664s] writing ../../build/ctrl_vel_motores/ctrl_vel_motores.egg-info/PKG-INFO
[0.664s] writing dependency_links to ../../build/ctrl_vel_motores/ctrl_vel_motores.egg-info/dependency_links.txt
[0.664s] writing entry points to ../../build/ctrl_vel_motores/ctrl_vel_motores.egg-info/entry_points.txt
[0.664s] writing requirements to ../../build/ctrl_vel_motores/ctrl_vel_motores.egg-info/requires.txt
[0.664s] writing top-level names to ../../build/ctrl_vel_motores/ctrl_vel_motores.egg-info/top_level.txt
[0.685s] reading manifest file '../../build/ctrl_vel_motores/ctrl_vel_motores.egg-info/SOURCES.txt'
[0.685s] adding license file 'LICENSE'
[0.686s] writing manifest file '../../build/ctrl_vel_motores/ctrl_vel_motores.egg-info/SOURCES.txt'
[0.686s] running build
[0.686s] running build_py
[0.686s] copying ctrl_vel_motores/velocidad_direccion.py -> /home/javier/Rover_Lab/rover_fisico/ROS2_ROVER/build/ctrl_vel_motores/build/lib/ctrl_vel_motores
[0.686s] copying ctrl_vel_motores/comando_teclado.py -> /home/javier/Rover_Lab/rover_fisico/ROS2_ROVER/build/ctrl_vel_motores/build/lib/ctrl_vel_motores
[0.686s] running install
[0.690s] running install_lib
[0.701s] copying /home/javier/Rover_Lab/rover_fisico/ROS2_ROVER/build/ctrl_vel_motores/build/lib/ctrl_vel_motores/velocidad_direccion.py -> /home/javier/Rover_Lab/rover_fisico/ROS2_ROVER/install/ctrl_vel_motores/lib/python3.12/site-packages/ctrl_vel_motores
[0.701s] copying /home/javier/Rover_Lab/rover_fisico/ROS2_ROVER/build/ctrl_vel_motores/build/lib/ctrl_vel_motores/comando_teclado.py -> /home/javier/Rover_Lab/rover_fisico/ROS2_ROVER/install/ctrl_vel_motores/lib/python3.12/site-packages/ctrl_vel_motores
[0.701s] byte-compiling /home/javier/Rover_Lab/rover_fisico/ROS2_ROVER/install/ctrl_vel_motores/lib/python3.12/site-packages/ctrl_vel_motores/velocidad_direccion.py to velocidad_direccion.cpython-312.pyc
[0.702s] byte-compiling /home/javier/Rover_Lab/rover_fisico/ROS2_ROVER/install/ctrl_vel_motores/lib/python3.12/site-packages/ctrl_vel_motores/comando_teclado.py to comando_teclado.cpython-312.pyc
[0.703s] running install_data
[0.703s] running install_egg_info
[0.714s] removing '/home/javier/Rover_Lab/rover_fisico/ROS2_ROVER/install/ctrl_vel_motores/lib/python3.12/site-packages/ctrl_vel_motores-0.0.0-py3.12.egg-info' (and everything under it)
[0.715s] Copying ../../build/ctrl_vel_motores/ctrl_vel_motores.egg-info to /home/javier/Rover_Lab/rover_fisico/ROS2_ROVER/install/ctrl_vel_motores/lib/python3.12/site-packages/ctrl_vel_motores-0.0.0-py3.12.egg-info
[0.715s] running install_scripts
[0.789s] Installing comando_teclado script to /home/javier/Rover_Lab/rover_fisico/ROS2_ROVER/install/ctrl_vel_motores/lib/ctrl_vel_motores
[0.789s] Installing velocidad_direccion script to /home/javier/Rover_Lab/rover_fisico/ROS2_ROVER/install/ctrl_vel_motores/lib/ctrl_vel_motores
[0.789s] Installing velocidad_motores script to /home/javier/Rover_Lab/rover_fisico/ROS2_ROVER/install/ctrl_vel_motores/lib/ctrl_vel_motores
[0.789s] Installing velocidad_teclado script to /home/javier/Rover_Lab/rover_fisico/ROS2_ROVER/install/ctrl_vel_motores/lib/ctrl_vel_motores
[0.789s] writing list of installed files to '/home/javier/Rover_Lab/rover_fisico/ROS2_ROVER/build/ctrl_vel_motores/install.log'
[0.806s] Invoked command in '/home/javier/Rover_Lab/rover_fisico/ROS2_ROVER/src/ctrl_vel_motores' returned '0': DEBUGINFOD_URLS=https://debuginfod.ubuntu.com PYTHONPATH=/home/javier/Rover_Lab/rover_fisico/ROS2_ROVER/build/ctrl_vel_motores/prefix_override:/usr/lib/python3/dist-packages/colcon_core/task/python/colcon_distutils_commands:/home/javier/Rover_Lab/rover_fisico/ROS2_ROVER/install/ctrl_vel_motores/lib/python3.12/site-packages:${PYTHONPATH} /usr/bin/python3 -W ignore:setup.py install is deprecated -W ignore:easy_install command is deprecated setup.py egg_info --egg-base ../../build/ctrl_vel_motores build --build-base /home/javier/Rover_Lab/rover_fisico/ROS2_ROVER/build/ctrl_vel_motores/build install --record /home/javier/Rover_Lab/rover_fisico/ROS2_ROVER/build/ctrl_vel_motores/install.log --single-version-externally-managed install_data
