[0.354s] Invoking command in '/home/danielgrioja/Proyectos/Rover_Lab/my_package': CONDA_PROMPT_MODIFIER=(base) PYTHONPATH=/home/danielgrioja/Proyectos/Rover_Lab/my_package/build/my_package/prefix_override:/usr/lib/python3/dist-packages/colcon_core/task/python/colcon_distutils_commands:/home/danielgrioja/Proyectos/Rover_Lab/my_package/install/my_package/lib/python3.10/site-packages:${PYTHONPATH} /usr/bin/python3 -W ignore:setup.py install is deprecated -W ignore:easy_install command is deprecated setup.py egg_info --egg-base build/my_package build --build-base /home/danielgrioja/Proyectos/Rover_Lab/my_package/build/my_package/build install --record /home/danielgrioja/Proyectos/Rover_Lab/my_package/build/my_package/install.log --single-version-externally-managed install_data
[0.501s] running egg_info
[0.501s] creating build/my_package/my_package.egg-info
[0.501s] writing build/my_package/my_package.egg-info/PKG-INFO
[0.501s] writing dependency_links to build/my_package/my_package.egg-info/dependency_links.txt
[0.501s] writing entry points to build/my_package/my_package.egg-info/entry_points.txt
[0.501s] writing requirements to build/my_package/my_package.egg-info/requires.txt
[0.502s] writing top-level names to build/my_package/my_package.egg-info/top_level.txt
[0.502s] writing manifest file 'build/my_package/my_package.egg-info/SOURCES.txt'
[0.503s] reading manifest file 'build/my_package/my_package.egg-info/SOURCES.txt'
[0.503s] adding license file 'LICENSE'
[0.503s] writing manifest file 'build/my_package/my_package.egg-info/SOURCES.txt'
[0.503s] running build
[0.503s] running build_py
[0.503s] creating /home/danielgrioja/Proyectos/Rover_Lab/my_package/build/my_package/build
[0.503s] creating /home/danielgrioja/Proyectos/Rover_Lab/my_package/build/my_package/build/lib
[0.503s] creating /home/danielgrioja/Proyectos/Rover_Lab/my_package/build/my_package/build/lib/my_package
[0.503s] copying my_package/__init__.py -> /home/danielgrioja/Proyectos/Rover_Lab/my_package/build/my_package/build/lib/my_package
[0.503s] copying my_package/my_robot_driver.py -> /home/danielgrioja/Proyectos/Rover_Lab/my_package/build/my_package/build/lib/my_package
[0.504s] running install
[0.504s] running install_lib
[0.505s] creating /home/danielgrioja/Proyectos/Rover_Lab/my_package/install/my_package/lib/python3.10/site-packages/my_package
[0.505s] copying /home/danielgrioja/Proyectos/Rover_Lab/my_package/build/my_package/build/lib/my_package/__init__.py -> /home/danielgrioja/Proyectos/Rover_Lab/my_package/install/my_package/lib/python3.10/site-packages/my_package
[0.505s] copying /home/danielgrioja/Proyectos/Rover_Lab/my_package/build/my_package/build/lib/my_package/my_robot_driver.py -> /home/danielgrioja/Proyectos/Rover_Lab/my_package/install/my_package/lib/python3.10/site-packages/my_package
[0.505s] byte-compiling /home/danielgrioja/Proyectos/Rover_Lab/my_package/install/my_package/lib/python3.10/site-packages/my_package/__init__.py to __init__.cpython-310.pyc
[0.506s] byte-compiling /home/danielgrioja/Proyectos/Rover_Lab/my_package/install/my_package/lib/python3.10/site-packages/my_package/my_robot_driver.py to my_robot_driver.cpython-310.pyc
[0.506s] running install_data
[0.506s] creating /home/danielgrioja/Proyectos/Rover_Lab/my_package/install/my_package/share/ament_index
[0.506s] creating /home/danielgrioja/Proyectos/Rover_Lab/my_package/install/my_package/share/ament_index/resource_index
[0.507s] creating /home/danielgrioja/Proyectos/Rover_Lab/my_package/install/my_package/share/ament_index/resource_index/packages
[0.507s] copying resource/my_package -> /home/danielgrioja/Proyectos/Rover_Lab/my_package/install/my_package/share/ament_index/resource_index/packages
[0.507s] copying package.xml -> /home/danielgrioja/Proyectos/Rover_Lab/my_package/install/my_package/share/my_package
[0.507s] running install_egg_info
[0.507s] Copying build/my_package/my_package.egg-info to /home/danielgrioja/Proyectos/Rover_Lab/my_package/install/my_package/lib/python3.10/site-packages/my_package-0.0.0-py3.10.egg-info
[0.508s] running install_scripts
[0.520s] Installing my_robot_driver script to /home/danielgrioja/Proyectos/Rover_Lab/my_package/install/my_package/lib/my_package
[0.520s] writing list of installed files to '/home/danielgrioja/Proyectos/Rover_Lab/my_package/build/my_package/install.log'
[0.535s] Invoked command in '/home/danielgrioja/Proyectos/Rover_Lab/my_package' returned '0': CONDA_PROMPT_MODIFIER=(base) PYTHONPATH=/home/danielgrioja/Proyectos/Rover_Lab/my_package/build/my_package/prefix_override:/usr/lib/python3/dist-packages/colcon_core/task/python/colcon_distutils_commands:/home/danielgrioja/Proyectos/Rover_Lab/my_package/install/my_package/lib/python3.10/site-packages:${PYTHONPATH} /usr/bin/python3 -W ignore:setup.py install is deprecated -W ignore:easy_install command is deprecated setup.py egg_info --egg-base build/my_package build --build-base /home/danielgrioja/Proyectos/Rover_Lab/my_package/build/my_package/build install --record /home/danielgrioja/Proyectos/Rover_Lab/my_package/build/my_package/install.log --single-version-externally-managed install_data
