[0.126s] DEBUG:colcon:Command line arguments: ['/usr/bin/colcon', 'build', '--symlink-install']
[0.126s] DEBUG:colcon:Parsed command line arguments: Namespace(log_base=None, log_level=None, verb_name='build', build_base='build', install_base='install', merge_install=False, symlink_install=True, test_result_base=None, continue_on_error=False, executor='parallel', parallel_workers=2, event_handlers=None, ignore_user_meta=False, metas=['./colcon.meta'], base_paths=['.'], packages_ignore=None, packages_ignore_regex=None, paths=None, packages_up_to=None, packages_up_to_regex=None, packages_above=None, packages_above_and_dependencies=None, packages_above_depth=None, packages_select_by_dep=None, packages_skip_by_dep=None, packages_skip_up_to=None, packages_select_build_failed=False, packages_skip_build_finished=False, packages_select_test_failures=False, packages_skip_test_passed=False, packages_select=None, packages_skip=None, packages_select_regex=None, packages_skip_regex=None, packages_start=None, packages_end=None, allow_overriding=[], cmake_args=None, cmake_target=None, cmake_target_skip_unavailable=False, cmake_clean_cache=False, cmake_clean_first=False, cmake_force_configure=False, ament_cmake_args=None, catkin_cmake_args=None, catkin_skip_building_tests=False, verb_parser=<colcon_defaults.argument_parser.defaults.DefaultArgumentsDecorator object at 0x7e3e8e76c760>, verb_extension=<colcon_core.verb.build.BuildVerb object at 0x7e3e8e855b70>, main=<bound method BuildVerb.main of <colcon_core.verb.build.BuildVerb object at 0x7e3e8e855b70>>)
[0.289s] Level 1:colcon.colcon_core.package_discovery:discover_packages(colcon_meta) check parameters
[0.289s] Level 1:colcon.colcon_core.package_discovery:discover_packages(recursive) check parameters
[0.289s] Level 1:colcon.colcon_core.package_discovery:discover_packages(ignore) check parameters
[0.289s] Level 1:colcon.colcon_core.package_discovery:discover_packages(path) check parameters
[0.289s] Level 1:colcon.colcon_core.package_discovery:discover_packages(colcon_meta) discover
[0.289s] Level 1:colcon.colcon_core.package_discovery:discover_packages(recursive) discover
[0.289s] INFO:colcon.colcon_core.package_discovery:Crawling recursively for packages in '/home/danielgrioja/LAB/Rover_Lab'
[0.289s] Level 1:colcon.colcon_core.package_identification:_identify(.) by extensions ['ignore', 'ignore_ament_install']
[0.290s] Level 1:colcon.colcon_core.package_identification:_identify(.) by extension 'ignore'
[0.290s] Level 1:colcon.colcon_core.package_identification:_identify(.) by extension 'ignore_ament_install'
[0.290s] Level 1:colcon.colcon_core.package_identification:_identify(.) by extensions ['colcon_pkg']
[0.290s] Level 1:colcon.colcon_core.package_identification:_identify(.) by extension 'colcon_pkg'
[0.290s] Level 1:colcon.colcon_core.package_identification:_identify(.) by extensions ['colcon_meta']
[0.290s] Level 1:colcon.colcon_core.package_identification:_identify(.) by extension 'colcon_meta'
[0.290s] Level 1:colcon.colcon_core.package_identification:_identify(.) by extensions ['ros']
[0.290s] Level 1:colcon.colcon_core.package_identification:_identify(.) by extension 'ros'
[0.301s] Level 1:colcon.colcon_core.package_identification:_identify(.) by extensions ['cmake', 'python']
[0.301s] Level 1:colcon.colcon_core.package_identification:_identify(.) by extension 'cmake'
[0.301s] Level 1:colcon.colcon_core.package_identification:_identify(.) by extension 'python'
[0.301s] Level 1:colcon.colcon_core.package_identification:_identify(.) by extensions ['python_setup_py']
[0.301s] Level 1:colcon.colcon_core.package_identification:_identify(.) by extension 'python_setup_py'
[0.302s] Level 1:colcon.colcon_core.package_identification:_identify(build) by extensions ['ignore', 'ignore_ament_install']
[0.302s] Level 1:colcon.colcon_core.package_identification:_identify(build) by extension 'ignore'
[0.302s] Level 1:colcon.colcon_core.package_identification:_identify(build) ignored
[0.302s] Level 1:colcon.colcon_core.package_identification:_identify(install) by extensions ['ignore', 'ignore_ament_install']
[0.302s] Level 1:colcon.colcon_core.package_identification:_identify(install) by extension 'ignore'
[0.302s] Level 1:colcon.colcon_core.package_identification:_identify(install) ignored
[0.302s] Level 1:colcon.colcon_core.package_identification:_identify(log) by extensions ['ignore', 'ignore_ament_install']
[0.302s] Level 1:colcon.colcon_core.package_identification:_identify(log) by extension 'ignore'
[0.302s] Level 1:colcon.colcon_core.package_identification:_identify(log) ignored
[0.303s] Level 1:colcon.colcon_core.package_identification:_identify(my_first_simulation) by extensions ['ignore', 'ignore_ament_install']
[0.303s] Level 1:colcon.colcon_core.package_identification:_identify(my_first_simulation) by extension 'ignore'
[0.303s] Level 1:colcon.colcon_core.package_identification:_identify(my_first_simulation) by extension 'ignore_ament_install'
[0.303s] Level 1:colcon.colcon_core.package_identification:_identify(my_first_simulation) by extensions ['colcon_pkg']
[0.303s] Level 1:colcon.colcon_core.package_identification:_identify(my_first_simulation) by extension 'colcon_pkg'
[0.303s] Level 1:colcon.colcon_core.package_identification:_identify(my_first_simulation) by extensions ['colcon_meta']
[0.303s] Level 1:colcon.colcon_core.package_identification:_identify(my_first_simulation) by extension 'colcon_meta'
[0.303s] Level 1:colcon.colcon_core.package_identification:_identify(my_first_simulation) by extensions ['ros']
[0.303s] Level 1:colcon.colcon_core.package_identification:_identify(my_first_simulation) by extension 'ros'
[0.303s] Level 1:colcon.colcon_core.package_identification:_identify(my_first_simulation) by extensions ['cmake', 'python']
[0.303s] Level 1:colcon.colcon_core.package_identification:_identify(my_first_simulation) by extension 'cmake'
[0.303s] Level 1:colcon.colcon_core.package_identification:_identify(my_first_simulation) by extension 'python'
[0.303s] Level 1:colcon.colcon_core.package_identification:_identify(my_first_simulation) by extensions ['python_setup_py']
[0.303s] Level 1:colcon.colcon_core.package_identification:_identify(my_first_simulation) by extension 'python_setup_py'
[0.303s] Level 1:colcon.colcon_core.package_identification:_identify(my_first_simulation/controllers) by extensions ['ignore', 'ignore_ament_install']
[0.304s] Level 1:colcon.colcon_core.package_identification:_identify(my_first_simulation/controllers) by extension 'ignore'
[0.304s] Level 1:colcon.colcon_core.package_identification:_identify(my_first_simulation/controllers) by extension 'ignore_ament_install'
[0.304s] Level 1:colcon.colcon_core.package_identification:_identify(my_first_simulation/controllers) by extensions ['colcon_pkg']
[0.304s] Level 1:colcon.colcon_core.package_identification:_identify(my_first_simulation/controllers) by extension 'colcon_pkg'
[0.304s] Level 1:colcon.colcon_core.package_identification:_identify(my_first_simulation/controllers) by extensions ['colcon_meta']
[0.304s] Level 1:colcon.colcon_core.package_identification:_identify(my_first_simulation/controllers) by extension 'colcon_meta'
[0.304s] Level 1:colcon.colcon_core.package_identification:_identify(my_first_simulation/controllers) by extensions ['ros']
[0.304s] Level 1:colcon.colcon_core.package_identification:_identify(my_first_simulation/controllers) by extension 'ros'
[0.304s] Level 1:colcon.colcon_core.package_identification:_identify(my_first_simulation/controllers) by extensions ['cmake', 'python']
[0.304s] Level 1:colcon.colcon_core.package_identification:_identify(my_first_simulation/controllers) by extension 'cmake'
[0.304s] Level 1:colcon.colcon_core.package_identification:_identify(my_first_simulation/controllers) by extension 'python'
[0.304s] Level 1:colcon.colcon_core.package_identification:_identify(my_first_simulation/controllers) by extensions ['python_setup_py']
[0.304s] Level 1:colcon.colcon_core.package_identification:_identify(my_first_simulation/controllers) by extension 'python_setup_py'
[0.304s] Level 1:colcon.colcon_core.package_identification:_identify(my_first_simulation/controllers/EPuckAvoidController) by extensions ['ignore', 'ignore_ament_install']
[0.304s] Level 1:colcon.colcon_core.package_identification:_identify(my_first_simulation/controllers/EPuckAvoidController) by extension 'ignore'
[0.304s] Level 1:colcon.colcon_core.package_identification:_identify(my_first_simulation/controllers/EPuckAvoidController) by extension 'ignore_ament_install'
[0.304s] Level 1:colcon.colcon_core.package_identification:_identify(my_first_simulation/controllers/EPuckAvoidController) by extensions ['colcon_pkg']
[0.304s] Level 1:colcon.colcon_core.package_identification:_identify(my_first_simulation/controllers/EPuckAvoidController) by extension 'colcon_pkg'
[0.305s] Level 1:colcon.colcon_core.package_identification:_identify(my_first_simulation/controllers/EPuckAvoidController) by extensions ['colcon_meta']
[0.305s] Level 1:colcon.colcon_core.package_identification:_identify(my_first_simulation/controllers/EPuckAvoidController) by extension 'colcon_meta'
[0.305s] Level 1:colcon.colcon_core.package_identification:_identify(my_first_simulation/controllers/EPuckAvoidController) by extensions ['ros']
[0.305s] Level 1:colcon.colcon_core.package_identification:_identify(my_first_simulation/controllers/EPuckAvoidController) by extension 'ros'
[0.305s] Level 1:colcon.colcon_core.package_identification:_identify(my_first_simulation/controllers/EPuckAvoidController) by extensions ['cmake', 'python']
[0.305s] Level 1:colcon.colcon_core.package_identification:_identify(my_first_simulation/controllers/EPuckAvoidController) by extension 'cmake'
[0.305s] Level 1:colcon.colcon_core.package_identification:_identify(my_first_simulation/controllers/EPuckAvoidController) by extension 'python'
[0.305s] Level 1:colcon.colcon_core.package_identification:_identify(my_first_simulation/controllers/EPuckAvoidController) by extensions ['python_setup_py']
[0.305s] Level 1:colcon.colcon_core.package_identification:_identify(my_first_simulation/controllers/EPuckAvoidController) by extension 'python_setup_py'
[0.305s] Level 1:colcon.colcon_core.package_identification:_identify(my_first_simulation/controllers/EPuckAvoidController/build) by extensions ['ignore', 'ignore_ament_install']
[0.305s] Level 1:colcon.colcon_core.package_identification:_identify(my_first_simulation/controllers/EPuckAvoidController/build) by extension 'ignore'
[0.305s] Level 1:colcon.colcon_core.package_identification:_identify(my_first_simulation/controllers/EPuckAvoidController/build) by extension 'ignore_ament_install'
[0.305s] Level 1:colcon.colcon_core.package_identification:_identify(my_first_simulation/controllers/EPuckAvoidController/build) by extensions ['colcon_pkg']
[0.305s] Level 1:colcon.colcon_core.package_identification:_identify(my_first_simulation/controllers/EPuckAvoidController/build) by extension 'colcon_pkg'
[0.305s] Level 1:colcon.colcon_core.package_identification:_identify(my_first_simulation/controllers/EPuckAvoidController/build) by extensions ['colcon_meta']
[0.305s] Level 1:colcon.colcon_core.package_identification:_identify(my_first_simulation/controllers/EPuckAvoidController/build) by extension 'colcon_meta'
[0.305s] Level 1:colcon.colcon_core.package_identification:_identify(my_first_simulation/controllers/EPuckAvoidController/build) by extensions ['ros']
[0.305s] Level 1:colcon.colcon_core.package_identification:_identify(my_first_simulation/controllers/EPuckAvoidController/build) by extension 'ros'
[0.305s] Level 1:colcon.colcon_core.package_identification:_identify(my_first_simulation/controllers/EPuckAvoidController/build) by extensions ['cmake', 'python']
[0.305s] Level 1:colcon.colcon_core.package_identification:_identify(my_first_simulation/controllers/EPuckAvoidController/build) by extension 'cmake'
[0.306s] Level 1:colcon.colcon_core.package_identification:_identify(my_first_simulation/controllers/EPuckAvoidController/build) by extension 'python'
[0.306s] Level 1:colcon.colcon_core.package_identification:_identify(my_first_simulation/controllers/EPuckAvoidController/build) by extensions ['python_setup_py']
[0.306s] Level 1:colcon.colcon_core.package_identification:_identify(my_first_simulation/controllers/EPuckAvoidController/build) by extension 'python_setup_py'
[0.306s] Level 1:colcon.colcon_core.package_identification:_identify(my_first_simulation/controllers/EPuckAvoidController/build/release) by extensions ['ignore', 'ignore_ament_install']
[0.306s] Level 1:colcon.colcon_core.package_identification:_identify(my_first_simulation/controllers/EPuckAvoidController/build/release) by extension 'ignore'
[0.306s] Level 1:colcon.colcon_core.package_identification:_identify(my_first_simulation/controllers/EPuckAvoidController/build/release) by extension 'ignore_ament_install'
[0.306s] Level 1:colcon.colcon_core.package_identification:_identify(my_first_simulation/controllers/EPuckAvoidController/build/release) by extensions ['colcon_pkg']
[0.306s] Level 1:colcon.colcon_core.package_identification:_identify(my_first_simulation/controllers/EPuckAvoidController/build/release) by extension 'colcon_pkg'
[0.306s] Level 1:colcon.colcon_core.package_identification:_identify(my_first_simulation/controllers/EPuckAvoidController/build/release) by extensions ['colcon_meta']
[0.306s] Level 1:colcon.colcon_core.package_identification:_identify(my_first_simulation/controllers/EPuckAvoidController/build/release) by extension 'colcon_meta'
[0.306s] Level 1:colcon.colcon_core.package_identification:_identify(my_first_simulation/controllers/EPuckAvoidController/build/release) by extensions ['ros']
[0.306s] Level 1:colcon.colcon_core.package_identification:_identify(my_first_simulation/controllers/EPuckAvoidController/build/release) by extension 'ros'
[0.306s] Level 1:colcon.colcon_core.package_identification:_identify(my_first_simulation/controllers/EPuckAvoidController/build/release) by extensions ['cmake', 'python']
[0.306s] Level 1:colcon.colcon_core.package_identification:_identify(my_first_simulation/controllers/EPuckAvoidController/build/release) by extension 'cmake'
[0.306s] Level 1:colcon.colcon_core.package_identification:_identify(my_first_simulation/controllers/EPuckAvoidController/build/release) by extension 'python'
[0.306s] Level 1:colcon.colcon_core.package_identification:_identify(my_first_simulation/controllers/EPuckAvoidController/build/release) by extensions ['python_setup_py']
[0.306s] Level 1:colcon.colcon_core.package_identification:_identify(my_first_simulation/controllers/EPuckAvoidController/build/release) by extension 'python_setup_py'
[0.306s] Level 1:colcon.colcon_core.package_identification:_identify(my_first_simulation/controllers/Rover_Controller) by extensions ['ignore', 'ignore_ament_install']
[0.306s] Level 1:colcon.colcon_core.package_identification:_identify(my_first_simulation/controllers/Rover_Controller) by extension 'ignore'
[0.307s] Level 1:colcon.colcon_core.package_identification:_identify(my_first_simulation/controllers/Rover_Controller) by extension 'ignore_ament_install'
[0.307s] Level 1:colcon.colcon_core.package_identification:_identify(my_first_simulation/controllers/Rover_Controller) by extensions ['colcon_pkg']
[0.307s] Level 1:colcon.colcon_core.package_identification:_identify(my_first_simulation/controllers/Rover_Controller) by extension 'colcon_pkg'
[0.307s] Level 1:colcon.colcon_core.package_identification:_identify(my_first_simulation/controllers/Rover_Controller) by extensions ['colcon_meta']
[0.307s] Level 1:colcon.colcon_core.package_identification:_identify(my_first_simulation/controllers/Rover_Controller) by extension 'colcon_meta'
[0.307s] Level 1:colcon.colcon_core.package_identification:_identify(my_first_simulation/controllers/Rover_Controller) by extensions ['ros']
[0.307s] Level 1:colcon.colcon_core.package_identification:_identify(my_first_simulation/controllers/Rover_Controller) by extension 'ros'
[0.307s] Level 1:colcon.colcon_core.package_identification:_identify(my_first_simulation/controllers/Rover_Controller) by extensions ['cmake', 'python']
[0.307s] Level 1:colcon.colcon_core.package_identification:_identify(my_first_simulation/controllers/Rover_Controller) by extension 'cmake'
[0.307s] Level 1:colcon.colcon_core.package_identification:_identify(my_first_simulation/controllers/Rover_Controller) by extension 'python'
[0.307s] Level 1:colcon.colcon_core.package_identification:_identify(my_first_simulation/controllers/Rover_Controller) by extensions ['python_setup_py']
[0.307s] Level 1:colcon.colcon_core.package_identification:_identify(my_first_simulation/controllers/Rover_Controller) by extension 'python_setup_py'
[0.307s] Level 1:colcon.colcon_core.package_identification:_identify(my_first_simulation/controllers/arm_controller) by extensions ['ignore', 'ignore_ament_install']
[0.307s] Level 1:colcon.colcon_core.package_identification:_identify(my_first_simulation/controllers/arm_controller) by extension 'ignore'
[0.307s] Level 1:colcon.colcon_core.package_identification:_identify(my_first_simulation/controllers/arm_controller) by extension 'ignore_ament_install'
[0.307s] Level 1:colcon.colcon_core.package_identification:_identify(my_first_simulation/controllers/arm_controller) by extensions ['colcon_pkg']
[0.307s] Level 1:colcon.colcon_core.package_identification:_identify(my_first_simulation/controllers/arm_controller) by extension 'colcon_pkg'
[0.307s] Level 1:colcon.colcon_core.package_identification:_identify(my_first_simulation/controllers/arm_controller) by extensions ['colcon_meta']
[0.307s] Level 1:colcon.colcon_core.package_identification:_identify(my_first_simulation/controllers/arm_controller) by extension 'colcon_meta'
[0.307s] Level 1:colcon.colcon_core.package_identification:_identify(my_first_simulation/controllers/arm_controller) by extensions ['ros']
[0.308s] Level 1:colcon.colcon_core.package_identification:_identify(my_first_simulation/controllers/arm_controller) by extension 'ros'
[0.308s] Level 1:colcon.colcon_core.package_identification:_identify(my_first_simulation/controllers/arm_controller) by extensions ['cmake', 'python']
[0.308s] Level 1:colcon.colcon_core.package_identification:_identify(my_first_simulation/controllers/arm_controller) by extension 'cmake'
[0.308s] Level 1:colcon.colcon_core.package_identification:_identify(my_first_simulation/controllers/arm_controller) by extension 'python'
[0.308s] Level 1:colcon.colcon_core.package_identification:_identify(my_first_simulation/controllers/arm_controller) by extensions ['python_setup_py']
[0.308s] Level 1:colcon.colcon_core.package_identification:_identify(my_first_simulation/controllers/arm_controller) by extension 'python_setup_py'
[0.308s] Level 1:colcon.colcon_core.package_identification:_identify(my_first_simulation/controllers/epuck_go_forward) by extensions ['ignore', 'ignore_ament_install']
[0.308s] Level 1:colcon.colcon_core.package_identification:_identify(my_first_simulation/controllers/epuck_go_forward) by extension 'ignore'
[0.308s] Level 1:colcon.colcon_core.package_identification:_identify(my_first_simulation/controllers/epuck_go_forward) by extension 'ignore_ament_install'
[0.308s] Level 1:colcon.colcon_core.package_identification:_identify(my_first_simulation/controllers/epuck_go_forward) by extensions ['colcon_pkg']
[0.308s] Level 1:colcon.colcon_core.package_identification:_identify(my_first_simulation/controllers/epuck_go_forward) by extension 'colcon_pkg'
[0.308s] Level 1:colcon.colcon_core.package_identification:_identify(my_first_simulation/controllers/epuck_go_forward) by extensions ['colcon_meta']
[0.308s] Level 1:colcon.colcon_core.package_identification:_identify(my_first_simulation/controllers/epuck_go_forward) by extension 'colcon_meta'
[0.308s] Level 1:colcon.colcon_core.package_identification:_identify(my_first_simulation/controllers/epuck_go_forward) by extensions ['ros']
[0.308s] Level 1:colcon.colcon_core.package_identification:_identify(my_first_simulation/controllers/epuck_go_forward) by extension 'ros'
[0.308s] Level 1:colcon.colcon_core.package_identification:_identify(my_first_simulation/controllers/epuck_go_forward) by extensions ['cmake', 'python']
[0.308s] Level 1:colcon.colcon_core.package_identification:_identify(my_first_simulation/controllers/epuck_go_forward) by extension 'cmake'
[0.308s] Level 1:colcon.colcon_core.package_identification:_identify(my_first_simulation/controllers/epuck_go_forward) by extension 'python'
[0.308s] Level 1:colcon.colcon_core.package_identification:_identify(my_first_simulation/controllers/epuck_go_forward) by extensions ['python_setup_py']
[0.308s] Level 1:colcon.colcon_core.package_identification:_identify(my_first_simulation/controllers/epuck_go_forward) by extension 'python_setup_py'
[0.308s] Level 1:colcon.colcon_core.package_identification:_identify(my_first_simulation/controllers/four_wheeled_collision_avoidance) by extensions ['ignore', 'ignore_ament_install']
[0.309s] Level 1:colcon.colcon_core.package_identification:_identify(my_first_simulation/controllers/four_wheeled_collision_avoidance) by extension 'ignore'
[0.309s] Level 1:colcon.colcon_core.package_identification:_identify(my_first_simulation/controllers/four_wheeled_collision_avoidance) by extension 'ignore_ament_install'
[0.309s] Level 1:colcon.colcon_core.package_identification:_identify(my_first_simulation/controllers/four_wheeled_collision_avoidance) by extensions ['colcon_pkg']
[0.309s] Level 1:colcon.colcon_core.package_identification:_identify(my_first_simulation/controllers/four_wheeled_collision_avoidance) by extension 'colcon_pkg'
[0.309s] Level 1:colcon.colcon_core.package_identification:_identify(my_first_simulation/controllers/four_wheeled_collision_avoidance) by extensions ['colcon_meta']
[0.309s] Level 1:colcon.colcon_core.package_identification:_identify(my_first_simulation/controllers/four_wheeled_collision_avoidance) by extension 'colcon_meta'
[0.309s] Level 1:colcon.colcon_core.package_identification:_identify(my_first_simulation/controllers/four_wheeled_collision_avoidance) by extensions ['ros']
[0.309s] Level 1:colcon.colcon_core.package_identification:_identify(my_first_simulation/controllers/four_wheeled_collision_avoidance) by extension 'ros'
[0.309s] Level 1:colcon.colcon_core.package_identification:_identify(my_first_simulation/controllers/four_wheeled_collision_avoidance) by extensions ['cmake', 'python']
[0.309s] Level 1:colcon.colcon_core.package_identification:_identify(my_first_simulation/controllers/four_wheeled_collision_avoidance) by extension 'cmake'
[0.309s] Level 1:colcon.colcon_core.package_identification:_identify(my_first_simulation/controllers/four_wheeled_collision_avoidance) by extension 'python'
[0.309s] Level 1:colcon.colcon_core.package_identification:_identify(my_first_simulation/controllers/four_wheeled_collision_avoidance) by extensions ['python_setup_py']
[0.309s] Level 1:colcon.colcon_core.package_identification:_identify(my_first_simulation/controllers/four_wheeled_collision_avoidance) by extension 'python_setup_py'
[0.309s] Level 1:colcon.colcon_core.package_identification:_identify(my_first_simulation/controllers/four_wheeled_collision_avoidance/build) by extensions ['ignore', 'ignore_ament_install']
[0.309s] Level 1:colcon.colcon_core.package_identification:_identify(my_first_simulation/controllers/four_wheeled_collision_avoidance/build) by extension 'ignore'
[0.310s] Level 1:colcon.colcon_core.package_identification:_identify(my_first_simulation/controllers/four_wheeled_collision_avoidance/build) by extension 'ignore_ament_install'
[0.310s] Level 1:colcon.colcon_core.package_identification:_identify(my_first_simulation/controllers/four_wheeled_collision_avoidance/build) by extensions ['colcon_pkg']
[0.310s] Level 1:colcon.colcon_core.package_identification:_identify(my_first_simulation/controllers/four_wheeled_collision_avoidance/build) by extension 'colcon_pkg'
[0.310s] Level 1:colcon.colcon_core.package_identification:_identify(my_first_simulation/controllers/four_wheeled_collision_avoidance/build) by extensions ['colcon_meta']
[0.310s] Level 1:colcon.colcon_core.package_identification:_identify(my_first_simulation/controllers/four_wheeled_collision_avoidance/build) by extension 'colcon_meta'
[0.310s] Level 1:colcon.colcon_core.package_identification:_identify(my_first_simulation/controllers/four_wheeled_collision_avoidance/build) by extensions ['ros']
[0.310s] Level 1:colcon.colcon_core.package_identification:_identify(my_first_simulation/controllers/four_wheeled_collision_avoidance/build) by extension 'ros'
[0.310s] Level 1:colcon.colcon_core.package_identification:_identify(my_first_simulation/controllers/four_wheeled_collision_avoidance/build) by extensions ['cmake', 'python']
[0.310s] Level 1:colcon.colcon_core.package_identification:_identify(my_first_simulation/controllers/four_wheeled_collision_avoidance/build) by extension 'cmake'
[0.310s] Level 1:colcon.colcon_core.package_identification:_identify(my_first_simulation/controllers/four_wheeled_collision_avoidance/build) by extension 'python'
[0.310s] Level 1:colcon.colcon_core.package_identification:_identify(my_first_simulation/controllers/four_wheeled_collision_avoidance/build) by extensions ['python_setup_py']
[0.310s] Level 1:colcon.colcon_core.package_identification:_identify(my_first_simulation/controllers/four_wheeled_collision_avoidance/build) by extension 'python_setup_py'
[0.310s] Level 1:colcon.colcon_core.package_identification:_identify(my_first_simulation/controllers/four_wheeled_collision_avoidance/build/release) by extensions ['ignore', 'ignore_ament_install']
[0.310s] Level 1:colcon.colcon_core.package_identification:_identify(my_first_simulation/controllers/four_wheeled_collision_avoidance/build/release) by extension 'ignore'
[0.310s] Level 1:colcon.colcon_core.package_identification:_identify(my_first_simulation/controllers/four_wheeled_collision_avoidance/build/release) by extension 'ignore_ament_install'
[0.310s] Level 1:colcon.colcon_core.package_identification:_identify(my_first_simulation/controllers/four_wheeled_collision_avoidance/build/release) by extensions ['colcon_pkg']
[0.310s] Level 1:colcon.colcon_core.package_identification:_identify(my_first_simulation/controllers/four_wheeled_collision_avoidance/build/release) by extension 'colcon_pkg'
[0.310s] Level 1:colcon.colcon_core.package_identification:_identify(my_first_simulation/controllers/four_wheeled_collision_avoidance/build/release) by extensions ['colcon_meta']
[0.310s] Level 1:colcon.colcon_core.package_identification:_identify(my_first_simulation/controllers/four_wheeled_collision_avoidance/build/release) by extension 'colcon_meta'
[0.310s] Level 1:colcon.colcon_core.package_identification:_identify(my_first_simulation/controllers/four_wheeled_collision_avoidance/build/release) by extensions ['ros']
[0.310s] Level 1:colcon.colcon_core.package_identification:_identify(my_first_simulation/controllers/four_wheeled_collision_avoidance/build/release) by extension 'ros'
[0.311s] Level 1:colcon.colcon_core.package_identification:_identify(my_first_simulation/controllers/four_wheeled_collision_avoidance/build/release) by extensions ['cmake', 'python']
[0.311s] Level 1:colcon.colcon_core.package_identification:_identify(my_first_simulation/controllers/four_wheeled_collision_avoidance/build/release) by extension 'cmake'
[0.311s] Level 1:colcon.colcon_core.package_identification:_identify(my_first_simulation/controllers/four_wheeled_collision_avoidance/build/release) by extension 'python'
[0.311s] Level 1:colcon.colcon_core.package_identification:_identify(my_first_simulation/controllers/four_wheeled_collision_avoidance/build/release) by extensions ['python_setup_py']
[0.311s] Level 1:colcon.colcon_core.package_identification:_identify(my_first_simulation/controllers/four_wheeled_collision_avoidance/build/release) by extension 'python_setup_py'
[0.311s] Level 1:colcon.colcon_core.package_identification:_identify(my_first_simulation/controllers/robot_evasor) by extensions ['ignore', 'ignore_ament_install']
[0.311s] Level 1:colcon.colcon_core.package_identification:_identify(my_first_simulation/controllers/robot_evasor) by extension 'ignore'
[0.311s] Level 1:colcon.colcon_core.package_identification:_identify(my_first_simulation/controllers/robot_evasor) by extension 'ignore_ament_install'
[0.311s] Level 1:colcon.colcon_core.package_identification:_identify(my_first_simulation/controllers/robot_evasor) by extensions ['colcon_pkg']
[0.311s] Level 1:colcon.colcon_core.package_identification:_identify(my_first_simulation/controllers/robot_evasor) by extension 'colcon_pkg'
[0.311s] Level 1:colcon.colcon_core.package_identification:_identify(my_first_simulation/controllers/robot_evasor) by extensions ['colcon_meta']
[0.311s] Level 1:colcon.colcon_core.package_identification:_identify(my_first_simulation/controllers/robot_evasor) by extension 'colcon_meta'
[0.311s] Level 1:colcon.colcon_core.package_identification:_identify(my_first_simulation/controllers/robot_evasor) by extensions ['ros']
[0.311s] Level 1:colcon.colcon_core.package_identification:_identify(my_first_simulation/controllers/robot_evasor) by extension 'ros'
[0.311s] Level 1:colcon.colcon_core.package_identification:_identify(my_first_simulation/controllers/robot_evasor) by extensions ['cmake', 'python']
[0.311s] Level 1:colcon.colcon_core.package_identification:_identify(my_first_simulation/controllers/robot_evasor) by extension 'cmake'
[0.311s] Level 1:colcon.colcon_core.package_identification:_identify(my_first_simulation/controllers/robot_evasor) by extension 'python'
[0.311s] Level 1:colcon.colcon_core.package_identification:_identify(my_first_simulation/controllers/robot_evasor) by extensions ['python_setup_py']
[0.311s] Level 1:colcon.colcon_core.package_identification:_identify(my_first_simulation/controllers/robot_evasor) by extension 'python_setup_py'
[0.311s] Level 1:colcon.colcon_core.package_identification:_identify(my_first_simulation/protos) by extensions ['ignore', 'ignore_ament_install']
[0.312s] Level 1:colcon.colcon_core.package_identification:_identify(my_first_simulation/protos) by extension 'ignore'
[0.312s] Level 1:colcon.colcon_core.package_identification:_identify(my_first_simulation/protos) by extension 'ignore_ament_install'
[0.312s] Level 1:colcon.colcon_core.package_identification:_identify(my_first_simulation/protos) by extensions ['colcon_pkg']
[0.312s] Level 1:colcon.colcon_core.package_identification:_identify(my_first_simulation/protos) by extension 'colcon_pkg'
[0.312s] Level 1:colcon.colcon_core.package_identification:_identify(my_first_simulation/protos) by extensions ['colcon_meta']
[0.312s] Level 1:colcon.colcon_core.package_identification:_identify(my_first_simulation/protos) by extension 'colcon_meta'
[0.312s] Level 1:colcon.colcon_core.package_identification:_identify(my_first_simulation/protos) by extensions ['ros']
[0.312s] Level 1:colcon.colcon_core.package_identification:_identify(my_first_simulation/protos) by extension 'ros'
[0.312s] Level 1:colcon.colcon_core.package_identification:_identify(my_first_simulation/protos) by extensions ['cmake', 'python']
[0.312s] Level 1:colcon.colcon_core.package_identification:_identify(my_first_simulation/protos) by extension 'cmake'
[0.312s] Level 1:colcon.colcon_core.package_identification:_identify(my_first_simulation/protos) by extension 'python'
[0.312s] Level 1:colcon.colcon_core.package_identification:_identify(my_first_simulation/protos) by extensions ['python_setup_py']
[0.312s] Level 1:colcon.colcon_core.package_identification:_identify(my_first_simulation/protos) by extension 'python_setup_py'
[0.312s] Level 1:colcon.colcon_core.package_identification:_identify(my_first_simulation/worlds) by extensions ['ignore', 'ignore_ament_install']
[0.312s] Level 1:colcon.colcon_core.package_identification:_identify(my_first_simulation/worlds) by extension 'ignore'
[0.312s] Level 1:colcon.colcon_core.package_identification:_identify(my_first_simulation/worlds) by extension 'ignore_ament_install'
[0.312s] Level 1:colcon.colcon_core.package_identification:_identify(my_first_simulation/worlds) by extensions ['colcon_pkg']
[0.312s] Level 1:colcon.colcon_core.package_identification:_identify(my_first_simulation/worlds) by extension 'colcon_pkg'
[0.312s] Level 1:colcon.colcon_core.package_identification:_identify(my_first_simulation/worlds) by extensions ['colcon_meta']
[0.312s] Level 1:colcon.colcon_core.package_identification:_identify(my_first_simulation/worlds) by extension 'colcon_meta'
[0.313s] Level 1:colcon.colcon_core.package_identification:_identify(my_first_simulation/worlds) by extensions ['ros']
[0.313s] Level 1:colcon.colcon_core.package_identification:_identify(my_first_simulation/worlds) by extension 'ros'
[0.313s] Level 1:colcon.colcon_core.package_identification:_identify(my_first_simulation/worlds) by extensions ['cmake', 'python']
[0.313s] Level 1:colcon.colcon_core.package_identification:_identify(my_first_simulation/worlds) by extension 'cmake'
[0.313s] Level 1:colcon.colcon_core.package_identification:_identify(my_first_simulation/worlds) by extension 'python'
[0.313s] Level 1:colcon.colcon_core.package_identification:_identify(my_first_simulation/worlds) by extensions ['python_setup_py']
[0.313s] Level 1:colcon.colcon_core.package_identification:_identify(my_first_simulation/worlds) by extension 'python_setup_py'
[0.313s] Level 1:colcon.colcon_core.package_identification:_identify(my_package) by extensions ['ignore', 'ignore_ament_install']
[0.313s] Level 1:colcon.colcon_core.package_identification:_identify(my_package) by extension 'ignore'
[0.313s] Level 1:colcon.colcon_core.package_identification:_identify(my_package) by extension 'ignore_ament_install'
[0.313s] Level 1:colcon.colcon_core.package_identification:_identify(my_package) by extensions ['colcon_pkg']
[0.313s] Level 1:colcon.colcon_core.package_identification:_identify(my_package) by extension 'colcon_pkg'
[0.313s] Level 1:colcon.colcon_core.package_identification:_identify(my_package) by extensions ['colcon_meta']
[0.313s] Level 1:colcon.colcon_core.package_identification:_identify(my_package) by extension 'colcon_meta'
[0.313s] Level 1:colcon.colcon_core.package_identification:_identify(my_package) by extensions ['ros']
[0.313s] Level 1:colcon.colcon_core.package_identification:_identify(my_package) by extension 'ros'
[0.316s] DEBUG:colcon.colcon_core.package_identification:Package 'my_package' with type 'ros.ament_python' and name 'my_package'
[0.316s] Level 1:colcon.colcon_core.package_identification:_identify(rover) by extensions ['ignore', 'ignore_ament_install']
[0.316s] Level 1:colcon.colcon_core.package_identification:_identify(rover) by extension 'ignore'
[0.316s] Level 1:colcon.colcon_core.package_identification:_identify(rover) by extension 'ignore_ament_install'
[0.316s] Level 1:colcon.colcon_core.package_identification:_identify(rover) by extensions ['colcon_pkg']
[0.316s] Level 1:colcon.colcon_core.package_identification:_identify(rover) by extension 'colcon_pkg'
[0.316s] Level 1:colcon.colcon_core.package_identification:_identify(rover) by extensions ['colcon_meta']
[0.316s] Level 1:colcon.colcon_core.package_identification:_identify(rover) by extension 'colcon_meta'
[0.316s] Level 1:colcon.colcon_core.package_identification:_identify(rover) by extensions ['ros']
[0.316s] Level 1:colcon.colcon_core.package_identification:_identify(rover) by extension 'ros'
[0.317s] DEBUG:colcon.colcon_core.package_identification:Package 'rover' with type 'ros.ament_python' and name 'rover'
[0.317s] Level 1:colcon.colcon_core.package_discovery:discover_packages(recursive) using defaults
[0.317s] Level 1:colcon.colcon_core.package_discovery:discover_packages(ignore) discover
[0.317s] Level 1:colcon.colcon_core.package_discovery:discover_packages(ignore) using defaults
[0.317s] Level 1:colcon.colcon_core.package_discovery:discover_packages(path) discover
[0.317s] Level 1:colcon.colcon_core.package_discovery:discover_packages(path) using defaults
[0.339s] Level 1:colcon.colcon_core.package_discovery:discover_packages(prefix_path) check parameters
[0.339s] Level 1:colcon.colcon_core.package_discovery:discover_packages(prefix_path) discover
[0.341s] DEBUG:colcon.colcon_installed_package_information.package_discovery:Found 2 installed packages in /home/danielgrioja/LAB/Rover_Lab/install
[0.343s] DEBUG:colcon.colcon_installed_package_information.package_discovery:Found 276 installed packages in /opt/ros/humble
[0.355s] Level 1:colcon.colcon_core.package_discovery:discover_packages(prefix_path) using defaults
[0.400s] Level 5:colcon.colcon_core.verb:set package 'my_package' build argument 'cmake_args' from command line to 'None'
[0.400s] Level 5:colcon.colcon_core.verb:set package 'my_package' build argument 'cmake_target' from command line to 'None'
[0.400s] Level 5:colcon.colcon_core.verb:set package 'my_package' build argument 'cmake_target_skip_unavailable' from command line to 'False'
[0.400s] Level 5:colcon.colcon_core.verb:set package 'my_package' build argument 'cmake_clean_cache' from command line to 'False'
[0.400s] Level 5:colcon.colcon_core.verb:set package 'my_package' build argument 'cmake_clean_first' from command line to 'False'
[0.401s] Level 5:colcon.colcon_core.verb:set package 'my_package' build argument 'cmake_force_configure' from command line to 'False'
[0.401s] Level 5:colcon.colcon_core.verb:set package 'my_package' build argument 'ament_cmake_args' from command line to 'None'
[0.401s] Level 5:colcon.colcon_core.verb:set package 'my_package' build argument 'catkin_cmake_args' from command line to 'None'
[0.401s] Level 5:colcon.colcon_core.verb:set package 'my_package' build argument 'catkin_skip_building_tests' from command line to 'False'
[0.401s] DEBUG:colcon.colcon_core.verb:Building package 'my_package' with the following arguments: {'ament_cmake_args': None, 'build_base': '/home/danielgrioja/LAB/Rover_Lab/build/my_package', 'catkin_cmake_args': None, 'catkin_skip_building_tests': False, 'cmake_args': None, 'cmake_clean_cache': False, 'cmake_clean_first': False, 'cmake_force_configure': False, 'cmake_target': None, 'cmake_target_skip_unavailable': False, 'install_base': '/home/danielgrioja/LAB/Rover_Lab/install/my_package', 'merge_install': False, 'path': '/home/danielgrioja/LAB/Rover_Lab/my_package', 'symlink_install': True, 'test_result_base': None}
[0.401s] Level 5:colcon.colcon_core.verb:set package 'rover' build argument 'cmake_args' from command line to 'None'
[0.401s] Level 5:colcon.colcon_core.verb:set package 'rover' build argument 'cmake_target' from command line to 'None'
[0.401s] Level 5:colcon.colcon_core.verb:set package 'rover' build argument 'cmake_target_skip_unavailable' from command line to 'False'
[0.401s] Level 5:colcon.colcon_core.verb:set package 'rover' build argument 'cmake_clean_cache' from command line to 'False'
[0.401s] Level 5:colcon.colcon_core.verb:set package 'rover' build argument 'cmake_clean_first' from command line to 'False'
[0.401s] Level 5:colcon.colcon_core.verb:set package 'rover' build argument 'cmake_force_configure' from command line to 'False'
[0.401s] Level 5:colcon.colcon_core.verb:set package 'rover' build argument 'ament_cmake_args' from command line to 'None'
[0.401s] Level 5:colcon.colcon_core.verb:set package 'rover' build argument 'catkin_cmake_args' from command line to 'None'
[0.401s] Level 5:colcon.colcon_core.verb:set package 'rover' build argument 'catkin_skip_building_tests' from command line to 'False'
[0.401s] DEBUG:colcon.colcon_core.verb:Building package 'rover' with the following arguments: {'ament_cmake_args': None, 'build_base': '/home/danielgrioja/LAB/Rover_Lab/build/rover', 'catkin_cmake_args': None, 'catkin_skip_building_tests': False, 'cmake_args': None, 'cmake_clean_cache': False, 'cmake_clean_first': False, 'cmake_force_configure': False, 'cmake_target': None, 'cmake_target_skip_unavailable': False, 'install_base': '/home/danielgrioja/LAB/Rover_Lab/install/rover', 'merge_install': False, 'path': '/home/danielgrioja/LAB/Rover_Lab/rover', 'symlink_install': True, 'test_result_base': None}
[0.401s] INFO:colcon.colcon_core.executor:Executing jobs using 'parallel' executor
[0.402s] DEBUG:colcon.colcon_parallel_executor.executor.parallel:run_until_complete
[0.403s] INFO:colcon.colcon_ros.task.ament_python.build:Building ROS package in '/home/danielgrioja/LAB/Rover_Lab/my_package' with build type 'ament_python'
[0.403s] Level 1:colcon.colcon_core.shell:create_environment_hook('my_package', 'ament_prefix_path')
[0.406s] INFO:colcon.colcon_core.plugin_system:Skipping extension 'colcon_core.shell.bat': Not used on non-Windows systems
[0.406s] INFO:colcon.colcon_core.shell:Creating environment hook '/home/danielgrioja/LAB/Rover_Lab/install/my_package/share/my_package/hook/ament_prefix_path.ps1'
[0.407s] INFO:colcon.colcon_core.shell:Creating environment descriptor '/home/danielgrioja/LAB/Rover_Lab/install/my_package/share/my_package/hook/ament_prefix_path.dsv'
[0.408s] INFO:colcon.colcon_core.shell:Creating environment hook '/home/danielgrioja/LAB/Rover_Lab/install/my_package/share/my_package/hook/ament_prefix_path.sh'
[0.409s] INFO:colcon.colcon_core.shell:Skip shell extension 'powershell' for command environment: Not usable outside of PowerShell
[0.409s] DEBUG:colcon.colcon_core.shell:Skip shell extension 'dsv' for command environment
[0.412s] INFO:colcon.colcon_ros.task.ament_python.build:Building ROS package in '/home/danielgrioja/LAB/Rover_Lab/rover' with build type 'ament_python'
[0.412s] Level 1:colcon.colcon_core.shell:create_environment_hook('rover', 'ament_prefix_path')
[0.412s] INFO:colcon.colcon_core.shell:Creating environment hook '/home/danielgrioja/LAB/Rover_Lab/install/rover/share/rover/hook/ament_prefix_path.ps1'
[0.413s] INFO:colcon.colcon_core.shell:Creating environment descriptor '/home/danielgrioja/LAB/Rover_Lab/install/rover/share/rover/hook/ament_prefix_path.dsv'
[0.414s] INFO:colcon.colcon_core.shell:Creating environment hook '/home/danielgrioja/LAB/Rover_Lab/install/rover/share/rover/hook/ament_prefix_path.sh'
[0.415s] INFO:colcon.colcon_core.shell:Skip shell extension 'powershell' for command environment: Not usable outside of PowerShell
[0.415s] DEBUG:colcon.colcon_core.shell:Skip shell extension 'dsv' for command environment
[0.688s] INFO:colcon.colcon_core.task.python.build:Building Python package in '/home/danielgrioja/LAB/Rover_Lab/my_package'
[0.689s] INFO:colcon.colcon_core.shell:Skip shell extension 'powershell' for command environment: Not usable outside of PowerShell
[0.689s] DEBUG:colcon.colcon_core.shell:Skip shell extension 'dsv' for command environment
[0.944s] INFO:colcon.colcon_core.task.python.build:Building Python package in '/home/danielgrioja/LAB/Rover_Lab/rover'
[0.945s] INFO:colcon.colcon_core.shell:Skip shell extension 'powershell' for command environment: Not usable outside of PowerShell
[0.945s] DEBUG:colcon.colcon_core.shell:Skip shell extension 'dsv' for command environment
[1.310s] DEBUG:colcon.colcon_core.event_handler.log_command:Invoking command in '/home/danielgrioja/LAB/Rover_Lab/build/my_package': PYTHONPATH=/home/danielgrioja/LAB/Rover_Lab/build/my_package/prefix_override:/usr/lib/python3/dist-packages/colcon_core/task/python/colcon_distutils_commands:/home/danielgrioja/LAB/Rover_Lab/install/my_package/lib/python3.10/site-packages:${PYTHONPATH} /usr/bin/python3 -W ignore:setup.py install is deprecated -W ignore:easy_install command is deprecated setup.py develop --editable --build-directory /home/danielgrioja/LAB/Rover_Lab/build/my_package/build --no-deps symlink_data
[1.313s] DEBUG:colcon.colcon_core.event_handler.log_command:Invoking command in '/home/danielgrioja/LAB/Rover_Lab/build/rover': PYTHONPATH=/home/danielgrioja/LAB/Rover_Lab/build/rover/prefix_override:/usr/lib/python3/dist-packages/colcon_core/task/python/colcon_distutils_commands:/home/danielgrioja/LAB/Rover_Lab/install/rover/lib/python3.10/site-packages:${PYTHONPATH} /usr/bin/python3 -W ignore:setup.py install is deprecated -W ignore:easy_install command is deprecated setup.py develop --editable --build-directory /home/danielgrioja/LAB/Rover_Lab/build/rover/build --no-deps symlink_data
[1.795s] Level 1:colcon.colcon_core.shell:create_environment_hook('rover', 'pythonpath_develop')
[1.797s] INFO:colcon.colcon_core.shell:Creating environment hook '/home/danielgrioja/LAB/Rover_Lab/build/rover/share/rover/hook/pythonpath_develop.ps1'
[1.798s] INFO:colcon.colcon_core.shell:Creating environment descriptor '/home/danielgrioja/LAB/Rover_Lab/build/rover/share/rover/hook/pythonpath_develop.dsv'
[1.799s] DEBUG:colcon.colcon_core.event_handler.log_command:Invoked command in '/home/danielgrioja/LAB/Rover_Lab/build/rover' returned '0': PYTHONPATH=/home/danielgrioja/LAB/Rover_Lab/build/rover/prefix_override:/usr/lib/python3/dist-packages/colcon_core/task/python/colcon_distutils_commands:/home/danielgrioja/LAB/Rover_Lab/install/rover/lib/python3.10/site-packages:${PYTHONPATH} /usr/bin/python3 -W ignore:setup.py install is deprecated -W ignore:easy_install command is deprecated setup.py develop --editable --build-directory /home/danielgrioja/LAB/Rover_Lab/build/rover/build --no-deps symlink_data
[1.799s] INFO:colcon.colcon_core.shell:Creating environment hook '/home/danielgrioja/LAB/Rover_Lab/build/rover/share/rover/hook/pythonpath_develop.sh'
[1.804s] Level 1:colcon.colcon_core.environment:checking '/home/danielgrioja/LAB/Rover_Lab/install/rover' for CMake module files
[1.805s] Level 1:colcon.colcon_core.environment:checking '/home/danielgrioja/LAB/Rover_Lab/install/rover' for CMake config files
[1.806s] Level 1:colcon.colcon_core.environment:checking '/home/danielgrioja/LAB/Rover_Lab/install/rover/lib'
[1.806s] Level 1:colcon.colcon_core.environment:checking '/home/danielgrioja/LAB/Rover_Lab/install/rover/bin'
[1.806s] Level 1:colcon.colcon_core.environment:checking '/home/danielgrioja/LAB/Rover_Lab/install/rover/lib/pkgconfig/rover.pc'
[1.806s] Level 1:colcon.colcon_core.environment:checking '/home/danielgrioja/LAB/Rover_Lab/install/rover/lib/python3.10/site-packages'
[1.806s] Level 1:colcon.colcon_core.shell:create_environment_hook('rover', 'pythonpath')
[1.807s] INFO:colcon.colcon_core.shell:Creating environment hook '/home/danielgrioja/LAB/Rover_Lab/install/rover/share/rover/hook/pythonpath.ps1'
[1.807s] INFO:colcon.colcon_core.shell:Creating environment descriptor '/home/danielgrioja/LAB/Rover_Lab/install/rover/share/rover/hook/pythonpath.dsv'
[1.808s] INFO:colcon.colcon_core.shell:Creating environment hook '/home/danielgrioja/LAB/Rover_Lab/install/rover/share/rover/hook/pythonpath.sh'
[1.809s] Level 1:colcon.colcon_core.environment:checking '/home/danielgrioja/LAB/Rover_Lab/install/rover/bin'
[1.809s] Level 1:colcon.colcon_core.environment:create_environment_scripts_only(rover)
[1.810s] INFO:colcon.colcon_core.shell:Creating package script '/home/danielgrioja/LAB/Rover_Lab/install/rover/share/rover/package.ps1'
[1.811s] INFO:colcon.colcon_core.shell:Creating package descriptor '/home/danielgrioja/LAB/Rover_Lab/install/rover/share/rover/package.dsv'
[1.812s] INFO:colcon.colcon_core.shell:Creating package script '/home/danielgrioja/LAB/Rover_Lab/install/rover/share/rover/package.sh'
[1.813s] INFO:colcon.colcon_core.shell:Creating package script '/home/danielgrioja/LAB/Rover_Lab/install/rover/share/rover/package.bash'
[1.814s] INFO:colcon.colcon_core.shell:Creating package script '/home/danielgrioja/LAB/Rover_Lab/install/rover/share/rover/package.zsh'
[1.816s] Level 1:colcon.colcon_core.environment:create_file_with_runtime_dependencies(/home/danielgrioja/LAB/Rover_Lab/install/rover/share/colcon-core/packages/rover)
[1.818s] Level 1:colcon.colcon_core.shell:create_environment_hook('my_package', 'pythonpath_develop')
[1.818s] INFO:colcon.colcon_core.shell:Creating environment hook '/home/danielgrioja/LAB/Rover_Lab/build/my_package/share/my_package/hook/pythonpath_develop.ps1'
[1.819s] INFO:colcon.colcon_core.shell:Creating environment descriptor '/home/danielgrioja/LAB/Rover_Lab/build/my_package/share/my_package/hook/pythonpath_develop.dsv'
[1.819s] DEBUG:colcon.colcon_core.event_handler.log_command:Invoked command in '/home/danielgrioja/LAB/Rover_Lab/build/my_package' returned '0': PYTHONPATH=/home/danielgrioja/LAB/Rover_Lab/build/my_package/prefix_override:/usr/lib/python3/dist-packages/colcon_core/task/python/colcon_distutils_commands:/home/danielgrioja/LAB/Rover_Lab/install/my_package/lib/python3.10/site-packages:${PYTHONPATH} /usr/bin/python3 -W ignore:setup.py install is deprecated -W ignore:easy_install command is deprecated setup.py develop --editable --build-directory /home/danielgrioja/LAB/Rover_Lab/build/my_package/build --no-deps symlink_data
[1.820s] INFO:colcon.colcon_core.shell:Creating environment hook '/home/danielgrioja/LAB/Rover_Lab/build/my_package/share/my_package/hook/pythonpath_develop.sh'
[1.821s] Level 1:colcon.colcon_core.environment:checking '/home/danielgrioja/LAB/Rover_Lab/install/my_package' for CMake module files
[1.821s] Level 1:colcon.colcon_core.environment:checking '/home/danielgrioja/LAB/Rover_Lab/install/my_package' for CMake config files
[1.821s] Level 1:colcon.colcon_core.environment:checking '/home/danielgrioja/LAB/Rover_Lab/install/my_package/lib'
[1.822s] Level 1:colcon.colcon_core.environment:checking '/home/danielgrioja/LAB/Rover_Lab/install/my_package/bin'
[1.822s] Level 1:colcon.colcon_core.environment:checking '/home/danielgrioja/LAB/Rover_Lab/install/my_package/lib/pkgconfig/my_package.pc'
[1.822s] Level 1:colcon.colcon_core.environment:checking '/home/danielgrioja/LAB/Rover_Lab/install/my_package/lib/python3.10/site-packages'
[1.822s] Level 1:colcon.colcon_core.shell:create_environment_hook('my_package', 'pythonpath')
[1.822s] INFO:colcon.colcon_core.shell:Creating environment hook '/home/danielgrioja/LAB/Rover_Lab/install/my_package/share/my_package/hook/pythonpath.ps1'
[1.823s] INFO:colcon.colcon_core.shell:Creating environment descriptor '/home/danielgrioja/LAB/Rover_Lab/install/my_package/share/my_package/hook/pythonpath.dsv'
[1.824s] INFO:colcon.colcon_core.shell:Creating environment hook '/home/danielgrioja/LAB/Rover_Lab/install/my_package/share/my_package/hook/pythonpath.sh'
[1.825s] Level 1:colcon.colcon_core.environment:checking '/home/danielgrioja/LAB/Rover_Lab/install/my_package/bin'
[1.825s] Level 1:colcon.colcon_core.environment:create_environment_scripts_only(my_package)
[1.825s] INFO:colcon.colcon_core.shell:Creating package script '/home/danielgrioja/LAB/Rover_Lab/install/my_package/share/my_package/package.ps1'
[1.826s] INFO:colcon.colcon_core.shell:Creating package descriptor '/home/danielgrioja/LAB/Rover_Lab/install/my_package/share/my_package/package.dsv'
[1.826s] INFO:colcon.colcon_core.shell:Creating package script '/home/danielgrioja/LAB/Rover_Lab/install/my_package/share/my_package/package.sh'
[1.827s] INFO:colcon.colcon_core.shell:Creating package script '/home/danielgrioja/LAB/Rover_Lab/install/my_package/share/my_package/package.bash'
[1.827s] INFO:colcon.colcon_core.shell:Creating package script '/home/danielgrioja/LAB/Rover_Lab/install/my_package/share/my_package/package.zsh'
[1.828s] Level 1:colcon.colcon_core.environment:create_file_with_runtime_dependencies(/home/danielgrioja/LAB/Rover_Lab/install/my_package/share/colcon-core/packages/my_package)
[1.828s] DEBUG:colcon.colcon_parallel_executor.executor.parallel:closing loop
[1.828s] DEBUG:colcon.colcon_parallel_executor.executor.parallel:loop closed
[1.828s] DEBUG:colcon.colcon_parallel_executor.executor.parallel:run_until_complete finished with '0'
[1.828s] DEBUG:colcon.colcon_core.event_reactor:joining thread
[1.835s] INFO:colcon.colcon_core.plugin_system:Skipping extension 'colcon_notification.desktop_notification.terminal_notifier': Not used on non-Darwin systems
[1.835s] INFO:colcon.colcon_core.plugin_system:Skipping extension 'colcon_notification.desktop_notification.win32': Not used on non-Windows systems
[1.836s] INFO:colcon.colcon_notification.desktop_notification:Sending desktop notification using 'notify2'
[1.851s] DEBUG:colcon.colcon_core.event_reactor:joined thread
[1.851s] INFO:colcon.colcon_core.shell:Creating prefix script '/home/danielgrioja/LAB/Rover_Lab/install/local_setup.ps1'
[1.853s] INFO:colcon.colcon_core.shell:Creating prefix util module '/home/danielgrioja/LAB/Rover_Lab/install/_local_setup_util_ps1.py'
[1.856s] INFO:colcon.colcon_core.shell:Creating prefix chain script '/home/danielgrioja/LAB/Rover_Lab/install/setup.ps1'
[1.858s] INFO:colcon.colcon_core.shell:Creating prefix script '/home/danielgrioja/LAB/Rover_Lab/install/local_setup.sh'
[1.859s] INFO:colcon.colcon_core.shell:Creating prefix util module '/home/danielgrioja/LAB/Rover_Lab/install/_local_setup_util_sh.py'
[1.860s] INFO:colcon.colcon_core.shell:Creating prefix chain script '/home/danielgrioja/LAB/Rover_Lab/install/setup.sh'
[1.861s] INFO:colcon.colcon_core.shell:Creating prefix script '/home/danielgrioja/LAB/Rover_Lab/install/local_setup.bash'
[1.862s] INFO:colcon.colcon_core.shell:Creating prefix chain script '/home/danielgrioja/LAB/Rover_Lab/install/setup.bash'
[1.863s] INFO:colcon.colcon_core.shell:Creating prefix script '/home/danielgrioja/LAB/Rover_Lab/install/local_setup.zsh'
[1.864s] INFO:colcon.colcon_core.shell:Creating prefix chain script '/home/danielgrioja/LAB/Rover_Lab/install/setup.zsh'
