[0.287s] DEBUG:colcon:Command line arguments: ['/usr/bin/colcon', 'build', '--symlink-install']
[0.288s] DEBUG:colcon:Parsed command line arguments: Namespace(log_base=None, log_level=None, verb_name='build', build_base='build', install_base='install', merge_install=False, symlink_install=True, test_result_base=None, continue_on_error=False, executor='parallel', parallel_workers=2, event_handlers=None, ignore_user_meta=False, metas=['./colcon.meta'], base_paths=['.'], packages_ignore=None, packages_ignore_regex=None, paths=None, packages_up_to=None, packages_up_to_regex=None, packages_above=None, packages_above_and_dependencies=None, packages_above_depth=None, packages_select_by_dep=None, packages_skip_by_dep=None, packages_skip_up_to=None, packages_select_build_failed=False, packages_skip_build_finished=False, packages_select_test_failures=False, packages_skip_test_passed=False, packages_select=None, packages_skip=None, packages_select_regex=None, packages_skip_regex=None, packages_start=None, packages_end=None, allow_overriding=[], cmake_args=None, cmake_target=None, cmake_target_skip_unavailable=False, cmake_clean_cache=False, cmake_clean_first=False, cmake_force_configure=False, ament_cmake_args=None, catkin_cmake_args=None, catkin_skip_building_tests=False, verb_parser=<colcon_defaults.argument_parser.defaults.DefaultArgumentsDecorator object at 0x71686f4335e0>, verb_extension=<colcon_core.verb.build.BuildVerb object at 0x71686f578ac0>, main=<bound method BuildVerb.main of <colcon_core.verb.build.BuildVerb object at 0x71686f578ac0>>)
[0.992s] Level 1:colcon.colcon_core.package_discovery:discover_packages(colcon_meta) check parameters
[0.992s] Level 1:colcon.colcon_core.package_discovery:discover_packages(recursive) check parameters
[0.992s] Level 1:colcon.colcon_core.package_discovery:discover_packages(ignore) check parameters
[0.992s] Level 1:colcon.colcon_core.package_discovery:discover_packages(path) check parameters
[0.992s] Level 1:colcon.colcon_core.package_discovery:discover_packages(colcon_meta) discover
[0.992s] Level 1:colcon.colcon_core.package_discovery:discover_packages(recursive) discover
[0.992s] INFO:colcon.colcon_core.package_discovery:Crawling recursively for packages in '/home/danielgrioja/LAB/Rover_Lab/rover'
[0.992s] Level 1:colcon.colcon_core.package_identification:_identify(.) by extensions ['ignore', 'ignore_ament_install']
[0.993s] Level 1:colcon.colcon_core.package_identification:_identify(.) by extension 'ignore'
[0.993s] Level 1:colcon.colcon_core.package_identification:_identify(.) by extension 'ignore_ament_install'
[0.993s] Level 1:colcon.colcon_core.package_identification:_identify(.) by extensions ['colcon_pkg']
[0.993s] Level 1:colcon.colcon_core.package_identification:_identify(.) by extension 'colcon_pkg'
[0.993s] Level 1:colcon.colcon_core.package_identification:_identify(.) by extensions ['colcon_meta']
[0.993s] Level 1:colcon.colcon_core.package_identification:_identify(.) by extension 'colcon_meta'
[0.993s] Level 1:colcon.colcon_core.package_identification:_identify(.) by extensions ['ros']
[0.993s] Level 1:colcon.colcon_core.package_identification:_identify(.) by extension 'ros'
[1.014s] DEBUG:colcon.colcon_core.package_identification:Package '.' with type 'ros.ament_python' and name 'rover'
[1.014s] Level 1:colcon.colcon_core.package_discovery:discover_packages(recursive) using defaults
[1.014s] Level 1:colcon.colcon_core.package_discovery:discover_packages(ignore) discover
[1.014s] Level 1:colcon.colcon_core.package_discovery:discover_packages(ignore) using defaults
[1.014s] Level 1:colcon.colcon_core.package_discovery:discover_packages(path) discover
[1.014s] Level 1:colcon.colcon_core.package_discovery:discover_packages(path) using defaults
[1.064s] Level 1:colcon.colcon_core.package_discovery:discover_packages(prefix_path) check parameters
[1.064s] Level 1:colcon.colcon_core.package_discovery:discover_packages(prefix_path) discover
[1.073s] DEBUG:colcon.colcon_installed_package_information.package_discovery:Found 276 installed packages in /opt/ros/humble
[1.092s] Level 1:colcon.colcon_core.package_discovery:discover_packages(prefix_path) using defaults
[1.166s] Level 5:colcon.colcon_core.verb:set package 'rover' build argument 'cmake_args' from command line to 'None'
[1.166s] Level 5:colcon.colcon_core.verb:set package 'rover' build argument 'cmake_target' from command line to 'None'
[1.166s] Level 5:colcon.colcon_core.verb:set package 'rover' build argument 'cmake_target_skip_unavailable' from command line to 'False'
[1.166s] Level 5:colcon.colcon_core.verb:set package 'rover' build argument 'cmake_clean_cache' from command line to 'False'
[1.166s] Level 5:colcon.colcon_core.verb:set package 'rover' build argument 'cmake_clean_first' from command line to 'False'
[1.166s] Level 5:colcon.colcon_core.verb:set package 'rover' build argument 'cmake_force_configure' from command line to 'False'
[1.166s] Level 5:colcon.colcon_core.verb:set package 'rover' build argument 'ament_cmake_args' from command line to 'None'
[1.166s] Level 5:colcon.colcon_core.verb:set package 'rover' build argument 'catkin_cmake_args' from command line to 'None'
[1.166s] Level 5:colcon.colcon_core.verb:set package 'rover' build argument 'catkin_skip_building_tests' from command line to 'False'
[1.166s] DEBUG:colcon.colcon_core.verb:Building package 'rover' with the following arguments: {'ament_cmake_args': None, 'build_base': '/home/danielgrioja/LAB/Rover_Lab/rover/build/rover', 'catkin_cmake_args': None, 'catkin_skip_building_tests': False, 'cmake_args': None, 'cmake_clean_cache': False, 'cmake_clean_first': False, 'cmake_force_configure': False, 'cmake_target': None, 'cmake_target_skip_unavailable': False, 'install_base': '/home/danielgrioja/LAB/Rover_Lab/rover/install/rover', 'merge_install': False, 'path': '/home/danielgrioja/LAB/Rover_Lab/rover', 'symlink_install': True, 'test_result_base': None}
[1.166s] INFO:colcon.colcon_core.executor:Executing jobs using 'parallel' executor
[1.168s] DEBUG:colcon.colcon_parallel_executor.executor.parallel:run_until_complete
[1.168s] INFO:colcon.colcon_ros.task.ament_python.build:Building ROS package in '/home/danielgrioja/LAB/Rover_Lab/rover' with build type 'ament_python'
[1.169s] Level 1:colcon.colcon_core.shell:create_environment_hook('rover', 'ament_prefix_path')
[1.180s] INFO:colcon.colcon_core.plugin_system:Skipping extension 'colcon_core.shell.bat': Not used on non-Windows systems
[1.180s] INFO:colcon.colcon_core.shell:Creating environment hook '/home/danielgrioja/LAB/Rover_Lab/rover/install/rover/share/rover/hook/ament_prefix_path.ps1'
[1.183s] INFO:colcon.colcon_core.shell:Creating environment descriptor '/home/danielgrioja/LAB/Rover_Lab/rover/install/rover/share/rover/hook/ament_prefix_path.dsv'
[1.185s] INFO:colcon.colcon_core.shell:Creating environment hook '/home/danielgrioja/LAB/Rover_Lab/rover/install/rover/share/rover/hook/ament_prefix_path.sh'
[1.188s] INFO:colcon.colcon_core.shell:Skip shell extension 'powershell' for command environment: Not usable outside of PowerShell
[1.188s] DEBUG:colcon.colcon_core.shell:Skip shell extension 'dsv' for command environment
[1.527s] INFO:colcon.colcon_core.task.python.build:Building Python package in '/home/danielgrioja/LAB/Rover_Lab/rover'
[1.527s] INFO:colcon.colcon_core.shell:Skip shell extension 'powershell' for command environment: Not usable outside of PowerShell
[1.527s] DEBUG:colcon.colcon_core.shell:Skip shell extension 'dsv' for command environment
[2.130s] DEBUG:colcon.colcon_core.event_handler.log_command:Invoking command in '/home/danielgrioja/LAB/Rover_Lab/rover/build/rover': PYTHONPATH=/home/danielgrioja/LAB/Rover_Lab/rover/build/rover/prefix_override:/usr/lib/python3/dist-packages/colcon_core/task/python/colcon_distutils_commands:/home/danielgrioja/LAB/Rover_Lab/rover/install/rover/lib/python3.10/site-packages:${PYTHONPATH} /usr/bin/python3 -W ignore:setup.py install is deprecated -W ignore:easy_install command is deprecated setup.py develop --editable --build-directory /home/danielgrioja/LAB/Rover_Lab/rover/build/rover/build --no-deps symlink_data
[2.778s] Level 1:colcon.colcon_core.shell:create_environment_hook('rover', 'pythonpath_develop')
[2.778s] INFO:colcon.colcon_core.shell:Creating environment hook '/home/danielgrioja/LAB/Rover_Lab/rover/build/rover/share/rover/hook/pythonpath_develop.ps1'
[2.779s] DEBUG:colcon.colcon_core.event_handler.log_command:Invoked command in '/home/danielgrioja/LAB/Rover_Lab/rover/build/rover' returned '0': PYTHONPATH=/home/danielgrioja/LAB/Rover_Lab/rover/build/rover/prefix_override:/usr/lib/python3/dist-packages/colcon_core/task/python/colcon_distutils_commands:/home/danielgrioja/LAB/Rover_Lab/rover/install/rover/lib/python3.10/site-packages:${PYTHONPATH} /usr/bin/python3 -W ignore:setup.py install is deprecated -W ignore:easy_install command is deprecated setup.py develop --editable --build-directory /home/danielgrioja/LAB/Rover_Lab/rover/build/rover/build --no-deps symlink_data
[2.780s] INFO:colcon.colcon_core.shell:Creating environment descriptor '/home/danielgrioja/LAB/Rover_Lab/rover/build/rover/share/rover/hook/pythonpath_develop.dsv'
[2.782s] INFO:colcon.colcon_core.shell:Creating environment hook '/home/danielgrioja/LAB/Rover_Lab/rover/build/rover/share/rover/hook/pythonpath_develop.sh'
[2.801s] Level 1:colcon.colcon_core.environment:checking '/home/danielgrioja/LAB/Rover_Lab/rover/install/rover' for CMake module files
[2.801s] Level 1:colcon.colcon_core.environment:checking '/home/danielgrioja/LAB/Rover_Lab/rover/install/rover' for CMake config files
[2.802s] Level 1:colcon.colcon_core.environment:checking '/home/danielgrioja/LAB/Rover_Lab/rover/install/rover/lib'
[2.802s] Level 1:colcon.colcon_core.environment:checking '/home/danielgrioja/LAB/Rover_Lab/rover/install/rover/bin'
[2.802s] Level 1:colcon.colcon_core.environment:checking '/home/danielgrioja/LAB/Rover_Lab/rover/install/rover/lib/pkgconfig/rover.pc'
[2.804s] Level 1:colcon.colcon_core.environment:checking '/home/danielgrioja/LAB/Rover_Lab/rover/install/rover/lib/python3.10/site-packages'
[2.804s] Level 1:colcon.colcon_core.shell:create_environment_hook('rover', 'pythonpath')
[2.805s] INFO:colcon.colcon_core.shell:Creating environment hook '/home/danielgrioja/LAB/Rover_Lab/rover/install/rover/share/rover/hook/pythonpath.ps1'
[2.807s] INFO:colcon.colcon_core.shell:Creating environment descriptor '/home/danielgrioja/LAB/Rover_Lab/rover/install/rover/share/rover/hook/pythonpath.dsv'
[2.808s] INFO:colcon.colcon_core.shell:Creating environment hook '/home/danielgrioja/LAB/Rover_Lab/rover/install/rover/share/rover/hook/pythonpath.sh'
[2.808s] Level 1:colcon.colcon_core.environment:checking '/home/danielgrioja/LAB/Rover_Lab/rover/install/rover/bin'
[2.808s] Level 1:colcon.colcon_core.environment:create_environment_scripts_only(rover)
[2.811s] INFO:colcon.colcon_core.shell:Creating package script '/home/danielgrioja/LAB/Rover_Lab/rover/install/rover/share/rover/package.ps1'
[2.813s] INFO:colcon.colcon_core.shell:Creating package descriptor '/home/danielgrioja/LAB/Rover_Lab/rover/install/rover/share/rover/package.dsv'
[2.816s] INFO:colcon.colcon_core.shell:Creating package script '/home/danielgrioja/LAB/Rover_Lab/rover/install/rover/share/rover/package.sh'
[2.818s] INFO:colcon.colcon_core.shell:Creating package script '/home/danielgrioja/LAB/Rover_Lab/rover/install/rover/share/rover/package.bash'
[2.820s] INFO:colcon.colcon_core.shell:Creating package script '/home/danielgrioja/LAB/Rover_Lab/rover/install/rover/share/rover/package.zsh'
[2.822s] Level 1:colcon.colcon_core.environment:create_file_with_runtime_dependencies(/home/danielgrioja/LAB/Rover_Lab/rover/install/rover/share/colcon-core/packages/rover)
[2.824s] DEBUG:colcon.colcon_parallel_executor.executor.parallel:closing loop
[2.824s] DEBUG:colcon.colcon_parallel_executor.executor.parallel:loop closed
[2.824s] DEBUG:colcon.colcon_parallel_executor.executor.parallel:run_until_complete finished with '0'
[2.825s] DEBUG:colcon.colcon_core.event_reactor:joining thread
[2.836s] INFO:colcon.colcon_core.plugin_system:Skipping extension 'colcon_notification.desktop_notification.terminal_notifier': Not used on non-Darwin systems
[2.836s] INFO:colcon.colcon_core.plugin_system:Skipping extension 'colcon_notification.desktop_notification.win32': Not used on non-Windows systems
[2.836s] INFO:colcon.colcon_notification.desktop_notification:Sending desktop notification using 'notify2'
[2.869s] DEBUG:colcon.colcon_core.event_reactor:joined thread
[2.869s] INFO:colcon.colcon_core.shell:Creating prefix script '/home/danielgrioja/LAB/Rover_Lab/rover/install/local_setup.ps1'
[2.873s] INFO:colcon.colcon_core.shell:Creating prefix util module '/home/danielgrioja/LAB/Rover_Lab/rover/install/_local_setup_util_ps1.py'
[2.877s] INFO:colcon.colcon_core.shell:Creating prefix chain script '/home/danielgrioja/LAB/Rover_Lab/rover/install/setup.ps1'
[2.881s] INFO:colcon.colcon_core.shell:Creating prefix script '/home/danielgrioja/LAB/Rover_Lab/rover/install/local_setup.sh'
[2.885s] INFO:colcon.colcon_core.shell:Creating prefix util module '/home/danielgrioja/LAB/Rover_Lab/rover/install/_local_setup_util_sh.py'
[2.888s] INFO:colcon.colcon_core.shell:Creating prefix chain script '/home/danielgrioja/LAB/Rover_Lab/rover/install/setup.sh'
[2.890s] INFO:colcon.colcon_core.shell:Creating prefix script '/home/danielgrioja/LAB/Rover_Lab/rover/install/local_setup.bash'
[2.891s] INFO:colcon.colcon_core.shell:Creating prefix chain script '/home/danielgrioja/LAB/Rover_Lab/rover/install/setup.bash'
[2.893s] INFO:colcon.colcon_core.shell:Creating prefix script '/home/danielgrioja/LAB/Rover_Lab/rover/install/local_setup.zsh'
[2.896s] INFO:colcon.colcon_core.shell:Creating prefix chain script '/home/danielgrioja/LAB/Rover_Lab/rover/install/setup.zsh'
