[0.499s] Invoking command in '/home/javier/ROVER_V1/src/ctrl_vel_motores': DEBUGINFOD_URLS=https://debuginfod.ubuntu.com PYTHONPATH=/home/javier/ROVER_V1/build/ctrl_vel_motores/prefix_override:/usr/lib/python3/dist-packages/colcon_core/task/python/colcon_distutils_commands:/home/javier/ROVER_V1/install/ctrl_vel_motores/lib/python3.12/site-packages:${PYTHONPATH} /usr/bin/python3 -W ignore:setup.py install is deprecated -W ignore:easy_install command is deprecated setup.py egg_info --egg-base ../../build/ctrl_vel_motores build --build-base /home/javier/ROVER_V1/build/ctrl_vel_motores/build install --record /home/javier/ROVER_V1/build/ctrl_vel_motores/install.log --single-version-externally-managed install_data
[0.669s] running egg_info
[0.679s] writing ../../build/ctrl_vel_motores/ctrl_vel_motores.egg-info/PKG-INFO
[0.679s] writing dependency_links to ../../build/ctrl_vel_motores/ctrl_vel_motores.egg-info/dependency_links.txt
[0.680s] writing entry points to ../../build/ctrl_vel_motores/ctrl_vel_motores.egg-info/entry_points.txt
[0.680s] writing requirements to ../../build/ctrl_vel_motores/ctrl_vel_motores.egg-info/requires.txt
[0.680s] writing top-level names to ../../build/ctrl_vel_motores/ctrl_vel_motores.egg-info/top_level.txt
[0.701s] reading manifest file '../../build/ctrl_vel_motores/ctrl_vel_motores.egg-info/SOURCES.txt'
[0.701s] adding license file 'LICENSE'
[0.701s] writing manifest file '../../build/ctrl_vel_motores/ctrl_vel_motores.egg-info/SOURCES.txt'
[0.701s] running build
[0.701s] running build_py
[0.702s] running install
[0.706s] running install_lib
[0.717s] running install_data
[0.717s] running install_egg_info
[0.728s] removing '/home/javier/ROVER_V1/install/ctrl_vel_motores/lib/python3.12/site-packages/ctrl_vel_motores-0.0.0-py3.12.egg-info' (and everything under it)
[0.728s] Copying ../../build/ctrl_vel_motores/ctrl_vel_motores.egg-info to /home/javier/ROVER_V1/install/ctrl_vel_motores/lib/python3.12/site-packages/ctrl_vel_motores-0.0.0-py3.12.egg-info
[0.729s] running install_scripts
[0.802s] Installing velocidad_teclado script to /home/javier/ROVER_V1/install/ctrl_vel_motores/lib/ctrl_vel_motores
[0.802s] writing list of installed files to '/home/javier/ROVER_V1/build/ctrl_vel_motores/install.log'
[0.819s] Invoked command in '/home/javier/ROVER_V1/src/ctrl_vel_motores' returned '0': DEBUGINFOD_URLS=https://debuginfod.ubuntu.com PYTHONPATH=/home/javier/ROVER_V1/build/ctrl_vel_motores/prefix_override:/usr/lib/python3/dist-packages/colcon_core/task/python/colcon_distutils_commands:/home/javier/ROVER_V1/install/ctrl_vel_motores/lib/python3.12/site-packages:${PYTHONPATH} /usr/bin/python3 -W ignore:setup.py install is deprecated -W ignore:easy_install command is deprecated setup.py egg_info --egg-base ../../build/ctrl_vel_motores build --build-base /home/javier/ROVER_V1/build/ctrl_vel_motores/build install --record /home/javier/ROVER_V1/build/ctrl_vel_motores/install.log --single-version-externally-managed install_data
