[0.120s] DEBUG:colcon:Command line arguments: ['/usr/bin/colcon', 'build', '--symlink-install']
[0.120s] DEBUG:colcon:Parsed command line arguments: Namespace(log_base=None, log_level=None, verb_name='build', build_base='build', install_base='install', merge_install=False, symlink_install=True, test_result_base=None, continue_on_error=False, executor='parallel', parallel_workers=2, event_handlers=None, ignore_user_meta=False, metas=['./colcon.meta'], base_paths=['.'], packages_ignore=None, packages_ignore_regex=None, paths=None, packages_up_to=None, packages_up_to_regex=None, packages_above=None, packages_above_and_dependencies=None, packages_above_depth=None, packages_select_by_dep=None, packages_skip_by_dep=None, packages_skip_up_to=None, packages_select_build_failed=False, packages_skip_build_finished=False, packages_select_test_failures=False, packages_skip_test_passed=False, packages_select=None, packages_skip=None, packages_select_regex=None, packages_skip_regex=None, packages_start=None, packages_end=None, allow_overriding=[], cmake_args=None, cmake_target=None, cmake_target_skip_unavailable=False, cmake_clean_cache=False, cmake_clean_first=False, cmake_force_configure=False, ament_cmake_args=None, catkin_cmake_args=None, catkin_skip_building_tests=False, verb_parser=<colcon_defaults.argument_parser.defaults.DefaultArgumentsDecorator object at 0x782c46e3bb20>, verb_extension=<colcon_core.verb.build.BuildVerb object at 0x782c46f71000>, main=<bound method BuildVerb.main of <colcon_core.verb.build.BuildVerb object at 0x782c46f71000>>)
[0.309s] Level 1:colcon.colcon_core.package_discovery:discover_packages(colcon_meta) check parameters
[0.309s] Level 1:colcon.colcon_core.package_discovery:discover_packages(recursive) check parameters
[0.309s] Level 1:colcon.colcon_core.package_discovery:discover_packages(ignore) check parameters
[0.309s] Level 1:colcon.colcon_core.package_discovery:discover_packages(path) check parameters
[0.309s] Level 1:colcon.colcon_core.package_discovery:discover_packages(colcon_meta) discover
[0.309s] Level 1:colcon.colcon_core.package_discovery:discover_packages(recursive) discover
[0.309s] INFO:colcon.colcon_core.package_discovery:Crawling recursively for packages in '/home/danielgrioja/LAB/Rover_Lab/rover'
[0.309s] Level 1:colcon.colcon_core.package_identification:_identify(.) by extensions ['ignore', 'ignore_ament_install']
[0.309s] Level 1:colcon.colcon_core.package_identification:_identify(.) by extension 'ignore'
[0.309s] Level 1:colcon.colcon_core.package_identification:_identify(.) by extension 'ignore_ament_install'
[0.309s] Level 1:colcon.colcon_core.package_identification:_identify(.) by extensions ['colcon_pkg']
[0.310s] Level 1:colcon.colcon_core.package_identification:_identify(.) by extension 'colcon_pkg'
[0.310s] Level 1:colcon.colcon_core.package_identification:_identify(.) by extensions ['colcon_meta']
[0.310s] Level 1:colcon.colcon_core.package_identification:_identify(.) by extension 'colcon_meta'
[0.310s] Level 1:colcon.colcon_core.package_identification:_identify(.) by extensions ['ros']
[0.310s] Level 1:colcon.colcon_core.package_identification:_identify(.) by extension 'ros'
[0.326s] DEBUG:colcon.colcon_core.package_identification:Package '.' with type 'ros.ament_python' and name 'rover'
[0.326s] Level 1:colcon.colcon_core.package_discovery:discover_packages(recursive) using defaults
[0.326s] Level 1:colcon.colcon_core.package_discovery:discover_packages(ignore) discover
[0.326s] Level 1:colcon.colcon_core.package_discovery:discover_packages(ignore) using defaults
[0.326s] Level 1:colcon.colcon_core.package_discovery:discover_packages(path) discover
[0.326s] Level 1:colcon.colcon_core.package_discovery:discover_packages(path) using defaults
[0.350s] Level 1:colcon.colcon_core.package_discovery:discover_packages(prefix_path) check parameters
[0.350s] Level 1:colcon.colcon_core.package_discovery:discover_packages(prefix_path) discover
[0.352s] DEBUG:colcon.colcon_installed_package_information.package_discovery:Found 1 installed packages in /home/danielgrioja/LAB/Rover_Lab/rover/install
[0.354s] DEBUG:colcon.colcon_installed_package_information.package_discovery:Found 276 installed packages in /opt/ros/humble
[0.368s] Level 1:colcon.colcon_core.package_discovery:discover_packages(prefix_path) using defaults
[0.421s] Level 5:colcon.colcon_core.verb:set package 'rover' build argument 'cmake_args' from command line to 'None'
[0.421s] Level 5:colcon.colcon_core.verb:set package 'rover' build argument 'cmake_target' from command line to 'None'
[0.421s] Level 5:colcon.colcon_core.verb:set package 'rover' build argument 'cmake_target_skip_unavailable' from command line to 'False'
[0.421s] Level 5:colcon.colcon_core.verb:set package 'rover' build argument 'cmake_clean_cache' from command line to 'False'
[0.421s] Level 5:colcon.colcon_core.verb:set package 'rover' build argument 'cmake_clean_first' from command line to 'False'
[0.421s] Level 5:colcon.colcon_core.verb:set package 'rover' build argument 'cmake_force_configure' from command line to 'False'
[0.421s] Level 5:colcon.colcon_core.verb:set package 'rover' build argument 'ament_cmake_args' from command line to 'None'
[0.421s] Level 5:colcon.colcon_core.verb:set package 'rover' build argument 'catkin_cmake_args' from command line to 'None'
[0.421s] Level 5:colcon.colcon_core.verb:set package 'rover' build argument 'catkin_skip_building_tests' from command line to 'False'
[0.421s] DEBUG:colcon.colcon_core.verb:Building package 'rover' with the following arguments: {'ament_cmake_args': None, 'build_base': '/home/danielgrioja/LAB/Rover_Lab/rover/build/rover', 'catkin_cmake_args': None, 'catkin_skip_building_tests': False, 'cmake_args': None, 'cmake_clean_cache': False, 'cmake_clean_first': False, 'cmake_force_configure': False, 'cmake_target': None, 'cmake_target_skip_unavailable': False, 'install_base': '/home/danielgrioja/LAB/Rover_Lab/rover/install/rover', 'merge_install': False, 'path': '/home/danielgrioja/LAB/Rover_Lab/rover', 'symlink_install': True, 'test_result_base': None}
[0.421s] INFO:colcon.colcon_core.executor:Executing jobs using 'parallel' executor
[0.422s] DEBUG:colcon.colcon_parallel_executor.executor.parallel:run_until_complete
[0.423s] INFO:colcon.colcon_ros.task.ament_python.build:Building ROS package in '/home/danielgrioja/LAB/Rover_Lab/rover' with build type 'ament_python'
[0.423s] Level 1:colcon.colcon_core.shell:create_environment_hook('rover', 'ament_prefix_path')
[0.425s] INFO:colcon.colcon_core.plugin_system:Skipping extension 'colcon_core.shell.bat': Not used on non-Windows systems
[0.425s] INFO:colcon.colcon_core.shell:Creating environment hook '/home/danielgrioja/LAB/Rover_Lab/rover/install/rover/share/rover/hook/ament_prefix_path.ps1'
[0.426s] INFO:colcon.colcon_core.shell:Creating environment descriptor '/home/danielgrioja/LAB/Rover_Lab/rover/install/rover/share/rover/hook/ament_prefix_path.dsv'
[0.427s] INFO:colcon.colcon_core.shell:Creating environment hook '/home/danielgrioja/LAB/Rover_Lab/rover/install/rover/share/rover/hook/ament_prefix_path.sh'
[0.428s] INFO:colcon.colcon_core.shell:Skip shell extension 'powershell' for command environment: Not usable outside of PowerShell
[0.428s] DEBUG:colcon.colcon_core.shell:Skip shell extension 'dsv' for command environment
[0.771s] INFO:colcon.colcon_core.task.python.build:Building Python package in '/home/danielgrioja/LAB/Rover_Lab/rover'
[0.773s] INFO:colcon.colcon_core.shell:Skip shell extension 'powershell' for command environment: Not usable outside of PowerShell
[0.774s] DEBUG:colcon.colcon_core.shell:Skip shell extension 'dsv' for command environment
[1.263s] DEBUG:colcon.colcon_core.event_handler.log_command:Invoking command in '/home/danielgrioja/LAB/Rover_Lab/rover/build/rover': PYTHONPATH=/home/danielgrioja/LAB/Rover_Lab/rover/build/rover/prefix_override:/usr/lib/python3/dist-packages/colcon_core/task/python/colcon_distutils_commands:/home/danielgrioja/LAB/Rover_Lab/rover/install/rover/lib/python3.10/site-packages:${PYTHONPATH} /usr/bin/python3 -W ignore:setup.py install is deprecated -W ignore:easy_install command is deprecated setup.py develop --editable --build-directory /home/danielgrioja/LAB/Rover_Lab/rover/build/rover/build --no-deps symlink_data
[1.839s] Level 1:colcon.colcon_core.shell:create_environment_hook('rover', 'pythonpath_develop')
[1.839s] DEBUG:colcon.colcon_core.event_handler.log_command:Invoked command in '/home/danielgrioja/LAB/Rover_Lab/rover/build/rover' returned '0': PYTHONPATH=/home/danielgrioja/LAB/Rover_Lab/rover/build/rover/prefix_override:/usr/lib/python3/dist-packages/colcon_core/task/python/colcon_distutils_commands:/home/danielgrioja/LAB/Rover_Lab/rover/install/rover/lib/python3.10/site-packages:${PYTHONPATH} /usr/bin/python3 -W ignore:setup.py install is deprecated -W ignore:easy_install command is deprecated setup.py develop --editable --build-directory /home/danielgrioja/LAB/Rover_Lab/rover/build/rover/build --no-deps symlink_data
[1.840s] INFO:colcon.colcon_core.shell:Creating environment hook '/home/danielgrioja/LAB/Rover_Lab/rover/build/rover/share/rover/hook/pythonpath_develop.ps1'
[1.841s] INFO:colcon.colcon_core.shell:Creating environment descriptor '/home/danielgrioja/LAB/Rover_Lab/rover/build/rover/share/rover/hook/pythonpath_develop.dsv'
[1.841s] INFO:colcon.colcon_core.shell:Creating environment hook '/home/danielgrioja/LAB/Rover_Lab/rover/build/rover/share/rover/hook/pythonpath_develop.sh'
[1.845s] Level 1:colcon.colcon_core.environment:checking '/home/danielgrioja/LAB/Rover_Lab/rover/install/rover' for CMake module files
[1.845s] Level 1:colcon.colcon_core.environment:checking '/home/danielgrioja/LAB/Rover_Lab/rover/install/rover' for CMake config files
[1.846s] Level 1:colcon.colcon_core.environment:checking '/home/danielgrioja/LAB/Rover_Lab/rover/install/rover/lib'
[1.847s] Level 1:colcon.colcon_core.environment:checking '/home/danielgrioja/LAB/Rover_Lab/rover/install/rover/bin'
[1.847s] Level 1:colcon.colcon_core.environment:checking '/home/danielgrioja/LAB/Rover_Lab/rover/install/rover/lib/pkgconfig/rover.pc'
[1.847s] Level 1:colcon.colcon_core.environment:checking '/home/danielgrioja/LAB/Rover_Lab/rover/install/rover/lib/python3.10/site-packages'
[1.848s] Level 1:colcon.colcon_core.shell:create_environment_hook('rover', 'pythonpath')
[1.848s] INFO:colcon.colcon_core.shell:Creating environment hook '/home/danielgrioja/LAB/Rover_Lab/rover/install/rover/share/rover/hook/pythonpath.ps1'
[1.849s] INFO:colcon.colcon_core.shell:Creating environment descriptor '/home/danielgrioja/LAB/Rover_Lab/rover/install/rover/share/rover/hook/pythonpath.dsv'
[1.849s] INFO:colcon.colcon_core.shell:Creating environment hook '/home/danielgrioja/LAB/Rover_Lab/rover/install/rover/share/rover/hook/pythonpath.sh'
[1.851s] Level 1:colcon.colcon_core.environment:checking '/home/danielgrioja/LAB/Rover_Lab/rover/install/rover/bin'
[1.851s] Level 1:colcon.colcon_core.environment:create_environment_scripts_only(rover)
[1.851s] INFO:colcon.colcon_core.shell:Creating package script '/home/danielgrioja/LAB/Rover_Lab/rover/install/rover/share/rover/package.ps1'
[1.853s] INFO:colcon.colcon_core.shell:Creating package descriptor '/home/danielgrioja/LAB/Rover_Lab/rover/install/rover/share/rover/package.dsv'
[1.854s] INFO:colcon.colcon_core.shell:Creating package script '/home/danielgrioja/LAB/Rover_Lab/rover/install/rover/share/rover/package.sh'
[1.855s] INFO:colcon.colcon_core.shell:Creating package script '/home/danielgrioja/LAB/Rover_Lab/rover/install/rover/share/rover/package.bash'
[1.856s] INFO:colcon.colcon_core.shell:Creating package script '/home/danielgrioja/LAB/Rover_Lab/rover/install/rover/share/rover/package.zsh'
[1.857s] Level 1:colcon.colcon_core.environment:create_file_with_runtime_dependencies(/home/danielgrioja/LAB/Rover_Lab/rover/install/rover/share/colcon-core/packages/rover)
[1.857s] DEBUG:colcon.colcon_parallel_executor.executor.parallel:closing loop
[1.858s] DEBUG:colcon.colcon_parallel_executor.executor.parallel:loop closed
[1.858s] DEBUG:colcon.colcon_parallel_executor.executor.parallel:run_until_complete finished with '0'
[1.858s] DEBUG:colcon.colcon_core.event_reactor:joining thread
[1.866s] INFO:colcon.colcon_core.plugin_system:Skipping extension 'colcon_notification.desktop_notification.terminal_notifier': Not used on non-Darwin systems
[1.867s] INFO:colcon.colcon_core.plugin_system:Skipping extension 'colcon_notification.desktop_notification.win32': Not used on non-Windows systems
[1.867s] INFO:colcon.colcon_notification.desktop_notification:Sending desktop notification using 'notify2'
[1.883s] DEBUG:colcon.colcon_core.event_reactor:joined thread
[1.883s] INFO:colcon.colcon_core.shell:Creating prefix script '/home/danielgrioja/LAB/Rover_Lab/rover/install/local_setup.ps1'
[1.885s] INFO:colcon.colcon_core.shell:Creating prefix util module '/home/danielgrioja/LAB/Rover_Lab/rover/install/_local_setup_util_ps1.py'
[1.887s] INFO:colcon.colcon_core.shell:Creating prefix chain script '/home/danielgrioja/LAB/Rover_Lab/rover/install/setup.ps1'
[1.889s] INFO:colcon.colcon_core.shell:Creating prefix script '/home/danielgrioja/LAB/Rover_Lab/rover/install/local_setup.sh'
[1.891s] INFO:colcon.colcon_core.shell:Creating prefix util module '/home/danielgrioja/LAB/Rover_Lab/rover/install/_local_setup_util_sh.py'
[1.892s] INFO:colcon.colcon_core.shell:Creating prefix chain script '/home/danielgrioja/LAB/Rover_Lab/rover/install/setup.sh'
[1.894s] INFO:colcon.colcon_core.shell:Creating prefix script '/home/danielgrioja/LAB/Rover_Lab/rover/install/local_setup.bash'
[1.895s] INFO:colcon.colcon_core.shell:Creating prefix chain script '/home/danielgrioja/LAB/Rover_Lab/rover/install/setup.bash'
[1.897s] INFO:colcon.colcon_core.shell:Creating prefix script '/home/danielgrioja/LAB/Rover_Lab/rover/install/local_setup.zsh'
[1.899s] INFO:colcon.colcon_core.shell:Creating prefix chain script '/home/danielgrioja/LAB/Rover_Lab/rover/install/setup.zsh'
