[0.797s] Invoking command in '/home/javier/ROVER_V1/src/ctrl_vel_motores': DEBUGINFOD_URLS=https://debuginfod.ubuntu.com PYTHONPATH=/home/javier/ROVER_V1/build/ctrl_vel_motores/prefix_override:/usr/lib/python3/dist-packages/colcon_core/task/python/colcon_distutils_commands:/home/javier/ROVER_V1/install/ctrl_vel_motores/lib/python3.12/site-packages:${PYTHONPATH} /usr/bin/python3 -W ignore:setup.py install is deprecated -W ignore:easy_install command is deprecated setup.py egg_info --egg-base ../../build/ctrl_vel_motores build --build-base /home/javier/ROVER_V1/build/ctrl_vel_motores/build install --record /home/javier/ROVER_V1/build/ctrl_vel_motores/install.log --single-version-externally-managed install_data
[1.061s] running egg_info
[1.078s] writing ../../build/ctrl_vel_motores/ctrl_vel_motores.egg-info/PKG-INFO
[1.078s] writing dependency_links to ../../build/ctrl_vel_motores/ctrl_vel_motores.egg-info/dependency_links.txt
[1.078s] writing entry points to ../../build/ctrl_vel_motores/ctrl_vel_motores.egg-info/entry_points.txt
[1.078s] writing requirements to ../../build/ctrl_vel_motores/ctrl_vel_motores.egg-info/requires.txt
[1.078s] writing top-level names to ../../build/ctrl_vel_motores/ctrl_vel_motores.egg-info/top_level.txt
[1.112s] reading manifest file '../../build/ctrl_vel_motores/ctrl_vel_motores.egg-info/SOURCES.txt'
[1.113s] adding license file 'LICENSE'
[1.113s] writing manifest file '../../build/ctrl_vel_motores/ctrl_vel_motores.egg-info/SOURCES.txt'
[1.113s] running build
[1.113s] running build_py
[1.113s] copying ctrl_vel_motores/velocidad_motores.py -> /home/javier/ROVER_V1/build/ctrl_vel_motores/build/lib/ctrl_vel_motores
[1.114s] running install
[1.121s] running install_lib
[1.139s] copying /home/javier/ROVER_V1/build/ctrl_vel_motores/build/lib/ctrl_vel_motores/velocidad_motores.py -> /home/javier/ROVER_V1/install/ctrl_vel_motores/lib/python3.12/site-packages/ctrl_vel_motores
[1.140s] byte-compiling /home/javier/ROVER_V1/install/ctrl_vel_motores/lib/python3.12/site-packages/ctrl_vel_motores/velocidad_motores.py to velocidad_motores.cpython-312.pyc
[1.141s] running install_data
[1.141s] running install_egg_info
[1.160s] removing '/home/javier/ROVER_V1/install/ctrl_vel_motores/lib/python3.12/site-packages/ctrl_vel_motores-0.0.0-py3.12.egg-info' (and everything under it)
[1.160s] Copying ../../build/ctrl_vel_motores/ctrl_vel_motores.egg-info to /home/javier/ROVER_V1/install/ctrl_vel_motores/lib/python3.12/site-packages/ctrl_vel_motores-0.0.0-py3.12.egg-info
[1.161s] running install_scripts
[1.280s] Installing velocidad_motores script to /home/javier/ROVER_V1/install/ctrl_vel_motores/lib/ctrl_vel_motores
[1.280s] Installing velocidad_teclado script to /home/javier/ROVER_V1/install/ctrl_vel_motores/lib/ctrl_vel_motores
[1.280s] writing list of installed files to '/home/javier/ROVER_V1/build/ctrl_vel_motores/install.log'
[1.307s] Invoked command in '/home/javier/ROVER_V1/src/ctrl_vel_motores' returned '0': DEBUGINFOD_URLS=https://debuginfod.ubuntu.com PYTHONPATH=/home/javier/ROVER_V1/build/ctrl_vel_motores/prefix_override:/usr/lib/python3/dist-packages/colcon_core/task/python/colcon_distutils_commands:/home/javier/ROVER_V1/install/ctrl_vel_motores/lib/python3.12/site-packages:${PYTHONPATH} /usr/bin/python3 -W ignore:setup.py install is deprecated -W ignore:easy_install command is deprecated setup.py egg_info --egg-base ../../build/ctrl_vel_motores build --build-base /home/javier/ROVER_V1/build/ctrl_vel_motores/build install --record /home/javier/ROVER_V1/build/ctrl_vel_motores/install.log --single-version-externally-managed install_data
