[0.256s] DEBUG:colcon:Command line arguments: ['/usr/bin/colcon', 'build']
[0.256s] DEBUG:colcon:Parsed command line arguments: Namespace(log_base=None, log_level=None, verb_name='build', build_base='build', install_base='install', merge_install=False, symlink_install=False, test_result_base=None, continue_on_error=False, executor='parallel', parallel_workers=2, event_handlers=None, ignore_user_meta=False, metas=['./colcon.meta'], base_paths=['.'], packages_ignore=None, packages_ignore_regex=None, paths=None, packages_up_to=None, packages_up_to_regex=None, packages_above=None, packages_above_and_dependencies=None, packages_above_depth=None, packages_select_by_dep=None, packages_skip_by_dep=None, packages_skip_up_to=None, packages_select_build_failed=False, packages_skip_build_finished=False, packages_select_test_failures=False, packages_skip_test_passed=False, packages_select=None, packages_skip=None, packages_select_regex=None, packages_skip_regex=None, packages_start=None, packages_end=None, allow_overriding=[], cmake_args=None, cmake_target=None, cmake_target_skip_unavailable=False, cmake_clean_cache=False, cmake_clean_first=False, cmake_force_configure=False, ament_cmake_args=None, catkin_cmake_args=None, catkin_skip_building_tests=False, verb_parser=<colcon_defaults.argument_parser.defaults.DefaultArgumentsDecorator object at 0x724930e3b460>, verb_extension=<colcon_core.verb.build.BuildVerb object at 0x724930f7c940>, main=<bound method BuildVerb.main of <colcon_core.verb.build.BuildVerb object at 0x724930f7c940>>)
[0.642s] Level 1:colcon.colcon_core.package_discovery:discover_packages(colcon_meta) check parameters
[0.642s] Level 1:colcon.colcon_core.package_discovery:discover_packages(recursive) check parameters
[0.642s] Level 1:colcon.colcon_core.package_discovery:discover_packages(ignore) check parameters
[0.642s] Level 1:colcon.colcon_core.package_discovery:discover_packages(path) check parameters
[0.642s] Level 1:colcon.colcon_core.package_discovery:discover_packages(colcon_meta) discover
[0.642s] Level 1:colcon.colcon_core.package_discovery:discover_packages(recursive) discover
[0.642s] INFO:colcon.colcon_core.package_discovery:Crawling recursively for packages in '/home/danielgrioja/LAB/Rover_Lab'
[0.642s] Level 1:colcon.colcon_core.package_identification:_identify(.) by extensions ['ignore', 'ignore_ament_install']
[0.642s] Level 1:colcon.colcon_core.package_identification:_identify(.) by extension 'ignore'
[0.642s] Level 1:colcon.colcon_core.package_identification:_identify(.) by extension 'ignore_ament_install'
[0.642s] Level 1:colcon.colcon_core.package_identification:_identify(.) by extensions ['colcon_pkg']
[0.642s] Level 1:colcon.colcon_core.package_identification:_identify(.) by extension 'colcon_pkg'
[0.642s] Level 1:colcon.colcon_core.package_identification:_identify(.) by extensions ['colcon_meta']
[0.642s] Level 1:colcon.colcon_core.package_identification:_identify(.) by extension 'colcon_meta'
[0.643s] Level 1:colcon.colcon_core.package_identification:_identify(.) by extensions ['ros']
[0.643s] Level 1:colcon.colcon_core.package_identification:_identify(.) by extension 'ros'
[0.660s] Level 1:colcon.colcon_core.package_identification:_identify(.) by extensions ['cmake', 'python']
[0.660s] Level 1:colcon.colcon_core.package_identification:_identify(.) by extension 'cmake'
[0.660s] Level 1:colcon.colcon_core.package_identification:_identify(.) by extension 'python'
[0.660s] Level 1:colcon.colcon_core.package_identification:_identify(.) by extensions ['python_setup_py']
[0.660s] Level 1:colcon.colcon_core.package_identification:_identify(.) by extension 'python_setup_py'
[0.660s] Level 1:colcon.colcon_core.package_identification:_identify(build) by extensions ['ignore', 'ignore_ament_install']
[0.661s] Level 1:colcon.colcon_core.package_identification:_identify(build) by extension 'ignore'
[0.661s] Level 1:colcon.colcon_core.package_identification:_identify(build) ignored
[0.661s] Level 1:colcon.colcon_core.package_identification:_identify(install) by extensions ['ignore', 'ignore_ament_install']
[0.661s] Level 1:colcon.colcon_core.package_identification:_identify(install) by extension 'ignore'
[0.661s] Level 1:colcon.colcon_core.package_identification:_identify(install) ignored
[0.661s] Level 1:colcon.colcon_core.package_identification:_identify(log) by extensions ['ignore', 'ignore_ament_install']
[0.661s] Level 1:colcon.colcon_core.package_identification:_identify(log) by extension 'ignore'
[0.661s] Level 1:colcon.colcon_core.package_identification:_identify(log) ignored
[0.661s] Level 1:colcon.colcon_core.package_identification:_identify(my_first_simulation) by extensions ['ignore', 'ignore_ament_install']
[0.661s] Level 1:colcon.colcon_core.package_identification:_identify(my_first_simulation) by extension 'ignore'
[0.662s] Level 1:colcon.colcon_core.package_identification:_identify(my_first_simulation) by extension 'ignore_ament_install'
[0.662s] Level 1:colcon.colcon_core.package_identification:_identify(my_first_simulation) by extensions ['colcon_pkg']
[0.662s] Level 1:colcon.colcon_core.package_identification:_identify(my_first_simulation) by extension 'colcon_pkg'
[0.662s] Level 1:colcon.colcon_core.package_identification:_identify(my_first_simulation) by extensions ['colcon_meta']
[0.662s] Level 1:colcon.colcon_core.package_identification:_identify(my_first_simulation) by extension 'colcon_meta'
[0.662s] Level 1:colcon.colcon_core.package_identification:_identify(my_first_simulation) by extensions ['ros']
[0.662s] Level 1:colcon.colcon_core.package_identification:_identify(my_first_simulation) by extension 'ros'
[0.662s] Level 1:colcon.colcon_core.package_identification:_identify(my_first_simulation) by extensions ['cmake', 'python']
[0.662s] Level 1:colcon.colcon_core.package_identification:_identify(my_first_simulation) by extension 'cmake'
[0.662s] Level 1:colcon.colcon_core.package_identification:_identify(my_first_simulation) by extension 'python'
[0.662s] Level 1:colcon.colcon_core.package_identification:_identify(my_first_simulation) by extensions ['python_setup_py']
[0.662s] Level 1:colcon.colcon_core.package_identification:_identify(my_first_simulation) by extension 'python_setup_py'
[0.662s] Level 1:colcon.colcon_core.package_identification:_identify(my_first_simulation/controllers) by extensions ['ignore', 'ignore_ament_install']
[0.662s] Level 1:colcon.colcon_core.package_identification:_identify(my_first_simulation/controllers) by extension 'ignore'
[0.662s] Level 1:colcon.colcon_core.package_identification:_identify(my_first_simulation/controllers) by extension 'ignore_ament_install'
[0.662s] Level 1:colcon.colcon_core.package_identification:_identify(my_first_simulation/controllers) by extensions ['colcon_pkg']
[0.662s] Level 1:colcon.colcon_core.package_identification:_identify(my_first_simulation/controllers) by extension 'colcon_pkg'
[0.662s] Level 1:colcon.colcon_core.package_identification:_identify(my_first_simulation/controllers) by extensions ['colcon_meta']
[0.662s] Level 1:colcon.colcon_core.package_identification:_identify(my_first_simulation/controllers) by extension 'colcon_meta'
[0.663s] Level 1:colcon.colcon_core.package_identification:_identify(my_first_simulation/controllers) by extensions ['ros']
[0.663s] Level 1:colcon.colcon_core.package_identification:_identify(my_first_simulation/controllers) by extension 'ros'
[0.663s] Level 1:colcon.colcon_core.package_identification:_identify(my_first_simulation/controllers) by extensions ['cmake', 'python']
[0.663s] Level 1:colcon.colcon_core.package_identification:_identify(my_first_simulation/controllers) by extension 'cmake'
[0.663s] Level 1:colcon.colcon_core.package_identification:_identify(my_first_simulation/controllers) by extension 'python'
[0.663s] Level 1:colcon.colcon_core.package_identification:_identify(my_first_simulation/controllers) by extensions ['python_setup_py']
[0.663s] Level 1:colcon.colcon_core.package_identification:_identify(my_first_simulation/controllers) by extension 'python_setup_py'
[0.663s] Level 1:colcon.colcon_core.package_identification:_identify(my_first_simulation/controllers/EPuckAvoidController) by extensions ['ignore', 'ignore_ament_install']
[0.663s] Level 1:colcon.colcon_core.package_identification:_identify(my_first_simulation/controllers/EPuckAvoidController) by extension 'ignore'
[0.663s] Level 1:colcon.colcon_core.package_identification:_identify(my_first_simulation/controllers/EPuckAvoidController) by extension 'ignore_ament_install'
[0.663s] Level 1:colcon.colcon_core.package_identification:_identify(my_first_simulation/controllers/EPuckAvoidController) by extensions ['colcon_pkg']
[0.663s] Level 1:colcon.colcon_core.package_identification:_identify(my_first_simulation/controllers/EPuckAvoidController) by extension 'colcon_pkg'
[0.663s] Level 1:colcon.colcon_core.package_identification:_identify(my_first_simulation/controllers/EPuckAvoidController) by extensions ['colcon_meta']
[0.663s] Level 1:colcon.colcon_core.package_identification:_identify(my_first_simulation/controllers/EPuckAvoidController) by extension 'colcon_meta'
[0.663s] Level 1:colcon.colcon_core.package_identification:_identify(my_first_simulation/controllers/EPuckAvoidController) by extensions ['ros']
[0.663s] Level 1:colcon.colcon_core.package_identification:_identify(my_first_simulation/controllers/EPuckAvoidController) by extension 'ros'
[0.663s] Level 1:colcon.colcon_core.package_identification:_identify(my_first_simulation/controllers/EPuckAvoidController) by extensions ['cmake', 'python']
[0.663s] Level 1:colcon.colcon_core.package_identification:_identify(my_first_simulation/controllers/EPuckAvoidController) by extension 'cmake'
[0.664s] Level 1:colcon.colcon_core.package_identification:_identify(my_first_simulation/controllers/EPuckAvoidController) by extension 'python'
[0.664s] Level 1:colcon.colcon_core.package_identification:_identify(my_first_simulation/controllers/EPuckAvoidController) by extensions ['python_setup_py']
[0.664s] Level 1:colcon.colcon_core.package_identification:_identify(my_first_simulation/controllers/EPuckAvoidController) by extension 'python_setup_py'
[0.664s] Level 1:colcon.colcon_core.package_identification:_identify(my_first_simulation/controllers/EPuckAvoidController/build) by extensions ['ignore', 'ignore_ament_install']
[0.664s] Level 1:colcon.colcon_core.package_identification:_identify(my_first_simulation/controllers/EPuckAvoidController/build) by extension 'ignore'
[0.664s] Level 1:colcon.colcon_core.package_identification:_identify(my_first_simulation/controllers/EPuckAvoidController/build) by extension 'ignore_ament_install'
[0.664s] Level 1:colcon.colcon_core.package_identification:_identify(my_first_simulation/controllers/EPuckAvoidController/build) by extensions ['colcon_pkg']
[0.664s] Level 1:colcon.colcon_core.package_identification:_identify(my_first_simulation/controllers/EPuckAvoidController/build) by extension 'colcon_pkg'
[0.664s] Level 1:colcon.colcon_core.package_identification:_identify(my_first_simulation/controllers/EPuckAvoidController/build) by extensions ['colcon_meta']
[0.664s] Level 1:colcon.colcon_core.package_identification:_identify(my_first_simulation/controllers/EPuckAvoidController/build) by extension 'colcon_meta'
[0.664s] Level 1:colcon.colcon_core.package_identification:_identify(my_first_simulation/controllers/EPuckAvoidController/build) by extensions ['ros']
[0.664s] Level 1:colcon.colcon_core.package_identification:_identify(my_first_simulation/controllers/EPuckAvoidController/build) by extension 'ros'
[0.664s] Level 1:colcon.colcon_core.package_identification:_identify(my_first_simulation/controllers/EPuckAvoidController/build) by extensions ['cmake', 'python']
[0.664s] Level 1:colcon.colcon_core.package_identification:_identify(my_first_simulation/controllers/EPuckAvoidController/build) by extension 'cmake'
[0.664s] Level 1:colcon.colcon_core.package_identification:_identify(my_first_simulation/controllers/EPuckAvoidController/build) by extension 'python'
[0.664s] Level 1:colcon.colcon_core.package_identification:_identify(my_first_simulation/controllers/EPuckAvoidController/build) by extensions ['python_setup_py']
[0.664s] Level 1:colcon.colcon_core.package_identification:_identify(my_first_simulation/controllers/EPuckAvoidController/build) by extension 'python_setup_py'
[0.665s] Level 1:colcon.colcon_core.package_identification:_identify(my_first_simulation/controllers/EPuckAvoidController/build/release) by extensions ['ignore', 'ignore_ament_install']
[0.665s] Level 1:colcon.colcon_core.package_identification:_identify(my_first_simulation/controllers/EPuckAvoidController/build/release) by extension 'ignore'
[0.665s] Level 1:colcon.colcon_core.package_identification:_identify(my_first_simulation/controllers/EPuckAvoidController/build/release) by extension 'ignore_ament_install'
[0.665s] Level 1:colcon.colcon_core.package_identification:_identify(my_first_simulation/controllers/EPuckAvoidController/build/release) by extensions ['colcon_pkg']
[0.665s] Level 1:colcon.colcon_core.package_identification:_identify(my_first_simulation/controllers/EPuckAvoidController/build/release) by extension 'colcon_pkg'
[0.665s] Level 1:colcon.colcon_core.package_identification:_identify(my_first_simulation/controllers/EPuckAvoidController/build/release) by extensions ['colcon_meta']
[0.665s] Level 1:colcon.colcon_core.package_identification:_identify(my_first_simulation/controllers/EPuckAvoidController/build/release) by extension 'colcon_meta'
[0.665s] Level 1:colcon.colcon_core.package_identification:_identify(my_first_simulation/controllers/EPuckAvoidController/build/release) by extensions ['ros']
[0.665s] Level 1:colcon.colcon_core.package_identification:_identify(my_first_simulation/controllers/EPuckAvoidController/build/release) by extension 'ros'
[0.665s] Level 1:colcon.colcon_core.package_identification:_identify(my_first_simulation/controllers/EPuckAvoidController/build/release) by extensions ['cmake', 'python']
[0.665s] Level 1:colcon.colcon_core.package_identification:_identify(my_first_simulation/controllers/EPuckAvoidController/build/release) by extension 'cmake'
[0.665s] Level 1:colcon.colcon_core.package_identification:_identify(my_first_simulation/controllers/EPuckAvoidController/build/release) by extension 'python'
[0.665s] Level 1:colcon.colcon_core.package_identification:_identify(my_first_simulation/controllers/EPuckAvoidController/build/release) by extensions ['python_setup_py']
[0.665s] Level 1:colcon.colcon_core.package_identification:_identify(my_first_simulation/controllers/EPuckAvoidController/build/release) by extension 'python_setup_py'
[0.665s] Level 1:colcon.colcon_core.package_identification:_identify(my_first_simulation/controllers/Rover_Controller) by extensions ['ignore', 'ignore_ament_install']
[0.665s] Level 1:colcon.colcon_core.package_identification:_identify(my_first_simulation/controllers/Rover_Controller) by extension 'ignore'
[0.665s] Level 1:colcon.colcon_core.package_identification:_identify(my_first_simulation/controllers/Rover_Controller) by extension 'ignore_ament_install'
[0.666s] Level 1:colcon.colcon_core.package_identification:_identify(my_first_simulation/controllers/Rover_Controller) by extensions ['colcon_pkg']
[0.666s] Level 1:colcon.colcon_core.package_identification:_identify(my_first_simulation/controllers/Rover_Controller) by extension 'colcon_pkg'
[0.666s] Level 1:colcon.colcon_core.package_identification:_identify(my_first_simulation/controllers/Rover_Controller) by extensions ['colcon_meta']
[0.666s] Level 1:colcon.colcon_core.package_identification:_identify(my_first_simulation/controllers/Rover_Controller) by extension 'colcon_meta'
[0.666s] Level 1:colcon.colcon_core.package_identification:_identify(my_first_simulation/controllers/Rover_Controller) by extensions ['ros']
[0.666s] Level 1:colcon.colcon_core.package_identification:_identify(my_first_simulation/controllers/Rover_Controller) by extension 'ros'
[0.666s] Level 1:colcon.colcon_core.package_identification:_identify(my_first_simulation/controllers/Rover_Controller) by extensions ['cmake', 'python']
[0.666s] Level 1:colcon.colcon_core.package_identification:_identify(my_first_simulation/controllers/Rover_Controller) by extension 'cmake'
[0.666s] Level 1:colcon.colcon_core.package_identification:_identify(my_first_simulation/controllers/Rover_Controller) by extension 'python'
[0.666s] Level 1:colcon.colcon_core.package_identification:_identify(my_first_simulation/controllers/Rover_Controller) by extensions ['python_setup_py']
[0.666s] Level 1:colcon.colcon_core.package_identification:_identify(my_first_simulation/controllers/Rover_Controller) by extension 'python_setup_py'
[0.666s] Level 1:colcon.colcon_core.package_identification:_identify(my_first_simulation/controllers/arm_controller) by extensions ['ignore', 'ignore_ament_install']
[0.666s] Level 1:colcon.colcon_core.package_identification:_identify(my_first_simulation/controllers/arm_controller) by extension 'ignore'
[0.666s] Level 1:colcon.colcon_core.package_identification:_identify(my_first_simulation/controllers/arm_controller) by extension 'ignore_ament_install'
[0.666s] Level 1:colcon.colcon_core.package_identification:_identify(my_first_simulation/controllers/arm_controller) by extensions ['colcon_pkg']
[0.666s] Level 1:colcon.colcon_core.package_identification:_identify(my_first_simulation/controllers/arm_controller) by extension 'colcon_pkg'
[0.666s] Level 1:colcon.colcon_core.package_identification:_identify(my_first_simulation/controllers/arm_controller) by extensions ['colcon_meta']
[0.666s] Level 1:colcon.colcon_core.package_identification:_identify(my_first_simulation/controllers/arm_controller) by extension 'colcon_meta'
[0.666s] Level 1:colcon.colcon_core.package_identification:_identify(my_first_simulation/controllers/arm_controller) by extensions ['ros']
[0.666s] Level 1:colcon.colcon_core.package_identification:_identify(my_first_simulation/controllers/arm_controller) by extension 'ros'
[0.667s] Level 1:colcon.colcon_core.package_identification:_identify(my_first_simulation/controllers/arm_controller) by extensions ['cmake', 'python']
[0.667s] Level 1:colcon.colcon_core.package_identification:_identify(my_first_simulation/controllers/arm_controller) by extension 'cmake'
[0.667s] Level 1:colcon.colcon_core.package_identification:_identify(my_first_simulation/controllers/arm_controller) by extension 'python'
[0.667s] Level 1:colcon.colcon_core.package_identification:_identify(my_first_simulation/controllers/arm_controller) by extensions ['python_setup_py']
[0.667s] Level 1:colcon.colcon_core.package_identification:_identify(my_first_simulation/controllers/arm_controller) by extension 'python_setup_py'
[0.667s] Level 1:colcon.colcon_core.package_identification:_identify(my_first_simulation/controllers/epuck_go_forward) by extensions ['ignore', 'ignore_ament_install']
[0.667s] Level 1:colcon.colcon_core.package_identification:_identify(my_first_simulation/controllers/epuck_go_forward) by extension 'ignore'
[0.667s] Level 1:colcon.colcon_core.package_identification:_identify(my_first_simulation/controllers/epuck_go_forward) by extension 'ignore_ament_install'
[0.667s] Level 1:colcon.colcon_core.package_identification:_identify(my_first_simulation/controllers/epuck_go_forward) by extensions ['colcon_pkg']
[0.667s] Level 1:colcon.colcon_core.package_identification:_identify(my_first_simulation/controllers/epuck_go_forward) by extension 'colcon_pkg'
[0.667s] Level 1:colcon.colcon_core.package_identification:_identify(my_first_simulation/controllers/epuck_go_forward) by extensions ['colcon_meta']
[0.667s] Level 1:colcon.colcon_core.package_identification:_identify(my_first_simulation/controllers/epuck_go_forward) by extension 'colcon_meta'
[0.667s] Level 1:colcon.colcon_core.package_identification:_identify(my_first_simulation/controllers/epuck_go_forward) by extensions ['ros']
[0.667s] Level 1:colcon.colcon_core.package_identification:_identify(my_first_simulation/controllers/epuck_go_forward) by extension 'ros'
[0.667s] Level 1:colcon.colcon_core.package_identification:_identify(my_first_simulation/controllers/epuck_go_forward) by extensions ['cmake', 'python']
[0.667s] Level 1:colcon.colcon_core.package_identification:_identify(my_first_simulation/controllers/epuck_go_forward) by extension 'cmake'
[0.667s] Level 1:colcon.colcon_core.package_identification:_identify(my_first_simulation/controllers/epuck_go_forward) by extension 'python'
[0.667s] Level 1:colcon.colcon_core.package_identification:_identify(my_first_simulation/controllers/epuck_go_forward) by extensions ['python_setup_py']
[0.667s] Level 1:colcon.colcon_core.package_identification:_identify(my_first_simulation/controllers/epuck_go_forward) by extension 'python_setup_py'
[0.667s] Level 1:colcon.colcon_core.package_identification:_identify(my_first_simulation/controllers/four_wheeled_collision_avoidance) by extensions ['ignore', 'ignore_ament_install']
[0.668s] Level 1:colcon.colcon_core.package_identification:_identify(my_first_simulation/controllers/four_wheeled_collision_avoidance) by extension 'ignore'
[0.668s] Level 1:colcon.colcon_core.package_identification:_identify(my_first_simulation/controllers/four_wheeled_collision_avoidance) by extension 'ignore_ament_install'
[0.668s] Level 1:colcon.colcon_core.package_identification:_identify(my_first_simulation/controllers/four_wheeled_collision_avoidance) by extensions ['colcon_pkg']
[0.668s] Level 1:colcon.colcon_core.package_identification:_identify(my_first_simulation/controllers/four_wheeled_collision_avoidance) by extension 'colcon_pkg'
[0.668s] Level 1:colcon.colcon_core.package_identification:_identify(my_first_simulation/controllers/four_wheeled_collision_avoidance) by extensions ['colcon_meta']
[0.668s] Level 1:colcon.colcon_core.package_identification:_identify(my_first_simulation/controllers/four_wheeled_collision_avoidance) by extension 'colcon_meta'
[0.668s] Level 1:colcon.colcon_core.package_identification:_identify(my_first_simulation/controllers/four_wheeled_collision_avoidance) by extensions ['ros']
[0.668s] Level 1:colcon.colcon_core.package_identification:_identify(my_first_simulation/controllers/four_wheeled_collision_avoidance) by extension 'ros'
[0.668s] Level 1:colcon.colcon_core.package_identification:_identify(my_first_simulation/controllers/four_wheeled_collision_avoidance) by extensions ['cmake', 'python']
[0.668s] Level 1:colcon.colcon_core.package_identification:_identify(my_first_simulation/controllers/four_wheeled_collision_avoidance) by extension 'cmake'
[0.668s] Level 1:colcon.colcon_core.package_identification:_identify(my_first_simulation/controllers/four_wheeled_collision_avoidance) by extension 'python'
[0.668s] Level 1:colcon.colcon_core.package_identification:_identify(my_first_simulation/controllers/four_wheeled_collision_avoidance) by extensions ['python_setup_py']
[0.668s] Level 1:colcon.colcon_core.package_identification:_identify(my_first_simulation/controllers/four_wheeled_collision_avoidance) by extension 'python_setup_py'
[0.668s] Level 1:colcon.colcon_core.package_identification:_identify(my_first_simulation/controllers/four_wheeled_collision_avoidance/build) by extensions ['ignore', 'ignore_ament_install']
[0.668s] Level 1:colcon.colcon_core.package_identification:_identify(my_first_simulation/controllers/four_wheeled_collision_avoidance/build) by extension 'ignore'
[0.668s] Level 1:colcon.colcon_core.package_identification:_identify(my_first_simulation/controllers/four_wheeled_collision_avoidance/build) by extension 'ignore_ament_install'
[0.668s] Level 1:colcon.colcon_core.package_identification:_identify(my_first_simulation/controllers/four_wheeled_collision_avoidance/build) by extensions ['colcon_pkg']
[0.668s] Level 1:colcon.colcon_core.package_identification:_identify(my_first_simulation/controllers/four_wheeled_collision_avoidance/build) by extension 'colcon_pkg'
[0.669s] Level 1:colcon.colcon_core.package_identification:_identify(my_first_simulation/controllers/four_wheeled_collision_avoidance/build) by extensions ['colcon_meta']
[0.669s] Level 1:colcon.colcon_core.package_identification:_identify(my_first_simulation/controllers/four_wheeled_collision_avoidance/build) by extension 'colcon_meta'
[0.669s] Level 1:colcon.colcon_core.package_identification:_identify(my_first_simulation/controllers/four_wheeled_collision_avoidance/build) by extensions ['ros']
[0.669s] Level 1:colcon.colcon_core.package_identification:_identify(my_first_simulation/controllers/four_wheeled_collision_avoidance/build) by extension 'ros'
[0.669s] Level 1:colcon.colcon_core.package_identification:_identify(my_first_simulation/controllers/four_wheeled_collision_avoidance/build) by extensions ['cmake', 'python']
[0.669s] Level 1:colcon.colcon_core.package_identification:_identify(my_first_simulation/controllers/four_wheeled_collision_avoidance/build) by extension 'cmake'
[0.669s] Level 1:colcon.colcon_core.package_identification:_identify(my_first_simulation/controllers/four_wheeled_collision_avoidance/build) by extension 'python'
[0.669s] Level 1:colcon.colcon_core.package_identification:_identify(my_first_simulation/controllers/four_wheeled_collision_avoidance/build) by extensions ['python_setup_py']
[0.669s] Level 1:colcon.colcon_core.package_identification:_identify(my_first_simulation/controllers/four_wheeled_collision_avoidance/build) by extension 'python_setup_py'
[0.669s] Level 1:colcon.colcon_core.package_identification:_identify(my_first_simulation/controllers/four_wheeled_collision_avoidance/build/release) by extensions ['ignore', 'ignore_ament_install']
[0.669s] Level 1:colcon.colcon_core.package_identification:_identify(my_first_simulation/controllers/four_wheeled_collision_avoidance/build/release) by extension 'ignore'
[0.669s] Level 1:colcon.colcon_core.package_identification:_identify(my_first_simulation/controllers/four_wheeled_collision_avoidance/build/release) by extension 'ignore_ament_install'
[0.669s] Level 1:colcon.colcon_core.package_identification:_identify(my_first_simulation/controllers/four_wheeled_collision_avoidance/build/release) by extensions ['colcon_pkg']
[0.669s] Level 1:colcon.colcon_core.package_identification:_identify(my_first_simulation/controllers/four_wheeled_collision_avoidance/build/release) by extension 'colcon_pkg'
[0.669s] Level 1:colcon.colcon_core.package_identification:_identify(my_first_simulation/controllers/four_wheeled_collision_avoidance/build/release) by extensions ['colcon_meta']
[0.669s] Level 1:colcon.colcon_core.package_identification:_identify(my_first_simulation/controllers/four_wheeled_collision_avoidance/build/release) by extension 'colcon_meta'
[0.669s] Level 1:colcon.colcon_core.package_identification:_identify(my_first_simulation/controllers/four_wheeled_collision_avoidance/build/release) by extensions ['ros']
[0.669s] Level 1:colcon.colcon_core.package_identification:_identify(my_first_simulation/controllers/four_wheeled_collision_avoidance/build/release) by extension 'ros'
[0.669s] Level 1:colcon.colcon_core.package_identification:_identify(my_first_simulation/controllers/four_wheeled_collision_avoidance/build/release) by extensions ['cmake', 'python']
[0.669s] Level 1:colcon.colcon_core.package_identification:_identify(my_first_simulation/controllers/four_wheeled_collision_avoidance/build/release) by extension 'cmake'
[0.669s] Level 1:colcon.colcon_core.package_identification:_identify(my_first_simulation/controllers/four_wheeled_collision_avoidance/build/release) by extension 'python'
[0.669s] Level 1:colcon.colcon_core.package_identification:_identify(my_first_simulation/controllers/four_wheeled_collision_avoidance/build/release) by extensions ['python_setup_py']
[0.670s] Level 1:colcon.colcon_core.package_identification:_identify(my_first_simulation/controllers/four_wheeled_collision_avoidance/build/release) by extension 'python_setup_py'
[0.670s] Level 1:colcon.colcon_core.package_identification:_identify(my_first_simulation/controllers/robot_evasor) by extensions ['ignore', 'ignore_ament_install']
[0.670s] Level 1:colcon.colcon_core.package_identification:_identify(my_first_simulation/controllers/robot_evasor) by extension 'ignore'
[0.670s] Level 1:colcon.colcon_core.package_identification:_identify(my_first_simulation/controllers/robot_evasor) by extension 'ignore_ament_install'
[0.670s] Level 1:colcon.colcon_core.package_identification:_identify(my_first_simulation/controllers/robot_evasor) by extensions ['colcon_pkg']
[0.670s] Level 1:colcon.colcon_core.package_identification:_identify(my_first_simulation/controllers/robot_evasor) by extension 'colcon_pkg'
[0.670s] Level 1:colcon.colcon_core.package_identification:_identify(my_first_simulation/controllers/robot_evasor) by extensions ['colcon_meta']
[0.670s] Level 1:colcon.colcon_core.package_identification:_identify(my_first_simulation/controllers/robot_evasor) by extension 'colcon_meta'
[0.670s] Level 1:colcon.colcon_core.package_identification:_identify(my_first_simulation/controllers/robot_evasor) by extensions ['ros']
[0.670s] Level 1:colcon.colcon_core.package_identification:_identify(my_first_simulation/controllers/robot_evasor) by extension 'ros'
[0.670s] Level 1:colcon.colcon_core.package_identification:_identify(my_first_simulation/controllers/robot_evasor) by extensions ['cmake', 'python']
[0.670s] Level 1:colcon.colcon_core.package_identification:_identify(my_first_simulation/controllers/robot_evasor) by extension 'cmake'
[0.670s] Level 1:colcon.colcon_core.package_identification:_identify(my_first_simulation/controllers/robot_evasor) by extension 'python'
[0.670s] Level 1:colcon.colcon_core.package_identification:_identify(my_first_simulation/controllers/robot_evasor) by extensions ['python_setup_py']
[0.670s] Level 1:colcon.colcon_core.package_identification:_identify(my_first_simulation/controllers/robot_evasor) by extension 'python_setup_py'
[0.671s] Level 1:colcon.colcon_core.package_identification:_identify(my_first_simulation/protos) by extensions ['ignore', 'ignore_ament_install']
[0.671s] Level 1:colcon.colcon_core.package_identification:_identify(my_first_simulation/protos) by extension 'ignore'
[0.671s] Level 1:colcon.colcon_core.package_identification:_identify(my_first_simulation/protos) by extension 'ignore_ament_install'
[0.671s] Level 1:colcon.colcon_core.package_identification:_identify(my_first_simulation/protos) by extensions ['colcon_pkg']
[0.671s] Level 1:colcon.colcon_core.package_identification:_identify(my_first_simulation/protos) by extension 'colcon_pkg'
[0.671s] Level 1:colcon.colcon_core.package_identification:_identify(my_first_simulation/protos) by extensions ['colcon_meta']
[0.671s] Level 1:colcon.colcon_core.package_identification:_identify(my_first_simulation/protos) by extension 'colcon_meta'
[0.671s] Level 1:colcon.colcon_core.package_identification:_identify(my_first_simulation/protos) by extensions ['ros']
[0.671s] Level 1:colcon.colcon_core.package_identification:_identify(my_first_simulation/protos) by extension 'ros'
[0.671s] Level 1:colcon.colcon_core.package_identification:_identify(my_first_simulation/protos) by extensions ['cmake', 'python']
[0.671s] Level 1:colcon.colcon_core.package_identification:_identify(my_first_simulation/protos) by extension 'cmake'
[0.671s] Level 1:colcon.colcon_core.package_identification:_identify(my_first_simulation/protos) by extension 'python'
[0.671s] Level 1:colcon.colcon_core.package_identification:_identify(my_first_simulation/protos) by extensions ['python_setup_py']
[0.671s] Level 1:colcon.colcon_core.package_identification:_identify(my_first_simulation/protos) by extension 'python_setup_py'
[0.672s] Level 1:colcon.colcon_core.package_identification:_identify(my_first_simulation/worlds) by extensions ['ignore', 'ignore_ament_install']
[0.672s] Level 1:colcon.colcon_core.package_identification:_identify(my_first_simulation/worlds) by extension 'ignore'
[0.672s] Level 1:colcon.colcon_core.package_identification:_identify(my_first_simulation/worlds) by extension 'ignore_ament_install'
[0.672s] Level 1:colcon.colcon_core.package_identification:_identify(my_first_simulation/worlds) by extensions ['colcon_pkg']
[0.672s] Level 1:colcon.colcon_core.package_identification:_identify(my_first_simulation/worlds) by extension 'colcon_pkg'
[0.672s] Level 1:colcon.colcon_core.package_identification:_identify(my_first_simulation/worlds) by extensions ['colcon_meta']
[0.672s] Level 1:colcon.colcon_core.package_identification:_identify(my_first_simulation/worlds) by extension 'colcon_meta'
[0.672s] Level 1:colcon.colcon_core.package_identification:_identify(my_first_simulation/worlds) by extensions ['ros']
[0.672s] Level 1:colcon.colcon_core.package_identification:_identify(my_first_simulation/worlds) by extension 'ros'
[0.672s] Level 1:colcon.colcon_core.package_identification:_identify(my_first_simulation/worlds) by extensions ['cmake', 'python']
[0.672s] Level 1:colcon.colcon_core.package_identification:_identify(my_first_simulation/worlds) by extension 'cmake'
[0.672s] Level 1:colcon.colcon_core.package_identification:_identify(my_first_simulation/worlds) by extension 'python'
[0.672s] Level 1:colcon.colcon_core.package_identification:_identify(my_first_simulation/worlds) by extensions ['python_setup_py']
[0.672s] Level 1:colcon.colcon_core.package_identification:_identify(my_first_simulation/worlds) by extension 'python_setup_py'
[0.673s] Level 1:colcon.colcon_core.package_identification:_identify(my_package) by extensions ['ignore', 'ignore_ament_install']
[0.673s] Level 1:colcon.colcon_core.package_identification:_identify(my_package) by extension 'ignore'
[0.673s] Level 1:colcon.colcon_core.package_identification:_identify(my_package) by extension 'ignore_ament_install'
[0.673s] Level 1:colcon.colcon_core.package_identification:_identify(my_package) by extensions ['colcon_pkg']
[0.673s] Level 1:colcon.colcon_core.package_identification:_identify(my_package) by extension 'colcon_pkg'
[0.673s] Level 1:colcon.colcon_core.package_identification:_identify(my_package) by extensions ['colcon_meta']
[0.673s] Level 1:colcon.colcon_core.package_identification:_identify(my_package) by extension 'colcon_meta'
[0.673s] Level 1:colcon.colcon_core.package_identification:_identify(my_package) by extensions ['ros']
[0.673s] Level 1:colcon.colcon_core.package_identification:_identify(my_package) by extension 'ros'
[0.679s] DEBUG:colcon.colcon_core.package_identification:Package 'my_package' with type 'ros.ament_python' and name 'my_package'
[0.679s] Level 1:colcon.colcon_core.package_identification:_identify(rover_ros2) by extensions ['ignore', 'ignore_ament_install']
[0.679s] Level 1:colcon.colcon_core.package_identification:_identify(rover_ros2) by extension 'ignore'
[0.679s] Level 1:colcon.colcon_core.package_identification:_identify(rover_ros2) by extension 'ignore_ament_install'
[0.679s] Level 1:colcon.colcon_core.package_identification:_identify(rover_ros2) by extensions ['colcon_pkg']
[0.679s] Level 1:colcon.colcon_core.package_identification:_identify(rover_ros2) by extension 'colcon_pkg'
[0.679s] Level 1:colcon.colcon_core.package_identification:_identify(rover_ros2) by extensions ['colcon_meta']
[0.679s] Level 1:colcon.colcon_core.package_identification:_identify(rover_ros2) by extension 'colcon_meta'
[0.679s] Level 1:colcon.colcon_core.package_identification:_identify(rover_ros2) by extensions ['ros']
[0.679s] Level 1:colcon.colcon_core.package_identification:_identify(rover_ros2) by extension 'ros'
[0.680s] DEBUG:colcon.colcon_core.package_identification:Package 'rover_ros2' with type 'ros.ament_python' and name 'rover_ros2'
[0.680s] Level 1:colcon.colcon_core.package_discovery:discover_packages(recursive) using defaults
[0.680s] Level 1:colcon.colcon_core.package_discovery:discover_packages(ignore) discover
[0.680s] Level 1:colcon.colcon_core.package_discovery:discover_packages(ignore) using defaults
[0.680s] Level 1:colcon.colcon_core.package_discovery:discover_packages(path) discover
[0.680s] Level 1:colcon.colcon_core.package_discovery:discover_packages(path) using defaults
[0.723s] Level 1:colcon.colcon_core.package_discovery:discover_packages(prefix_path) check parameters
[0.723s] Level 1:colcon.colcon_core.package_discovery:discover_packages(prefix_path) discover
[0.729s] DEBUG:colcon.colcon_installed_package_information.package_discovery:Found 271 installed packages in /opt/ros/humble
[0.732s] Level 1:colcon.colcon_core.package_discovery:discover_packages(prefix_path) using defaults
[0.814s] Level 5:colcon.colcon_core.verb:set package 'my_package' build argument 'cmake_args' from command line to 'None'
[0.814s] Level 5:colcon.colcon_core.verb:set package 'my_package' build argument 'cmake_target' from command line to 'None'
[0.814s] Level 5:colcon.colcon_core.verb:set package 'my_package' build argument 'cmake_target_skip_unavailable' from command line to 'False'
[0.814s] Level 5:colcon.colcon_core.verb:set package 'my_package' build argument 'cmake_clean_cache' from command line to 'False'
[0.814s] Level 5:colcon.colcon_core.verb:set package 'my_package' build argument 'cmake_clean_first' from command line to 'False'
[0.814s] Level 5:colcon.colcon_core.verb:set package 'my_package' build argument 'cmake_force_configure' from command line to 'False'
[0.814s] Level 5:colcon.colcon_core.verb:set package 'my_package' build argument 'ament_cmake_args' from command line to 'None'
[0.814s] Level 5:colcon.colcon_core.verb:set package 'my_package' build argument 'catkin_cmake_args' from command line to 'None'
[0.815s] Level 5:colcon.colcon_core.verb:set package 'my_package' build argument 'catkin_skip_building_tests' from command line to 'False'
[0.815s] DEBUG:colcon.colcon_core.verb:Building package 'my_package' with the following arguments: {'ament_cmake_args': None, 'build_base': '/home/danielgrioja/LAB/Rover_Lab/build/my_package', 'catkin_cmake_args': None, 'catkin_skip_building_tests': False, 'cmake_args': None, 'cmake_clean_cache': False, 'cmake_clean_first': False, 'cmake_force_configure': False, 'cmake_target': None, 'cmake_target_skip_unavailable': False, 'install_base': '/home/danielgrioja/LAB/Rover_Lab/install/my_package', 'merge_install': False, 'path': '/home/danielgrioja/LAB/Rover_Lab/my_package', 'symlink_install': False, 'test_result_base': None}
[0.815s] Level 5:colcon.colcon_core.verb:set package 'rover_ros2' build argument 'cmake_args' from command line to 'None'
[0.815s] Level 5:colcon.colcon_core.verb:set package 'rover_ros2' build argument 'cmake_target' from command line to 'None'
[0.815s] Level 5:colcon.colcon_core.verb:set package 'rover_ros2' build argument 'cmake_target_skip_unavailable' from command line to 'False'
[0.815s] Level 5:colcon.colcon_core.verb:set package 'rover_ros2' build argument 'cmake_clean_cache' from command line to 'False'
[0.815s] Level 5:colcon.colcon_core.verb:set package 'rover_ros2' build argument 'cmake_clean_first' from command line to 'False'
[0.815s] Level 5:colcon.colcon_core.verb:set package 'rover_ros2' build argument 'cmake_force_configure' from command line to 'False'
[0.815s] Level 5:colcon.colcon_core.verb:set package 'rover_ros2' build argument 'ament_cmake_args' from command line to 'None'
[0.815s] Level 5:colcon.colcon_core.verb:set package 'rover_ros2' build argument 'catkin_cmake_args' from command line to 'None'
[0.815s] Level 5:colcon.colcon_core.verb:set package 'rover_ros2' build argument 'catkin_skip_building_tests' from command line to 'False'
[0.815s] DEBUG:colcon.colcon_core.verb:Building package 'rover_ros2' with the following arguments: {'ament_cmake_args': None, 'build_base': '/home/danielgrioja/LAB/Rover_Lab/build/rover_ros2', 'catkin_cmake_args': None, 'catkin_skip_building_tests': False, 'cmake_args': None, 'cmake_clean_cache': False, 'cmake_clean_first': False, 'cmake_force_configure': False, 'cmake_target': None, 'cmake_target_skip_unavailable': False, 'install_base': '/home/danielgrioja/LAB/Rover_Lab/install/rover_ros2', 'merge_install': False, 'path': '/home/danielgrioja/LAB/Rover_Lab/rover_ros2', 'symlink_install': False, 'test_result_base': None}
[0.815s] INFO:colcon.colcon_core.executor:Executing jobs using 'parallel' executor
[0.816s] DEBUG:colcon.colcon_parallel_executor.executor.parallel:run_until_complete
[0.817s] INFO:colcon.colcon_ros.task.ament_python.build:Building ROS package in '/home/danielgrioja/LAB/Rover_Lab/my_package' with build type 'ament_python'
[0.817s] Level 1:colcon.colcon_core.shell:create_environment_hook('my_package', 'ament_prefix_path')
[0.826s] INFO:colcon.colcon_core.plugin_system:Skipping extension 'colcon_core.shell.bat': Not used on non-Windows systems
[0.826s] INFO:colcon.colcon_core.shell:Creating environment hook '/home/danielgrioja/LAB/Rover_Lab/install/my_package/share/my_package/hook/ament_prefix_path.ps1'
[0.828s] INFO:colcon.colcon_core.shell:Creating environment descriptor '/home/danielgrioja/LAB/Rover_Lab/install/my_package/share/my_package/hook/ament_prefix_path.dsv'
[0.829s] INFO:colcon.colcon_core.shell:Creating environment hook '/home/danielgrioja/LAB/Rover_Lab/install/my_package/share/my_package/hook/ament_prefix_path.sh'
[0.831s] INFO:colcon.colcon_core.shell:Skip shell extension 'powershell' for command environment: Not usable outside of PowerShell
[0.831s] DEBUG:colcon.colcon_core.shell:Skip shell extension 'dsv' for command environment
[0.837s] INFO:colcon.colcon_ros.task.ament_python.build:Building ROS package in '/home/danielgrioja/LAB/Rover_Lab/rover_ros2' with build type 'ament_python'
[0.837s] Level 1:colcon.colcon_core.shell:create_environment_hook('rover_ros2', 'ament_prefix_path')
[0.837s] INFO:colcon.colcon_core.shell:Creating environment hook '/home/danielgrioja/LAB/Rover_Lab/install/rover_ros2/share/rover_ros2/hook/ament_prefix_path.ps1'
[0.838s] INFO:colcon.colcon_core.shell:Creating environment descriptor '/home/danielgrioja/LAB/Rover_Lab/install/rover_ros2/share/rover_ros2/hook/ament_prefix_path.dsv'
[0.838s] INFO:colcon.colcon_core.shell:Creating environment hook '/home/danielgrioja/LAB/Rover_Lab/install/rover_ros2/share/rover_ros2/hook/ament_prefix_path.sh'
[0.839s] INFO:colcon.colcon_core.shell:Skip shell extension 'powershell' for command environment: Not usable outside of PowerShell
[0.839s] DEBUG:colcon.colcon_core.shell:Skip shell extension 'dsv' for command environment
[1.079s] INFO:colcon.colcon_core.task.python.build:Building Python package in '/home/danielgrioja/LAB/Rover_Lab/my_package'
[1.080s] INFO:colcon.colcon_core.shell:Skip shell extension 'powershell' for command environment: Not usable outside of PowerShell
[1.080s] DEBUG:colcon.colcon_core.shell:Skip shell extension 'dsv' for command environment
[1.303s] WARNING:colcon.colcon_ros.task.ament_python.build:Package 'rover_ros2' doesn't explicitly install a marker in the package index (colcon-ros currently does it implicitly but that fallback will be removed in the future)
[1.303s] INFO:colcon.colcon_core.task.python.build:Building Python package in '/home/danielgrioja/LAB/Rover_Lab/rover_ros2'
[1.304s] INFO:colcon.colcon_core.shell:Skip shell extension 'powershell' for command environment: Not usable outside of PowerShell
[1.304s] DEBUG:colcon.colcon_core.shell:Skip shell extension 'dsv' for command environment
[1.711s] DEBUG:colcon.colcon_core.event_handler.log_command:Invoking command in '/home/danielgrioja/LAB/Rover_Lab/build/my_package': PYTHONPATH=/home/danielgrioja/LAB/Rover_Lab/build/my_package/prefix_override:/usr/lib/python3/dist-packages/colcon_core/task/python/colcon_distutils_commands:/home/danielgrioja/LAB/Rover_Lab/install/my_package/lib/python3.10/site-packages:${PYTHONPATH} /usr/bin/python3 -W ignore:setup.py install is deprecated -W ignore:easy_install command is deprecated setup.py develop --uninstall --editable --build-directory /home/danielgrioja/LAB/Rover_Lab/build/my_package/build
[1.723s] DEBUG:colcon.colcon_core.event_handler.log_command:Invoking command in '/home/danielgrioja/LAB/Rover_Lab/build/rover_ros2': PYTHONPATH=/home/danielgrioja/LAB/Rover_Lab/build/rover_ros2/prefix_override:/usr/lib/python3/dist-packages/colcon_core/task/python/colcon_distutils_commands:/home/danielgrioja/LAB/Rover_Lab/install/rover_ros2/lib/python3.10/site-packages:${PYTHONPATH} /usr/bin/python3 -W ignore:setup.py install is deprecated -W ignore:easy_install command is deprecated setup.py develop --uninstall --editable --build-directory /home/danielgrioja/LAB/Rover_Lab/build/rover_ros2/build
[1.741s] DEBUG:colcon.colcon_core.event_handler.log_command:Invoked command in '/home/danielgrioja/LAB/Rover_Lab/build/my_package' returned '2': PYTHONPATH=/home/danielgrioja/LAB/Rover_Lab/build/my_package/prefix_override:/usr/lib/python3/dist-packages/colcon_core/task/python/colcon_distutils_commands:/home/danielgrioja/LAB/Rover_Lab/install/my_package/lib/python3.10/site-packages:${PYTHONPATH} /usr/bin/python3 -W ignore:setup.py install is deprecated -W ignore:easy_install command is deprecated setup.py develop --uninstall --editable --build-directory /home/danielgrioja/LAB/Rover_Lab/build/my_package/build
[1.754s] DEBUG:colcon.colcon_parallel_executor.executor.parallel:closing loop
[1.754s] DEBUG:colcon.colcon_parallel_executor.executor.parallel:loop closed
[1.754s] DEBUG:colcon.colcon_parallel_executor.executor.parallel:run_until_complete finished with '2'
[1.754s] DEBUG:colcon.colcon_core.event_reactor:joining thread
[1.774s] INFO:colcon.colcon_core.plugin_system:Skipping extension 'colcon_notification.desktop_notification.terminal_notifier': Not used on non-Darwin systems
[1.774s] INFO:colcon.colcon_core.plugin_system:Skipping extension 'colcon_notification.desktop_notification.win32': Not used on non-Windows systems
[1.774s] INFO:colcon.colcon_notification.desktop_notification:Sending desktop notification using 'notify2'
[1.807s] DEBUG:colcon.colcon_core.event_reactor:joined thread
[1.808s] INFO:colcon.colcon_core.shell:Creating prefix script '/home/danielgrioja/LAB/Rover_Lab/install/local_setup.ps1'
[1.810s] INFO:colcon.colcon_core.shell:Creating prefix util module '/home/danielgrioja/LAB/Rover_Lab/install/_local_setup_util_ps1.py'
[1.812s] INFO:colcon.colcon_core.shell:Creating prefix chain script '/home/danielgrioja/LAB/Rover_Lab/install/setup.ps1'
[1.813s] INFO:colcon.colcon_core.shell:Creating prefix script '/home/danielgrioja/LAB/Rover_Lab/install/local_setup.sh'
[1.815s] INFO:colcon.colcon_core.shell:Creating prefix util module '/home/danielgrioja/LAB/Rover_Lab/install/_local_setup_util_sh.py'
[1.816s] INFO:colcon.colcon_core.shell:Creating prefix chain script '/home/danielgrioja/LAB/Rover_Lab/install/setup.sh'
[1.818s] INFO:colcon.colcon_core.shell:Creating prefix script '/home/danielgrioja/LAB/Rover_Lab/install/local_setup.bash'
[1.821s] INFO:colcon.colcon_core.shell:Creating prefix chain script '/home/danielgrioja/LAB/Rover_Lab/install/setup.bash'
[1.822s] INFO:colcon.colcon_core.shell:Creating prefix script '/home/danielgrioja/LAB/Rover_Lab/install/local_setup.zsh'
[1.824s] INFO:colcon.colcon_core.shell:Creating prefix chain script '/home/danielgrioja/LAB/Rover_Lab/install/setup.zsh'
