[0.601s] Invoking command in '/home/danielgrioja/Proyectos/Rover_Lab/build/my_package': CONDA_PROMPT_MODIFIER=(base) PYTHONPATH=/home/danielgrioja/Proyectos/Rover_Lab/build/my_package/prefix_override:/usr/lib/python3/dist-packages/colcon_core/task/python/colcon_distutils_commands:/home/danielgrioja/Proyectos/Rover_Lab/install/my_package/lib/python3.10/site-packages:${PYTHONPATH} /usr/bin/python3 -W ignore:setup.py install is deprecated -W ignore:easy_install command is deprecated setup.py develop --editable --build-directory /home/danielgrioja/Proyectos/Rover_Lab/build/my_package/build --no-deps symlink_data
[0.760s] running develop
[0.855s] running egg_info
[0.856s] creating my_package.egg-info
[0.856s] writing my_package.egg-info/PKG-INFO
[0.856s] writing dependency_links to my_package.egg-info/dependency_links.txt
[0.856s] writing entry points to my_package.egg-info/entry_points.txt
[0.856s] writing requirements to my_package.egg-info/requires.txt
[0.856s] writing top-level names to my_package.egg-info/top_level.txt
[0.856s] writing manifest file 'my_package.egg-info/SOURCES.txt'
[0.856s] reading manifest file 'my_package.egg-info/SOURCES.txt'
[0.857s] writing manifest file 'my_package.egg-info/SOURCES.txt'
[0.858s] running build_ext
[0.859s] Creating /home/danielgrioja/Proyectos/Rover_Lab/install/my_package/lib/python3.10/site-packages/my-package.egg-link (link to .)
[0.859s] Installing my_robot_driver script to /home/danielgrioja/Proyectos/Rover_Lab/install/my_package/lib/my_package
[0.859s] Installing obstacle_avoider script to /home/danielgrioja/Proyectos/Rover_Lab/install/my_package/lib/my_package
[0.859s] 
[0.859s] Installed /home/danielgrioja/Proyectos/Rover_Lab/build/my_package
[0.859s] running symlink_data
[0.859s] creating /home/danielgrioja/Proyectos/Rover_Lab/install/my_package/share/ament_index
[0.859s] creating /home/danielgrioja/Proyectos/Rover_Lab/install/my_package/share/ament_index/resource_index
[0.859s] creating /home/danielgrioja/Proyectos/Rover_Lab/install/my_package/share/ament_index/resource_index/packages
[0.859s] symbolically linking /home/danielgrioja/Proyectos/Rover_Lab/build/my_package/resource/my_package -> /home/danielgrioja/Proyectos/Rover_Lab/install/my_package/share/ament_index/resource_index/packages
[0.859s] creating /home/danielgrioja/Proyectos/Rover_Lab/install/my_package/share/my_package/launch
[0.859s] symbolically linking /home/danielgrioja/Proyectos/Rover_Lab/build/my_package/launch/robot_launch.py -> /home/danielgrioja/Proyectos/Rover_Lab/install/my_package/share/my_package/launch
[0.859s] creating /home/danielgrioja/Proyectos/Rover_Lab/install/my_package/share/my_package/worlds
[0.859s] symbolically linking /home/danielgrioja/Proyectos/Rover_Lab/build/my_package/worlds/my_world.wbt -> /home/danielgrioja/Proyectos/Rover_Lab/install/my_package/share/my_package/worlds
[0.859s] creating /home/danielgrioja/Proyectos/Rover_Lab/install/my_package/share/my_package/resource
[0.859s] symbolically linking /home/danielgrioja/Proyectos/Rover_Lab/build/my_package/resource/my_robot.urdf -> /home/danielgrioja/Proyectos/Rover_Lab/install/my_package/share/my_package/resource
[0.859s] symbolically linking /home/danielgrioja/Proyectos/Rover_Lab/build/my_package/package.xml -> /home/danielgrioja/Proyectos/Rover_Lab/install/my_package/share/my_package
[0.889s] Invoked command in '/home/danielgrioja/Proyectos/Rover_Lab/build/my_package' returned '0': CONDA_PROMPT_MODIFIER=(base) PYTHONPATH=/home/danielgrioja/Proyectos/Rover_Lab/build/my_package/prefix_override:/usr/lib/python3/dist-packages/colcon_core/task/python/colcon_distutils_commands:/home/danielgrioja/Proyectos/Rover_Lab/install/my_package/lib/python3.10/site-packages:${PYTHONPATH} /usr/bin/python3 -W ignore:setup.py install is deprecated -W ignore:easy_install command is deprecated setup.py develop --editable --build-directory /home/danielgrioja/Proyectos/Rover_Lab/build/my_package/build --no-deps symlink_data
