[0.571s] Invoking command in '/home/danielgrioja/Proyectos/Rover_Lab/build/my_package': CONDA_PROMPT_MODIFIER=(base) PYTHONPATH=/home/danielgrioja/Proyectos/Rover_Lab/build/my_package/prefix_override:/usr/lib/python3/dist-packages/colcon_core/task/python/colcon_distutils_commands:/home/danielgrioja/Proyectos/Rover_Lab/install/my_package/lib/python3.10/site-packages:${PYTHONPATH} /usr/bin/python3 -W ignore:setup.py install is deprecated -W ignore:easy_install command is deprecated setup.py develop --editable --build-directory /home/danielgrioja/Proyectos/Rover_Lab/build/my_package/build --no-deps symlink_data
[0.718s] running develop
[0.808s] running egg_info
[0.808s] writing my_package.egg-info/PKG-INFO
[0.808s] writing dependency_links to my_package.egg-info/dependency_links.txt
[0.808s] writing entry points to my_package.egg-info/entry_points.txt
[0.808s] writing requirements to my_package.egg-info/requires.txt
[0.809s] writing top-level names to my_package.egg-info/top_level.txt
[0.809s] reading manifest file 'my_package.egg-info/SOURCES.txt'
[0.810s] writing manifest file 'my_package.egg-info/SOURCES.txt'
[0.811s] running build_ext
[0.811s] Creating /home/danielgrioja/Proyectos/Rover_Lab/install/my_package/lib/python3.10/site-packages/my-package.egg-link (link to .)
[0.811s] Installing my_robot_driver script to /home/danielgrioja/Proyectos/Rover_Lab/install/my_package/lib/my_package
[0.811s] Installing obstacle_avoider script to /home/danielgrioja/Proyectos/Rover_Lab/install/my_package/lib/my_package
[0.811s] 
[0.811s] Installed /home/danielgrioja/Proyectos/Rover_Lab/build/my_package
[0.811s] running symlink_data
[0.812s] symbolically linking /home/danielgrioja/Proyectos/Rover_Lab/build/my_package/resource/my_package -> /home/danielgrioja/Proyectos/Rover_Lab/install/my_package/share/ament_index/resource_index/packages
[0.812s] error: [Errno 17] File exists: '/home/danielgrioja/Proyectos/Rover_Lab/build/my_package/resource/my_package' -> '/home/danielgrioja/Proyectos/Rover_Lab/install/my_package/share/ament_index/resource_index/packages/my_package'
[0.829s] Invoked command in '/home/danielgrioja/Proyectos/Rover_Lab/build/my_package' returned '1': CONDA_PROMPT_MODIFIER=(base) PYTHONPATH=/home/danielgrioja/Proyectos/Rover_Lab/build/my_package/prefix_override:/usr/lib/python3/dist-packages/colcon_core/task/python/colcon_distutils_commands:/home/danielgrioja/Proyectos/Rover_Lab/install/my_package/lib/python3.10/site-packages:${PYTHONPATH} /usr/bin/python3 -W ignore:setup.py install is deprecated -W ignore:easy_install command is deprecated setup.py develop --editable --build-directory /home/danielgrioja/Proyectos/Rover_Lab/build/my_package/build --no-deps symlink_data
