[0.813s] Invoking command in '/home/javier/Rover_Lab/rover_fisico/ROS2_ROVER/src/ctrl_vel_motores': DEBUGINFOD_URLS=https://debuginfod.ubuntu.com PYTHONPATH=/home/javier/Rover_Lab/rover_fisico/ROS2_ROVER/build/ctrl_vel_motores/prefix_override:/usr/lib/python3/dist-packages/colcon_core/task/python/colcon_distutils_commands:/home/javier/Rover_Lab/rover_fisico/ROS2_ROVER/install/ctrl_vel_motores/lib/python3.12/site-packages:${PYTHONPATH} /usr/bin/python3 -W ignore:setup.py install is deprecated -W ignore:easy_install command is deprecated setup.py egg_info --egg-base ../../build/ctrl_vel_motores build --build-base /home/javier/Rover_Lab/rover_fisico/ROS2_ROVER/build/ctrl_vel_motores/build install --record /home/javier/Rover_Lab/rover_fisico/ROS2_ROVER/build/ctrl_vel_motores/install.log --single-version-externally-managed install_data
[1.090s] running egg_info
[1.106s] writing ../../build/ctrl_vel_motores/ctrl_vel_motores.egg-info/PKG-INFO
[1.106s] writing dependency_links to ../../build/ctrl_vel_motores/ctrl_vel_motores.egg-info/dependency_links.txt
[1.106s] writing entry points to ../../build/ctrl_vel_motores/ctrl_vel_motores.egg-info/entry_points.txt
[1.106s] writing requirements to ../../build/ctrl_vel_motores/ctrl_vel_motores.egg-info/requires.txt
[1.106s] writing top-level names to ../../build/ctrl_vel_motores/ctrl_vel_motores.egg-info/top_level.txt
[1.143s] reading manifest file '../../build/ctrl_vel_motores/ctrl_vel_motores.egg-info/SOURCES.txt'
[1.144s] adding license file 'LICENSE'
[1.144s] writing manifest file '../../build/ctrl_vel_motores/ctrl_vel_motores.egg-info/SOURCES.txt'
[1.145s] running build
[1.145s] running build_py
[1.145s] copying ctrl_vel_motores/velocidad_direccion.py -> /home/javier/Rover_Lab/rover_fisico/ROS2_ROVER/build/ctrl_vel_motores/build/lib/ctrl_vel_motores
[1.145s] running install
[1.152s] running install_lib
[1.170s] copying /home/javier/Rover_Lab/rover_fisico/ROS2_ROVER/build/ctrl_vel_motores/build/lib/ctrl_vel_motores/velocidad_direccion.py -> /home/javier/Rover_Lab/rover_fisico/ROS2_ROVER/install/ctrl_vel_motores/lib/python3.12/site-packages/ctrl_vel_motores
[1.170s] byte-compiling /home/javier/Rover_Lab/rover_fisico/ROS2_ROVER/install/ctrl_vel_motores/lib/python3.12/site-packages/ctrl_vel_motores/velocidad_direccion.py to velocidad_direccion.cpython-312.pyc
[1.172s] running install_data
[1.172s] running install_egg_info
[1.190s] removing '/home/javier/Rover_Lab/rover_fisico/ROS2_ROVER/install/ctrl_vel_motores/lib/python3.12/site-packages/ctrl_vel_motores-0.0.0-py3.12.egg-info' (and everything under it)
[1.190s] Copying ../../build/ctrl_vel_motores/ctrl_vel_motores.egg-info to /home/javier/Rover_Lab/rover_fisico/ROS2_ROVER/install/ctrl_vel_motores/lib/python3.12/site-packages/ctrl_vel_motores-0.0.0-py3.12.egg-info
[1.191s] running install_scripts
[1.314s] Installing comando_teclado script to /home/javier/Rover_Lab/rover_fisico/ROS2_ROVER/install/ctrl_vel_motores/lib/ctrl_vel_motores
[1.314s] Installing velocidad_direccion script to /home/javier/Rover_Lab/rover_fisico/ROS2_ROVER/install/ctrl_vel_motores/lib/ctrl_vel_motores
[1.314s] Installing velocidad_motores script to /home/javier/Rover_Lab/rover_fisico/ROS2_ROVER/install/ctrl_vel_motores/lib/ctrl_vel_motores
[1.314s] Installing velocidad_teclado script to /home/javier/Rover_Lab/rover_fisico/ROS2_ROVER/install/ctrl_vel_motores/lib/ctrl_vel_motores
[1.314s] writing list of installed files to '/home/javier/Rover_Lab/rover_fisico/ROS2_ROVER/build/ctrl_vel_motores/install.log'
[1.346s] Invoked command in '/home/javier/Rover_Lab/rover_fisico/ROS2_ROVER/src/ctrl_vel_motores' returned '0': DEBUGINFOD_URLS=https://debuginfod.ubuntu.com PYTHONPATH=/home/javier/Rover_Lab/rover_fisico/ROS2_ROVER/build/ctrl_vel_motores/prefix_override:/usr/lib/python3/dist-packages/colcon_core/task/python/colcon_distutils_commands:/home/javier/Rover_Lab/rover_fisico/ROS2_ROVER/install/ctrl_vel_motores/lib/python3.12/site-packages:${PYTHONPATH} /usr/bin/python3 -W ignore:setup.py install is deprecated -W ignore:easy_install command is deprecated setup.py egg_info --egg-base ../../build/ctrl_vel_motores build --build-base /home/javier/Rover_Lab/rover_fisico/ROS2_ROVER/build/ctrl_vel_motores/build install --record /home/javier/Rover_Lab/rover_fisico/ROS2_ROVER/build/ctrl_vel_motores/install.log --single-version-externally-managed install_data
