[0.360s] Invoking command in '/home/danielgrioja/Proyectos/Rover_Lab/my_package': CONDA_PROMPT_MODIFIER=(base) PYTHONPATH=/home/danielgrioja/Proyectos/Rover_Lab/my_package/build/my_package/prefix_override:/usr/lib/python3/dist-packages/colcon_core/task/python/colcon_distutils_commands:/home/danielgrioja/Proyectos/Rover_Lab/my_package/install/my_package/lib/python3.10/site-packages:${PYTHONPATH} /usr/bin/python3 -W ignore:setup.py install is deprecated -W ignore:easy_install command is deprecated setup.py egg_info --egg-base build/my_package build --build-base /home/danielgrioja/Proyectos/Rover_Lab/my_package/build/my_package/build install --record /home/danielgrioja/Proyectos/Rover_Lab/my_package/build/my_package/install.log --single-version-externally-managed install_data
[0.505s] running egg_info
[0.506s] writing build/my_package/my_package.egg-info/PKG-INFO
[0.506s] writing dependency_links to build/my_package/my_package.egg-info/dependency_links.txt
[0.506s] writing entry points to build/my_package/my_package.egg-info/entry_points.txt
[0.506s] writing requirements to build/my_package/my_package.egg-info/requires.txt
[0.506s] writing top-level names to build/my_package/my_package.egg-info/top_level.txt
[0.507s] reading manifest file 'build/my_package/my_package.egg-info/SOURCES.txt'
[0.507s] adding license file 'LICENSE'
[0.508s] writing manifest file 'build/my_package/my_package.egg-info/SOURCES.txt'
[0.508s] running build
[0.508s] running build_py
[0.508s] running install
[0.508s] running install_lib
[0.509s] running install_data
[0.510s] running install_egg_info
[0.510s] removing '/home/danielgrioja/Proyectos/Rover_Lab/my_package/install/my_package/lib/python3.10/site-packages/my_package-0.0.0-py3.10.egg-info' (and everything under it)
[0.511s] Copying build/my_package/my_package.egg-info to /home/danielgrioja/Proyectos/Rover_Lab/my_package/install/my_package/lib/python3.10/site-packages/my_package-0.0.0-py3.10.egg-info
[0.511s] running install_scripts
[0.523s] Installing my_robot_driver script to /home/danielgrioja/Proyectos/Rover_Lab/my_package/install/my_package/lib/my_package
[0.524s] writing list of installed files to '/home/danielgrioja/Proyectos/Rover_Lab/my_package/build/my_package/install.log'
[0.540s] Invoked command in '/home/danielgrioja/Proyectos/Rover_Lab/my_package' returned '0': CONDA_PROMPT_MODIFIER=(base) PYTHONPATH=/home/danielgrioja/Proyectos/Rover_Lab/my_package/build/my_package/prefix_override:/usr/lib/python3/dist-packages/colcon_core/task/python/colcon_distutils_commands:/home/danielgrioja/Proyectos/Rover_Lab/my_package/install/my_package/lib/python3.10/site-packages:${PYTHONPATH} /usr/bin/python3 -W ignore:setup.py install is deprecated -W ignore:easy_install command is deprecated setup.py egg_info --egg-base build/my_package build --build-base /home/danielgrioja/Proyectos/Rover_Lab/my_package/build/my_package/build install --record /home/danielgrioja/Proyectos/Rover_Lab/my_package/build/my_package/install.log --single-version-externally-managed install_data
