[0.566s] Invoking command in '/home/danielgrioja/Proyectos/Rover_Lab/build/rover': CONDA_PROMPT_MODIFIER=(base) PYTHONPATH=/home/danielgrioja/Proyectos/Rover_Lab/build/rover/prefix_override:/usr/lib/python3/dist-packages/colcon_core/task/python/colcon_distutils_commands:/home/danielgrioja/Proyectos/Rover_Lab/install/rover/lib/python3.10/site-packages:${PYTHONPATH} /usr/bin/python3 -W ignore:setup.py install is deprecated -W ignore:easy_install command is deprecated setup.py develop --editable --build-directory /home/danielgrioja/Proyectos/Rover_Lab/build/rover/build --no-deps symlink_data
[0.711s] running develop
[0.802s] running egg_info
[0.802s] creating rover.egg-info
[0.802s] writing rover.egg-info/PKG-INFO
[0.802s] writing dependency_links to rover.egg-info/dependency_links.txt
[0.802s] writing entry points to rover.egg-info/entry_points.txt
[0.802s] writing requirements to rover.egg-info/requires.txt
[0.802s] writing top-level names to rover.egg-info/top_level.txt
[0.802s] writing manifest file 'rover.egg-info/SOURCES.txt'
[0.803s] reading manifest file 'rover.egg-info/SOURCES.txt'
[0.803s] writing manifest file 'rover.egg-info/SOURCES.txt'
[0.804s] running build_ext
[0.804s] Creating /home/danielgrioja/Proyectos/Rover_Lab/install/rover/lib/python3.10/site-packages/rover.egg-link (link to .)
[0.805s] Installing rover_ros2 script to /home/danielgrioja/Proyectos/Rover_Lab/install/rover/lib/rover
[0.805s] 
[0.805s] Installed /home/danielgrioja/Proyectos/Rover_Lab/build/rover
[0.805s] running symlink_data
[0.805s] creating /home/danielgrioja/Proyectos/Rover_Lab/install/rover/share/ament_index
[0.805s] creating /home/danielgrioja/Proyectos/Rover_Lab/install/rover/share/ament_index/resource_index
[0.805s] creating /home/danielgrioja/Proyectos/Rover_Lab/install/rover/share/ament_index/resource_index/packages
[0.805s] symbolically linking /home/danielgrioja/Proyectos/Rover_Lab/build/rover/resource/rover -> /home/danielgrioja/Proyectos/Rover_Lab/install/rover/share/ament_index/resource_index/packages
[0.805s] symbolically linking /home/danielgrioja/Proyectos/Rover_Lab/build/rover/package.xml -> /home/danielgrioja/Proyectos/Rover_Lab/install/rover/share/rover
