[0.547s] Invoking command in '/home/danielgrioja/Proyectos/Rover_Lab/build/rover': CONDA_PROMPT_MODIFIER=(base) PYTHONPATH=/home/danielgrioja/Proyectos/Rover_Lab/build/rover/prefix_override:/usr/lib/python3/dist-packages/colcon_core/task/python/colcon_distutils_commands:/home/danielgrioja/Proyectos/Rover_Lab/install/rover/lib/python3.10/site-packages:${PYTHONPATH} /usr/bin/python3 -W ignore:setup.py install is deprecated -W ignore:easy_install command is deprecated setup.py develop --editable --build-directory /home/danielgrioja/Proyectos/Rover_Lab/build/rover/build --no-deps symlink_data
[0.698s] running develop
[0.793s] running egg_info
[0.793s] writing rover.egg-info/PKG-INFO
[0.793s] writing dependency_links to rover.egg-info/dependency_links.txt
[0.793s] writing entry points to rover.egg-info/entry_points.txt
[0.793s] writing requirements to rover.egg-info/requires.txt
[0.793s] writing top-level names to rover.egg-info/top_level.txt
[0.795s] reading manifest file 'rover.egg-info/SOURCES.txt'
[0.795s] writing manifest file 'rover.egg-info/SOURCES.txt'
[0.796s] running build_ext
[0.796s] Creating /home/danielgrioja/Proyectos/Rover_Lab/install/rover/lib/python3.10/site-packages/rover.egg-link (link to .)
[0.796s] Installing rover_ros2 script to /home/danielgrioja/Proyectos/Rover_Lab/install/rover/lib/rover
[0.797s] 
[0.797s] Installed /home/danielgrioja/Proyectos/Rover_Lab/build/rover
[0.797s] running symlink_data
[0.797s] creating /home/danielgrioja/Proyectos/Rover_Lab/install/rover/share/rover/launch
[0.797s] symbolically linking /home/danielgrioja/Proyectos/Rover_Lab/build/rover/launch/rover_launch.py -> /home/danielgrioja/Proyectos/Rover_Lab/install/rover/share/rover/launch
[0.797s] creating /home/danielgrioja/Proyectos/Rover_Lab/install/rover/share/rover/worlds
[0.797s] symbolically linking /home/danielgrioja/Proyectos/Rover_Lab/build/rover/worlds/4_wheeled_robot.wbt -> /home/danielgrioja/Proyectos/Rover_Lab/install/rover/share/rover/worlds
[0.797s] creating /home/danielgrioja/Proyectos/Rover_Lab/install/rover/share/rover/resource
[0.797s] symbolically linking /home/danielgrioja/Proyectos/Rover_Lab/build/rover/resource/my_rover.urdf -> /home/danielgrioja/Proyectos/Rover_Lab/install/rover/share/rover/resource
[0.821s] Invoked command in '/home/danielgrioja/Proyectos/Rover_Lab/build/rover' returned '0': CONDA_PROMPT_MODIFIER=(base) PYTHONPATH=/home/danielgrioja/Proyectos/Rover_Lab/build/rover/prefix_override:/usr/lib/python3/dist-packages/colcon_core/task/python/colcon_distutils_commands:/home/danielgrioja/Proyectos/Rover_Lab/install/rover/lib/python3.10/site-packages:${PYTHONPATH} /usr/bin/python3 -W ignore:setup.py install is deprecated -W ignore:easy_install command is deprecated setup.py develop --editable --build-directory /home/danielgrioja/Proyectos/Rover_Lab/build/rover/build --no-deps symlink_data
