[0.529s] DEBUG:colcon:Command line arguments: ['/usr/bin/colcon', 'build', '--symlink-install']
[0.529s] DEBUG:colcon:Parsed command line arguments: Namespace(log_base=None, log_level=None, verb_name='build', build_base='build', install_base='install', merge_install=False, symlink_install=True, test_result_base=None, continue_on_error=False, executor='parallel', parallel_workers=2, event_handlers=None, ignore_user_meta=False, metas=['./colcon.meta'], base_paths=['.'], packages_ignore=None, packages_ignore_regex=None, paths=None, packages_up_to=None, packages_up_to_regex=None, packages_above=None, packages_above_and_dependencies=None, packages_above_depth=None, packages_select_by_dep=None, packages_skip_by_dep=None, packages_skip_up_to=None, packages_select_build_failed=False, packages_skip_build_finished=False, packages_select_test_failures=False, packages_skip_test_passed=False, packages_select=None, packages_skip=None, packages_select_regex=None, packages_skip_regex=None, packages_start=None, packages_end=None, allow_overriding=[], cmake_args=None, cmake_target=None, cmake_target_skip_unavailable=False, cmake_clean_cache=False, cmake_clean_first=False, cmake_force_configure=False, ament_cmake_args=None, catkin_cmake_args=None, catkin_skip_building_tests=False, verb_parser=<colcon_defaults.argument_parser.defaults.DefaultArgumentsDecorator object at 0x716bfd83c760>, verb_extension=<colcon_core.verb.build.BuildVerb object at 0x716bfd921b70>, main=<bound method BuildVerb.main of <colcon_core.verb.build.BuildVerb object at 0x716bfd921b70>>)
[1.284s] Level 1:colcon.colcon_core.package_discovery:discover_packages(colcon_meta) check parameters
[1.284s] Level 1:colcon.colcon_core.package_discovery:discover_packages(recursive) check parameters
[1.284s] Level 1:colcon.colcon_core.package_discovery:discover_packages(ignore) check parameters
[1.284s] Level 1:colcon.colcon_core.package_discovery:discover_packages(path) check parameters
[1.284s] Level 1:colcon.colcon_core.package_discovery:discover_packages(colcon_meta) discover
[1.284s] Level 1:colcon.colcon_core.package_discovery:discover_packages(recursive) discover
[1.284s] INFO:colcon.colcon_core.package_discovery:Crawling recursively for packages in '/home/danielgrioja/LAB/Rover_Lab'
[1.284s] Level 1:colcon.colcon_core.package_identification:_identify(.) by extensions ['ignore', 'ignore_ament_install']
[1.285s] Level 1:colcon.colcon_core.package_identification:_identify(.) by extension 'ignore'
[1.285s] Level 1:colcon.colcon_core.package_identification:_identify(.) by extension 'ignore_ament_install'
[1.285s] Level 1:colcon.colcon_core.package_identification:_identify(.) by extensions ['colcon_pkg']
[1.285s] Level 1:colcon.colcon_core.package_identification:_identify(.) by extension 'colcon_pkg'
[1.285s] Level 1:colcon.colcon_core.package_identification:_identify(.) by extensions ['colcon_meta']
[1.285s] Level 1:colcon.colcon_core.package_identification:_identify(.) by extension 'colcon_meta'
[1.285s] Level 1:colcon.colcon_core.package_identification:_identify(.) by extensions ['ros']
[1.285s] Level 1:colcon.colcon_core.package_identification:_identify(.) by extension 'ros'
[1.309s] Level 1:colcon.colcon_core.package_identification:_identify(.) by extensions ['cmake', 'python']
[1.309s] Level 1:colcon.colcon_core.package_identification:_identify(.) by extension 'cmake'
[1.310s] Level 1:colcon.colcon_core.package_identification:_identify(.) by extension 'python'
[1.310s] Level 1:colcon.colcon_core.package_identification:_identify(.) by extensions ['python_setup_py']
[1.310s] Level 1:colcon.colcon_core.package_identification:_identify(.) by extension 'python_setup_py'
[1.310s] Level 1:colcon.colcon_core.package_identification:_identify(build) by extensions ['ignore', 'ignore_ament_install']
[1.310s] Level 1:colcon.colcon_core.package_identification:_identify(build) by extension 'ignore'
[1.310s] Level 1:colcon.colcon_core.package_identification:_identify(build) ignored
[1.310s] Level 1:colcon.colcon_core.package_identification:_identify(install) by extensions ['ignore', 'ignore_ament_install']
[1.310s] Level 1:colcon.colcon_core.package_identification:_identify(install) by extension 'ignore'
[1.311s] Level 1:colcon.colcon_core.package_identification:_identify(install) ignored
[1.311s] Level 1:colcon.colcon_core.package_identification:_identify(log) by extensions ['ignore', 'ignore_ament_install']
[1.311s] Level 1:colcon.colcon_core.package_identification:_identify(log) by extension 'ignore'
[1.311s] Level 1:colcon.colcon_core.package_identification:_identify(log) ignored
[1.312s] Level 1:colcon.colcon_core.package_identification:_identify(my_first_simulation) by extensions ['ignore', 'ignore_ament_install']
[1.312s] Level 1:colcon.colcon_core.package_identification:_identify(my_first_simulation) by extension 'ignore'
[1.312s] Level 1:colcon.colcon_core.package_identification:_identify(my_first_simulation) by extension 'ignore_ament_install'
[1.312s] Level 1:colcon.colcon_core.package_identification:_identify(my_first_simulation) by extensions ['colcon_pkg']
[1.312s] Level 1:colcon.colcon_core.package_identification:_identify(my_first_simulation) by extension 'colcon_pkg'
[1.313s] Level 1:colcon.colcon_core.package_identification:_identify(my_first_simulation) by extensions ['colcon_meta']
[1.313s] Level 1:colcon.colcon_core.package_identification:_identify(my_first_simulation) by extension 'colcon_meta'
[1.313s] Level 1:colcon.colcon_core.package_identification:_identify(my_first_simulation) by extensions ['ros']
[1.313s] Level 1:colcon.colcon_core.package_identification:_identify(my_first_simulation) by extension 'ros'
[1.313s] Level 1:colcon.colcon_core.package_identification:_identify(my_first_simulation) by extensions ['cmake', 'python']
[1.313s] Level 1:colcon.colcon_core.package_identification:_identify(my_first_simulation) by extension 'cmake'
[1.313s] Level 1:colcon.colcon_core.package_identification:_identify(my_first_simulation) by extension 'python'
[1.313s] Level 1:colcon.colcon_core.package_identification:_identify(my_first_simulation) by extensions ['python_setup_py']
[1.313s] Level 1:colcon.colcon_core.package_identification:_identify(my_first_simulation) by extension 'python_setup_py'
[1.314s] Level 1:colcon.colcon_core.package_identification:_identify(my_first_simulation/controllers) by extensions ['ignore', 'ignore_ament_install']
[1.315s] Level 1:colcon.colcon_core.package_identification:_identify(my_first_simulation/controllers) by extension 'ignore'
[1.315s] Level 1:colcon.colcon_core.package_identification:_identify(my_first_simulation/controllers) by extension 'ignore_ament_install'
[1.315s] Level 1:colcon.colcon_core.package_identification:_identify(my_first_simulation/controllers) by extensions ['colcon_pkg']
[1.315s] Level 1:colcon.colcon_core.package_identification:_identify(my_first_simulation/controllers) by extension 'colcon_pkg'
[1.315s] Level 1:colcon.colcon_core.package_identification:_identify(my_first_simulation/controllers) by extensions ['colcon_meta']
[1.315s] Level 1:colcon.colcon_core.package_identification:_identify(my_first_simulation/controllers) by extension 'colcon_meta'
[1.315s] Level 1:colcon.colcon_core.package_identification:_identify(my_first_simulation/controllers) by extensions ['ros']
[1.315s] Level 1:colcon.colcon_core.package_identification:_identify(my_first_simulation/controllers) by extension 'ros'
[1.315s] Level 1:colcon.colcon_core.package_identification:_identify(my_first_simulation/controllers) by extensions ['cmake', 'python']
[1.315s] Level 1:colcon.colcon_core.package_identification:_identify(my_first_simulation/controllers) by extension 'cmake'
[1.316s] Level 1:colcon.colcon_core.package_identification:_identify(my_first_simulation/controllers) by extension 'python'
[1.316s] Level 1:colcon.colcon_core.package_identification:_identify(my_first_simulation/controllers) by extensions ['python_setup_py']
[1.316s] Level 1:colcon.colcon_core.package_identification:_identify(my_first_simulation/controllers) by extension 'python_setup_py'
[1.317s] Level 1:colcon.colcon_core.package_identification:_identify(my_first_simulation/controllers/EPuckAvoidController) by extensions ['ignore', 'ignore_ament_install']
[1.317s] Level 1:colcon.colcon_core.package_identification:_identify(my_first_simulation/controllers/EPuckAvoidController) by extension 'ignore'
[1.317s] Level 1:colcon.colcon_core.package_identification:_identify(my_first_simulation/controllers/EPuckAvoidController) by extension 'ignore_ament_install'
[1.317s] Level 1:colcon.colcon_core.package_identification:_identify(my_first_simulation/controllers/EPuckAvoidController) by extensions ['colcon_pkg']
[1.317s] Level 1:colcon.colcon_core.package_identification:_identify(my_first_simulation/controllers/EPuckAvoidController) by extension 'colcon_pkg'
[1.318s] Level 1:colcon.colcon_core.package_identification:_identify(my_first_simulation/controllers/EPuckAvoidController) by extensions ['colcon_meta']
[1.318s] Level 1:colcon.colcon_core.package_identification:_identify(my_first_simulation/controllers/EPuckAvoidController) by extension 'colcon_meta'
[1.318s] Level 1:colcon.colcon_core.package_identification:_identify(my_first_simulation/controllers/EPuckAvoidController) by extensions ['ros']
[1.318s] Level 1:colcon.colcon_core.package_identification:_identify(my_first_simulation/controllers/EPuckAvoidController) by extension 'ros'
[1.318s] Level 1:colcon.colcon_core.package_identification:_identify(my_first_simulation/controllers/EPuckAvoidController) by extensions ['cmake', 'python']
[1.318s] Level 1:colcon.colcon_core.package_identification:_identify(my_first_simulation/controllers/EPuckAvoidController) by extension 'cmake'
[1.318s] Level 1:colcon.colcon_core.package_identification:_identify(my_first_simulation/controllers/EPuckAvoidController) by extension 'python'
[1.318s] Level 1:colcon.colcon_core.package_identification:_identify(my_first_simulation/controllers/EPuckAvoidController) by extensions ['python_setup_py']
[1.318s] Level 1:colcon.colcon_core.package_identification:_identify(my_first_simulation/controllers/EPuckAvoidController) by extension 'python_setup_py'
[1.319s] Level 1:colcon.colcon_core.package_identification:_identify(my_first_simulation/controllers/EPuckAvoidController/build) by extensions ['ignore', 'ignore_ament_install']
[1.320s] Level 1:colcon.colcon_core.package_identification:_identify(my_first_simulation/controllers/EPuckAvoidController/build) by extension 'ignore'
[1.320s] Level 1:colcon.colcon_core.package_identification:_identify(my_first_simulation/controllers/EPuckAvoidController/build) by extension 'ignore_ament_install'
[1.320s] Level 1:colcon.colcon_core.package_identification:_identify(my_first_simulation/controllers/EPuckAvoidController/build) by extensions ['colcon_pkg']
[1.320s] Level 1:colcon.colcon_core.package_identification:_identify(my_first_simulation/controllers/EPuckAvoidController/build) by extension 'colcon_pkg'
[1.320s] Level 1:colcon.colcon_core.package_identification:_identify(my_first_simulation/controllers/EPuckAvoidController/build) by extensions ['colcon_meta']
[1.320s] Level 1:colcon.colcon_core.package_identification:_identify(my_first_simulation/controllers/EPuckAvoidController/build) by extension 'colcon_meta'
[1.320s] Level 1:colcon.colcon_core.package_identification:_identify(my_first_simulation/controllers/EPuckAvoidController/build) by extensions ['ros']
[1.320s] Level 1:colcon.colcon_core.package_identification:_identify(my_first_simulation/controllers/EPuckAvoidController/build) by extension 'ros'
[1.321s] Level 1:colcon.colcon_core.package_identification:_identify(my_first_simulation/controllers/EPuckAvoidController/build) by extensions ['cmake', 'python']
[1.321s] Level 1:colcon.colcon_core.package_identification:_identify(my_first_simulation/controllers/EPuckAvoidController/build) by extension 'cmake'
[1.321s] Level 1:colcon.colcon_core.package_identification:_identify(my_first_simulation/controllers/EPuckAvoidController/build) by extension 'python'
[1.321s] Level 1:colcon.colcon_core.package_identification:_identify(my_first_simulation/controllers/EPuckAvoidController/build) by extensions ['python_setup_py']
[1.321s] Level 1:colcon.colcon_core.package_identification:_identify(my_first_simulation/controllers/EPuckAvoidController/build) by extension 'python_setup_py'
[1.322s] Level 1:colcon.colcon_core.package_identification:_identify(my_first_simulation/controllers/EPuckAvoidController/build/release) by extensions ['ignore', 'ignore_ament_install']
[1.322s] Level 1:colcon.colcon_core.package_identification:_identify(my_first_simulation/controllers/EPuckAvoidController/build/release) by extension 'ignore'
[1.323s] Level 1:colcon.colcon_core.package_identification:_identify(my_first_simulation/controllers/EPuckAvoidController/build/release) by extension 'ignore_ament_install'
[1.323s] Level 1:colcon.colcon_core.package_identification:_identify(my_first_simulation/controllers/EPuckAvoidController/build/release) by extensions ['colcon_pkg']
[1.323s] Level 1:colcon.colcon_core.package_identification:_identify(my_first_simulation/controllers/EPuckAvoidController/build/release) by extension 'colcon_pkg'
[1.323s] Level 1:colcon.colcon_core.package_identification:_identify(my_first_simulation/controllers/EPuckAvoidController/build/release) by extensions ['colcon_meta']
[1.323s] Level 1:colcon.colcon_core.package_identification:_identify(my_first_simulation/controllers/EPuckAvoidController/build/release) by extension 'colcon_meta'
[1.323s] Level 1:colcon.colcon_core.package_identification:_identify(my_first_simulation/controllers/EPuckAvoidController/build/release) by extensions ['ros']
[1.323s] Level 1:colcon.colcon_core.package_identification:_identify(my_first_simulation/controllers/EPuckAvoidController/build/release) by extension 'ros'
[1.324s] Level 1:colcon.colcon_core.package_identification:_identify(my_first_simulation/controllers/EPuckAvoidController/build/release) by extensions ['cmake', 'python']
[1.324s] Level 1:colcon.colcon_core.package_identification:_identify(my_first_simulation/controllers/EPuckAvoidController/build/release) by extension 'cmake'
[1.324s] Level 1:colcon.colcon_core.package_identification:_identify(my_first_simulation/controllers/EPuckAvoidController/build/release) by extension 'python'
[1.324s] Level 1:colcon.colcon_core.package_identification:_identify(my_first_simulation/controllers/EPuckAvoidController/build/release) by extensions ['python_setup_py']
[1.324s] Level 1:colcon.colcon_core.package_identification:_identify(my_first_simulation/controllers/EPuckAvoidController/build/release) by extension 'python_setup_py'
[1.325s] Level 1:colcon.colcon_core.package_identification:_identify(my_first_simulation/controllers/Rover_Controller) by extensions ['ignore', 'ignore_ament_install']
[1.325s] Level 1:colcon.colcon_core.package_identification:_identify(my_first_simulation/controllers/Rover_Controller) by extension 'ignore'
[1.325s] Level 1:colcon.colcon_core.package_identification:_identify(my_first_simulation/controllers/Rover_Controller) by extension 'ignore_ament_install'
[1.326s] Level 1:colcon.colcon_core.package_identification:_identify(my_first_simulation/controllers/Rover_Controller) by extensions ['colcon_pkg']
[1.326s] Level 1:colcon.colcon_core.package_identification:_identify(my_first_simulation/controllers/Rover_Controller) by extension 'colcon_pkg'
[1.326s] Level 1:colcon.colcon_core.package_identification:_identify(my_first_simulation/controllers/Rover_Controller) by extensions ['colcon_meta']
[1.326s] Level 1:colcon.colcon_core.package_identification:_identify(my_first_simulation/controllers/Rover_Controller) by extension 'colcon_meta'
[1.326s] Level 1:colcon.colcon_core.package_identification:_identify(my_first_simulation/controllers/Rover_Controller) by extensions ['ros']
[1.326s] Level 1:colcon.colcon_core.package_identification:_identify(my_first_simulation/controllers/Rover_Controller) by extension 'ros'
[1.326s] Level 1:colcon.colcon_core.package_identification:_identify(my_first_simulation/controllers/Rover_Controller) by extensions ['cmake', 'python']
[1.326s] Level 1:colcon.colcon_core.package_identification:_identify(my_first_simulation/controllers/Rover_Controller) by extension 'cmake'
[1.326s] Level 1:colcon.colcon_core.package_identification:_identify(my_first_simulation/controllers/Rover_Controller) by extension 'python'
[1.326s] Level 1:colcon.colcon_core.package_identification:_identify(my_first_simulation/controllers/Rover_Controller) by extensions ['python_setup_py']
[1.326s] Level 1:colcon.colcon_core.package_identification:_identify(my_first_simulation/controllers/Rover_Controller) by extension 'python_setup_py'
[1.328s] Level 1:colcon.colcon_core.package_identification:_identify(my_first_simulation/controllers/arm_controller) by extensions ['ignore', 'ignore_ament_install']
[1.328s] Level 1:colcon.colcon_core.package_identification:_identify(my_first_simulation/controllers/arm_controller) by extension 'ignore'
[1.328s] Level 1:colcon.colcon_core.package_identification:_identify(my_first_simulation/controllers/arm_controller) by extension 'ignore_ament_install'
[1.328s] Level 1:colcon.colcon_core.package_identification:_identify(my_first_simulation/controllers/arm_controller) by extensions ['colcon_pkg']
[1.328s] Level 1:colcon.colcon_core.package_identification:_identify(my_first_simulation/controllers/arm_controller) by extension 'colcon_pkg'
[1.328s] Level 1:colcon.colcon_core.package_identification:_identify(my_first_simulation/controllers/arm_controller) by extensions ['colcon_meta']
[1.329s] Level 1:colcon.colcon_core.package_identification:_identify(my_first_simulation/controllers/arm_controller) by extension 'colcon_meta'
[1.329s] Level 1:colcon.colcon_core.package_identification:_identify(my_first_simulation/controllers/arm_controller) by extensions ['ros']
[1.329s] Level 1:colcon.colcon_core.package_identification:_identify(my_first_simulation/controllers/arm_controller) by extension 'ros'
[1.329s] Level 1:colcon.colcon_core.package_identification:_identify(my_first_simulation/controllers/arm_controller) by extensions ['cmake', 'python']
[1.329s] Level 1:colcon.colcon_core.package_identification:_identify(my_first_simulation/controllers/arm_controller) by extension 'cmake'
[1.329s] Level 1:colcon.colcon_core.package_identification:_identify(my_first_simulation/controllers/arm_controller) by extension 'python'
[1.329s] Level 1:colcon.colcon_core.package_identification:_identify(my_first_simulation/controllers/arm_controller) by extensions ['python_setup_py']
[1.329s] Level 1:colcon.colcon_core.package_identification:_identify(my_first_simulation/controllers/arm_controller) by extension 'python_setup_py'
[1.330s] Level 1:colcon.colcon_core.package_identification:_identify(my_first_simulation/controllers/epuck_go_forward) by extensions ['ignore', 'ignore_ament_install']
[1.331s] Level 1:colcon.colcon_core.package_identification:_identify(my_first_simulation/controllers/epuck_go_forward) by extension 'ignore'
[1.331s] Level 1:colcon.colcon_core.package_identification:_identify(my_first_simulation/controllers/epuck_go_forward) by extension 'ignore_ament_install'
[1.331s] Level 1:colcon.colcon_core.package_identification:_identify(my_first_simulation/controllers/epuck_go_forward) by extensions ['colcon_pkg']
[1.331s] Level 1:colcon.colcon_core.package_identification:_identify(my_first_simulation/controllers/epuck_go_forward) by extension 'colcon_pkg'
[1.331s] Level 1:colcon.colcon_core.package_identification:_identify(my_first_simulation/controllers/epuck_go_forward) by extensions ['colcon_meta']
[1.331s] Level 1:colcon.colcon_core.package_identification:_identify(my_first_simulation/controllers/epuck_go_forward) by extension 'colcon_meta'
[1.331s] Level 1:colcon.colcon_core.package_identification:_identify(my_first_simulation/controllers/epuck_go_forward) by extensions ['ros']
[1.331s] Level 1:colcon.colcon_core.package_identification:_identify(my_first_simulation/controllers/epuck_go_forward) by extension 'ros'
[1.332s] Level 1:colcon.colcon_core.package_identification:_identify(my_first_simulation/controllers/epuck_go_forward) by extensions ['cmake', 'python']
[1.332s] Level 1:colcon.colcon_core.package_identification:_identify(my_first_simulation/controllers/epuck_go_forward) by extension 'cmake'
[1.332s] Level 1:colcon.colcon_core.package_identification:_identify(my_first_simulation/controllers/epuck_go_forward) by extension 'python'
[1.332s] Level 1:colcon.colcon_core.package_identification:_identify(my_first_simulation/controllers/epuck_go_forward) by extensions ['python_setup_py']
[1.332s] Level 1:colcon.colcon_core.package_identification:_identify(my_first_simulation/controllers/epuck_go_forward) by extension 'python_setup_py'
[1.333s] Level 1:colcon.colcon_core.package_identification:_identify(my_first_simulation/controllers/four_wheeled_collision_avoidance) by extensions ['ignore', 'ignore_ament_install']
[1.334s] Level 1:colcon.colcon_core.package_identification:_identify(my_first_simulation/controllers/four_wheeled_collision_avoidance) by extension 'ignore'
[1.334s] Level 1:colcon.colcon_core.package_identification:_identify(my_first_simulation/controllers/four_wheeled_collision_avoidance) by extension 'ignore_ament_install'
[1.334s] Level 1:colcon.colcon_core.package_identification:_identify(my_first_simulation/controllers/four_wheeled_collision_avoidance) by extensions ['colcon_pkg']
[1.334s] Level 1:colcon.colcon_core.package_identification:_identify(my_first_simulation/controllers/four_wheeled_collision_avoidance) by extension 'colcon_pkg'
[1.334s] Level 1:colcon.colcon_core.package_identification:_identify(my_first_simulation/controllers/four_wheeled_collision_avoidance) by extensions ['colcon_meta']
[1.334s] Level 1:colcon.colcon_core.package_identification:_identify(my_first_simulation/controllers/four_wheeled_collision_avoidance) by extension 'colcon_meta'
[1.334s] Level 1:colcon.colcon_core.package_identification:_identify(my_first_simulation/controllers/four_wheeled_collision_avoidance) by extensions ['ros']
[1.334s] Level 1:colcon.colcon_core.package_identification:_identify(my_first_simulation/controllers/four_wheeled_collision_avoidance) by extension 'ros'
[1.334s] Level 1:colcon.colcon_core.package_identification:_identify(my_first_simulation/controllers/four_wheeled_collision_avoidance) by extensions ['cmake', 'python']
[1.335s] Level 1:colcon.colcon_core.package_identification:_identify(my_first_simulation/controllers/four_wheeled_collision_avoidance) by extension 'cmake'
[1.335s] Level 1:colcon.colcon_core.package_identification:_identify(my_first_simulation/controllers/four_wheeled_collision_avoidance) by extension 'python'
[1.335s] Level 1:colcon.colcon_core.package_identification:_identify(my_first_simulation/controllers/four_wheeled_collision_avoidance) by extensions ['python_setup_py']
[1.335s] Level 1:colcon.colcon_core.package_identification:_identify(my_first_simulation/controllers/four_wheeled_collision_avoidance) by extension 'python_setup_py'
[1.336s] Level 1:colcon.colcon_core.package_identification:_identify(my_first_simulation/controllers/four_wheeled_collision_avoidance/build) by extensions ['ignore', 'ignore_ament_install']
[1.336s] Level 1:colcon.colcon_core.package_identification:_identify(my_first_simulation/controllers/four_wheeled_collision_avoidance/build) by extension 'ignore'
[1.336s] Level 1:colcon.colcon_core.package_identification:_identify(my_first_simulation/controllers/four_wheeled_collision_avoidance/build) by extension 'ignore_ament_install'
[1.336s] Level 1:colcon.colcon_core.package_identification:_identify(my_first_simulation/controllers/four_wheeled_collision_avoidance/build) by extensions ['colcon_pkg']
[1.337s] Level 1:colcon.colcon_core.package_identification:_identify(my_first_simulation/controllers/four_wheeled_collision_avoidance/build) by extension 'colcon_pkg'
[1.337s] Level 1:colcon.colcon_core.package_identification:_identify(my_first_simulation/controllers/four_wheeled_collision_avoidance/build) by extensions ['colcon_meta']
[1.337s] Level 1:colcon.colcon_core.package_identification:_identify(my_first_simulation/controllers/four_wheeled_collision_avoidance/build) by extension 'colcon_meta'
[1.337s] Level 1:colcon.colcon_core.package_identification:_identify(my_first_simulation/controllers/four_wheeled_collision_avoidance/build) by extensions ['ros']
[1.337s] Level 1:colcon.colcon_core.package_identification:_identify(my_first_simulation/controllers/four_wheeled_collision_avoidance/build) by extension 'ros'
[1.337s] Level 1:colcon.colcon_core.package_identification:_identify(my_first_simulation/controllers/four_wheeled_collision_avoidance/build) by extensions ['cmake', 'python']
[1.337s] Level 1:colcon.colcon_core.package_identification:_identify(my_first_simulation/controllers/four_wheeled_collision_avoidance/build) by extension 'cmake'
[1.337s] Level 1:colcon.colcon_core.package_identification:_identify(my_first_simulation/controllers/four_wheeled_collision_avoidance/build) by extension 'python'
[1.337s] Level 1:colcon.colcon_core.package_identification:_identify(my_first_simulation/controllers/four_wheeled_collision_avoidance/build) by extensions ['python_setup_py']
[1.337s] Level 1:colcon.colcon_core.package_identification:_identify(my_first_simulation/controllers/four_wheeled_collision_avoidance/build) by extension 'python_setup_py'
[1.338s] Level 1:colcon.colcon_core.package_identification:_identify(my_first_simulation/controllers/four_wheeled_collision_avoidance/build/release) by extensions ['ignore', 'ignore_ament_install']
[1.339s] Level 1:colcon.colcon_core.package_identification:_identify(my_first_simulation/controllers/four_wheeled_collision_avoidance/build/release) by extension 'ignore'
[1.339s] Level 1:colcon.colcon_core.package_identification:_identify(my_first_simulation/controllers/four_wheeled_collision_avoidance/build/release) by extension 'ignore_ament_install'
[1.339s] Level 1:colcon.colcon_core.package_identification:_identify(my_first_simulation/controllers/four_wheeled_collision_avoidance/build/release) by extensions ['colcon_pkg']
[1.339s] Level 1:colcon.colcon_core.package_identification:_identify(my_first_simulation/controllers/four_wheeled_collision_avoidance/build/release) by extension 'colcon_pkg'
[1.339s] Level 1:colcon.colcon_core.package_identification:_identify(my_first_simulation/controllers/four_wheeled_collision_avoidance/build/release) by extensions ['colcon_meta']
[1.339s] Level 1:colcon.colcon_core.package_identification:_identify(my_first_simulation/controllers/four_wheeled_collision_avoidance/build/release) by extension 'colcon_meta'
[1.339s] Level 1:colcon.colcon_core.package_identification:_identify(my_first_simulation/controllers/four_wheeled_collision_avoidance/build/release) by extensions ['ros']
[1.339s] Level 1:colcon.colcon_core.package_identification:_identify(my_first_simulation/controllers/four_wheeled_collision_avoidance/build/release) by extension 'ros'
[1.340s] Level 1:colcon.colcon_core.package_identification:_identify(my_first_simulation/controllers/four_wheeled_collision_avoidance/build/release) by extensions ['cmake', 'python']
[1.340s] Level 1:colcon.colcon_core.package_identification:_identify(my_first_simulation/controllers/four_wheeled_collision_avoidance/build/release) by extension 'cmake'
[1.340s] Level 1:colcon.colcon_core.package_identification:_identify(my_first_simulation/controllers/four_wheeled_collision_avoidance/build/release) by extension 'python'
[1.340s] Level 1:colcon.colcon_core.package_identification:_identify(my_first_simulation/controllers/four_wheeled_collision_avoidance/build/release) by extensions ['python_setup_py']
[1.340s] Level 1:colcon.colcon_core.package_identification:_identify(my_first_simulation/controllers/four_wheeled_collision_avoidance/build/release) by extension 'python_setup_py'
[1.341s] Level 1:colcon.colcon_core.package_identification:_identify(my_first_simulation/controllers/robot_evasor) by extensions ['ignore', 'ignore_ament_install']
[1.341s] Level 1:colcon.colcon_core.package_identification:_identify(my_first_simulation/controllers/robot_evasor) by extension 'ignore'
[1.342s] Level 1:colcon.colcon_core.package_identification:_identify(my_first_simulation/controllers/robot_evasor) by extension 'ignore_ament_install'
[1.342s] Level 1:colcon.colcon_core.package_identification:_identify(my_first_simulation/controllers/robot_evasor) by extensions ['colcon_pkg']
[1.342s] Level 1:colcon.colcon_core.package_identification:_identify(my_first_simulation/controllers/robot_evasor) by extension 'colcon_pkg'
[1.342s] Level 1:colcon.colcon_core.package_identification:_identify(my_first_simulation/controllers/robot_evasor) by extensions ['colcon_meta']
[1.342s] Level 1:colcon.colcon_core.package_identification:_identify(my_first_simulation/controllers/robot_evasor) by extension 'colcon_meta'
[1.342s] Level 1:colcon.colcon_core.package_identification:_identify(my_first_simulation/controllers/robot_evasor) by extensions ['ros']
[1.342s] Level 1:colcon.colcon_core.package_identification:_identify(my_first_simulation/controllers/robot_evasor) by extension 'ros'
[1.342s] Level 1:colcon.colcon_core.package_identification:_identify(my_first_simulation/controllers/robot_evasor) by extensions ['cmake', 'python']
[1.343s] Level 1:colcon.colcon_core.package_identification:_identify(my_first_simulation/controllers/robot_evasor) by extension 'cmake'
[1.343s] Level 1:colcon.colcon_core.package_identification:_identify(my_first_simulation/controllers/robot_evasor) by extension 'python'
[1.343s] Level 1:colcon.colcon_core.package_identification:_identify(my_first_simulation/controllers/robot_evasor) by extensions ['python_setup_py']
[1.343s] Level 1:colcon.colcon_core.package_identification:_identify(my_first_simulation/controllers/robot_evasor) by extension 'python_setup_py'
[1.344s] Level 1:colcon.colcon_core.package_identification:_identify(my_first_simulation/protos) by extensions ['ignore', 'ignore_ament_install']
[1.344s] Level 1:colcon.colcon_core.package_identification:_identify(my_first_simulation/protos) by extension 'ignore'
[1.345s] Level 1:colcon.colcon_core.package_identification:_identify(my_first_simulation/protos) by extension 'ignore_ament_install'
[1.345s] Level 1:colcon.colcon_core.package_identification:_identify(my_first_simulation/protos) by extensions ['colcon_pkg']
[1.345s] Level 1:colcon.colcon_core.package_identification:_identify(my_first_simulation/protos) by extension 'colcon_pkg'
[1.345s] Level 1:colcon.colcon_core.package_identification:_identify(my_first_simulation/protos) by extensions ['colcon_meta']
[1.345s] Level 1:colcon.colcon_core.package_identification:_identify(my_first_simulation/protos) by extension 'colcon_meta'
[1.345s] Level 1:colcon.colcon_core.package_identification:_identify(my_first_simulation/protos) by extensions ['ros']
[1.345s] Level 1:colcon.colcon_core.package_identification:_identify(my_first_simulation/protos) by extension 'ros'
[1.345s] Level 1:colcon.colcon_core.package_identification:_identify(my_first_simulation/protos) by extensions ['cmake', 'python']
[1.345s] Level 1:colcon.colcon_core.package_identification:_identify(my_first_simulation/protos) by extension 'cmake'
[1.345s] Level 1:colcon.colcon_core.package_identification:_identify(my_first_simulation/protos) by extension 'python'
[1.345s] Level 1:colcon.colcon_core.package_identification:_identify(my_first_simulation/protos) by extensions ['python_setup_py']
[1.346s] Level 1:colcon.colcon_core.package_identification:_identify(my_first_simulation/protos) by extension 'python_setup_py'
[1.347s] Level 1:colcon.colcon_core.package_identification:_identify(my_first_simulation/worlds) by extensions ['ignore', 'ignore_ament_install']
[1.347s] Level 1:colcon.colcon_core.package_identification:_identify(my_first_simulation/worlds) by extension 'ignore'
[1.347s] Level 1:colcon.colcon_core.package_identification:_identify(my_first_simulation/worlds) by extension 'ignore_ament_install'
[1.347s] Level 1:colcon.colcon_core.package_identification:_identify(my_first_simulation/worlds) by extensions ['colcon_pkg']
[1.347s] Level 1:colcon.colcon_core.package_identification:_identify(my_first_simulation/worlds) by extension 'colcon_pkg'
[1.347s] Level 1:colcon.colcon_core.package_identification:_identify(my_first_simulation/worlds) by extensions ['colcon_meta']
[1.348s] Level 1:colcon.colcon_core.package_identification:_identify(my_first_simulation/worlds) by extension 'colcon_meta'
[1.348s] Level 1:colcon.colcon_core.package_identification:_identify(my_first_simulation/worlds) by extensions ['ros']
[1.348s] Level 1:colcon.colcon_core.package_identification:_identify(my_first_simulation/worlds) by extension 'ros'
[1.348s] Level 1:colcon.colcon_core.package_identification:_identify(my_first_simulation/worlds) by extensions ['cmake', 'python']
[1.348s] Level 1:colcon.colcon_core.package_identification:_identify(my_first_simulation/worlds) by extension 'cmake'
[1.348s] Level 1:colcon.colcon_core.package_identification:_identify(my_first_simulation/worlds) by extension 'python'
[1.348s] Level 1:colcon.colcon_core.package_identification:_identify(my_first_simulation/worlds) by extensions ['python_setup_py']
[1.348s] Level 1:colcon.colcon_core.package_identification:_identify(my_first_simulation/worlds) by extension 'python_setup_py'
[1.350s] Level 1:colcon.colcon_core.package_identification:_identify(my_package) by extensions ['ignore', 'ignore_ament_install']
[1.350s] Level 1:colcon.colcon_core.package_identification:_identify(my_package) by extension 'ignore'
[1.350s] Level 1:colcon.colcon_core.package_identification:_identify(my_package) by extension 'ignore_ament_install'
[1.350s] Level 1:colcon.colcon_core.package_identification:_identify(my_package) by extensions ['colcon_pkg']
[1.350s] Level 1:colcon.colcon_core.package_identification:_identify(my_package) by extension 'colcon_pkg'
[1.351s] Level 1:colcon.colcon_core.package_identification:_identify(my_package) by extensions ['colcon_meta']
[1.351s] Level 1:colcon.colcon_core.package_identification:_identify(my_package) by extension 'colcon_meta'
[1.351s] Level 1:colcon.colcon_core.package_identification:_identify(my_package) by extensions ['ros']
[1.351s] Level 1:colcon.colcon_core.package_identification:_identify(my_package) by extension 'ros'
[1.362s] DEBUG:colcon.colcon_core.package_identification:Package 'my_package' with type 'ros.ament_python' and name 'my_package'
[1.362s] Level 1:colcon.colcon_core.package_identification:_identify(rover) by extensions ['ignore', 'ignore_ament_install']
[1.362s] Level 1:colcon.colcon_core.package_identification:_identify(rover) by extension 'ignore'
[1.363s] Level 1:colcon.colcon_core.package_identification:_identify(rover) by extension 'ignore_ament_install'
[1.363s] Level 1:colcon.colcon_core.package_identification:_identify(rover) by extensions ['colcon_pkg']
[1.363s] Level 1:colcon.colcon_core.package_identification:_identify(rover) by extension 'colcon_pkg'
[1.363s] Level 1:colcon.colcon_core.package_identification:_identify(rover) by extensions ['colcon_meta']
[1.363s] Level 1:colcon.colcon_core.package_identification:_identify(rover) by extension 'colcon_meta'
[1.363s] Level 1:colcon.colcon_core.package_identification:_identify(rover) by extensions ['ros']
[1.363s] Level 1:colcon.colcon_core.package_identification:_identify(rover) by extension 'ros'
[1.366s] DEBUG:colcon.colcon_core.package_identification:Package 'rover' with type 'ros.ament_python' and name 'rover'
[1.366s] Level 1:colcon.colcon_core.package_discovery:discover_packages(recursive) using defaults
[1.366s] Level 1:colcon.colcon_core.package_discovery:discover_packages(ignore) discover
[1.366s] Level 1:colcon.colcon_core.package_discovery:discover_packages(ignore) using defaults
[1.366s] Level 1:colcon.colcon_core.package_discovery:discover_packages(path) discover
[1.366s] Level 1:colcon.colcon_core.package_discovery:discover_packages(path) using defaults
[1.436s] Level 1:colcon.colcon_core.package_discovery:discover_packages(prefix_path) check parameters
[1.437s] Level 1:colcon.colcon_core.package_discovery:discover_packages(prefix_path) discover
[1.447s] DEBUG:colcon.colcon_installed_package_information.package_discovery:Found 2 installed packages in /home/danielgrioja/LAB/Rover_Lab/install
[1.452s] DEBUG:colcon.colcon_installed_package_information.package_discovery:Found 276 installed packages in /opt/ros/humble
[1.467s] Level 1:colcon.colcon_core.package_discovery:discover_packages(prefix_path) using defaults
[1.684s] Level 5:colcon.colcon_core.verb:set package 'my_package' build argument 'cmake_args' from command line to 'None'
[1.684s] Level 5:colcon.colcon_core.verb:set package 'my_package' build argument 'cmake_target' from command line to 'None'
[1.684s] Level 5:colcon.colcon_core.verb:set package 'my_package' build argument 'cmake_target_skip_unavailable' from command line to 'False'
[1.684s] Level 5:colcon.colcon_core.verb:set package 'my_package' build argument 'cmake_clean_cache' from command line to 'False'
[1.684s] Level 5:colcon.colcon_core.verb:set package 'my_package' build argument 'cmake_clean_first' from command line to 'False'
[1.684s] Level 5:colcon.colcon_core.verb:set package 'my_package' build argument 'cmake_force_configure' from command line to 'False'
[1.684s] Level 5:colcon.colcon_core.verb:set package 'my_package' build argument 'ament_cmake_args' from command line to 'None'
[1.684s] Level 5:colcon.colcon_core.verb:set package 'my_package' build argument 'catkin_cmake_args' from command line to 'None'
[1.684s] Level 5:colcon.colcon_core.verb:set package 'my_package' build argument 'catkin_skip_building_tests' from command line to 'False'
[1.684s] DEBUG:colcon.colcon_core.verb:Building package 'my_package' with the following arguments: {'ament_cmake_args': None, 'build_base': '/home/danielgrioja/LAB/Rover_Lab/build/my_package', 'catkin_cmake_args': None, 'catkin_skip_building_tests': False, 'cmake_args': None, 'cmake_clean_cache': False, 'cmake_clean_first': False, 'cmake_force_configure': False, 'cmake_target': None, 'cmake_target_skip_unavailable': False, 'install_base': '/home/danielgrioja/LAB/Rover_Lab/install/my_package', 'merge_install': False, 'path': '/home/danielgrioja/LAB/Rover_Lab/my_package', 'symlink_install': True, 'test_result_base': None}
[1.684s] Level 5:colcon.colcon_core.verb:set package 'rover' build argument 'cmake_args' from command line to 'None'
[1.684s] Level 5:colcon.colcon_core.verb:set package 'rover' build argument 'cmake_target' from command line to 'None'
[1.684s] Level 5:colcon.colcon_core.verb:set package 'rover' build argument 'cmake_target_skip_unavailable' from command line to 'False'
[1.684s] Level 5:colcon.colcon_core.verb:set package 'rover' build argument 'cmake_clean_cache' from command line to 'False'
[1.684s] Level 5:colcon.colcon_core.verb:set package 'rover' build argument 'cmake_clean_first' from command line to 'False'
[1.684s] Level 5:colcon.colcon_core.verb:set package 'rover' build argument 'cmake_force_configure' from command line to 'False'
[1.685s] Level 5:colcon.colcon_core.verb:set package 'rover' build argument 'ament_cmake_args' from command line to 'None'
[1.685s] Level 5:colcon.colcon_core.verb:set package 'rover' build argument 'catkin_cmake_args' from command line to 'None'
[1.685s] Level 5:colcon.colcon_core.verb:set package 'rover' build argument 'catkin_skip_building_tests' from command line to 'False'
[1.685s] DEBUG:colcon.colcon_core.verb:Building package 'rover' with the following arguments: {'ament_cmake_args': None, 'build_base': '/home/danielgrioja/LAB/Rover_Lab/build/rover', 'catkin_cmake_args': None, 'catkin_skip_building_tests': False, 'cmake_args': None, 'cmake_clean_cache': False, 'cmake_clean_first': False, 'cmake_force_configure': False, 'cmake_target': None, 'cmake_target_skip_unavailable': False, 'install_base': '/home/danielgrioja/LAB/Rover_Lab/install/rover', 'merge_install': False, 'path': '/home/danielgrioja/LAB/Rover_Lab/rover', 'symlink_install': True, 'test_result_base': None}
[1.685s] INFO:colcon.colcon_core.executor:Executing jobs using 'parallel' executor
[1.686s] DEBUG:colcon.colcon_parallel_executor.executor.parallel:run_until_complete
[1.686s] INFO:colcon.colcon_ros.task.ament_python.build:Building ROS package in '/home/danielgrioja/LAB/Rover_Lab/my_package' with build type 'ament_python'
[1.686s] Level 1:colcon.colcon_core.shell:create_environment_hook('my_package', 'ament_prefix_path')
[1.699s] INFO:colcon.colcon_core.plugin_system:Skipping extension 'colcon_core.shell.bat': Not used on non-Windows systems
[1.699s] INFO:colcon.colcon_core.shell:Creating environment hook '/home/danielgrioja/LAB/Rover_Lab/install/my_package/share/my_package/hook/ament_prefix_path.ps1'
[1.702s] INFO:colcon.colcon_core.shell:Creating environment descriptor '/home/danielgrioja/LAB/Rover_Lab/install/my_package/share/my_package/hook/ament_prefix_path.dsv'
[1.704s] INFO:colcon.colcon_core.shell:Creating environment hook '/home/danielgrioja/LAB/Rover_Lab/install/my_package/share/my_package/hook/ament_prefix_path.sh'
[1.706s] INFO:colcon.colcon_core.shell:Skip shell extension 'powershell' for command environment: Not usable outside of PowerShell
[1.706s] DEBUG:colcon.colcon_core.shell:Skip shell extension 'dsv' for command environment
[1.716s] INFO:colcon.colcon_ros.task.ament_python.build:Building ROS package in '/home/danielgrioja/LAB/Rover_Lab/rover' with build type 'ament_python'
[1.717s] Level 1:colcon.colcon_core.shell:create_environment_hook('rover', 'ament_prefix_path')
[1.717s] INFO:colcon.colcon_core.shell:Creating environment hook '/home/danielgrioja/LAB/Rover_Lab/install/rover/share/rover/hook/ament_prefix_path.ps1'
[1.719s] INFO:colcon.colcon_core.shell:Creating environment descriptor '/home/danielgrioja/LAB/Rover_Lab/install/rover/share/rover/hook/ament_prefix_path.dsv'
[1.720s] INFO:colcon.colcon_core.shell:Creating environment hook '/home/danielgrioja/LAB/Rover_Lab/install/rover/share/rover/hook/ament_prefix_path.sh'
[1.721s] INFO:colcon.colcon_core.shell:Skip shell extension 'powershell' for command environment: Not usable outside of PowerShell
[1.721s] DEBUG:colcon.colcon_core.shell:Skip shell extension 'dsv' for command environment
[2.016s] INFO:colcon.colcon_core.task.python.build:Building Python package in '/home/danielgrioja/LAB/Rover_Lab/my_package'
[2.017s] INFO:colcon.colcon_core.shell:Skip shell extension 'powershell' for command environment: Not usable outside of PowerShell
[2.017s] DEBUG:colcon.colcon_core.shell:Skip shell extension 'dsv' for command environment
[2.287s] INFO:colcon.colcon_core.task.python.build:Building Python package in '/home/danielgrioja/LAB/Rover_Lab/rover'
[2.288s] INFO:colcon.colcon_core.shell:Skip shell extension 'powershell' for command environment: Not usable outside of PowerShell
[2.288s] DEBUG:colcon.colcon_core.shell:Skip shell extension 'dsv' for command environment
[2.801s] DEBUG:colcon.colcon_core.event_handler.log_command:Invoking command in '/home/danielgrioja/LAB/Rover_Lab/build/my_package': PYTHONPATH=/home/danielgrioja/LAB/Rover_Lab/build/my_package/prefix_override:/usr/lib/python3/dist-packages/colcon_core/task/python/colcon_distutils_commands:/home/danielgrioja/LAB/Rover_Lab/install/my_package/lib/python3.10/site-packages:${PYTHONPATH} /usr/bin/python3 -W ignore:setup.py install is deprecated -W ignore:easy_install command is deprecated setup.py develop --editable --build-directory /home/danielgrioja/LAB/Rover_Lab/build/my_package/build --no-deps symlink_data
[2.815s] DEBUG:colcon.colcon_core.event_handler.log_command:Invoking command in '/home/danielgrioja/LAB/Rover_Lab/build/rover': PYTHONPATH=/home/danielgrioja/LAB/Rover_Lab/build/rover/prefix_override:/usr/lib/python3/dist-packages/colcon_core/task/python/colcon_distutils_commands:/home/danielgrioja/LAB/Rover_Lab/install/rover/lib/python3.10/site-packages:${PYTHONPATH} /usr/bin/python3 -W ignore:setup.py install is deprecated -W ignore:easy_install command is deprecated setup.py develop --editable --build-directory /home/danielgrioja/LAB/Rover_Lab/build/rover/build --no-deps symlink_data
[3.272s] Level 1:colcon.colcon_core.shell:create_environment_hook('my_package', 'pythonpath_develop')
[3.272s] INFO:colcon.colcon_core.shell:Creating environment hook '/home/danielgrioja/LAB/Rover_Lab/build/my_package/share/my_package/hook/pythonpath_develop.ps1'
[3.275s] INFO:colcon.colcon_core.shell:Creating environment descriptor '/home/danielgrioja/LAB/Rover_Lab/build/my_package/share/my_package/hook/pythonpath_develop.dsv'
[3.276s] INFO:colcon.colcon_core.shell:Creating environment hook '/home/danielgrioja/LAB/Rover_Lab/build/my_package/share/my_package/hook/pythonpath_develop.sh'
[3.276s] DEBUG:colcon.colcon_core.event_handler.log_command:Invoked command in '/home/danielgrioja/LAB/Rover_Lab/build/my_package' returned '0': PYTHONPATH=/home/danielgrioja/LAB/Rover_Lab/build/my_package/prefix_override:/usr/lib/python3/dist-packages/colcon_core/task/python/colcon_distutils_commands:/home/danielgrioja/LAB/Rover_Lab/install/my_package/lib/python3.10/site-packages:${PYTHONPATH} /usr/bin/python3 -W ignore:setup.py install is deprecated -W ignore:easy_install command is deprecated setup.py develop --editable --build-directory /home/danielgrioja/LAB/Rover_Lab/build/my_package/build --no-deps symlink_data
[3.288s] Level 1:colcon.colcon_core.environment:checking '/home/danielgrioja/LAB/Rover_Lab/install/my_package' for CMake module files
[3.288s] Level 1:colcon.colcon_core.environment:checking '/home/danielgrioja/LAB/Rover_Lab/install/my_package' for CMake config files
[3.289s] Level 1:colcon.colcon_core.environment:checking '/home/danielgrioja/LAB/Rover_Lab/install/my_package/lib'
[3.289s] Level 1:colcon.colcon_core.environment:checking '/home/danielgrioja/LAB/Rover_Lab/install/my_package/bin'
[3.290s] Level 1:colcon.colcon_core.environment:checking '/home/danielgrioja/LAB/Rover_Lab/install/my_package/lib/pkgconfig/my_package.pc'
[3.290s] Level 1:colcon.colcon_core.environment:checking '/home/danielgrioja/LAB/Rover_Lab/install/my_package/lib/python3.10/site-packages'
[3.290s] Level 1:colcon.colcon_core.shell:create_environment_hook('my_package', 'pythonpath')
[3.291s] INFO:colcon.colcon_core.shell:Creating environment hook '/home/danielgrioja/LAB/Rover_Lab/install/my_package/share/my_package/hook/pythonpath.ps1'
[3.292s] INFO:colcon.colcon_core.shell:Creating environment descriptor '/home/danielgrioja/LAB/Rover_Lab/install/my_package/share/my_package/hook/pythonpath.dsv'
[3.293s] INFO:colcon.colcon_core.shell:Creating environment hook '/home/danielgrioja/LAB/Rover_Lab/install/my_package/share/my_package/hook/pythonpath.sh'
[3.294s] Level 1:colcon.colcon_core.environment:checking '/home/danielgrioja/LAB/Rover_Lab/install/my_package/bin'
[3.294s] Level 1:colcon.colcon_core.environment:create_environment_scripts_only(my_package)
[3.295s] INFO:colcon.colcon_core.shell:Creating package script '/home/danielgrioja/LAB/Rover_Lab/install/my_package/share/my_package/package.ps1'
[3.297s] INFO:colcon.colcon_core.shell:Creating package descriptor '/home/danielgrioja/LAB/Rover_Lab/install/my_package/share/my_package/package.dsv'
[3.298s] INFO:colcon.colcon_core.shell:Creating package script '/home/danielgrioja/LAB/Rover_Lab/install/my_package/share/my_package/package.sh'
[3.300s] INFO:colcon.colcon_core.shell:Creating package script '/home/danielgrioja/LAB/Rover_Lab/install/my_package/share/my_package/package.bash'
[3.302s] INFO:colcon.colcon_core.shell:Creating package script '/home/danielgrioja/LAB/Rover_Lab/install/my_package/share/my_package/package.zsh'
[3.305s] Level 1:colcon.colcon_core.environment:create_file_with_runtime_dependencies(/home/danielgrioja/LAB/Rover_Lab/install/my_package/share/colcon-core/packages/my_package)
[3.307s] Level 1:colcon.colcon_core.shell:create_environment_hook('rover', 'pythonpath_develop')
[3.307s] INFO:colcon.colcon_core.shell:Creating environment hook '/home/danielgrioja/LAB/Rover_Lab/build/rover/share/rover/hook/pythonpath_develop.ps1'
[3.308s] DEBUG:colcon.colcon_core.event_handler.log_command:Invoked command in '/home/danielgrioja/LAB/Rover_Lab/build/rover' returned '0': PYTHONPATH=/home/danielgrioja/LAB/Rover_Lab/build/rover/prefix_override:/usr/lib/python3/dist-packages/colcon_core/task/python/colcon_distutils_commands:/home/danielgrioja/LAB/Rover_Lab/install/rover/lib/python3.10/site-packages:${PYTHONPATH} /usr/bin/python3 -W ignore:setup.py install is deprecated -W ignore:easy_install command is deprecated setup.py develop --editable --build-directory /home/danielgrioja/LAB/Rover_Lab/build/rover/build --no-deps symlink_data
[3.308s] INFO:colcon.colcon_core.shell:Creating environment descriptor '/home/danielgrioja/LAB/Rover_Lab/build/rover/share/rover/hook/pythonpath_develop.dsv'
[3.309s] INFO:colcon.colcon_core.shell:Creating environment hook '/home/danielgrioja/LAB/Rover_Lab/build/rover/share/rover/hook/pythonpath_develop.sh'
[3.310s] Level 1:colcon.colcon_core.environment:checking '/home/danielgrioja/LAB/Rover_Lab/install/rover' for CMake module files
[3.310s] Level 1:colcon.colcon_core.environment:checking '/home/danielgrioja/LAB/Rover_Lab/install/rover' for CMake config files
[3.313s] Level 1:colcon.colcon_core.environment:checking '/home/danielgrioja/LAB/Rover_Lab/install/rover/lib'
[3.313s] Level 1:colcon.colcon_core.environment:checking '/home/danielgrioja/LAB/Rover_Lab/install/rover/bin'
[3.313s] Level 1:colcon.colcon_core.environment:checking '/home/danielgrioja/LAB/Rover_Lab/install/rover/lib/pkgconfig/rover.pc'
[3.313s] Level 1:colcon.colcon_core.environment:checking '/home/danielgrioja/LAB/Rover_Lab/install/rover/lib/python3.10/site-packages'
[3.313s] Level 1:colcon.colcon_core.shell:create_environment_hook('rover', 'pythonpath')
[3.314s] INFO:colcon.colcon_core.shell:Creating environment hook '/home/danielgrioja/LAB/Rover_Lab/install/rover/share/rover/hook/pythonpath.ps1'
[3.315s] INFO:colcon.colcon_core.shell:Creating environment descriptor '/home/danielgrioja/LAB/Rover_Lab/install/rover/share/rover/hook/pythonpath.dsv'
[3.315s] INFO:colcon.colcon_core.shell:Creating environment hook '/home/danielgrioja/LAB/Rover_Lab/install/rover/share/rover/hook/pythonpath.sh'
[3.316s] Level 1:colcon.colcon_core.environment:checking '/home/danielgrioja/LAB/Rover_Lab/install/rover/bin'
[3.316s] Level 1:colcon.colcon_core.environment:create_environment_scripts_only(rover)
[3.317s] INFO:colcon.colcon_core.shell:Creating package script '/home/danielgrioja/LAB/Rover_Lab/install/rover/share/rover/package.ps1'
[3.317s] INFO:colcon.colcon_core.shell:Creating package descriptor '/home/danielgrioja/LAB/Rover_Lab/install/rover/share/rover/package.dsv'
[3.318s] INFO:colcon.colcon_core.shell:Creating package script '/home/danielgrioja/LAB/Rover_Lab/install/rover/share/rover/package.sh'
[3.319s] INFO:colcon.colcon_core.shell:Creating package script '/home/danielgrioja/LAB/Rover_Lab/install/rover/share/rover/package.bash'
[3.319s] INFO:colcon.colcon_core.shell:Creating package script '/home/danielgrioja/LAB/Rover_Lab/install/rover/share/rover/package.zsh'
[3.320s] Level 1:colcon.colcon_core.environment:create_file_with_runtime_dependencies(/home/danielgrioja/LAB/Rover_Lab/install/rover/share/colcon-core/packages/rover)
[3.320s] DEBUG:colcon.colcon_parallel_executor.executor.parallel:closing loop
[3.321s] DEBUG:colcon.colcon_parallel_executor.executor.parallel:loop closed
[3.321s] DEBUG:colcon.colcon_parallel_executor.executor.parallel:run_until_complete finished with '0'
[3.321s] DEBUG:colcon.colcon_core.event_reactor:joining thread
[3.337s] INFO:colcon.colcon_core.plugin_system:Skipping extension 'colcon_notification.desktop_notification.terminal_notifier': Not used on non-Darwin systems
[3.337s] INFO:colcon.colcon_core.plugin_system:Skipping extension 'colcon_notification.desktop_notification.win32': Not used on non-Windows systems
[3.337s] INFO:colcon.colcon_notification.desktop_notification:Sending desktop notification using 'notify2'
[3.363s] DEBUG:colcon.colcon_core.event_reactor:joined thread
[3.364s] INFO:colcon.colcon_core.shell:Creating prefix script '/home/danielgrioja/LAB/Rover_Lab/install/local_setup.ps1'
[3.366s] INFO:colcon.colcon_core.shell:Creating prefix util module '/home/danielgrioja/LAB/Rover_Lab/install/_local_setup_util_ps1.py'
[3.369s] INFO:colcon.colcon_core.shell:Creating prefix chain script '/home/danielgrioja/LAB/Rover_Lab/install/setup.ps1'
[3.372s] INFO:colcon.colcon_core.shell:Creating prefix script '/home/danielgrioja/LAB/Rover_Lab/install/local_setup.sh'
[3.373s] INFO:colcon.colcon_core.shell:Creating prefix util module '/home/danielgrioja/LAB/Rover_Lab/install/_local_setup_util_sh.py'
[3.374s] INFO:colcon.colcon_core.shell:Creating prefix chain script '/home/danielgrioja/LAB/Rover_Lab/install/setup.sh'
[3.376s] INFO:colcon.colcon_core.shell:Creating prefix script '/home/danielgrioja/LAB/Rover_Lab/install/local_setup.bash'
[3.378s] INFO:colcon.colcon_core.shell:Creating prefix chain script '/home/danielgrioja/LAB/Rover_Lab/install/setup.bash'
[3.380s] INFO:colcon.colcon_core.shell:Creating prefix script '/home/danielgrioja/LAB/Rover_Lab/install/local_setup.zsh'
[3.382s] INFO:colcon.colcon_core.shell:Creating prefix chain script '/home/danielgrioja/LAB/Rover_Lab/install/setup.zsh'
